           1     1.22651     1.22651           0
           2      1.2305      1.2285  0.00140914
           3     1.22734     1.22811 0.000991512
           4     1.23919     1.23088  0.00251119
           5     1.22979     1.23067  0.00201843
           6     1.22594     1.22988  0.00182901
           7      1.2351     1.23062  0.00171322
           8     1.22571     1.23001  0.00160542
           9     1.23699     1.23079  0.00160338
          10     1.23147     1.23085  0.00144451
          11     1.23309     1.23106  0.00132737
          12     1.23262     1.23119  0.00122315
          13     1.22504     1.23071  0.00121711
          14     1.23174     1.23079   0.0011324
          15     1.22914     1.23068  0.00106222
          16     1.23725     1.23109  0.00107235
          17     1.22134     1.23052  0.00115238
          18     1.23125     1.23056  0.00108909
          19     1.23006     1.23053  0.00103208
          20     1.23185      1.2306 0.000982589
          21     1.22677     1.23041 0.000952544
          22     1.22884     1.23034 0.000911935
          23     1.23089     1.23037 0.000872597
          24      1.2272     1.23024 0.000846144
          25     1.22752     1.23013 0.000819216
          26     1.23034     1.23013 0.000787751
          27     1.23122     1.23018 0.000759602
          28     1.23687     1.23041 0.000769162
          29      1.2268     1.23029  0.00075269
          30     1.23007     1.23028 0.000727637
          31     1.23331     1.23038  0.00071069
          32     1.23188     1.23043 0.000690034
          33      1.2364     1.23061 0.000692488
          34     1.23196     1.23065 0.000673269
          35     1.23568     1.23079 0.000669218
          36     1.22764      1.2307 0.000656334
          37     1.22815     1.23063 0.000642221
          38     1.23286     1.23069  0.00062798
          39     1.22975     1.23067 0.000612341
          40     1.24144     1.23094 0.000653538
          41     1.22799     1.23087 0.000641535
          42     1.23366     1.23093   0.0006297
          43     1.23089     1.23093 0.000615056
          44     1.23111     1.23094 0.000601091
          45     1.22745     1.23086 0.000592713
          46     1.22785     1.23079 0.000583437
          47     1.23421     1.23087 0.000575529
          48     1.23083     1.23087 0.000563539
          49     1.23185     1.23089 0.000552399
          50      1.2304     1.23088 0.000541437
