           1    -6.63742    -6.63742           0
           2    -6.64098     -6.6392  0.00126001
           3    -6.63824    -6.63888 0.000879537
           4    -6.65077    -6.64185   0.0026579
           5     -6.6419    -6.64186  0.00212633
           6     -6.6372    -6.64109  0.00190858
           7    -6.64731    -6.64198  0.00183108
           8    -6.63718    -6.64138  0.00169743
           9      -6.649    -6.64222  0.00170718
          10    -6.64361    -6.64236  0.00154211
          11    -6.64553    -6.64265  0.00142855
          12    -6.64472    -6.64282   0.0013199
          13    -6.63614    -6.64231  0.00131478
          14    -6.64256    -6.64233    0.001221
          15    -6.64048     -6.6422  0.00114582
          16    -6.64795    -6.64256  0.00112902
          17    -6.63311    -6.64201  0.00119163
          18    -6.64235    -6.64203  0.00112559
          19     -6.6412    -6.64198  0.00106719
          20    -6.64271    -6.64202  0.00101445
          21    -6.63835    -6.64184 0.000981059
          22    -6.63947    -6.64174 0.000942382
          23    -6.64264    -6.64177 0.000902226
          24    -6.63813    -6.64162 0.000877352
          25    -6.63833    -6.64149 0.000852081
          26    -6.64221    -6.64152 0.000819762
          27    -6.64334    -6.64159 0.000792159
          28    -6.64671    -6.64177 0.000784729
          29    -6.63923    -6.64168 0.000762545
          30     -6.6407    -6.64165  0.00073783
          31    -6.64448    -6.64174 0.000719662
          32    -6.64386    -6.64181 0.000700216
          33    -6.64892    -6.64202 0.000711433
          34    -6.64423    -6.64209 0.000693474
          35    -6.64632    -6.64221 0.000684114
          36    -6.63816     -6.6421 0.000674299
          37    -6.63941    -6.64202 0.000659969
          38     -6.6434    -6.64206 0.000643596
          39     -6.6411    -6.64203 0.000627563
          40    -6.65353    -6.64232 0.000674452
          41    -6.63849    -6.64223 0.000664433
          42    -6.64474    -6.64229 0.000651303
          43    -6.64253    -6.64229 0.000636181
          44    -6.64289    -6.64231 0.000621864
          45    -6.63924    -6.64224 0.000611777
          46    -6.63817    -6.64215  0.00060483
          47    -6.64477    -6.64221 0.000594521
          48    -6.64191     -6.6422 0.000582168
          49    -6.64219     -6.6422 0.000570287
          50    -6.64113    -6.64218 0.000559282
