           1        1.65        1.65           0
           2     1.64984     1.64992 5.62379e-05
           3     1.64936     1.64973 0.000156013
           4     1.64857     1.64944 0.000278067
           5     1.64746     1.64905 0.000418948
           6     1.64603     1.64854 0.000576382
           7     1.64429     1.64794  0.00074874
           8     1.64223     1.64722 0.000934777
           9     1.63986     1.64641   0.0011335
          10     1.63718     1.64548  0.00134409
          11     1.63419     1.64446  0.00156584
          12     1.63088     1.64333  0.00179813
          13     1.62727     1.64209  0.00204039
          14     1.62335     1.64075   0.0022922
          15     1.61912     1.63931  0.00255305
          16     1.61459     1.63776  0.00282252
          17     1.60976     1.63612  0.00310025
          18     1.60463     1.63437  0.00338586
          19      1.5992     1.63252  0.00367905
          20     1.59347     1.63056  0.00397948
          21     1.58746     1.62851  0.00428682
          22     1.58115     1.62636  0.00460082
          23     1.57456     1.62411  0.00492128
          24     1.56767     1.62175  0.00524801
          25      1.5605      1.6193  0.00558085
          26     1.55304     1.61676  0.00591956
          27     1.54531     1.61411  0.00626394
          28     1.53729     1.61137  0.00661383
          29     1.52899     1.60853  0.00696908
          30     1.52042     1.60559  0.00732953
          31     1.51157     1.60256  0.00769503
          32     1.50245     1.59943  0.00806545
          33     1.49306      1.5962  0.00844063
          34      1.4834     1.59289   0.0088204
          35     1.47347     1.58947  0.00920462
          36     1.46329     1.58597  0.00959312
          37     1.45285     1.58237  0.00998576
          38     1.44215     1.57868   0.0103824
          39     1.43121      1.5749   0.0107828
          40     1.42002     1.57103   0.0111869
          41     1.40858     1.56707   0.0115944
          42     1.39691     1.56302   0.0120053
          43     1.38501     1.55888   0.0124194
          44     1.37287     1.55465   0.0128364
          45     1.36051     1.55033   0.0132564
          46     1.34793     1.54593   0.0136789
          47     1.33515     1.54145   0.0141039
          48     1.32215     1.53688   0.0145312
          49     1.30896     1.53223   0.0149607
          50     1.29557      1.5275    0.015392
          51     1.28199     1.52268    0.015825
          52     1.26823     1.51779   0.0162596
          53      1.2543     1.51282   0.0166956
          54      1.2402     1.50777   0.0171327
          55     1.22595     1.50264   0.0175707
          56     1.21154     1.49745   0.0180095
          57     1.19699     1.49217   0.0184489
          58      1.1823     1.48683   0.0188885
          59     1.16749     1.48142   0.0193284
          60     1.15255     1.47594   0.0197681
          61     1.13751     1.47039   0.0202076
          62     1.12238     1.46478   0.0206465
          63     1.10715      1.4591   0.0210847
          64     1.09184     1.45336    0.021522
          65     1.07646     1.44756   0.0219581
          66     1.06102     1.44171   0.0223929
          67     1.04554     1.43579    0.022826
          68     1.03001     1.42983   0.0232573
          69     1.01446     1.42381   0.0236865
          70    0.998884     1.41774   0.0241134
          71    0.983308     1.41162   0.0245378
          72    0.967737     1.40545   0.0249595
          73    0.952183     1.39924   0.0253781
          74    0.936658     1.39299   0.0257936
          75    0.921172      1.3867   0.0262056
          76    0.905739     1.38037    0.026614
          77    0.890369     1.37401   0.0270184
          78    0.875075     1.36761   0.0274188
          79    0.859868     1.36119   0.0278148
          80    0.844762     1.35473   0.0282063
          81    0.829766     1.34825   0.0285929
          82    0.814895     1.34175   0.0289746
          83    0.800157     1.33522    0.029351
          84    0.785566     1.32868   0.0297221
          85    0.771134     1.32212   0.0300875
          86     0.75687     1.31554   0.0304471
          87    0.742788     1.30896   0.0308006
          88    0.728898     1.30237    0.031148
          89    0.715211     1.29577   0.0314889
          90    0.701738     1.28917   0.0318233
          91    0.688489     1.28257   0.0321509
          92    0.675473     1.27597   0.0324715
          93    0.662701     1.26938   0.0327851
          94    0.650182     1.26279   0.0330915
          95    0.637927     1.25621   0.0333905
          96    0.625943     1.24965   0.0336819
          97    0.614239      1.2431   0.0339657
          98    0.602823     1.23656   0.0342417
          99    0.591703     1.23005   0.0345098
         100    0.580887     1.22356   0.0347699
         101     0.57038     1.21709   0.0350219
         102     0.56019     1.21065   0.0352658
         103    0.550322     1.20424   0.0355013
         104    0.540781     1.19786   0.0357285
         105    0.531572     1.19151   0.0359473
         106    0.522699     1.18521   0.0361577
         107    0.514167     1.17893   0.0363596
         108    0.505979      1.1727    0.036553
         109    0.498138     1.16651   0.0367378
         110    0.490646     1.16037    0.036914
         111    0.483504     1.15427   0.0370817
         112    0.476715     1.14822   0.0372408
         113     0.47028     1.14222   0.0373914
         114    0.464198     1.13628   0.0375334
         115    0.458469     1.13038    0.037667
         116    0.453093     1.12454   0.0377921
         117    0.448068     1.11876   0.0379088
         118    0.443394     1.11304   0.0380171
         119    0.439068     1.10737   0.0381172
         120    0.435087     1.10177    0.038209
         121    0.431449     1.09623   0.0382928
         122     0.42815     1.09076   0.0383684
         123    0.425187     1.08534   0.0384362
         124    0.422556        1.08   0.0384961
         125    0.420252     1.07472   0.0385482
         126    0.418271     1.06951   0.0385927
         127    0.416606     1.06437   0.0386298
         128    0.415254      1.0593   0.0386594
         129    0.414207      1.0543   0.0386818
         130     0.41346     1.04937   0.0386971
         131    0.413008     1.04451   0.0387054
         132    0.412842     1.03973   0.0387068
         133    0.412956     1.03501   0.0387016
         134    0.413343     1.03037   0.0386899
         135    0.413997     1.02581   0.0386717
         136     0.41491     1.02132   0.0386474
         137    0.416074      1.0169    0.038617
         138    0.417482     1.01255   0.0385806
         139    0.419126     1.00829   0.0385386
         140    0.420999     1.00409   0.0384909
         141    0.423091     0.99997   0.0384379
         142    0.425396    0.995924   0.0383796
         143    0.427905    0.991952   0.0383162
         144    0.430612    0.988054   0.0382479
         145    0.433506    0.984229   0.0381748
         146    0.436581    0.980478   0.0380972
         147    0.439828      0.9768   0.0380152
         148    0.443239    0.973195   0.0379289
         149    0.446806    0.969662   0.0378385
         150    0.450522    0.966201   0.0377442
         151    0.454378    0.962812   0.0376461
         152    0.458367    0.959493   0.0375444
         153    0.462482    0.956245   0.0374393
         154    0.466714    0.953066   0.0373309
         155    0.471056    0.949956   0.0372193
         156    0.475501    0.946915   0.0371048
         157    0.480043    0.943941   0.0369874
         158    0.484672    0.941034   0.0368674
         159    0.489384    0.938194   0.0367448
         160    0.494169    0.935418   0.0366198
         161    0.499022    0.932708   0.0364925
         162    0.503936    0.930061   0.0363631
         163    0.508905    0.927477   0.0362317
         164    0.513923    0.924956   0.0360984
         165    0.518982    0.922495   0.0359634
         166    0.524078    0.920095   0.0358267
         167    0.529204    0.917755   0.0356886
         168    0.534355    0.915472    0.035549
         169    0.539526    0.913248   0.0354082
         170    0.544711     0.91108   0.0352662
         171    0.549905    0.908968   0.0351232
         172    0.555102     0.90691   0.0349792
         173    0.560299    0.904907   0.0348343
         174    0.565489    0.902956   0.0346887
         175    0.570669    0.901057   0.0345424
         176    0.575834     0.89921   0.0343955
         177     0.58098    0.897412   0.0342482
         178    0.586102    0.895663   0.0341004
         179    0.591198    0.893962   0.0339523
         180    0.596262    0.892308   0.0338039
         181    0.601293      0.8907   0.0336554
         182    0.606286    0.889137   0.0335067
         183    0.611239    0.887619    0.033358
         184    0.616147    0.886143   0.0332093
         185     0.62101     0.88471   0.0330607
         186    0.625824    0.883318   0.0329123
         187    0.630585    0.881967    0.032764
         188     0.63529    0.880655    0.032616
         189    0.639937    0.879381   0.0324683
         190    0.644525    0.878145   0.0323209
         191    0.649051    0.876946   0.0321739
         192    0.653513    0.875782   0.0320274
         193    0.657909    0.874653   0.0318814
         194    0.662236    0.873558   0.0317358
         195    0.666491    0.872496   0.0315908
         196    0.670675    0.871467   0.0314464
         197    0.674784    0.870468   0.0313026
         198    0.678817      0.8695   0.0311595
         199    0.682773    0.868562   0.0310171
         200    0.686651    0.867652   0.0308753
         201    0.690449    0.866771   0.0307343
         202    0.694166    0.865916    0.030594
         203    0.697801    0.865088   0.0304545
         204    0.701352    0.864285   0.0303158
         205    0.704818    0.863508   0.0301779
         206    0.708199    0.862754   0.0300408
         207    0.711493    0.862023   0.0299046
         208    0.714699    0.861315   0.0297692
         209    0.717817    0.860628   0.0296347
         210    0.720846    0.859962    0.029501
         211    0.723785    0.859317   0.0293683
         212    0.726634    0.858691   0.0292364
         213    0.729392    0.858084   0.0291054
         214    0.732058    0.857495   0.0289754
         215    0.734633    0.856924   0.0288463
         216    0.737115    0.856369    0.028718
         217    0.739505    0.855831   0.0285908
         218    0.741801    0.855307   0.0284644
         219    0.744003    0.854799    0.028339
         220    0.746111    0.854305   0.0282144
         221    0.748126    0.853825   0.0280909
         222    0.750046    0.853357   0.0279682
         223    0.751872    0.852902   0.0278465
         224    0.753604    0.852459   0.0277257
         225     0.75524    0.852027   0.0276059
         226    0.756783    0.851605   0.0274869
         227    0.758231    0.851194   0.0273689
         228    0.759585    0.850792   0.0272518
         229    0.760846    0.850399   0.0271357
         230    0.762015    0.850015   0.0270204
         231    0.763092    0.849639    0.026906
         232    0.764077     0.84927   0.0267926
         233    0.764972    0.848908     0.02668
         234    0.765776    0.848553   0.0265684
         235     0.76649    0.848204   0.0264576
         236    0.767116     0.84786   0.0263478
         237    0.767655    0.847522   0.0262388
         238    0.768107    0.847188   0.0261306
         239    0.768474    0.846859   0.0260234
         240    0.768757    0.846533    0.025917
         241     0.76896    0.846211   0.0258114
         242    0.769083    0.845893   0.0257067
         243    0.769126    0.845577   0.0256029
         244    0.769091    0.845263   0.0254999
         245    0.768981    0.844952   0.0253977
         246    0.768797    0.844642   0.0252964
         247    0.768541    0.844334   0.0251958
         248    0.768216    0.844027   0.0250961
         249    0.767823    0.843721   0.0249972
         250    0.767365    0.843416    0.024899
         251    0.766842    0.843111   0.0248017
         252    0.766259    0.842806   0.0247052
         253    0.765617    0.842501   0.0246094
         254    0.764919    0.842195   0.0245144
         255    0.764169    0.841889   0.0244202
         256     0.76337    0.841583   0.0243267
         257    0.762525    0.841275    0.024234
         258    0.761635    0.840966    0.024142
         259    0.760704    0.840656   0.0240508
         260    0.759734    0.840345   0.0239603
         261    0.758729    0.840033   0.0238706
         262    0.757691    0.839718   0.0237815
         263    0.756624    0.839402   0.0236932
         264    0.755531    0.839085   0.0236056
         265    0.754414    0.838765   0.0235187
         266    0.753277    0.838444   0.0234324
         267    0.752124     0.83812   0.0233469
         268    0.750958    0.837795   0.0232621
         269    0.749781    0.837468   0.0231779
         270    0.748597    0.837139   0.0230944
         271     0.74741    0.836808   0.0230115
         272    0.746224    0.836475   0.0229293
         273    0.745042     0.83614   0.0228478
         274    0.743867    0.835803   0.0227669
         275    0.742702    0.835465   0.0226866
         276    0.741551    0.835124    0.022607
         277    0.740416    0.834782    0.022528
         278    0.739301    0.834439   0.0224495
         279    0.738209    0.834094   0.0223717
         280    0.737143    0.833748   0.0222945
         281    0.736106      0.8334   0.0222179
         282    0.735101    0.833052   0.0221418
         283    0.734132    0.832702   0.0220663
         284    0.733201    0.832352   0.0219914
         285     0.73231    0.832001   0.0219171
         286    0.731461    0.831649   0.0218432
         287    0.730658    0.831297     0.02177
         288    0.729901    0.830945   0.0216972
         289    0.729194    0.830593    0.021625
         290    0.728538    0.830241   0.0215533
         291    0.727936     0.82989   0.0214821
         292    0.727389    0.829539   0.0214114
         293    0.726899    0.829188   0.0213412
         294     0.72647    0.828839   0.0212715
         295    0.726101    0.828491   0.0212022
         296    0.725795    0.828144   0.0211334
         297    0.725553    0.827798   0.0210651
         298    0.725377    0.827455   0.0209972
         299    0.725267    0.827113   0.0209297
         300    0.725224    0.826773   0.0208627
         301    0.725248    0.826436   0.0207962
         302    0.725341    0.826101     0.02073
         303    0.725504    0.825769   0.0206642
         304    0.725736     0.82544   0.0205989
         305    0.726038    0.825114   0.0205339
         306    0.726411    0.824792   0.0204693
         307    0.726853    0.824473   0.0204052
         308    0.727365    0.824157   0.0203413
         309    0.727947    0.823846   0.0202779
         310    0.728598    0.823539   0.0202148
         311    0.729319    0.823236   0.0201521
         312    0.730109    0.822937   0.0200897
         313    0.730967    0.822643   0.0200277
         314    0.731891    0.822354    0.019966
         315    0.732882     0.82207   0.0199046
         316    0.733939    0.821792   0.0198436
         317    0.735059    0.821518   0.0197829
         318    0.736243     0.82125   0.0197225
         319    0.737489    0.820987   0.0196624
         320    0.738796     0.82073   0.0196026
         321    0.740161    0.820479   0.0195432
         322    0.741584    0.820234    0.019484
         323    0.743064    0.819995   0.0194251
         324    0.744598    0.819763   0.0193666
         325    0.746185    0.819536   0.0193083
         326    0.747823    0.819316   0.0192503
         327    0.749508    0.819103   0.0191927
         328     0.75124    0.818896   0.0191353
         329    0.753017    0.818696   0.0190781
         330    0.754837    0.818502   0.0190213
         331    0.756697    0.818315   0.0189648
         332    0.758596    0.818136   0.0189085
         333    0.760532    0.817963   0.0188525
         334    0.762501    0.817797   0.0187968
         335    0.764502    0.817637   0.0187414
         336    0.766532    0.817485   0.0186862
         337    0.768589     0.81734   0.0186313
         338    0.770671    0.817202   0.0185767
         339    0.772776    0.817071   0.0185224
         340    0.774901    0.816947   0.0184683
         341    0.777044     0.81683   0.0184145
         342    0.779201     0.81672    0.018361
         343    0.781371    0.816617   0.0183078
         344     0.78355    0.816521   0.0182548
         345    0.785736    0.816432   0.0182021
         346    0.787928    0.816349   0.0181497
         347    0.790123    0.816274   0.0180975
         348    0.792318    0.816205   0.0180456
         349     0.79451    0.816143    0.017994
         350      0.7967    0.816087   0.0179427
         351    0.798883    0.816038   0.0178917
         352    0.801057    0.815996   0.0178409
         353    0.803219    0.815959   0.0177904
         354    0.805369    0.815929   0.0177402
         355    0.807502    0.815906   0.0176902
         356    0.809618    0.815888   0.0176405
         357    0.811713    0.815876   0.0175911
         358    0.813786    0.815871    0.017542
         359    0.815833     0.81587   0.0174931
         360    0.817853    0.815876   0.0174445
         361    0.819844    0.815887   0.0173962
         362    0.821805    0.815903   0.0173482
         363    0.823733    0.815925   0.0173004
         364    0.825627    0.815951   0.0172529
         365    0.827484    0.815983   0.0172056
         366    0.829302    0.816019   0.0171587
         367    0.831081    0.816061   0.0171119
         368    0.832818    0.816106   0.0170655
         369    0.834513    0.816156   0.0170193
         370    0.836166     0.81621   0.0169734
         371    0.837775    0.816268   0.0169278
         372    0.839338     0.81633   0.0168824
         373    0.840857    0.816396   0.0168372
         374    0.842329    0.816465   0.0167924
         375    0.843754    0.816538   0.0167477
         376    0.845132    0.816614   0.0167034
         377    0.846462    0.816693   0.0166593
         378    0.847744    0.816775   0.0166154
         379    0.848978     0.81686   0.0165718
         380    0.850166    0.816948   0.0165284
         381    0.851306    0.817038   0.0164853
         382    0.852398    0.817131   0.0164424
         383    0.853444    0.817226   0.0163997
         384    0.854445    0.817322   0.0163573
         385    0.855401    0.817421   0.0163151
         386    0.856312    0.817522   0.0162731
         387     0.85718    0.817625   0.0162314
         388    0.858006    0.817729   0.0161899
         389    0.858792    0.817834   0.0161486
         390    0.859538    0.817941   0.0161076
         391    0.860245    0.818049   0.0160668
         392    0.860915    0.818159   0.0160261
         393    0.861551    0.818269   0.0159857
         394    0.862155    0.818381   0.0159456
         395    0.862727    0.818493   0.0159056
         396     0.86327    0.818606   0.0158658
         397    0.863785     0.81872   0.0158263
         398    0.864275    0.818834   0.0157869
         399     0.86474    0.818949   0.0157478
         400    0.865184    0.819065   0.0157088
         401    0.865609    0.819181   0.0156701
         402    0.866018    0.819297   0.0156315
         403    0.866414    0.819414   0.0155932
         404    0.866798    0.819532    0.015555
         405    0.867174    0.819649   0.0155171
         406    0.867543    0.819767   0.0154793
         407     0.86791    0.819885   0.0154417
         408    0.868276    0.820004   0.0154043
         409    0.868642    0.820123   0.0153671
         410    0.869012    0.820242   0.0153301
         411    0.869386    0.820362   0.0152933
         412    0.869767    0.820482   0.0152566
         413    0.870157    0.820602   0.0152201
         414    0.870558    0.820723   0.0151839
         415    0.870972    0.820844   0.0151478
         416    0.871402    0.820965   0.0151118
         417    0.871848    0.821087   0.0150761
         418    0.872314     0.82121   0.0150405
         419    0.872801    0.821333   0.0150051
         420     0.87331    0.821457   0.0149699
         421    0.873843    0.821581   0.0149349
         422      0.8744    0.821706      0.0149
         423    0.874983    0.821832   0.0148653
         424    0.875592    0.821959   0.0148308
         425    0.876228    0.822087   0.0147964
         426    0.876891    0.822215   0.0147623
         427    0.877582    0.822345   0.0147283
         428    0.878301    0.822476   0.0146944
         429    0.879048    0.822608   0.0146608
         430    0.879823    0.822741   0.0146273
         431    0.880624    0.822875    0.014594
         432    0.881451    0.823011   0.0145608
         433    0.882305    0.823148   0.0145278
         434    0.883184    0.823286    0.014495
         435    0.884087    0.823426   0.0144624
         436    0.885015    0.823567   0.0144299
         437    0.885964     0.82371   0.0143976
         438    0.886934    0.823854   0.0143654
         439    0.887923       0.824   0.0143334
         440    0.888928    0.824148   0.0143016
         441     0.88995    0.824297     0.01427
         442    0.890984    0.824448   0.0142385
         443     0.89203      0.8246   0.0142072
         444    0.893087    0.824754    0.014176
         445     0.89415     0.82491    0.014145
         446    0.895219    0.825068   0.0141142
         447    0.896291    0.825227   0.0140835
         448    0.897364    0.825388    0.014053
         449    0.898436    0.825551   0.0140226
         450    0.899503    0.825715   0.0139924
         451    0.900565    0.825881   0.0139624
         452    0.901617    0.826049   0.0139325
         453    0.902657    0.826218   0.0139028
         454    0.903684    0.826389   0.0138732
         455    0.904695    0.826561   0.0138438
         456     0.90569    0.826734   0.0138145
         457    0.906664    0.826909   0.0137854
         458    0.907617    0.827085   0.0137564
         459    0.908546    0.827263   0.0137276
         460    0.909448    0.827442   0.0136989
         461    0.910322    0.827621   0.0136703
         462    0.911164    0.827802    0.013642
         463    0.911973    0.827984   0.0136137
         464    0.912748    0.828167   0.0135856
         465    0.913485     0.82835   0.0135576
         466    0.914185    0.828534   0.0135298
         467    0.914845    0.828719   0.0135021
         468    0.915464    0.828905   0.0134745
         469    0.916042     0.82909    0.013447
         470    0.916576    0.829276   0.0134197
         471    0.917064    0.829463   0.0133925
         472    0.917504    0.829649   0.0133654
         473    0.917895    0.829836   0.0133385
         474    0.918237    0.830022   0.0133116
         475    0.918527    0.830209   0.0132849
         476    0.918765    0.830395   0.0132583
         477    0.918949     0.83058   0.0132318
         478     0.91908    0.830766   0.0132054
         479    0.919157     0.83095   0.0131792
         480     0.91918    0.831134    0.013153
         481    0.919149    0.831317   0.0131269
         482    0.919064    0.831499   0.0131009
         483    0.918923     0.83168   0.0130751
         484    0.918725     0.83186   0.0130493
         485     0.91847    0.832038   0.0130236
         486    0.918159    0.832216    0.012998
         487     0.91779    0.832391   0.0129725
         488    0.917366    0.832565   0.0129471
         489    0.916885    0.832738   0.0129218
         490    0.916347    0.832909   0.0128965
         491    0.915753    0.833077   0.0128714
         492    0.915105    0.833244   0.0128463
         493    0.914402    0.833409   0.0128213
         494    0.913644    0.833571   0.0127963
         495    0.912832    0.833731   0.0127715
         496    0.911968    0.833889   0.0127467
         497    0.911052    0.834044    0.012722
         498    0.910086    0.834197   0.0126974
         499    0.909069    0.834347   0.0126728
         500    0.908003    0.834494   0.0126483
         501    0.906888    0.834639   0.0126239
         502    0.905728     0.83478   0.0125996
         503    0.904523    0.834919   0.0125753
         504    0.903275    0.835055   0.0125511
         505    0.901983    0.835187   0.0125269
         506     0.90065    0.835316   0.0125028
         507    0.899276    0.835443   0.0124788
         508    0.897866    0.835566   0.0124548
         509     0.89642    0.835685   0.0124309
         510    0.894939    0.835801   0.0124071
         511    0.893425    0.835914   0.0123833
         512    0.891881    0.836023   0.0123596
         513    0.890308    0.836129    0.012336
         514    0.888711    0.836231   0.0123124
         515    0.887092     0.83633   0.0122889
         516    0.885453    0.836425   0.0122655
         517    0.883797    0.836517   0.0122421
         518    0.882123    0.836605   0.0122188
         519    0.880436     0.83669   0.0121955
         520    0.878737     0.83677   0.0121723
         521     0.87703    0.836848   0.0121492
         522    0.875317    0.836921   0.0121262
         523    0.873601    0.836991   0.0121032
         524    0.871884    0.837058   0.0120803
         525    0.870168    0.837121   0.0120574
         526    0.868456    0.837181   0.0120346
         527    0.866752    0.837237   0.0120119
         528    0.865057     0.83729   0.0119893
         529    0.863376    0.837339   0.0119667
         530    0.861711    0.837385   0.0119442
         531    0.860066    0.837428   0.0119218
         532    0.858443    0.837467   0.0118995
         533    0.856844    0.837503   0.0118772
         534    0.855272    0.837537    0.011855
         535    0.853732    0.837567   0.0118329
         536    0.852225    0.837594   0.0118109
         537    0.850754    0.837619   0.0117889
         538    0.849322    0.837641    0.011767
         539    0.847933     0.83766   0.0117452
         540    0.846587    0.837676   0.0117234
         541    0.845289     0.83769   0.0117018
         542    0.844039    0.837702   0.0116802
         543    0.842841    0.837711   0.0116587
         544    0.841696    0.837719   0.0116373
         545    0.840607    0.837724   0.0116159
         546    0.839575    0.837727   0.0115946
         547    0.838604    0.837729   0.0115734
         548    0.837697    0.837729   0.0115523
         549    0.836855    0.837727   0.0115313
         550    0.836079    0.837724   0.0115103
         551     0.83537     0.83772   0.0114894
         552    0.834731    0.837715   0.0114686
         553    0.834163    0.837708   0.0114479
         554    0.833668    0.837701   0.0114272
         555    0.833249    0.837693   0.0114066
         556    0.832905    0.837684   0.0113861
         557    0.832637    0.837675   0.0113657
         558    0.832447    0.837666   0.0113453
         559    0.832333    0.837656    0.011325
         560    0.832299    0.837647   0.0113048
         561    0.832343    0.837637   0.0112846
         562    0.832468    0.837628   0.0112646
         563    0.832674    0.837619   0.0112446
         564     0.83296    0.837611   0.0112246
         565    0.833326    0.837604   0.0112048
         566    0.833773    0.837597    0.011185
         567    0.834299    0.837591   0.0111653
         568    0.834905    0.837586   0.0111456
         569    0.835591    0.837583    0.011126
         570    0.836355    0.837581   0.0111065
         571    0.837195     0.83758    0.011087
         572    0.838112    0.837581   0.0110677
         573    0.839107    0.837583   0.0110483
         574    0.840176    0.837588   0.0110291
         575    0.841319    0.837594   0.0110099
         576    0.842535    0.837603   0.0109908
         577    0.843822    0.837614   0.0109718
         578     0.84518    0.837627   0.0109528
         579    0.846605    0.837642   0.0109339
         580    0.848097     0.83766    0.010915
         581    0.849654    0.837681   0.0108963
         582    0.851273    0.837704   0.0108776
         583    0.852953    0.837731    0.010859
         584    0.854693     0.83776   0.0108404
         585    0.856491    0.837792   0.0108219
         586    0.858344    0.837827   0.0108035
         587     0.86025    0.837865   0.0107852
         588    0.862206    0.837906   0.0107669
         589    0.864211    0.837951   0.0107487
         590    0.866264    0.837999   0.0107306
         591    0.868361     0.83805   0.0107126
         592    0.870499    0.838105   0.0106946
         593    0.872677    0.838163   0.0106767
         594    0.874891    0.838225   0.0106589
         595    0.877138    0.838291   0.0106412
         596    0.879416     0.83836   0.0106236
         597    0.881725    0.838432   0.0106061
         598    0.884062    0.838509   0.0105886
         599    0.886424    0.838589   0.0105712
         600    0.888808    0.838672   0.0105539
         601    0.891211     0.83876   0.0105367
         602    0.893631    0.838851   0.0105196
         603    0.896066    0.838946   0.0105026
         604    0.898512    0.839044   0.0104857
         605    0.900967    0.839147   0.0104688
         606    0.903431    0.839253   0.0104521
         607    0.905899    0.839363   0.0104355
         608    0.908371    0.839476   0.0104189
         609    0.910842    0.839593   0.0104025
         610     0.91331    0.839714   0.0103861
         611    0.915773    0.839839   0.0103699
         612    0.918229    0.839967   0.0103537
         613    0.920676    0.840098   0.0103377
         614    0.923113    0.840234   0.0103217
         615    0.925536    0.840372   0.0103059
         616    0.927944    0.840514   0.0102901
         617    0.930335     0.84066   0.0102745
         618    0.932706    0.840809   0.0102589
         619    0.935056    0.840961   0.0102435
         620    0.937382    0.841117   0.0102281
         621    0.939684    0.841275   0.0102129
         622    0.941962    0.841437   0.0101978
         623    0.944211    0.841602   0.0101827
         624    0.946429     0.84177   0.0101678
         625    0.948613    0.841941    0.010153
         626    0.950762    0.842115   0.0101382
         627    0.952873    0.842292   0.0101236
         628    0.954945    0.842471   0.0101091
         629    0.956977    0.842653   0.0100946
         630    0.958969    0.842838   0.0100803
         631    0.960919    0.843025   0.0100661
         632    0.962825    0.843214   0.0100519
         633    0.964685    0.843406   0.0100379
         634    0.966495    0.843601   0.0100239
         635    0.968255    0.843797     0.01001
         636    0.969965    0.843995  0.00999627
         637    0.971623    0.844196  0.00998259
         638    0.973227    0.844398  0.00996899
         639    0.974779    0.844602  0.00995548
         640    0.976275    0.844808  0.00994205
         641    0.977713    0.845015   0.0099287
         642    0.979094    0.845224  0.00991543
         643    0.980417    0.845434  0.00990224
         644     0.98168    0.845646  0.00988912
         645    0.982883    0.845858  0.00987608
         646    0.984024    0.846072  0.00986311
         647    0.985103    0.846287   0.0098502
         648    0.986117    0.846503  0.00983736
         649    0.987067    0.846719  0.00982459
         650    0.987952    0.846937  0.00981188
         651    0.988771    0.847155  0.00979922
         652    0.989524    0.847373  0.00978663
         653    0.990211    0.847592  0.00977408
         654     0.99083    0.847811  0.00976159
         655    0.991381     0.84803  0.00974915
         656    0.991864    0.848249  0.00973675
         657    0.992276    0.848468   0.0097244
         658    0.992618    0.848688  0.00971209
         659    0.992891    0.848906  0.00969982
         660    0.993092    0.849125  0.00968758
         661    0.993223    0.849343  0.00967538
         662    0.993284     0.84956  0.00966321
         663    0.993275    0.849777  0.00965106
         664    0.993196    0.849993  0.00963894
         665    0.993045    0.850208  0.00962685
         666    0.992824    0.850422  0.00961478
         667    0.992534    0.850635  0.00960272
         668    0.992175    0.850847  0.00959068
         669    0.991745    0.851058  0.00957866
         670    0.991247    0.851267  0.00956665
         671    0.990679    0.851475  0.00955465
         672    0.990042    0.851681  0.00954265
         673    0.989336    0.851886  0.00953067
         674    0.988562    0.852088  0.00951868
         675     0.98772    0.852289   0.0095067
         676    0.986812    0.852488  0.00949472
         677    0.985838    0.852685  0.00948274
         678      0.9848     0.85288  0.00947075
         679    0.983697    0.853073  0.00945877
         680    0.982531    0.853263  0.00944677
         681    0.981304    0.853451  0.00943477
         682    0.980017    0.853637  0.00942276
         683     0.97867     0.85382  0.00941074
         684    0.977266       0.854  0.00939871
         685    0.975805    0.854178  0.00938668
         686    0.974287    0.854353  0.00937463
         687    0.972713    0.854525  0.00936256
         688    0.971086    0.854695  0.00935049
         689    0.969406    0.854861   0.0093384
         690    0.967674    0.855025   0.0093263
         691    0.965891    0.855185  0.00931418
         692     0.96406    0.855343  0.00930205
         693    0.962182    0.855497   0.0092899
         694    0.960258    0.855648  0.00927774
         695    0.958292    0.855795  0.00926557
         696    0.956285     0.85594  0.00925338
         697    0.954237    0.856081  0.00924118
         698    0.952152    0.856218  0.00922896
         699    0.950031    0.856353  0.00921674
         700    0.947875    0.856483   0.0092045
         701    0.945688    0.856611  0.00919225
         702     0.94347    0.856734  0.00917999
         703    0.941223    0.856855  0.00916771
         704     0.93895    0.856971  0.00915543
         705    0.936652    0.857084  0.00914314
         706    0.934335    0.857194  0.00913085
         707    0.931998    0.857299  0.00911855
         708    0.929644    0.857402  0.00910624
         709    0.927272      0.8575  0.00909393
         710    0.924887    0.857595  0.00908162
         711    0.922489    0.857686   0.0090693
         712    0.920081    0.857774  0.00905699
         713    0.917665    0.857858  0.00904467
         714    0.915243    0.857938  0.00903236
         715    0.912816    0.858015  0.00902006
         716    0.910388    0.858088  0.00900776
         717    0.907959    0.858158  0.00899546
         718    0.905532    0.858224  0.00898317
         719    0.903109    0.858286   0.0089709
         720    0.900691    0.858345  0.00895863
         721     0.89828    0.858401  0.00894638
         722    0.895878    0.858452  0.00893414
         723    0.893487    0.858501  0.00892191
         724     0.89111    0.858546   0.0089097
         725    0.888749    0.858588  0.00889751
         726    0.886403    0.858626  0.00888534
         727    0.884073    0.858661  0.00887318
         728    0.881762    0.858693  0.00886105
         729    0.879471    0.858721  0.00884894
         730    0.877201    0.858746  0.00883686
         731    0.874953    0.858769   0.0088248
         732    0.872727    0.858788  0.00881276
         733    0.870526    0.858804  0.00880075
         734    0.868351    0.858817  0.00878877
         735    0.866201    0.858827  0.00877682
         736    0.864078    0.858834   0.0087649
         737    0.861981    0.858838  0.00875301
         738    0.859913     0.85884  0.00874115
         739    0.857875    0.858838  0.00872932
         740    0.855868    0.858834  0.00871752
         741    0.853893    0.858828  0.00870576
         742    0.851948    0.858818  0.00869403
         743    0.850033    0.858807  0.00868234
         744    0.848151    0.858792  0.00867068
         745      0.8463    0.858775  0.00865906
         746    0.844482    0.858756  0.00864747
         747    0.842695    0.858735  0.00863592
         748     0.84094    0.858711  0.00862441
         749    0.839217    0.858685  0.00861294
         750    0.837525    0.858657   0.0086015
         751    0.835866    0.858626   0.0085901
         752     0.83424    0.858594  0.00857874
         753    0.832646     0.85856  0.00856741
         754    0.831083    0.858523  0.00855613
         755    0.829551    0.858485  0.00854488
         756    0.828049    0.858444  0.00853367
         757    0.826579    0.858402   0.0085225
         758    0.825139    0.858358  0.00851137
         759    0.823729    0.858313  0.00850028
         760    0.822349    0.858266  0.00848923
         761    0.820999    0.858217  0.00847822
         762    0.819676    0.858166  0.00846724
         763    0.818381    0.858114   0.0084563
         764    0.817114     0.85806   0.0084454
         765    0.815874    0.858005  0.00843455
         766     0.81466    0.857948  0.00842372
         767    0.813472     0.85789  0.00841294
         768    0.812309    0.857831   0.0084022
         769    0.811172     0.85777  0.00839149
         770    0.810059    0.857708  0.00838082
         771    0.808969    0.857645  0.00837019
         772    0.807902    0.857581  0.00835959
         773    0.806859    0.857515  0.00834904
         774    0.805839    0.857448  0.00833852
         775    0.804841    0.857381  0.00832803
         776    0.803864    0.857312  0.00831759
         777    0.802906    0.857242  0.00830718
         778     0.80197    0.857171   0.0082968
         779    0.801054    0.857099  0.00828647
         780    0.800158    0.857026  0.00827616
         781     0.79928    0.856952   0.0082659
         782    0.798419    0.856877  0.00825567
         783    0.797577    0.856801  0.00824547
         784    0.796751    0.856724  0.00823531
         785    0.795943    0.856647  0.00822518
         786    0.795151    0.856569  0.00821509
         787    0.794375     0.85649  0.00820503
         788    0.793615     0.85641  0.00819501
         789    0.792871    0.856329  0.00818501
         790    0.792141    0.856248  0.00817506
         791    0.791427    0.856166  0.00816513
         792    0.790727    0.856084  0.00815524
         793    0.790041       0.856  0.00814538
         794    0.789368    0.855916  0.00813556
         795    0.788708    0.855832  0.00812576
         796    0.788062    0.855747    0.008116
         797    0.787428    0.855661  0.00810627
         798    0.786806    0.855575  0.00809657
         799    0.786196    0.855488   0.0080869
         800    0.785597      0.8554  0.00807727
         801     0.78501    0.855313  0.00806766
         802    0.784434    0.855224  0.00805808
         803     0.78387    0.855135  0.00804854
         804    0.783317    0.855046  0.00803902
         805    0.782775    0.854956  0.00802954
         806    0.782245    0.854866  0.00802008
         807    0.781724    0.854775  0.00801066
         808    0.781214    0.854684  0.00800126
         809    0.780715    0.854593  0.00799189
         810    0.780226    0.854501  0.00798255
         811    0.779747    0.854409  0.00797324
         812    0.779277    0.854316  0.00796396
         813    0.778818    0.854224  0.00795471
         814    0.778368     0.85413  0.00794548
         815    0.777928    0.854037  0.00793628
         816    0.777499    0.853943  0.00792711
         817    0.777082    0.853849  0.00791796
         818    0.776675    0.853755  0.00790885
         819    0.776278     0.85366  0.00789976
         820    0.775891    0.853565  0.00789069
         821    0.775517     0.85347  0.00788165
         822    0.775154    0.853375  0.00787264
         823    0.774803    0.853279  0.00786365
         824    0.774464    0.853184  0.00785469
         825    0.774137    0.853088  0.00784576
         826    0.773822    0.852992  0.00783684
         827     0.77352    0.852896  0.00782796
         828     0.77323      0.8528  0.00781909
         829    0.772953    0.852703  0.00781026
         830     0.77269    0.852607  0.00780144
         831    0.772441     0.85251  0.00779265
         832    0.772207    0.852414  0.00778388
         833    0.771989    0.852317  0.00777513
         834    0.771786    0.852221  0.00776641
         835      0.7716    0.852124  0.00775771
         836    0.771431    0.852028  0.00774903
         837    0.771282    0.851931  0.00774037
         838    0.771151    0.851835  0.00773174
         839     0.77104    0.851739  0.00772312
         840    0.770948    0.851642  0.00771453
         841    0.770876    0.851546  0.00770595
         842    0.770827    0.851451   0.0076974
         843    0.770799    0.851355  0.00768886
         844    0.770795    0.851259  0.00768034
         845    0.770815    0.851164  0.00767184
         846    0.770858    0.851069  0.00766336
         847    0.770924    0.850975   0.0076549
         848    0.771016     0.85088  0.00764645
         849    0.771132    0.850786  0.00763802
         850    0.771274    0.850693  0.00762961
         851    0.771444      0.8506  0.00762121
         852     0.77164    0.850507  0.00761283
         853    0.771863    0.850415  0.00760446
         854    0.772113    0.850323  0.00759611
         855    0.772392    0.850232  0.00758777
         856      0.7727    0.850141  0.00757945
         857    0.773038    0.850052  0.00757114
         858    0.773404    0.849962  0.00756284
         859      0.7738    0.849874  0.00755456
         860    0.774224    0.849786  0.00754629
         861    0.774677    0.849698  0.00753803
         862    0.775158    0.849612  0.00752978
         863    0.775668    0.849526  0.00752154
         864    0.776206    0.849441  0.00751331
         865    0.776773    0.849357   0.0075051
         866    0.777368    0.849274  0.00749689
         867    0.777991    0.849192  0.00748869
         868    0.778641    0.849111  0.00748051
         869    0.779317     0.84903  0.00747233
         870    0.780019    0.848951  0.00746416
         871    0.780746    0.848873    0.007456
         872    0.781497    0.848795  0.00744785
         873    0.782272    0.848719  0.00743971
         874    0.783072    0.848644  0.00743158
         875    0.783894     0.84857  0.00742345
         876    0.784739    0.848497  0.00741534
         877    0.785603    0.848426  0.00740723
         878    0.786488    0.848355  0.00739913
         879    0.787392    0.848286  0.00739104
         880    0.788316    0.848218  0.00738295
         881    0.789257    0.848151  0.00737487
         882    0.790215    0.848085  0.00736681
         883    0.791188     0.84802  0.00735874
         884    0.792175    0.847957  0.00735069
         885    0.793175    0.847895  0.00734265
         886    0.794188    0.847835  0.00733461
         887    0.795212    0.847775  0.00732658
         888    0.796245    0.847717  0.00731856
         889    0.797287    0.847661  0.00731055
         890    0.798336    0.847605  0.00730254
         891    0.799392    0.847551  0.00729455
         892    0.800455    0.847498  0.00728656
         893    0.801522    0.847447  0.00727858
         894    0.802595    0.847397  0.00727061
         895    0.803671    0.847348  0.00726265
         896    0.804749      0.8473   0.0072547
         897    0.805828    0.847254  0.00724676
         898    0.806907    0.847209  0.00723883
         899    0.807985    0.847165  0.00723091
         900    0.809062    0.847123    0.007223
         901    0.810139    0.847082   0.0072151
         902    0.811213    0.847042  0.00720721
         903    0.812285    0.847004  0.00719933
         904    0.813353    0.846967  0.00719147
         905    0.814417    0.846931  0.00718361
         906    0.815475    0.846896  0.00717576
         907    0.816527    0.846862  0.00716793
         908    0.817573     0.84683  0.00716011
         909    0.818612    0.846799   0.0071523
         910    0.819643    0.846769   0.0071445
         911    0.820667    0.846741  0.00713672
         912    0.821682    0.846713  0.00712895
         913    0.822687    0.846687  0.00712119
         914    0.823683    0.846662  0.00711344
         915    0.824669    0.846638  0.00710571
         916    0.825644    0.846615  0.00709798
         917    0.826608    0.846593  0.00709028
         918     0.82756    0.846572  0.00708258
         919    0.828499    0.846553  0.00707491
         920    0.829426    0.846534  0.00706724
         921     0.83034    0.846516  0.00705959
         922    0.831241      0.8465  0.00705195
         923    0.832129    0.846484  0.00704433
         924    0.833003     0.84647  0.00703672
         925    0.833864    0.846456  0.00702912
         926     0.83471    0.846443  0.00702155
         927    0.835542    0.846432  0.00701398
         928    0.836359    0.846421  0.00700643
         929    0.837161    0.846411   0.0069989
         930    0.837949    0.846402  0.00699138
         931    0.838721    0.846393  0.00698387
         932    0.839477    0.846386  0.00697638
         933    0.840218    0.846379  0.00696891
         934    0.840944    0.846374  0.00696145
         935    0.841655    0.846368  0.00695401
         936    0.842353    0.846364  0.00694658
         937    0.843035    0.846361  0.00693916
         938    0.843702    0.846358  0.00693177
         939    0.844353    0.846356  0.00692439
         940    0.844988    0.846354  0.00691702
         941    0.845608    0.846353  0.00690967
         942    0.846213    0.846353  0.00690233
         943    0.846802    0.846354  0.00689501
         944    0.847375    0.846355  0.00688771
         945    0.847933    0.846356  0.00688042
         946    0.848477    0.846359  0.00687315
         947    0.849006    0.846362  0.00686589
         948    0.849519    0.846365  0.00685865
         949    0.850016    0.846369  0.00685142
         950    0.850499    0.846373  0.00684421
         951    0.850966    0.846378  0.00683702
         952    0.851418    0.846383  0.00682984
         953    0.851854    0.846389  0.00682267
         954    0.852275    0.846395  0.00681553
         955     0.85268    0.846402  0.00680839
         956    0.853071    0.846409  0.00680127
         957    0.853446    0.846416  0.00679417
         958    0.853807    0.846424  0.00678708
         959    0.854153    0.846432  0.00678001
         960    0.854482     0.84644  0.00677295
         961    0.854799    0.846449  0.00676591
         962    0.855103    0.846458  0.00675888
         963    0.855391    0.846467  0.00675187
         964    0.855663    0.846477  0.00674487
         965     0.85592    0.846486  0.00673789
         966    0.856163    0.846496  0.00673092
         967     0.85639    0.846507  0.00672397
         968    0.856602    0.846517  0.00671703
         969    0.856799    0.846528  0.00671011
         970    0.856978    0.846539   0.0067032
         971    0.857141    0.846549  0.00669631
         972    0.857286     0.84656  0.00668943
         973    0.857413    0.846572  0.00668256
         974    0.857522    0.846583  0.00667571
         975    0.857613    0.846594  0.00666887
         976    0.857686    0.846606  0.00666205
         977    0.857739    0.846617  0.00665524
         978    0.857773    0.846628  0.00664844
         979    0.857788     0.84664  0.00664166
         980    0.857783    0.846651   0.0066349
         981    0.857758    0.846662  0.00662814
         982    0.857713    0.846674   0.0066214
         983    0.857649    0.846685  0.00661468
         984    0.857566    0.846696  0.00660796
         985    0.857461    0.846707  0.00660126
         986    0.857333    0.846718  0.00659458
         987    0.857184    0.846728   0.0065879
         988    0.857012    0.846739  0.00658124
         989    0.856818    0.846749   0.0065746
         990    0.856601    0.846759  0.00656796
         991    0.856361    0.846768  0.00656134
         992    0.856097    0.846778  0.00655474
         993     0.85581    0.846787  0.00654814
         994    0.855499    0.846796  0.00654156
         995    0.855165    0.846804  0.00653499
         996    0.854808    0.846812  0.00652843
         997    0.854429     0.84682  0.00652189
         998    0.854026    0.846827  0.00651536
         999      0.8536    0.846834  0.00650884
        1000    0.853149     0.84684  0.00650234
        1001    0.852675    0.846846  0.00649584
        1002    0.852179    0.846851  0.00648936
        1003     0.85166    0.846856  0.00648289
        1004    0.851118     0.84686  0.00647644
        1005    0.850553    0.846864  0.00646999
        1006    0.849967    0.846867  0.00646356
        1007     0.84936     0.84687  0.00645715
        1008    0.848732    0.846871  0.00645074
        1009    0.848083    0.846873  0.00644435
        1010    0.847415    0.846873  0.00643797
        1011    0.846727    0.846873   0.0064316
        1012    0.846021    0.846872  0.00642524
        1013    0.845298    0.846871   0.0064189
        1014    0.844558    0.846868  0.00641257
        1015    0.843801    0.846865  0.00640625
        1016    0.843029    0.846862  0.00639995
        1017    0.842242    0.846857  0.00639366
        1018    0.841441    0.846852  0.00638738
        1019    0.840627    0.846846  0.00638111
        1020    0.839802    0.846839  0.00637486
        1021    0.838967    0.846831  0.00636862
        1022    0.838122    0.846822   0.0063624
        1023    0.837271    0.846813  0.00635618
        1024    0.836414    0.846803  0.00634999
        1025    0.835551    0.846792   0.0063438
        1026    0.834683     0.84678  0.00633763
        1027    0.833811    0.846768  0.00633147
        1028    0.832937    0.846754  0.00632532
        1029    0.832062     0.84674  0.00631919
        1030    0.831188    0.846725  0.00631308
        1031    0.830316    0.846709  0.00630697
        1032    0.829449    0.846692  0.00630088
        1033    0.828587    0.846675  0.00629481
        1034    0.827731    0.846656  0.00628875
        1035    0.826882    0.846637   0.0062827
        1036    0.826042    0.846617  0.00627667
        1037    0.825212    0.846597  0.00627065
        1038    0.824393    0.846575  0.00626464
        1039    0.823587    0.846553  0.00625865
        1040    0.822795     0.84653  0.00625268
        1041     0.82202    0.846507  0.00624672
        1042    0.821261    0.846482  0.00624077
        1043    0.820522    0.846458  0.00623483
        1044    0.819804    0.846432  0.00622891
        1045    0.819108    0.846406  0.00622301
        1046    0.818435    0.846379  0.00621712
        1047    0.817788    0.846352  0.00621124
        1048    0.817166    0.846324  0.00620537
        1049    0.816572    0.846296  0.00619952
        1050    0.816007    0.846267  0.00619369
        1051    0.815473    0.846237  0.00618786
        1052     0.81497    0.846208  0.00618205
        1053    0.814501    0.846178  0.00617625
        1054    0.814066    0.846147  0.00617047
        1055    0.813667    0.846116   0.0061647
        1056    0.813304    0.846085  0.00615894
        1057    0.812979    0.846054  0.00615319
        1058    0.812694    0.846022  0.00614746
        1059    0.812449    0.845991  0.00614173
        1060    0.812244    0.845959  0.00613602
        1061     0.81208    0.845927  0.00613032
        1062    0.811959    0.845895  0.00612463
        1063     0.81188    0.845863  0.00611895
        1064    0.811845    0.845831  0.00611329
        1065    0.811852    0.845799  0.00610763
        1066    0.811903    0.845767  0.00610198
        1067    0.811998    0.845736  0.00609635
        1068    0.812136    0.845704  0.00609072
        1069    0.812319    0.845673   0.0060851
        1070    0.812546    0.845642  0.00607949
        1071    0.812817    0.845611  0.00607389
        1072    0.813132    0.845581   0.0060683
        1073     0.81349    0.845551  0.00606272
        1074     0.81389    0.845522  0.00605715
        1075    0.814333    0.845493  0.00605158
        1076    0.814818    0.845464  0.00604603
        1077    0.815343    0.845436  0.00604048
        1078    0.815909    0.845409  0.00603494
        1079    0.816513    0.845382   0.0060294
        1080    0.817155    0.845356  0.00602388
        1081    0.817835     0.84533  0.00601836
        1082    0.818549    0.845306  0.00601285
        1083    0.819298    0.845282  0.00600734
        1084    0.820079    0.845258  0.00600185
        1085    0.820892    0.845236  0.00599636
        1086    0.821733    0.845214  0.00599087
        1087    0.822602    0.845194   0.0059854
        1088    0.823497    0.845174  0.00597993
        1089    0.824416    0.845155  0.00597447
        1090    0.825358    0.845136  0.00596902
        1091    0.826319    0.845119  0.00596357
        1092    0.827299    0.845103  0.00595813
        1093    0.828293    0.845087   0.0059527
        1094      0.8293    0.845073  0.00594728
        1095    0.830319     0.84506  0.00594186
        1096    0.831347    0.845047  0.00593645
        1097    0.832383    0.845035  0.00593105
        1098    0.833424    0.845025  0.00592566
        1099    0.834467    0.845015  0.00592027
        1100    0.835511    0.845007   0.0059149
        1101    0.836554    0.844999  0.00590953
        1102    0.837593    0.844992  0.00590417
        1103    0.838627    0.844986  0.00589882
        1104    0.839654    0.844982  0.00589348
        1105    0.840672    0.844978  0.00588815
        1106    0.841678    0.844975  0.00588283
        1107    0.842671    0.844973  0.00587751
        1108    0.843648    0.844971  0.00587221
        1109    0.844608    0.844971  0.00586691
        1110     0.84555    0.844972  0.00586163
        1111     0.84647    0.844973  0.00585635
        1112    0.847368    0.844975  0.00585109
        1113    0.848242    0.844978  0.00584583
        1114    0.849091    0.844982  0.00584058
        1115    0.849915    0.844986  0.00583535
        1116    0.850711    0.844991  0.00583012
        1117    0.851479    0.844997   0.0058249
        1118    0.852217    0.845004   0.0058197
        1119    0.852926    0.845011   0.0058145
        1120    0.853602    0.845018  0.00580931
        1121    0.854246    0.845027  0.00580414
        1122    0.854857    0.845035  0.00579897
        1123    0.855436    0.845045  0.00579381
        1124    0.855984    0.845054  0.00578867
        1125    0.856499    0.845065  0.00578353
        1126    0.856981    0.845075   0.0057784
        1127    0.857428    0.845086  0.00577329
        1128     0.85784    0.845097  0.00576818
        1129    0.858218    0.845109  0.00576308
        1130    0.858561    0.845121    0.005758
        1131    0.858871    0.845133  0.00575292
        1132    0.859147    0.845145  0.00574785
        1133     0.85939    0.845158  0.00574279
        1134    0.859601    0.845171  0.00573774
        1135    0.859782    0.845184   0.0057327
        1136    0.859931    0.845197  0.00572767
        1137     0.86005     0.84521  0.00572264
        1138     0.86014    0.845223  0.00571763
        1139    0.860202    0.845236  0.00571263
        1140    0.860236    0.845249  0.00570763
        1141    0.860244    0.845262  0.00570264
        1142    0.860228    0.845275  0.00569766
        1143    0.860189    0.845288  0.00569269
        1144    0.860129    0.845301  0.00568773
        1145    0.860049    0.845314  0.00568278
        1146     0.85995    0.845327  0.00567784
        1147    0.859833     0.84534   0.0056729
        1148      0.8597    0.845352  0.00566797
        1149    0.859552    0.845365  0.00566305
        1150    0.859392    0.845377  0.00565814
        1151    0.859219    0.845389  0.00565324
        1152    0.859036    0.845401  0.00564834
        1153    0.858844    0.845412  0.00564346
        1154    0.858645    0.845424  0.00563858
        1155    0.858439    0.845435  0.00563371
        1156     0.85823    0.845446  0.00562884
        1157    0.858017    0.845457  0.00562399
        1158    0.857803    0.845468  0.00561914
        1159    0.857591    0.845478   0.0056143
        1160    0.857383    0.845488  0.00560947
        1161     0.85718    0.845498  0.00560465
        1162    0.856982    0.845508  0.00559984
        1163    0.856792    0.845518  0.00559503
        1164     0.85661    0.845528  0.00559023
        1165    0.856438    0.845537  0.00558544
        1166    0.856279    0.845546  0.00558066
        1167    0.856133    0.845555  0.00557588
        1168    0.856001    0.845564  0.00557112
        1169    0.855884    0.845573  0.00556636
        1170    0.855784    0.845582  0.00556161
        1171      0.8557     0.84559  0.00555686
        1172    0.855634    0.845599  0.00555213
        1173    0.855587    0.845607   0.0055474
        1174    0.855559    0.845616  0.00554268
        1175    0.855553    0.845624  0.00553797
        1176    0.855568    0.845633  0.00553327
        1177    0.855606    0.845641  0.00552858
        1178    0.855668     0.84565  0.00552389
        1179    0.855754    0.845658  0.00551921
        1180    0.855864    0.845667  0.00551454
        1181    0.855998    0.845676  0.00550988
        1182    0.856157    0.845685  0.00550522
        1183    0.856341    0.845694  0.00550058
        1184    0.856551    0.845703  0.00549594
        1185    0.856787    0.845712  0.00549131
        1186    0.857047    0.845722  0.00548669
        1187    0.857333    0.845731  0.00548207
        1188    0.857645    0.845741  0.00547747
        1189    0.857982    0.845752  0.00547287
        1190    0.858345    0.845762  0.00546828
        1191    0.858732    0.845773   0.0054637
        1192    0.859144    0.845784  0.00545913
        1193    0.859581    0.845796  0.00545457
        1194    0.860041    0.845808  0.00545001
        1195    0.860524     0.84582  0.00544546
        1196    0.861029    0.845833  0.00544093
        1197    0.861556    0.845846   0.0054364
        1198    0.862104     0.84586  0.00543188
        1199    0.862673    0.845874  0.00542736
        1200     0.86326    0.845888  0.00542286
        1201    0.863866    0.845903  0.00541837
        1202    0.864489    0.845919  0.00541388
        1203    0.865128    0.845935   0.0054094
        1204    0.865782    0.845951  0.00540494
        1205    0.866449    0.845968  0.00540048
        1206    0.867128    0.845986  0.00539603
        1207     0.86782    0.846004  0.00539159
        1208    0.868522    0.846022  0.00538716
        1209    0.869233    0.846042  0.00538273
        1210    0.869953    0.846061  0.00537832
        1211    0.870678    0.846082  0.00537392
        1212    0.871408    0.846103  0.00536953
        1213    0.872142    0.846124  0.00536514
        1214    0.872877    0.846146  0.00536077
        1215    0.873613    0.846169   0.0053564
        1216    0.874349    0.846192  0.00535205
        1217    0.875083    0.846216   0.0053477
        1218    0.875815     0.84624  0.00534337
        1219    0.876543    0.846265  0.00533904
        1220    0.877266     0.84629  0.00533473
        1221     0.87798    0.846316  0.00533042
        1222    0.878686    0.846343  0.00532612
        1223    0.879384     0.84637  0.00532184
        1224     0.88007    0.846397  0.00531756
        1225    0.880744    0.846425  0.00531329
        1226    0.881406    0.846454  0.00530904
        1227    0.882054    0.846483  0.00530479
        1228    0.882687    0.846512  0.00530055
        1229    0.883304    0.846542  0.00529632
        1230    0.883904    0.846573   0.0052921
        1231    0.884487    0.846603  0.00528789
        1232     0.88505    0.846635  0.00528369
        1233    0.885596    0.846666   0.0052795
        1234    0.886124    0.846698  0.00527532
        1235     0.88663     0.84673  0.00527115
        1236    0.887114    0.846763  0.00526699
        1237    0.887577    0.846796  0.00526283
        1238    0.888018    0.846829  0.00525869
        1239    0.888438    0.846863  0.00525455
        1240    0.888835    0.846897  0.00525042
        1241    0.889211    0.846931   0.0052463
        1242    0.889563    0.846965  0.00524219
        1243    0.889892       0.847  0.00523809
        1244    0.890195    0.847035  0.00523399
        1245    0.890475    0.847069   0.0052299
        1246    0.890733    0.847104  0.00522582
        1247    0.890968     0.84714  0.00522175
        1248    0.891179    0.847175  0.00521768
        1249    0.891369     0.84721  0.00521363
        1250    0.891535    0.847246  0.00520958
        1251    0.891677    0.847281  0.00520553
        1252    0.891795    0.847317   0.0052015
        1253    0.891891    0.847352  0.00519747
        1254    0.891964    0.847388  0.00519344
        1255    0.892017    0.847424  0.00518943
        1256    0.892049    0.847459  0.00518542
        1257    0.892059    0.847495  0.00518141
        1258    0.892049     0.84753  0.00517742
        1259     0.89202    0.847565  0.00517343
        1260    0.891971    0.847601  0.00516944
        1261    0.891902    0.847636  0.00516546
        1262    0.891815    0.847671  0.00516148
        1263    0.891711    0.847706  0.00515752
        1264    0.891591     0.84774  0.00515355
        1265    0.891455    0.847775  0.00514959
        1266    0.891304    0.847809  0.00514564
        1267    0.891138    0.847843  0.00514169
        1268    0.890957    0.847877  0.00513775
        1269    0.890765    0.847911  0.00513381
        1270     0.89056    0.847945  0.00512988
        1271    0.890343    0.847978  0.00512595
        1272    0.890114    0.848011  0.00512203
        1273    0.889876    0.848044  0.00511811
        1274    0.889627    0.848077   0.0051142
        1275    0.889369    0.848109  0.00511029
        1276    0.889103    0.848141  0.00510639
        1277    0.888828    0.848173  0.00510249
        1278    0.888545    0.848205  0.00509859
        1279    0.888255    0.848236   0.0050947
        1280    0.887959    0.848267  0.00509082
        1281    0.887655    0.848298  0.00508694
        1282    0.887346    0.848328  0.00508306
        1283    0.887031    0.848358  0.00507919
        1284    0.886711    0.848388  0.00507532
        1285    0.886388    0.848418  0.00507146
        1286    0.886062    0.848447   0.0050676
        1287    0.885734    0.848476  0.00506374
        1288    0.885402    0.848505  0.00505989
        1289    0.885069    0.848533  0.00505604
        1290    0.884735    0.848561   0.0050522
        1291      0.8844    0.848589  0.00504837
        1292    0.884066    0.848617  0.00504453
        1293    0.883732    0.848644  0.00504071
        1294    0.883399    0.848671  0.00503688
        1295    0.883069    0.848697  0.00503306
        1296    0.882743    0.848723  0.00502925
        1297    0.882418    0.848749  0.00502544
        1298    0.882097    0.848775  0.00502163
        1299    0.881779      0.8488  0.00501783
        1300    0.881464    0.848826  0.00501403
        1301    0.881154     0.84885  0.00501024
        1302    0.880851    0.848875  0.00500645
        1303    0.880555    0.848899  0.00500267
        1304    0.880265    0.848923  0.00499889
        1305    0.879984    0.848947  0.00499512
        1306    0.879711    0.848971  0.00499135
        1307    0.879447    0.848994  0.00498758
        1308    0.879191    0.849017  0.00498382
        1309    0.878945     0.84904  0.00498007
        1310    0.878708    0.849063  0.00497632
        1311    0.878481    0.849085  0.00497257
        1312    0.878265    0.849107  0.00496883
        1313     0.87806    0.849129   0.0049651
        1314    0.877869    0.849151  0.00496137
        1315    0.877692    0.849173  0.00495764
        1316     0.87753    0.849194  0.00495392
        1317    0.877383    0.849216  0.00495021
        1318    0.877252    0.849237   0.0049465
        1319    0.877136    0.849258  0.00494279
        1320    0.877036    0.849279  0.00493909
        1321    0.876955      0.8493   0.0049354
        1322    0.876891    0.849321  0.00493171
        1323    0.876844    0.849342  0.00492802
        1324    0.876814    0.849363  0.00492434
        1325      0.8768    0.849383  0.00492067
        1326    0.876805    0.849404    0.004917
        1327    0.876829    0.849425  0.00491334
        1328     0.87687    0.849445  0.00490969
        1329     0.87693    0.849466  0.00490604
        1330    0.877009    0.849487  0.00490239
        1331    0.877106    0.849508  0.00489875
        1332    0.877222    0.849528  0.00489512
        1333    0.877356    0.849549  0.00489149
        1334     0.87751     0.84957  0.00488787
        1335    0.877681    0.849591  0.00488425
        1336    0.877868    0.849612  0.00488064
        1337    0.878073    0.849634  0.00487704
        1338    0.878292    0.849655  0.00487344
        1339    0.878525    0.849677  0.00486985
        1340    0.878773    0.849698  0.00486626
        1341    0.879035     0.84972  0.00486268
        1342     0.87931    0.849742  0.00485911
        1343    0.879597    0.849765  0.00485554
        1344    0.879895    0.849787  0.00485198
        1345    0.880204     0.84981  0.00484843
        1346    0.880521    0.849832  0.00484488
        1347    0.880846    0.849855  0.00484134
        1348    0.881179    0.849879   0.0048378
        1349    0.881518    0.849902  0.00483427
        1350     0.88186    0.849926  0.00483075
        1351    0.882205     0.84995  0.00482723
        1352    0.882551    0.849974  0.00482372
        1353    0.882896    0.849998  0.00482022
        1354    0.883239    0.850023  0.00481672
        1355    0.883579    0.850047  0.00481323
        1356    0.883914    0.850072  0.00480974
        1357    0.884242    0.850098  0.00480626
        1358    0.884563    0.850123  0.00480279
        1359    0.884874    0.850149  0.00479933
        1360    0.885174    0.850174  0.00479587
        1361    0.885461      0.8502  0.00479241
        1362    0.885734    0.850226  0.00478897
        1363    0.885992    0.850253  0.00478552
        1364    0.886233    0.850279  0.00478209
        1365    0.886454    0.850305  0.00477866
        1366    0.886655    0.850332  0.00477523
        1367    0.886834    0.850359  0.00477182
        1368    0.886988    0.850386   0.0047684
        1369    0.887116    0.850412  0.00476499
        1370    0.887219    0.850439  0.00476159
        1371    0.887293    0.850466   0.0047582
        1372     0.88734    0.850493   0.0047548
        1373    0.887357     0.85052  0.00475142
        1374    0.887341    0.850547  0.00474803
        1375    0.887293    0.850573  0.00474466
        1376    0.887212      0.8506  0.00474128
        1377    0.887096    0.850627  0.00473791
        1378    0.886946    0.850653  0.00473455
        1379    0.886761    0.850679  0.00473119
        1380    0.886538    0.850705  0.00472783
        1381    0.886277    0.850731  0.00472448
        1382    0.885978    0.850756  0.00472113
        1383    0.885641    0.850782  0.00471778
        1384    0.885265    0.850806  0.00471444
        1385    0.884848    0.850831   0.0047111
        1386    0.884391    0.850855  0.00470776
        1387    0.883892    0.850879  0.00470443
        1388    0.883352    0.850902   0.0047011
        1389    0.882771    0.850925  0.00469777
        1390    0.882149    0.850948  0.00469444
        1391    0.881485     0.85097  0.00469112
        1392    0.880779    0.850991   0.0046878
        1393    0.880033    0.851012  0.00468448
        1394    0.879245    0.851032  0.00468116
        1395    0.878416    0.851052  0.00467785
        1396    0.877549    0.851071  0.00467453
        1397    0.876642    0.851089  0.00467122
        1398    0.875697    0.851107  0.00466792
        1399    0.874714    0.851124  0.00466461
        1400    0.873693     0.85114  0.00466131
        1401    0.872636    0.851155    0.004658
        1402    0.871544     0.85117   0.0046547
        1403    0.870417    0.851183  0.00465141
        1404    0.869257    0.851196  0.00464811
        1405    0.868065    0.851208  0.00464482
        1406    0.866843    0.851219  0.00464153
        1407    0.865591     0.85123  0.00463824
        1408    0.864311    0.851239  0.00463496
        1409    0.863004    0.851247  0.00463167
        1410    0.861672    0.851255  0.00462839
        1411    0.860316    0.851261  0.00462512
        1412    0.858937    0.851267  0.00462185
        1413    0.857537    0.851271  0.00461858
        1414    0.856116    0.851274  0.00461531
        1415    0.854677    0.851277  0.00461205
        1416    0.853222    0.851278  0.00460879
        1417    0.851752    0.851279  0.00460554
        1418    0.850269    0.851278  0.00460229
        1419    0.848774    0.851276  0.00459905
        1420    0.847271    0.851273  0.00459581
        1421     0.84576    0.851269  0.00459258
        1422    0.844242    0.851264  0.00458935
        1423     0.84272    0.851258  0.00458613
        1424    0.841197    0.851251  0.00458292
        1425    0.839673    0.851243  0.00457971
        1426    0.838148    0.851234  0.00457651
        1427    0.836624    0.851224  0.00457331
        1428    0.835104    0.851213  0.00457012
        1429    0.833588      0.8512  0.00456694
        1430    0.832079    0.851187  0.00456377
        1431    0.830578    0.851172   0.0045606
        1432    0.829087    0.851157  0.00455744
        1433    0.827606    0.851141  0.00455429
        1434    0.826137    0.851123  0.00455115
        1435    0.824684    0.851105  0.00454801
        1436    0.823246    0.851085  0.00454489
        1437    0.821824    0.851065  0.00454177
        1438     0.82042    0.851044  0.00453866
        1439    0.819035    0.851021  0.00453556
        1440    0.817671    0.850998  0.00453247
        1441    0.816327    0.850974  0.00452939
        1442    0.815006    0.850949  0.00452632
        1443    0.813709    0.850923  0.00452326
        1444    0.812438    0.850897   0.0045202
        1445    0.811193    0.850869  0.00451716
        1446    0.809975    0.850841  0.00451412
        1447    0.808784    0.850812   0.0045111
        1448    0.807622    0.850782  0.00450808
        1449     0.80649    0.850752  0.00450507
        1450     0.80539     0.85072  0.00450207
        1451    0.804321    0.850688  0.00449908
        1452    0.803286    0.850656   0.0044961
        1453    0.802284    0.850622  0.00449313
        1454    0.801318    0.850588  0.00449017
        1455    0.800387    0.850554  0.00448722
        1456    0.799492    0.850519  0.00448427
        1457    0.798634    0.850483  0.00448134
        1458    0.797813    0.850447  0.00447841
        1459    0.797031     0.85041  0.00447549
        1460    0.796289    0.850373  0.00447258
        1461    0.795587    0.850336  0.00446967
        1462    0.794927    0.850298  0.00446677
        1463    0.794309     0.85026  0.00446389
        1464    0.793734    0.850221    0.004461
        1465    0.793203    0.850182  0.00445813
        1466    0.792716    0.850143  0.00445526
        1467    0.792274    0.850104   0.0044524
        1468    0.791876    0.850064  0.00444954
        1469    0.791524    0.850024  0.00444669
        1470    0.791219    0.849984  0.00444385
        1471    0.790961    0.849944  0.00444101
        1472     0.79075    0.849904  0.00443817
        1473    0.790586    0.849863  0.00443534
        1474     0.79047    0.849823  0.00443251
        1475    0.790401    0.849783  0.00442969
        1476     0.79038    0.849743  0.00442687
        1477    0.790407    0.849702  0.00442406
        1478    0.790483    0.849662  0.00442125
        1479    0.790607    0.849622  0.00441844
        1480    0.790779    0.849583  0.00441563
        1481       0.791    0.849543  0.00441283
        1482    0.791269    0.849504  0.00441002
        1483    0.791587    0.849465  0.00440722
        1484    0.791952    0.849426  0.00440442
        1485    0.792366    0.849388  0.00440163
        1486    0.792828     0.84935  0.00439883
        1487    0.793338    0.849312  0.00439603
        1488    0.793897    0.849275  0.00439324
        1489    0.794502    0.849238  0.00439044
        1490    0.795154    0.849202  0.00438764
        1491    0.795853    0.849166  0.00438485
        1492    0.796598    0.849131  0.00438205
        1493    0.797387    0.849096  0.00437925
        1494    0.798221    0.849062  0.00437645
        1495    0.799098    0.849028  0.00437365
        1496    0.800018    0.848996  0.00437085
        1497    0.800981    0.848964  0.00436805
        1498    0.801986    0.848932  0.00436524
        1499     0.80303    0.848902  0.00436244
        1500    0.804113    0.848872  0.00435963
        1501    0.805234    0.848843  0.00435683
        1502    0.806391    0.848814  0.00435402
        1503    0.807585    0.848787  0.00435121
        1504    0.808814     0.84876   0.0043484
        1505    0.810075    0.848735  0.00434558
        1506    0.811367     0.84871  0.00434277
        1507     0.81269    0.848686  0.00433995
        1508    0.814043    0.848663  0.00433713
        1509    0.815422    0.848641  0.00433432
        1510    0.816826     0.84862   0.0043315
        1511    0.818252      0.8486  0.00432868
        1512    0.819701    0.848581  0.00432586
        1513    0.821169    0.848563  0.00432303
        1514    0.822656    0.848545  0.00432021
        1515     0.82416    0.848529  0.00431739
        1516    0.825679    0.848514  0.00431457
        1517    0.827213      0.8485  0.00431175
        1518    0.828759    0.848487  0.00430893
        1519    0.830317    0.848475  0.00430611
        1520    0.831884    0.848464  0.00430329
        1521    0.833459    0.848454  0.00430047
        1522    0.835039    0.848446  0.00429765
        1523    0.836624    0.848438  0.00429484
        1524    0.838213    0.848431  0.00429203
        1525    0.839803    0.848426  0.00428922
        1526    0.841394    0.848421  0.00428641
        1527    0.842984    0.848417   0.0042836
        1528    0.844571    0.848415   0.0042808
        1529    0.846156    0.848413    0.004278
        1530    0.847734    0.848413   0.0042752
        1531    0.849304    0.848414  0.00427241
        1532    0.850866    0.848415  0.00426962
        1533    0.852417    0.848418  0.00426684
        1534    0.853956    0.848421  0.00426406
        1535    0.855484    0.848426  0.00426128
        1536    0.856998    0.848432  0.00425851
        1537    0.858498    0.848438  0.00425575
        1538    0.859982    0.848446  0.00425299
        1539    0.861449    0.848454  0.00425023
        1540    0.862899    0.848463  0.00424748
        1541    0.864331    0.848474  0.00424474
        1542    0.865743    0.848485    0.004242
        1543    0.867134    0.848497  0.00423927
        1544    0.868505     0.84851  0.00423654
        1545    0.869853    0.848524  0.00423382
        1546    0.871178    0.848538  0.00423111
        1547     0.87248    0.848554   0.0042284
        1548    0.873757     0.84857   0.0042257
        1549    0.875009    0.848587  0.00422301
        1550    0.876236    0.848605  0.00422032
        1551    0.877436    0.848624  0.00421764
        1552    0.878611    0.848643  0.00421497
        1553    0.879758    0.848663   0.0042123
        1554    0.880878    0.848684  0.00420964
        1555    0.881971    0.848705  0.00420699
        1556    0.883037    0.848727  0.00420434
        1557    0.884076     0.84875  0.00420171
        1558    0.885086    0.848773  0.00419907
        1559    0.886067    0.848797  0.00419645
        1560    0.887018    0.848822  0.00419383
        1561     0.88794    0.848847  0.00419122
        1562    0.888832    0.848872  0.00418861
        1563    0.889694    0.848898  0.00418601
        1564    0.890526    0.848925  0.00418342
        1565     0.89133    0.848952  0.00418084
        1566    0.892102     0.84898  0.00417826
        1567    0.892844    0.849008  0.00417569
        1568    0.893554    0.849036  0.00417312
        1569    0.894233    0.849065  0.00417056
        1570    0.894879    0.849094    0.004168
        1571    0.895492    0.849124  0.00416546
        1572    0.896072    0.849153  0.00416291
        1573    0.896619    0.849184  0.00416038
        1574    0.897134    0.849214  0.00415784
        1575    0.897616    0.849245  0.00415532
        1576    0.898065    0.849276   0.0041528
        1577     0.89848    0.849307  0.00415028
        1578    0.898862    0.849338  0.00414777
        1579     0.89921     0.84937  0.00414526
        1580    0.899524    0.849402  0.00414276
        1581    0.899801    0.849434  0.00414026
        1582    0.900044    0.849466  0.00413777
        1583    0.900251    0.849498  0.00413528
        1584    0.900422     0.84953  0.00413279
        1585    0.900559    0.849562  0.00413031
        1586    0.900661    0.849594  0.00412783
        1587    0.900727    0.849627  0.00412536
        1588    0.900759    0.849659  0.00412289
        1589    0.900754    0.849691  0.00412042
        1590    0.900714    0.849723  0.00411795
        1591    0.900638    0.849755  0.00411549
        1592    0.900526    0.849787  0.00411302
        1593    0.900378    0.849819  0.00411057
        1594    0.900194     0.84985  0.00410811
        1595    0.899974    0.849882  0.00410565
        1596    0.899717    0.849913   0.0041032
        1597    0.899424    0.849944  0.00410075
        1598    0.899095    0.849975   0.0040983
        1599    0.898731    0.850005  0.00409585
        1600    0.898332    0.850035   0.0040934
        1601    0.897897    0.850065  0.00409095
        1602    0.897427    0.850095   0.0040885
        1603    0.896922    0.850124  0.00408606
        1604    0.896385    0.850153  0.00408361
        1605    0.895813    0.850181  0.00408117
        1606    0.895208    0.850209  0.00407872
        1607     0.89457    0.850237  0.00407628
        1608      0.8939    0.850264  0.00407383
        1609    0.893199    0.850291  0.00407139
        1610    0.892467    0.850317  0.00406894
        1611    0.891703    0.850343   0.0040665
        1612    0.890909    0.850368  0.00406405
        1613    0.890085    0.850392  0.00406161
        1614     0.88923    0.850416  0.00405916
        1615    0.888347     0.85044  0.00405672
        1616    0.887437    0.850463  0.00405427
        1617      0.8865    0.850485  0.00405183
        1618    0.885537    0.850507  0.00404938
        1619    0.884549    0.850528  0.00404693
        1620    0.883538    0.850548  0.00404449
        1621    0.882505    0.850568  0.00404204
        1622     0.88145    0.850587  0.00403959
        1623    0.880373    0.850605  0.00403715
        1624    0.879275    0.850623   0.0040347
        1625    0.878159     0.85064  0.00403225
        1626    0.877026    0.850656   0.0040298
        1627    0.875876    0.850672  0.00402736
        1628    0.874712    0.850686  0.00402491
        1629    0.873532      0.8507  0.00402246
        1630    0.872339    0.850714  0.00402002
        1631    0.871134    0.850726  0.00401757
        1632    0.869918    0.850738  0.00401513
        1633    0.868692    0.850749  0.00401268
        1634    0.867459    0.850759  0.00401024
        1635    0.866218    0.850769   0.0040078
        1636    0.864972    0.850777  0.00400536
        1637    0.863721    0.850785  0.00400292
        1638    0.862467    0.850792  0.00400048
        1639    0.861212    0.850799  0.00399805
        1640    0.859956    0.850804  0.00399561
        1641    0.858699    0.850809  0.00399318
        1642    0.857445    0.850813  0.00399075
        1643    0.856193    0.850816  0.00398832
        1644    0.854945    0.850819   0.0039859
        1645    0.853703    0.850821  0.00398348
        1646    0.852466    0.850822  0.00398106
        1647    0.851236    0.850822  0.00397864
        1648    0.850016    0.850821  0.00397622
        1649    0.848805     0.85082  0.00397381
        1650    0.847604    0.850818  0.00397141
        1651    0.846415    0.850816    0.003969
        1652    0.845238    0.850812   0.0039666
        1653    0.844075    0.850808   0.0039642
        1654    0.842926    0.850803  0.00396181
        1655    0.841794    0.850798  0.00395942
        1656    0.840677    0.850792  0.00395703
        1657    0.839579    0.850785  0.00395465
        1658      0.8385    0.850778  0.00395227
        1659    0.837441     0.85077   0.0039499
        1660    0.836402    0.850761  0.00394753
        1661    0.835382    0.850752  0.00394516
        1662    0.834384    0.850742   0.0039428
        1663    0.833408    0.850731  0.00394044
        1664    0.832455     0.85072  0.00393809
        1665    0.831526    0.850709  0.00393574
        1666    0.830622    0.850697   0.0039334
        1667    0.829742    0.850684  0.00393106
        1668    0.828887    0.850671  0.00392872
        1669    0.828059    0.850658  0.00392639
        1670    0.827257    0.850644  0.00392407
        1671    0.826483    0.850629  0.00392175
        1672    0.825737    0.850614  0.00391943
        1673     0.82502    0.850599  0.00391712
        1674    0.824331    0.850583  0.00391481
        1675     0.82367    0.850567   0.0039125
        1676     0.82304    0.850551   0.0039102
        1677     0.82244    0.850534  0.00390791
        1678    0.821872    0.850517  0.00390562
        1679    0.821334      0.8505  0.00390333
        1680    0.820827    0.850482  0.00390104
        1681    0.820352    0.850464  0.00389876
        1682    0.819909    0.850446  0.00389649
        1683    0.819496    0.850428  0.00389422
        1684    0.819116    0.850409  0.00389195
        1685    0.818768     0.85039  0.00388968
        1686    0.818451    0.850371  0.00388742
        1687    0.818166    0.850352  0.00388517
        1688    0.817913    0.850333  0.00388291
        1689    0.817695    0.850314  0.00388066
        1690     0.81751    0.850294  0.00387841
        1691    0.817359    0.850275  0.00387617
        1692     0.81724    0.850255  0.00387393
        1693    0.817154    0.850236  0.00387169
        1694    0.817099    0.850216  0.00386945
        1695    0.817075    0.850196  0.00386722
        1696    0.817082    0.850177  0.00386499
        1697    0.817118    0.850157  0.00386276
        1698    0.817183    0.850138  0.00386053
        1699    0.817278    0.850119  0.00385831
        1700    0.817401    0.850099  0.00385609
        1701    0.817552     0.85008  0.00385387
        1702    0.817731    0.850061  0.00385165
        1703    0.817935    0.850042  0.00384944
        1704    0.818166    0.850024  0.00384722
        1705    0.818422    0.850005  0.00384501
        1706    0.818705    0.849987   0.0038428
        1707    0.819011    0.849969  0.00384059
        1708     0.81934    0.849951  0.00383839
        1709    0.819692    0.849933  0.00383618
        1710    0.820064    0.849916  0.00383398
        1711    0.820454    0.849898  0.00383177
        1712    0.820863    0.849881  0.00382957
        1713    0.821288    0.849865  0.00382737
        1714     0.82173    0.849848  0.00382518
        1715    0.822188    0.849832  0.00382298
        1716    0.822659    0.849816  0.00382079
        1717    0.823142    0.849801  0.00381859
        1718    0.823637    0.849786   0.0038164
        1719     0.82414    0.849771  0.00381421
        1720    0.824652    0.849756  0.00381202
        1721     0.82517    0.849742  0.00380983
        1722    0.825694    0.849728  0.00380764
        1723    0.826223    0.849714  0.00380546
        1724    0.826755    0.849701  0.00380327
        1725    0.827288    0.849688  0.00380109
        1726    0.827822    0.849675  0.00379891
        1727    0.828355    0.849663  0.00379673
        1728    0.828885    0.849651  0.00379455
        1729    0.829412    0.849639  0.00379238
        1730    0.829934    0.849628   0.0037902
        1731    0.830449    0.849617  0.00378803
        1732    0.830956    0.849606  0.00378586
        1733    0.831454    0.849595  0.00378369
        1734    0.831942    0.849585  0.00378152
        1735    0.832418    0.849575  0.00377935
        1736    0.832881    0.849566  0.00377719
        1737    0.833331    0.849556  0.00377502
        1738    0.833765    0.849547  0.00377286
        1739    0.834184    0.849538   0.0037707
        1740    0.834586     0.84953  0.00376855
        1741    0.834971    0.849522  0.00376639
        1742    0.835339    0.849513  0.00376424
        1743    0.835689    0.849505  0.00376209
        1744    0.836021    0.849498  0.00375994
        1745    0.836334     0.84949  0.00375779
        1746    0.836626    0.849483  0.00375564
        1747    0.836899    0.849476   0.0037535
        1748    0.837151    0.849469  0.00375136
        1749    0.837383    0.849462  0.00374922
        1750    0.837593    0.849455  0.00374709
        1751    0.837784    0.849448  0.00374495
        1752    0.837955    0.849442  0.00374282
        1753    0.838107    0.849435  0.00374069
        1754    0.838239    0.849429  0.00373856
        1755    0.838352    0.849422  0.00373644
        1756    0.838448    0.849416  0.00373432
        1757    0.838526     0.84941   0.0037322
        1758    0.838587    0.849404  0.00373008
        1759     0.83863    0.849398  0.00372796
        1760    0.838655    0.849392  0.00372585
        1761    0.838664    0.849386  0.00372374
        1762    0.838659    0.849379  0.00372163
        1763    0.838639    0.849373  0.00371952
        1764    0.838607    0.849367  0.00371742
        1765    0.838563    0.849361  0.00371532
        1766    0.838508    0.849355  0.00371322
        1767    0.838444    0.849349  0.00371112
        1768     0.83837    0.849343  0.00370903
        1769    0.838289    0.849336  0.00370694
        1770    0.838203     0.84933  0.00370485
        1771    0.838112    0.849324  0.00370276
        1772    0.838019    0.849317  0.00370068
        1773    0.837924    0.849311   0.0036986
        1774    0.837829    0.849304  0.00369652
        1775    0.837736    0.849298  0.00369444
        1776    0.837644    0.849291  0.00369237
        1777    0.837556    0.849285  0.00369029
        1778    0.837473    0.849278  0.00368823
        1779    0.837397    0.849271  0.00368616
        1780    0.837329    0.849265  0.00368409
        1781     0.83727    0.849258  0.00368203
        1782    0.837222    0.849251  0.00367997
        1783    0.837186    0.849244  0.00367791
        1784    0.837162    0.849238  0.00367586
        1785    0.837153    0.849231   0.0036738
        1786    0.837159    0.849224  0.00367175
        1787    0.837182    0.849217  0.00366971
        1788    0.837222    0.849211  0.00366766
        1789    0.837284    0.849204  0.00366562
        1790    0.837365    0.849197  0.00366357
        1791    0.837469    0.849191  0.00366153
        1792    0.837595    0.849184   0.0036595
        1793    0.837745    0.849178  0.00365746
        1794     0.83792    0.849172  0.00365543
        1795    0.838118    0.849166   0.0036534
        1796    0.838342     0.84916  0.00365137
        1797     0.83859    0.849154  0.00364934
        1798    0.838865    0.849148  0.00364731
        1799    0.839166    0.849142  0.00364529
        1800    0.839495    0.849137  0.00364327
        1801    0.839851    0.849132  0.00364125
        1802    0.840233    0.849127  0.00363923
        1803    0.840643    0.849122  0.00363722
        1804    0.841081    0.849118   0.0036352
        1805    0.841545    0.849114  0.00363319
        1806    0.842035     0.84911  0.00363118
        1807    0.842552    0.849106  0.00362918
        1808    0.843096    0.849103  0.00362717
        1809    0.843666      0.8491  0.00362517
        1810    0.844263    0.849097  0.00362316
        1811    0.844884    0.849095  0.00362116
        1812     0.84553    0.849093  0.00361917
        1813    0.846201    0.849091  0.00361717
        1814    0.846895     0.84909  0.00361518
        1815    0.847611    0.849089  0.00361319
        1816     0.84835    0.849089   0.0036112
        1817     0.84911    0.849089  0.00360921
        1818     0.84989    0.849089  0.00360722
        1819    0.850688     0.84909  0.00360524
        1820    0.851504    0.849091  0.00360326
        1821    0.852338    0.849093  0.00360128
        1822    0.853188    0.849095   0.0035993
        1823    0.854053    0.849098  0.00359733
        1824    0.854931    0.849101  0.00359536
        1825    0.855821    0.849105  0.00359339
        1826     0.85672    0.849109  0.00359143
        1827    0.857629    0.849114  0.00358946
        1828    0.858545    0.849119   0.0035875
        1829    0.859469    0.849125  0.00358555
        1830    0.860397    0.849131  0.00358359
        1831    0.861327    0.849138  0.00358164
        1832    0.862259    0.849145  0.00357969
        1833    0.863191    0.849152  0.00357775
        1834    0.864123    0.849161  0.00357581
        1835    0.865051    0.849169  0.00357387
        1836    0.865975    0.849178  0.00357194
        1837    0.866894    0.849188     0.00357
        1838    0.867806    0.849198  0.00356808
        1839    0.868709    0.849209  0.00356615
        1840    0.869602     0.84922  0.00356423
        1841    0.870484    0.849231  0.00356231
        1842    0.871354    0.849243   0.0035604
        1843    0.872212    0.849256  0.00355849
        1844    0.873055    0.849269  0.00355658
        1845     0.87388    0.849282  0.00355468
        1846    0.874686    0.849296  0.00355278
        1847    0.875473     0.84931  0.00355089
        1848    0.876238    0.849325  0.00354899
        1849    0.876981     0.84934  0.00354711
        1850    0.877699    0.849355  0.00354522
        1851    0.878394    0.849371  0.00354334
        1852    0.879062    0.849387  0.00354147
        1853    0.879704    0.849403  0.00353959
        1854    0.880318     0.84942  0.00353772
        1855    0.880905    0.849437  0.00353586
        1856    0.881462    0.849454  0.00353399
        1857    0.881989    0.849471  0.00353213
        1858    0.882486    0.849489  0.00353028
        1859    0.882949    0.849507  0.00352842
        1860    0.883378    0.849525  0.00352657
        1861    0.883772    0.849544  0.00352473
        1862     0.88413    0.849562  0.00352288
        1863    0.884452    0.849581  0.00352104
        1864    0.884736      0.8496   0.0035192
        1865    0.884983    0.849619  0.00351737
        1866    0.885193    0.849638  0.00351553
        1867    0.885363    0.849657   0.0035137
        1868    0.885494    0.849676  0.00351187
        1869    0.885585    0.849695  0.00351005
        1870    0.885635    0.849715  0.00350822
        1871    0.885645    0.849734   0.0035064
        1872    0.885612    0.849753  0.00350458
        1873    0.885537    0.849772  0.00350276
        1874     0.88542    0.849791  0.00350094
        1875    0.885261     0.84981  0.00349913
        1876    0.885059    0.849829  0.00349731
        1877    0.884814    0.849848   0.0034955
        1878    0.884525    0.849866  0.00349369
        1879    0.884191    0.849884  0.00349187
        1880    0.883811    0.849902  0.00349006
        1881    0.883386     0.84992  0.00348825
        1882    0.882916    0.849938  0.00348644
        1883    0.882402    0.849955  0.00348464
        1884    0.881844    0.849972  0.00348283
        1885     0.88124    0.849988  0.00348102
        1886    0.880591    0.850005  0.00347921
        1887    0.879896     0.85002   0.0034774
        1888    0.879154    0.850036   0.0034756
        1889    0.878369    0.850051  0.00347379
        1890    0.877541    0.850065  0.00347198
        1891    0.876666     0.85008  0.00347017
        1892    0.875748    0.850093  0.00346837
        1893    0.874785    0.850106  0.00346656
        1894    0.873777    0.850119  0.00346475
        1895    0.872726    0.850131  0.00346294
        1896    0.871632    0.850142  0.00346113
        1897    0.870495    0.850153  0.00345933
        1898    0.869315    0.850163  0.00345752
        1899    0.868093    0.850172  0.00345571
        1900     0.86683    0.850181   0.0034539
        1901    0.865526    0.850189   0.0034521
        1902    0.864182    0.850196  0.00345029
        1903    0.862798    0.850203  0.00344848
        1904    0.861376    0.850209  0.00344668
        1905    0.859916    0.850214  0.00344487
        1906    0.858419    0.850218  0.00344307
        1907    0.856885    0.850222  0.00344126
        1908    0.855317    0.850224  0.00343946
        1909    0.853715    0.850226  0.00343766
        1910    0.852079    0.850227  0.00343586
        1911    0.850411    0.850227  0.00343406
        1912    0.848715    0.850227  0.00343226
        1913     0.84699    0.850225  0.00343047
        1914    0.845237    0.850222  0.00342868
        1915    0.843459    0.850219  0.00342689
        1916    0.841656    0.850214  0.00342511
        1917    0.839831    0.850209  0.00342332
        1918    0.837984    0.850202  0.00342154
        1919    0.836118    0.850195  0.00341977
        1920    0.834234    0.850187    0.003418
        1921    0.832335    0.850177  0.00341623
        1922    0.830422    0.850167  0.00341447
        1923    0.828498    0.850156  0.00341271
        1924    0.826563    0.850144  0.00341096
        1925     0.82462     0.85013  0.00340921
        1926    0.822671    0.850116  0.00340747
        1927    0.820717    0.850101  0.00340574
        1928    0.818761    0.850085  0.00340401
        1929    0.816804    0.850067  0.00340229
        1930    0.814847    0.850049  0.00340058
        1931    0.812894     0.85003  0.00339887
        1932    0.810947     0.85001  0.00339717
        1933    0.809009    0.849988  0.00339548
        1934    0.807081    0.849966   0.0033938
        1935    0.805164    0.849943  0.00339212
        1936     0.80326    0.849919  0.00339046
        1937    0.801371    0.849894   0.0033888
        1938      0.7995    0.849868  0.00338715
        1939    0.797648    0.849841  0.00338551
        1940    0.795818    0.849813  0.00338388
        1941    0.794011    0.849784  0.00338226
        1942     0.79223    0.849755  0.00338065
        1943    0.790478    0.849724  0.00337904
        1944    0.788754    0.849693  0.00337745
        1945    0.787061    0.849661  0.00337587
        1946    0.785401    0.849628  0.00337429
        1947    0.783775    0.849594  0.00337273
        1948    0.782187    0.849559  0.00337118
        1949    0.780637    0.849524  0.00336963
        1950    0.779125    0.849488   0.0033681
        1951    0.777653    0.849451  0.00336657
        1952    0.776223    0.849413  0.00336506
        1953    0.774838    0.849375  0.00336355
        1954    0.773499    0.849336  0.00336205
        1955    0.772207    0.849297  0.00336057
        1956    0.770961    0.849257  0.00335909
        1957    0.769765    0.849216  0.00335762
        1958    0.768619    0.849175  0.00335615
        1959    0.767521    0.849133   0.0033547
        1960    0.766472    0.849091  0.00335325
        1961    0.765475    0.849049  0.00335181
        1962     0.76453    0.849006  0.00335038
        1963    0.763637    0.848962  0.00334896
        1964    0.762797    0.848918  0.00334754
        1965     0.76201    0.848874  0.00334613
        1966    0.761276    0.848829  0.00334472
        1967    0.760597    0.848785  0.00334332
        1968    0.759973    0.848739  0.00334193
        1969    0.759405    0.848694  0.00334054
        1970    0.758894    0.848648  0.00333915
        1971    0.758438    0.848603  0.00333777
        1972    0.758039    0.848557   0.0033364
        1973    0.757694    0.848511  0.00333502
        1974    0.757405    0.848465  0.00333365
        1975    0.757171    0.848418  0.00333229
        1976    0.756993    0.848372  0.00333092
        1977     0.75687    0.848326  0.00332956
        1978    0.756801     0.84828   0.0033282
        1979    0.756787    0.848233  0.00332684
        1980    0.756826    0.848187  0.00332548
        1981    0.756918    0.848141  0.00332412
        1982    0.757063    0.848095  0.00332276
        1983     0.75726    0.848049   0.0033214
        1984     0.75751    0.848004  0.00332004
        1985    0.757812    0.847958  0.00331867
        1986    0.758166    0.847913  0.00331731
        1987     0.75857    0.847868  0.00331595
        1988    0.759026    0.847823  0.00331458
        1989    0.759532    0.847779  0.00331321
        1990    0.760087    0.847735  0.00331184
        1991    0.760689    0.847691  0.00331046
        1992    0.761338    0.847648  0.00330909
        1993    0.762033    0.847605   0.0033077
        1994    0.762775    0.847562  0.00330632
        1995    0.763562     0.84752  0.00330493
        1996    0.764396    0.847479  0.00330354
        1997    0.765272    0.847437  0.00330214
        1998    0.766193    0.847397  0.00330074
        1999    0.767158    0.847357  0.00329933
        2000    0.768165    0.847317  0.00329792
