           1     -6.2003     -6.2003           0
           2    -6.19998    -6.20014 0.000112387
           3    -6.19966    -6.19998 0.000149709
           4    -6.19934    -6.19982 0.000177361
           5    -6.19903    -6.19966 0.000200459
           6    -6.19871     -6.1995 0.000220753
           7     -6.1984    -6.19935 0.000239081
           8    -6.19809    -6.19919 0.000255921
           9    -6.19777    -6.19903 0.000271577
          10    -6.19746    -6.19887 0.000286256
          11    -6.19683    -6.19869 0.000314981
          12    -6.19652    -6.19851  0.00033667
          13    -6.19621    -6.19833  0.00035416
          14    -6.19461    -6.19806 0.000416849
          15    -6.19431    -6.19781 0.000458237
          16    -6.19271    -6.19749 0.000529167
          17    -6.19111    -6.19712 0.000616954
          18    -6.18984    -6.19672 0.000702696
          19    -6.18696     -6.1962  0.00083238
          20    -6.18408     -6.1956 0.000987046
          21    -6.18185    -6.19494  0.00113665
          22    -6.17994    -6.19426  0.00127326
          23     -6.1777    -6.19354  0.00140671
          24     -6.1758     -6.1928  0.00153005
          25    -6.17163    -6.19195    0.001687
          26    -6.16941    -6.19109   0.0018315
          27    -6.16686    -6.19019  0.00197127
          28    -6.16464    -6.18928  0.00210151
          29    -6.16242    -6.18835   0.0022238
          30    -6.16117    -6.18744  0.00232693
          31    -6.15928    -6.18654  0.00242278
          32    -6.15707    -6.18561  0.00251603
          33    -6.15486    -6.18468  0.00260672
          34     -6.1533    -6.18376  0.00268853
          35    -6.15206    -6.18285  0.00276002
          36    -6.15051    -6.18196   0.0028258
          37    -6.14831    -6.18105    0.002892
          38    -6.14677    -6.18014  0.00295322
          39    -6.14555    -6.17926  0.00300775
          40    -6.14434    -6.17838  0.00305662
          41     -6.1441    -6.17755  0.00309434
          42    -6.14322    -6.17673  0.00312676
          43    -6.14266    -6.17594  0.00315282
          44    -6.14147    -6.17515  0.00317701
          45    -6.13996    -6.17437  0.00320125
          46    -6.13877     -6.1736  0.00322386
          47    -6.13695    -6.17282  0.00324822
          48    -6.13577    -6.17205  0.00327094
          49    -6.13461    -6.17128  0.00329221
          50    -6.13377    -6.17053  0.00331074
          51    -6.13262    -6.16979  0.00332823
          52     -6.1318    -6.16906  0.00334345
          53    -6.13163    -6.16835  0.00335411
          54     -6.1305    -6.16765  0.00336445
          55    -6.13002    -6.16697  0.00337211
          56    -6.12826    -6.16628  0.00338199
          57     -6.1278     -6.1656  0.00338934
          58    -6.12703    -6.16494  0.00339552
          59    -6.12594    -6.16428  0.00340169
          60    -6.12518    -6.16362  0.00340682
          61    -6.12444    -6.16298  0.00341101
          62     -6.1237    -6.16235  0.00341433
          63    -6.12362    -6.16173  0.00341504
          64    -6.12225    -6.16112  0.00341694
          65    -6.12187    -6.16051  0.00341731
          66    -6.12182    -6.15993  0.00341546
          67    -6.12113    -6.15935  0.00341321
          68    -6.12013    -6.15877   0.0034114
          69    -6.11979    -6.15821  0.00340841
          70    -6.11849    -6.15764  0.00340662
          71    -6.11849    -6.15709  0.00340297
          72    -6.11786    -6.15654  0.00339903
          73    -6.11756    -6.15601  0.00339415
          74     -6.1176    -6.15549  0.00338772
          75    -6.11733    -6.15498  0.00338054
          76     -6.1161    -6.15447  0.00337455
          77    -6.11617    -6.15397  0.00336717
          78    -6.11594    -6.15348  0.00335912
          79    -6.11507      -6.153  0.00335162
          80    -6.11453    -6.15252  0.00334404
          81    -6.11433    -6.15204  0.00333582
          82    -6.11446    -6.15159  0.00332648
          83    -6.11428    -6.15114  0.00331662
          84    -6.11412     -6.1507  0.00330629
          85    -6.11331    -6.15026  0.00329651
          86    -6.11317    -6.14983  0.00328627
          87    -6.11207    -6.14939  0.00327703
          88    -6.11162    -6.14896  0.00326777
          89    -6.11184    -6.14855  0.00325757
          90    -6.11206    -6.14814  0.00324651
          91    -6.11229    -6.14775  0.00323464
          92    -6.11254    -6.14736  0.00322204
          93    -6.11246    -6.14699  0.00320918
          94    -6.11208    -6.14662  0.00319645
          95    -6.11235    -6.14626  0.00318309
          96    -6.11263    -6.14591  0.00316915
          97    -6.11259    -6.14556  0.00315503
          98    -6.11321    -6.14523  0.00314006
          99    -6.11352    -6.14491  0.00312464
         100    -6.11383     -6.1446  0.00310882
         101    -6.11446     -6.1443  0.00309232
         102    -6.11446    -6.14401  0.00307581
         103    -6.11479    -6.14373    0.003059
         104    -6.11512    -6.14345  0.00304193
         105    -6.11546    -6.14318  0.00302462
         106     -6.1158    -6.14293   0.0030071
         107    -6.11582    -6.14267  0.00298965
         108    -6.11616    -6.14243  0.00297203
         109    -6.11651    -6.14219  0.00295425
         110    -6.11686    -6.14196  0.00293635
         111    -6.11689    -6.14173  0.00291857
         112    -6.11692    -6.14151  0.00290091
         113    -6.11728     -6.1413  0.00288315
         114    -6.11763    -6.14109  0.00286533
         115    -6.11766    -6.14089  0.00284765
         116    -6.11801    -6.14069  0.00282992
         117    -6.11868     -6.1405  0.00281198
         118    -6.11903    -6.14032  0.00279403
         119    -6.11938    -6.14014  0.00277608
         120    -6.11972    -6.13997  0.00275816
         121    -6.12006    -6.13981  0.00274027
         122     -6.1204    -6.13965  0.00272243
         123    -6.12073     -6.1395  0.00270463
         124    -6.12106    -6.13935  0.00268691
         125    -6.12138     -6.1392  0.00266925
         126    -6.12137    -6.13906  0.00265182
         127    -6.12201    -6.13893  0.00263434
         128    -6.12264     -6.1388  0.00261683
         129    -6.12326    -6.13868  0.00259931
         130    -6.12356    -6.13856  0.00258192
         131    -6.12384    -6.13845  0.00256465
         132    -6.12412    -6.13834  0.00254752
         133    -6.12407    -6.13823  0.00253062
         134    -6.12434    -6.13813  0.00251386
         135    -6.12492    -6.13803  0.00249714
         136    -6.12518    -6.13794  0.00248057
         137    -6.12542    -6.13785  0.00246415
         138    -6.12566    -6.13776  0.00244787
         139    -6.12589    -6.13767  0.00243175
         140    -6.12611    -6.13759  0.00241578
         141    -6.12632    -6.13751  0.00239997
         142    -6.12652    -6.13743  0.00238432
         143     -6.1264    -6.13736  0.00236889
         144    -6.12659    -6.13728  0.00235362
         145    -6.12677    -6.13721  0.00233851
         146    -6.12726    -6.13714  0.00232348
         147    -6.12711    -6.13707  0.00230868
         148    -6.12726    -6.13701  0.00229403
         149    -6.12741    -6.13694  0.00227954
         150    -6.12723    -6.13688  0.00226526
         151    -6.12769    -6.13682  0.00225108
         152    -6.12781    -6.13676  0.00223705
         153    -6.12761     -6.1367  0.00222323
         154    -6.12772    -6.13664  0.00220956
         155    -6.12782    -6.13658  0.00219603
         156    -6.12759    -6.13652  0.00218271
         157    -6.12768    -6.13647  0.00216954
         158    -6.12809    -6.13642  0.00215645
         159    -6.12816    -6.13636  0.00214352
         160    -6.12823    -6.13631  0.00213072
         161    -6.12797    -6.13626  0.00211812
         162    -6.12835    -6.13621  0.00210561
         163    -6.12807    -6.13616  0.00209328
         164    -6.12747    -6.13611  0.00208119
         165     -6.1275    -6.13606  0.00206923
         166    -6.12721      -6.136  0.00205745
         167    -6.12756    -6.13595  0.00204575
         168    -6.12855    -6.13591  0.00203405
         169    -6.12824    -6.13586  0.00202252
         170    -6.12825    -6.13582  0.00201112
         171     -6.1289    -6.13578  0.00199976
         172     -6.1289    -6.13574  0.00198854
         173    -6.12889     -6.1357  0.00197744
         174    -6.12888    -6.13566  0.00196646
         175    -6.12887    -6.13562  0.00195561
         176    -6.12885    -6.13558  0.00194487
         177     -6.1285    -6.13554   0.0019343
         178    -6.12848     -6.1355  0.00192384
         179    -6.12909    -6.13547  0.00191342
         180    -6.12906    -6.13543  0.00190312
         181    -6.12902     -6.1354  0.00189294
         182    -6.12866    -6.13536   0.0018829
         183    -6.12829    -6.13532  0.00187301
         184    -6.12857    -6.13528  0.00186319
         185    -6.12884    -6.13525  0.00185344
         186    -6.12879    -6.13521   0.0018438
         187    -6.12874    -6.13518  0.00183426
         188    -6.12803    -6.13514   0.0018249
         189    -6.12862    -6.13511  0.00181557
         190    -6.12823    -6.13507  0.00180638
         191    -6.12882    -6.13504  0.00179722
         192     -6.1294    -6.13501   0.0017881
         193    -6.12933    -6.13498  0.00177907
         194    -6.12926    -6.13495  0.00177015
         195    -6.12886    -6.13492  0.00176135
         196    -6.12911    -6.13489  0.00175261
         197    -6.12904    -6.13486  0.00174396
         198    -6.12928    -6.13483  0.00173538
         199    -6.12953     -6.1348  0.00172687
         200    -6.12945    -6.13478  0.00171844
         201    -6.12904    -6.13475  0.00171013
         202    -6.12864    -6.13472  0.00170193
         203    -6.12888    -6.13469  0.00169379
         204    -6.12879    -6.13466  0.00168573
         205    -6.12968    -6.13464  0.00167768
         206    -6.12927    -6.13461  0.00166974
         207    -6.12951    -6.13459  0.00166186
         208    -6.12942    -6.13456  0.00165405
         209    -6.12998    -6.13454  0.00164629
         210    -6.12989    -6.13452  0.00163859
         211    -6.12947    -6.13449    0.001631
         212    -6.13003    -6.13447  0.00162345
         213    -6.12929    -6.13445  0.00161601
         214     -6.1292    -6.13442  0.00160864
         215    -6.12878     -6.1344  0.00160137
         216    -6.12869    -6.13437  0.00159418
         217    -6.12827    -6.13434  0.00158708
         218     -6.1285    -6.13432  0.00158002
         219    -6.12808    -6.13429  0.00157307
         220    -6.12799    -6.13426  0.00156618
         221     -6.1279    -6.13423  0.00155935
         222    -6.12716     -6.1342  0.00155265
         223    -6.12706    -6.13417  0.00154602
         224    -6.12664    -6.13413  0.00153948
         225    -6.12622     -6.1341  0.00153304
         226    -6.12581    -6.13406   0.0015267
         227    -6.12571    -6.13402  0.00152042
         228    -6.12562    -6.13399  0.00151419
         229    -6.12553    -6.13395  0.00150803
         230    -6.12446    -6.13391  0.00150204
         231     -6.1247    -6.13387  0.00149607
         232    -6.12493    -6.13383  0.00149012
         233    -6.12484    -6.13379  0.00148422
         234    -6.12442    -6.13375  0.00147842
         235    -6.12434    -6.13371  0.00147267
         236    -6.12425    -6.13367  0.00146697
         237    -6.12449    -6.13363   0.0014613
         238    -6.12408    -6.13359  0.00145571
         239    -6.12399    -6.13355  0.00145017
         240    -6.12326    -6.13351  0.00144476
         241    -6.12318    -6.13347   0.0014394
         242    -6.12246    -6.13342  0.00143417
         243    -6.12238    -6.13338  0.00142899
         244     -6.1223    -6.13333  0.00142385
         245    -6.12191    -6.13328  0.00141881
         246    -6.12151    -6.13324  0.00141385
         247    -6.12112    -6.13319  0.00140897
         248    -6.12072    -6.13314  0.00140419
         249    -6.12066    -6.13309  0.00139944
         250    -6.12059    -6.13304  0.00139474
         251    -6.12021    -6.13299  0.00139011
         252    -6.12015    -6.13293  0.00138553
         253    -6.12042    -6.13288  0.00138094
         254    -6.12004    -6.13283  0.00137643
         255    -6.12032    -6.13279   0.0013719
         256    -6.12027    -6.13274  0.00136741
         257    -6.12087    -6.13269  0.00136287
         258    -6.12018    -6.13264  0.00135845
         259    -6.12015    -6.13259  0.00135406
         260    -6.12043    -6.13255  0.00134966
         261    -6.12073     -6.1325  0.00134525
         262    -6.12134    -6.13246  0.00134079
         263    -6.12099    -6.13242   0.0013364
         264    -6.12129    -6.13237    0.001332
         265     -6.1216    -6.13233   0.0013276
         266    -6.12223    -6.13229  0.00132315
         267    -6.12221    -6.13226  0.00131873
         268    -6.12188    -6.13222  0.00131438
         269    -6.12155    -6.13218  0.00131009
         270    -6.12187    -6.13214   0.0013058
         271    -6.12122     -6.1321   0.0013016
         272    -6.12058    -6.13206   0.0012975
         273    -6.12059    -6.13202  0.00129343
         274     -6.1206    -6.13197  0.00128938
         275    -6.12093    -6.13193  0.00128532
         276    -6.12095    -6.13189  0.00128128
         277    -6.12064    -6.13185  0.00127729
         278    -6.12164    -6.13182  0.00127323
         279    -6.12199    -6.13178  0.00126915
         280    -6.12202    -6.13175   0.0012651
         281    -6.12108    -6.13171  0.00126116
         282    -6.12079    -6.13167  0.00125729
         283     -6.1205    -6.13163  0.00125346
         284    -6.12022    -6.13159  0.00124969
         285    -6.12026    -6.13155  0.00124594
         286    -6.12031    -6.13151   0.0012422
         287    -6.12035    -6.13147  0.00123848
         288     -6.1204    -6.13143  0.00123478
         289    -6.12078     -6.1314  0.00123106
         290    -6.12083    -6.13136  0.00122735
         291    -6.12121    -6.13133  0.00122363
         292    -6.12127    -6.13129  0.00121992
         293    -6.12133    -6.13126  0.00121623
         294    -6.12139    -6.13122  0.00121256
         295     -6.1221    -6.13119  0.00120884
         296    -6.12249    -6.13116  0.00120512
         297    -6.12288    -6.13114  0.00120138
         298    -6.12262    -6.13111  0.00119769
         299    -6.12236    -6.13108  0.00119404
         300    -6.12243    -6.13105  0.00119041
         301    -6.12217    -6.13102  0.00118682
         302    -6.12257    -6.13099  0.00118322
         303    -6.12296    -6.13096  0.00117961
         304    -6.12368    -6.13094  0.00117598
         305    -6.12407    -6.13092  0.00117234
         306    -6.12349    -6.13089  0.00116876
         307    -6.12389    -6.13087  0.00116517
         308    -6.12396    -6.13085  0.00116161
         309    -6.12403    -6.13083  0.00115806
         310    -6.12377     -6.1308  0.00115454
         311    -6.12352    -6.13078  0.00115107
         312    -6.12391    -6.13076  0.00114759
         313     -6.1243    -6.13074  0.00114411
         314    -6.12501    -6.13072  0.00114061
         315    -6.12508     -6.1307  0.00113713
         316    -6.12482    -6.13068  0.00113369
         317    -6.12521    -6.13067  0.00113024
         318     -6.1243    -6.13065  0.00112686
         319    -6.12468    -6.13063  0.00112349
         320    -6.12506    -6.13061  0.00112011
         321    -6.12545    -6.13059  0.00111674
         322     -6.1255    -6.13058  0.00111338
         323    -6.12491    -6.13056  0.00111007
         324    -6.12496    -6.13054  0.00110678
         325    -6.12501    -6.13053   0.0011035
         326    -6.12506    -6.13051  0.00110025
         327    -6.12511    -6.13049  0.00109701
         328    -6.12515    -6.13048  0.00109378
         329     -6.1252    -6.13046  0.00109058
         330    -6.12556    -6.13045  0.00108737
         331    -6.12592    -6.13043  0.00108417
         332    -6.12628    -6.13042  0.00108098
         333    -6.12632    -6.13041   0.0010778
         334      -6.127     -6.1304  0.00107462
         335    -6.12703    -6.13039  0.00107146
         336    -6.12738    -6.13038  0.00106831
         337    -6.12772    -6.13037  0.00106517
         338    -6.12775    -6.13036  0.00106205
         339    -6.12777    -6.13035  0.00105894
         340    -6.12779    -6.13035  0.00105586
         341     -6.1278    -6.13034  0.00105279
         342    -6.12781    -6.13033  0.00104973
         343    -6.12815    -6.13033  0.00104669
         344    -6.12848    -6.13032  0.00104366
         345    -6.12881    -6.13032  0.00104065
         346    -6.12913    -6.13031  0.00103765
         347    -6.12913    -6.13031  0.00103466
         348     -6.1301    -6.13031  0.00103169
         349    -6.13107    -6.13031  0.00102873
         350    -6.13139    -6.13031   0.0010258
         351    -6.13171    -6.13032  0.00102288
         352    -6.13105    -6.13032  0.00101998
         353      -6.132    -6.13032   0.0010171
         354    -6.13199    -6.13033  0.00101424
         355    -6.13262    -6.13034   0.0010114
         356    -6.13227    -6.13034  0.00100858
         357    -6.13193    -6.13035  0.00100576
         358     -6.1319    -6.13035  0.00100296
         359    -6.13155    -6.13035  0.00100017
         360    -6.13185    -6.13036 0.000997403
         361    -6.13149    -6.13036 0.000994646
         362    -6.13146    -6.13036 0.000991903
         363    -6.13175    -6.13037 0.000989177
         364    -6.13204    -6.13037  0.00098647
         365      -6.132    -6.13038 0.000983778
         366    -6.13228    -6.13038 0.000981104
         367    -6.13224    -6.13039 0.000978443
         368     -6.1322    -6.13039 0.000975797
         369    -6.13118    -6.13039 0.000973155
         370    -6.13114     -6.1304 0.000970527
         371    -6.13142     -6.1304 0.000967915
         372    -6.13105     -6.1304 0.000965315
         373      -6.131     -6.1304 0.000962728
         374     -6.1316     -6.1304 0.000960159
         375    -6.13123    -6.13041 0.000957601
         376    -6.13119    -6.13041 0.000955057
         377    -6.13146    -6.13041 0.000952527
         378    -6.13077    -6.13041 0.000950008
         379    -6.13072    -6.13041 0.000947502
         380    -6.13067    -6.13041 0.000945009
         381     -6.1303    -6.13041 0.000942528
         382    -6.13025    -6.13041 0.000940061
         383    -6.13021    -6.13041 0.000937607
         384    -6.13049    -6.13041 0.000935165
         385    -6.12915    -6.13041 0.000932742
         386     -6.1291    -6.13041 0.000930331
         387    -6.12939     -6.1304 0.000927931
         388    -6.12999     -6.1304  0.00092554
         389    -6.12995     -6.1304 0.000923162
         390    -6.12991     -6.1304 0.000920796
         391    -6.12955     -6.1304 0.000918443
         392    -6.12952     -6.1304 0.000916103
         393    -6.12884    -6.13039  0.00091378
         394    -6.12816    -6.13039 0.000911479
         395    -6.12845    -6.13038 0.000909184
         396    -6.12778    -6.13038 0.000906912
         397    -6.12775    -6.13037 0.000904652
         398    -6.12773    -6.13036 0.000902403
         399    -6.12803    -6.13036 0.000900161
         400    -6.12736    -6.13035 0.000897941
         401    -6.12767    -6.13034 0.000895727
         402    -6.12701    -6.13033 0.000893537
         403    -6.12765    -6.13033 0.000891345
         404    -6.12828    -6.13032 0.000889153
         405    -6.12795    -6.13032 0.000886977
         406     -6.1286    -6.13031 0.000884802
         407     -6.1286    -6.13031 0.000882638
         408    -6.12892     -6.1303 0.000880481
         409     -6.1286     -6.1303 0.000878338
         410     -6.1286     -6.1303 0.000876206
         411    -6.12829    -6.13029 0.000874088
         412    -6.12894    -6.13029 0.000871972
         413    -6.12895    -6.13028 0.000869867
         414    -6.12962    -6.13028 0.000867767
         415    -6.12931    -6.13028 0.000865679
         416    -6.12965    -6.13028   0.0008636
         417    -6.12967    -6.13028  0.00086153
         418    -6.12937    -6.13028 0.000859472
         419    -6.12906    -6.13027 0.000857425
         420    -6.13006    -6.13027 0.000855384
         421    -6.12976    -6.13027 0.000853353
         422    -6.13108    -6.13027 0.000851333
         423    -6.13111    -6.13027 0.000849323
         424    -6.13049    -6.13028  0.00084732
         425    -6.13051    -6.13028 0.000845326
         426    -6.13086    -6.13028 0.000843343
         427     -6.1296    -6.13028 0.000841369
         428    -6.12995    -6.13027 0.000839404
         429    -6.12998    -6.13027 0.000837448
         430    -6.13033    -6.13027   0.0008355
         431    -6.13068    -6.13028 0.000833562
         432    -6.13006    -6.13027 0.000831633
         433    -6.13008    -6.13027 0.000829712
         434    -6.12978    -6.13027 0.000827801
         435    -6.12948    -6.13027   0.0008259
         436     -6.1295    -6.13027 0.000824008
         437    -6.12888    -6.13027 0.000822128
         438    -6.12922    -6.13026 0.000820255
         439    -6.12924    -6.13026  0.00081839
         440    -6.12861    -6.13026 0.000816538
         441    -6.12862    -6.13025 0.000814695
         442    -6.12863    -6.13025  0.00081286
         443    -6.12799    -6.13025 0.000811041
         444    -6.12832    -6.13024 0.000809226
         445    -6.12768    -6.13024 0.000807428
         446    -6.12769    -6.13023 0.000805638
         447    -6.12801    -6.13022 0.000803851
         448    -6.12801    -6.13022 0.000802072
         449    -6.12833    -6.13022 0.000800297
         450    -6.12832    -6.13021 0.000798529
         451    -6.12831    -6.13021  0.00079677
         452     -6.1283     -6.1302 0.000795018
         453    -6.12797     -6.1302 0.000793278
         454     -6.1286    -6.13019 0.000791539
         455    -6.12923    -6.13019 0.000789802
         456    -6.12921    -6.13019 0.000788073
         457    -6.12854    -6.13019 0.000786357
         458    -6.12852    -6.13018 0.000784648
         459    -6.12816    -6.13018 0.000782951
         460    -6.12749    -6.13017 0.000781271
         461    -6.12713    -6.13017 0.000779604
         462    -6.12742    -6.13016 0.000777939
         463    -6.12642    -6.13015 0.000776301
         464    -6.12638    -6.13014  0.00077467
         465     -6.1257    -6.13013 0.000773063
         466    -6.12533    -6.13012 0.000771473
         467    -6.12529    -6.13011 0.000769891
         468     -6.1259     -6.1301 0.000768298
         469    -6.12618     -6.1301 0.000766706
         470    -6.12613    -6.13009 0.000765121
         471    -6.12641    -6.13008 0.000763536
         472    -6.12733    -6.13007 0.000761941
         473    -6.12761    -6.13007 0.000760348
         474    -6.12755    -6.13006 0.000758762
         475     -6.1275    -6.13006 0.000757184
         476    -6.12745    -6.13005 0.000755613
         477    -6.12707    -6.13005 0.000754055
         478    -6.12734    -6.13004 0.000752498
         479    -6.12664    -6.13003 0.000750961
         480    -6.12723    -6.13003 0.000749419
         481    -6.12653    -6.13002 0.000747896
         482    -6.12648    -6.13001 0.000746381
         483    -6.12642    -6.13001 0.000744872
         484    -6.12669       -6.13 0.000743365
         485    -6.12598    -6.12999 0.000741878
         486    -6.12592    -6.12998 0.000740399
         487    -6.12554    -6.12997 0.000738935
         488    -6.12549    -6.12996 0.000737478
         489    -6.12575    -6.12996  0.00073602
         490    -6.12538    -6.12995 0.000734577
         491      -6.125    -6.12994  0.00073315
         492    -6.12462    -6.12993  0.00073174
         493    -6.12456    -6.12991 0.000730336
         494    -6.12483     -6.1299  0.00072893
         495    -6.12446    -6.12989 0.000727541
         496    -6.12505    -6.12988 0.000726139
         497    -6.12468    -6.12987 0.000724754
         498    -6.12463    -6.12986 0.000723375
         499    -6.12393    -6.12985 0.000722023
         500    -6.12421    -6.12984 0.000720667
         501    -6.12384    -6.12983 0.000719328
         502    -6.12412    -6.12982 0.000717985
         503    -6.12407     -6.1298 0.000716649
         504    -6.12403    -6.12979 0.000715318
         505    -6.12399    -6.12978 0.000713994
         506     -6.1246    -6.12977 0.000712657
         507    -6.12456    -6.12976 0.000711325
         508    -6.12387    -6.12975 0.000710019
         509    -6.12384    -6.12974 0.000708719
         510    -6.12381    -6.12973 0.000707425
         511    -6.12378    -6.12971 0.000706136
         512    -6.12407     -6.1297 0.000704843
         513    -6.12437    -6.12969 0.000703546
         514    -6.12564    -6.12969 0.000702221
         515    -6.12498    -6.12968 0.000700917
         516    -6.12464    -6.12967 0.000699627
         517    -6.12527    -6.12966 0.000698325
         518    -6.12493    -6.12965 0.000697037
         519    -6.12427    -6.12964 0.000695771
         520    -6.12426    -6.12963  0.00069451
         521    -6.12393    -6.12962 0.000693263
         522     -6.1236    -6.12961  0.00069203
         523     -6.1236    -6.12959 0.000690802
         524     -6.1236    -6.12958 0.000689579
         525    -6.12361    -6.12957 0.000688359
         526    -6.12361    -6.12956 0.000687144
         527     -6.1233    -6.12955 0.000685942
         528    -6.12396    -6.12954 0.000684725
         529     -6.1243    -6.12953 0.000683502
         530    -6.12497    -6.12952 0.000682266
         531    -6.12467    -6.12951 0.000681043
         532    -6.12469     -6.1295 0.000679823
         533    -6.12537    -6.12949 0.000678592
         534     -6.1254    -6.12949 0.000677364
         535    -6.12543    -6.12948 0.000676141
         536    -6.12579    -6.12947 0.000674914
         537    -6.12615    -6.12946 0.000673686
         538    -6.12684    -6.12946 0.000672451
         539    -6.12656    -6.12945 0.000671225
         540    -6.12628    -6.12945 0.000670008
         541    -6.12633    -6.12944 0.000668794
         542    -6.12638    -6.12944 0.000667584
         543    -6.12676    -6.12943 0.000666372
         544    -6.12682    -6.12943 0.000665165
         545     -6.1272    -6.12942 0.000663957
         546    -6.12694    -6.12942 0.000662757
         547      -6.127    -6.12941  0.00066156
         548    -6.12642    -6.12941 0.000660375
         549    -6.12648     -6.1294 0.000659194
         550    -6.12655     -6.1294 0.000658016
         551    -6.12662    -6.12939 0.000656841
         552    -6.12669    -6.12939 0.000655669
         553    -6.12676    -6.12938 0.000654501
         554    -6.12716    -6.12938 0.000653332
         555    -6.12724    -6.12938 0.000652166
         556    -6.12764    -6.12937    0.000651
         557    -6.12739    -6.12937 0.000649841
         558    -6.12714    -6.12936 0.000648689
         559    -6.12722    -6.12936  0.00064754
         560    -6.12698    -6.12936 0.000646397
         561    -6.12803    -6.12935  0.00064525
         562    -6.12746    -6.12935  0.00064411
         563    -6.12722    -6.12935 0.000642977
         564    -6.12698    -6.12934 0.000641851
         565    -6.12673    -6.12934 0.000640732
         566    -6.12649    -6.12933 0.000639619
         567    -6.12722    -6.12933 0.000638502
         568    -6.12697    -6.12933 0.000637392
         569    -6.12705    -6.12932 0.000636284
         570    -6.12713    -6.12932 0.000635179
         571    -6.12785    -6.12932 0.000634072
         572    -6.12825    -6.12931 0.000632966
         573    -6.12898    -6.12931 0.000631862
         574    -6.12937    -6.12931 0.000630761
         575    -6.13042    -6.12931 0.000629667
         576    -6.13017    -6.12932 0.000628576
         577    -6.13024    -6.12932 0.000627488
         578    -6.13063    -6.12932 0.000626407
         579    -6.13037    -6.12932 0.000625327
         580    -6.13043    -6.12932 0.000624252
         581    -6.12888    -6.12932 0.000623178
         582    -6.12894    -6.12932 0.000622108
         583      -6.129    -6.12932 0.000621041
         584    -6.13003    -6.12932 0.000619979
         585    -6.13009    -6.12932  0.00061892
         586    -6.12949    -6.12932 0.000617864
         587    -6.12922    -6.12932 0.000616812
         588    -6.12894    -6.12932 0.000615763
         589    -6.12899    -6.12932 0.000614718
         590    -6.12903    -6.12932 0.000613676
         591    -6.12875    -6.12932 0.000612639
         592    -6.12911    -6.12932 0.000611604
         593    -6.12915    -6.12932 0.000610572
         594    -6.12918    -6.12932 0.000609545
         595    -6.12954    -6.12932  0.00060852
         596    -6.12957    -6.12932 0.000607499
         597    -6.12928    -6.12932 0.000606482
         598    -6.12898    -6.12932 0.000605468
         599    -6.12867    -6.12932 0.000604458
         600    -6.12902    -6.12932 0.000603451
         601    -6.12871    -6.12932 0.000602448
         602    -6.12905    -6.12932 0.000601447
         603    -6.12874    -6.12932  0.00060045
         604    -6.12875    -6.12932 0.000599457
         605    -6.12908    -6.12932 0.000598466
         606    -6.12908    -6.12932 0.000597479
         607    -6.12973    -6.12932 0.000596495
         608    -6.12973    -6.12932 0.000595514
         609    -6.12941    -6.12932 0.000594536
         610    -6.12973    -6.12932 0.000593562
         611    -6.13004    -6.12932 0.000592592
         612    -6.12939    -6.12932 0.000591624
         613    -6.12905    -6.12932 0.000590659
         614    -6.12872    -6.12932 0.000589697
         615    -6.12838    -6.12932 0.000588741
         616    -6.12933    -6.12932 0.000587785
         617    -6.12964    -6.12932 0.000586832
         618    -6.12994    -6.12932 0.000585884
         619    -6.12927    -6.12932 0.000584937
         620    -6.12924    -6.12932 0.000583994
         621    -6.12987    -6.12932 0.000583054
         622    -6.13049    -6.12932  0.00058212
         623    -6.13013    -6.12932 0.000581187
         624     -6.1301    -6.12932 0.000580257
         625    -6.13071    -6.12932 0.000579333
         626    -6.13067    -6.12933 0.000578411
         627    -6.13063    -6.12933 0.000577492
         628    -6.12962    -6.12933 0.000576573
         629    -6.13023    -6.12933 0.000575658
         630    -6.12922    -6.12933 0.000574744
         631    -6.12917    -6.12933 0.000573834
         632    -6.12945    -6.12933 0.000572926
         633     -6.1294    -6.12933 0.000572021
         634       -6.13    -6.12933 0.000571119
         635     -6.1306    -6.12933 0.000570223
         636    -6.13022    -6.12934 0.000569328
         637    -6.13081    -6.12934 0.000568439
         638    -6.13109    -6.12934 0.000567555
         639    -6.13103    -6.12934 0.000566673
         640    -6.13033    -6.12934  0.00056579
         641    -6.12994    -6.12935 0.000564908
         642    -6.13021    -6.12935 0.000564029
         643    -6.13047    -6.12935 0.000563155
         644    -6.13041    -6.12935 0.000562283
         645    -6.13068    -6.12935 0.000561415
         646    -6.13094    -6.12935 0.000560551
         647    -6.13055    -6.12936 0.000559688
         648    -6.13081    -6.12936 0.000558829
         649     -6.1301    -6.12936 0.000557969
         650    -6.13068    -6.12936 0.000557114
         651    -6.13158    -6.12937 0.000556269
         652    -6.13152    -6.12937 0.000555425
         653    -6.13113    -6.12937 0.000554581
         654    -6.13106    -6.12937 0.000553739
         655    -6.13131    -6.12938 0.000552902
         656    -6.13124    -6.12938 0.000552066
         657    -6.13053    -6.12938 0.000551229
         658    -6.13046    -6.12938 0.000550394
         659    -6.13103    -6.12939 0.000549564
         660    -6.13161    -6.12939 0.000548742
         661    -6.13154    -6.12939 0.000547921
         662    -6.13147     -6.1294 0.000547102
         663    -6.13108     -6.1294 0.000546283
         664    -6.13036     -6.1294 0.000545462
         665    -6.13061     -6.1294 0.000544645
         666    -6.12925     -6.1294 0.000543827
         667    -6.12918     -6.1294 0.000543012
         668    -6.12846     -6.1294 0.000542201
         669    -6.12807     -6.1294 0.000541394
         670    -6.12832     -6.1294 0.000540589
         671    -6.12793    -6.12939 0.000539787
         672    -6.12851    -6.12939 0.000538986
         673    -6.12876    -6.12939 0.000538186
         674    -6.12902    -6.12939 0.000537388
         675    -6.12895    -6.12939 0.000536592
         676    -6.12824    -6.12939 0.000535801
         677    -6.12818    -6.12939 0.000535012
         678    -6.12779    -6.12938 0.000534228
         679    -6.12675    -6.12938 0.000533456
         680    -6.12734    -6.12938  0.00053268
         681    -6.12695    -6.12937 0.000531909
         682    -6.12722    -6.12937 0.000531139
         683    -6.12684    -6.12937 0.000530374
         684    -6.12646    -6.12936 0.000529616
         685     -6.1264    -6.12936  0.00052886
         686    -6.12602    -6.12935 0.000528112
         687    -6.12629    -6.12935 0.000527362
         688    -6.12624    -6.12934 0.000526615
         689    -6.12618    -6.12934  0.00052587
         690    -6.12613    -6.12934 0.000525129
         691    -6.12608    -6.12933  0.00052439
         692    -6.12604    -6.12933 0.000523654
         693    -6.12567    -6.12932 0.000522925
         694    -6.12465    -6.12931 0.000522214
         695    -6.12461    -6.12931 0.000521507
         696    -6.12457     -6.1293 0.000520802
         697    -6.12421    -6.12929 0.000520106
         698    -6.12482    -6.12929   0.0005194
         699    -6.12414    -6.12928 0.000518709
         700    -6.12476    -6.12927 0.000518008
         701     -6.1244    -6.12927 0.000517316
         702    -6.12405    -6.12926 0.000516633
         703     -6.1237    -6.12925 0.000515958
         704    -6.12432    -6.12924 0.000515273
         705    -6.12527    -6.12924 0.000514573
         706    -6.12525    -6.12923 0.000513875
         707    -6.12556    -6.12923 0.000513174
         708    -6.12554    -6.12922 0.000512476
         709    -6.12488    -6.12922 0.000511789
         710    -6.12519    -6.12921   0.0005111
         711    -6.12486     -6.1292 0.000510418
         712    -6.12517     -6.1292 0.000509732
         713    -6.12517    -6.12919 0.000509049
         714    -6.12581    -6.12919 0.000508358
         715    -6.12516    -6.12918 0.000507678
         716    -6.12484    -6.12918 0.000507005
         717    -6.12451    -6.12917  0.00050634
         718    -6.12484    -6.12916 0.000505671
         719    -6.12452    -6.12916 0.000505008
         720    -6.12453    -6.12915 0.000504348
         721    -6.12454    -6.12914 0.000503689
         722    -6.12423    -6.12914 0.000503037
         723    -6.12359    -6.12913   0.0005024
         724    -6.12458    -6.12912 0.000501746
         725    -6.12459    -6.12912 0.000501092
         726    -6.12493    -6.12911 0.000500435
         727    -6.12495    -6.12911  0.00049978
         728     -6.1253     -6.1291  0.00049912
         729    -6.12499    -6.12909 0.000498468
         730    -6.12501    -6.12909 0.000497816
         731    -6.12471    -6.12908 0.000497171
         732    -6.12409    -6.12908 0.000496539
         733    -6.12444    -6.12907 0.000495902
         734    -6.12447    -6.12906 0.000495266
         735    -6.12449    -6.12906 0.000494631
         736    -6.12452    -6.12905 0.000493997
         737    -6.12422    -6.12904  0.00049337
         738     -6.1249    -6.12904 0.000492734
         739    -6.12364    -6.12903 0.000492121
         740    -6.12367    -6.12902  0.00049151
         741     -6.1237    -6.12902 0.000490899
         742    -6.12373    -6.12901 0.000490289
         743    -6.12311      -6.129 0.000489693
         744    -6.12315    -6.12899 0.000489099
         745     -6.1235    -6.12899 0.000488498
         746    -6.12321    -6.12898 0.000487904
         747    -6.12324    -6.12897 0.000487312
         748    -6.12295    -6.12896 0.000486727
         749     -6.1233    -6.12896 0.000486135
         750    -6.12334    -6.12895 0.000485545
         751    -6.12337    -6.12894 0.000484955
         752    -6.12308    -6.12893 0.000484373
         753    -6.12376    -6.12893 0.000483779
         754    -6.12379    -6.12892 0.000483185
         755    -6.12382    -6.12891 0.000482592
         756    -6.12353    -6.12891 0.000482006
         757    -6.12258     -6.1289 0.000481442
         758    -6.12197    -6.12889 0.000480894
         759    -6.12232    -6.12888 0.000480338
         760    -6.12235    -6.12887 0.000479783
         761    -6.12238    -6.12886 0.000479228
         762    -6.12273    -6.12885 0.000478667
         763    -6.12308    -6.12885 0.000478099
         764    -6.12376    -6.12884  0.00047752
         765    -6.12346    -6.12883 0.000476948
         766    -6.12381    -6.12883  0.00047637
         767    -6.12318    -6.12882 0.000475806
         768    -6.12256    -6.12881 0.000475256
         769    -6.12356     -6.1288 0.000474687
         770    -6.12358     -6.1288 0.000474119
         771     -6.1236    -6.12879 0.000473552
         772    -6.12428    -6.12878 0.000472975
         773    -6.12495    -6.12878 0.000472389
         774    -6.12432    -6.12877 0.000471814
         775    -6.12467    -6.12877 0.000471235
         776    -6.12468    -6.12876 0.000470657
         777    -6.12373    -6.12876 0.000470096
         778    -6.12408    -6.12875  0.00046953
         779     -6.1241    -6.12875 0.000468965
         780    -6.12412    -6.12874 0.000468401
         781    -6.12381    -6.12873 0.000467844
         782    -6.12318    -6.12873   0.0004673
         783    -6.12352    -6.12872  0.00046675
         784    -6.12354    -6.12871 0.000466202
         785    -6.12388    -6.12871 0.000465648
         786    -6.12422     -6.1287 0.000465091
         787    -6.12456     -6.1287  0.00046453
         788    -6.12457    -6.12869  0.00046397
         789    -6.12459    -6.12869 0.000463411
         790    -6.12558    -6.12868 0.000462841
         791    -6.12591    -6.12868 0.000462269
         792    -6.12593    -6.12867 0.000461698
         793    -6.12627    -6.12867 0.000461126
         794     -6.1266    -6.12867 0.000460553
         795    -6.12661    -6.12867 0.000459981
         796    -6.12598    -6.12866 0.000459415
         797    -6.12599    -6.12866 0.000458851
         798    -6.12633    -6.12866 0.000458285
         799    -6.12601    -6.12865 0.000457724
         800    -6.12603    -6.12865 0.000457163
         801    -6.12604    -6.12865 0.000456604
         802    -6.12637    -6.12864 0.000456044
         803    -6.12638    -6.12864 0.000455484
         804    -6.12607    -6.12864 0.000454929
         805    -6.12576    -6.12863 0.000454378
         806    -6.12642    -6.12863 0.000453822
         807     -6.1261    -6.12863 0.000453271
         808    -6.12579    -6.12862 0.000452724
         809    -6.12548    -6.12862 0.000452181
         810    -6.12549    -6.12862 0.000451639
         811     -6.1255    -6.12861 0.000451098
         812    -6.12551    -6.12861 0.000450559
         813    -6.12519     -6.1286 0.000450025
         814    -6.12455     -6.1286 0.000449499
         815    -6.12424    -6.12859  0.00044898
         816    -6.12458    -6.12859 0.000448456
         817    -6.12459    -6.12858 0.000447934
         818    -6.12427    -6.12858 0.000447418
         819    -6.12364    -6.12857 0.000446912
         820    -6.12365    -6.12857 0.000446407
         821    -6.12431    -6.12856 0.000445894
         822    -6.12432    -6.12856 0.000445381
         823    -6.12433    -6.12855  0.00044487
         824    -6.12434    -6.12855 0.000444359
         825    -6.12468    -6.12854 0.000443845
         826    -6.12469    -6.12854 0.000443332
         827     -6.1247    -6.12853 0.000442821
         828    -6.12504    -6.12853 0.000442306
         829    -6.12505    -6.12852 0.000441792
         830    -6.12474    -6.12852 0.000441283
         831    -6.12476    -6.12852 0.000440776
         832    -6.12477    -6.12851 0.000440269
         833    -6.12479    -6.12851 0.000439763
         834    -6.12481     -6.1285 0.000439258
         835    -6.12547     -6.1285 0.000438747
         836    -6.12517    -6.12849  0.00043824
         837    -6.12421    -6.12849 0.000437747
         838    -6.12456    -6.12848 0.000437249
         839    -6.12458    -6.12848 0.000436753
         840    -6.12395    -6.12847 0.000436266
         841    -6.12397    -6.12847  0.00043578
         842    -6.12399    -6.12846 0.000435295
         843    -6.12499    -6.12846 0.000434799
         844    -6.12501    -6.12846 0.000434303
         845    -6.12536    -6.12845 0.000433804
         846    -6.12538    -6.12845 0.000433306
         847    -6.12541    -6.12844  0.00043281
         848    -6.12543    -6.12844 0.000432314
         849    -6.12546    -6.12844 0.000431819
         850    -6.12645    -6.12844 0.000431317
         851    -6.12616    -6.12843 0.000430819
         852    -6.12618    -6.12843 0.000430321
         853    -6.12654    -6.12843 0.000429823
         854    -6.12689    -6.12843 0.000429323
         855    -6.12595    -6.12842 0.000428831
         856     -6.1263    -6.12842 0.000428337
         857    -6.12665    -6.12842 0.000427842
         858    -6.12603    -6.12842 0.000427352
         859    -6.12606    -6.12841 0.000426864
         860    -6.12641    -6.12841 0.000426374
         861    -6.12677    -6.12841 0.000425883
         862     -6.1268    -6.12841 0.000425393
         863    -6.12682    -6.12841 0.000424904
         864    -6.12653     -6.1284 0.000424418
         865    -6.12656     -6.1284 0.000423932
         866    -6.12626     -6.1284  0.00042345
         867    -6.12596     -6.1284 0.000422971
         868    -6.12599    -6.12839 0.000422493
         869    -6.12602    -6.12839 0.000422015
         870    -6.12604    -6.12839 0.000421539
         871    -6.12607    -6.12838 0.000421063
         872    -6.12512    -6.12838 0.000420597
         873    -6.12482    -6.12838 0.000420135
         874    -6.12452    -6.12837 0.000419678
         875    -6.12486    -6.12837 0.000419217
         876    -6.12488    -6.12836 0.000418757
         877     -6.1249    -6.12836 0.000418298
         878    -6.12493    -6.12836  0.00041784
         879    -6.12494    -6.12835 0.000417383
         880    -6.12529    -6.12835 0.000416923
         881     -6.1253    -6.12835 0.000416464
         882    -6.12532    -6.12834 0.000416006
         883    -6.12533    -6.12834 0.000415549
         884    -6.12534    -6.12834 0.000415093
         885    -6.12503    -6.12833 0.000414641
         886    -6.12505    -6.12833 0.000414189
         887    -6.12473    -6.12832 0.000413742
         888    -6.12474    -6.12832 0.000413296
         889    -6.12507    -6.12832 0.000412847
         890    -6.12443    -6.12831 0.000412406
         891    -6.12411    -6.12831  0.00041197
         892    -6.12444     -6.1283 0.000411531
         893    -6.12477     -6.1283  0.00041109
         894    -6.12542     -6.1283 0.000410642
         895    -6.12542    -6.12829 0.000410196
         896    -6.12543    -6.12829 0.000409751
         897    -6.12575    -6.12829 0.000409304
         898    -6.12607    -6.12828 0.000408855
         899    -6.12769    -6.12828 0.000408401
         900    -6.12639    -6.12828 0.000407953
         901    -6.12704    -6.12828 0.000407502
         902    -6.12736    -6.12828 0.000407052
         903    -6.12671    -6.12828 0.000406605
         904    -6.12703    -6.12828 0.000406157
         905    -6.12735    -6.12827  0.00040571
         906    -6.12702    -6.12827 0.000405264
         907    -6.12669    -6.12827 0.000404821
         908    -6.12636    -6.12827 0.000404381
         909    -6.12765    -6.12827 0.000403937
         910    -6.12731    -6.12827 0.000403494
         911    -6.12763    -6.12827 0.000403052
         912    -6.12794    -6.12827  0.00040261
         913    -6.12826    -6.12827 0.000402169
         914    -6.12857    -6.12827 0.000401729
         915    -6.12888    -6.12827 0.000401291
         916    -6.12887    -6.12827 0.000400853
         917    -6.12886    -6.12827 0.000400417
         918    -6.12917    -6.12827 0.000399982
         919    -6.12948    -6.12827 0.000399548
         920    -6.12979    -6.12827 0.000399118
         921    -6.12978    -6.12827 0.000398688
         922    -6.12977    -6.12828 0.000398258
         923    -6.12911    -6.12828 0.000397828
         924    -6.12942    -6.12828 0.000397399
         925     -6.1294    -6.12828 0.000396972
         926    -6.12906    -6.12828 0.000396544
         927    -6.12905    -6.12828 0.000396117
         928    -6.12871    -6.12828  0.00039569
         929    -6.12837    -6.12828 0.000395264
         930    -6.12868    -6.12828  0.00039484
         931    -6.12931    -6.12828 0.000394417
         932     -6.1293    -6.12828 0.000393995
         933    -6.12928    -6.12829 0.000393575
         934    -6.12862    -6.12829 0.000393153
         935    -6.12861    -6.12829 0.000392733
         936    -6.12827    -6.12829 0.000392313
         937    -6.12858    -6.12829 0.000391895
         938    -6.12888    -6.12829 0.000391478
         939    -6.12854    -6.12829 0.000391061
         940    -6.12821    -6.12829 0.000390645
         941    -6.12787    -6.12829  0.00039023
         942     -6.1272    -6.12829 0.000389817
         943    -6.12686    -6.12828 0.000389407
         944    -6.12717    -6.12828 0.000388996
         945    -6.12716    -6.12828 0.000388586
         946    -6.12714    -6.12828 0.000388177
         947     -6.1268    -6.12828 0.000387771
         948    -6.12679    -6.12828 0.000387365
         949    -6.12742    -6.12828 0.000386958
         950    -6.12708    -6.12828 0.000386552
         951    -6.12674    -6.12827 0.000386149
         952    -6.12673    -6.12827 0.000385747
         953    -6.12639    -6.12827 0.000385347
         954    -6.12637    -6.12827 0.000384949
         955    -6.12636    -6.12827 0.000384551
         956    -6.12569    -6.12826 0.000384158
         957    -6.12536    -6.12826 0.000383768
         958    -6.12534    -6.12826  0.00038338
         959    -6.12565    -6.12825  0.00038299
         960    -6.12467    -6.12825 0.000382609
         961    -6.12433    -6.12825 0.000382233
         962    -6.12399    -6.12824 0.000381861
         963    -6.12365    -6.12824 0.000381494
         964    -6.12396    -6.12823 0.000381124
         965    -6.12492    -6.12823 0.000380745
         966     -6.1249    -6.12823 0.000380366
         967    -6.12489    -6.12822 0.000379989
         968    -6.12519    -6.12822 0.000379609
         969     -6.1255    -6.12822 0.000379228
         970    -6.12484    -6.12821 0.000378853
         971    -6.12482    -6.12821 0.000378479
         972    -6.12512    -6.12821 0.000378103
         973    -6.12511     -6.1282 0.000377727
         974    -6.12574     -6.1282 0.000377348
         975    -6.12539     -6.1282 0.000376972
         976    -6.12537     -6.1282 0.000376597
         977    -6.12471    -6.12819 0.000376228
         978    -6.12437    -6.12819 0.000375864
         979    -6.12467    -6.12818 0.000375497
         980    -6.12497    -6.12818 0.000375128
         981    -6.12463    -6.12818 0.000374763
         982    -6.12396    -6.12817 0.000374406
         983    -6.12395    -6.12817  0.00037405
         984     -6.1236    -6.12816 0.000373699
         985     -6.1239    -6.12816 0.000373345
         986     -6.1242    -6.12816 0.000372987
         987    -6.12451    -6.12815 0.000372628
         988    -6.12448    -6.12815 0.000372269
         989    -6.12446    -6.12814 0.000371912
         990    -6.12444    -6.12814 0.000371555
         991    -6.12506    -6.12814 0.000371193
         992    -6.12568    -6.12814 0.000370827
         993    -6.12599    -6.12813  0.00037046
         994    -6.12499    -6.12813 0.000370101
         995    -6.12529    -6.12813  0.00036974
         996    -6.12495    -6.12812 0.000369382
         997    -6.12525    -6.12812 0.000369023
         998    -6.12555    -6.12812 0.000368662
         999    -6.12585    -6.12812   0.0003683
        1000    -6.12615    -6.12811 0.000367937
        1001    -6.12548    -6.12811 0.000367579
        1002    -6.12481    -6.12811 0.000367227
        1003    -6.12478     -6.1281 0.000366876
        1004    -6.12411     -6.1281 0.000366532
        1005    -6.12377     -6.1281 0.000366193
        1006    -6.12439    -6.12809 0.000365847
        1007    -6.12437    -6.12809 0.000365502
        1008    -6.12338    -6.12808  0.00036517
        1009    -6.12368    -6.12808 0.000364834
        1010    -6.12431    -6.12808 0.000364492
        1011    -6.12332    -6.12807 0.000364161
        1012    -6.12266    -6.12807 0.000363841
        1013    -6.12232    -6.12806 0.000363526
        1014    -6.12198    -6.12805 0.000363217
        1015    -6.12228    -6.12805 0.000362904
        1016    -6.12227    -6.12804 0.000362591
        1017    -6.12258    -6.12804 0.000362274
        1018    -6.12257    -6.12803 0.000361958
        1019    -6.12223    -6.12803 0.000361648
        1020    -6.12254    -6.12802 0.000361333
        1021    -6.12189    -6.12802 0.000361029
        1022    -6.12318    -6.12801 0.000360707
        1023    -6.12317    -6.12801 0.000360386
        1024    -6.12316      -6.128 0.000360065
        1025    -6.12316      -6.128 0.000359744
        1026    -6.12316    -6.12799 0.000359425
        1027    -6.12348    -6.12799 0.000359102
        1028    -6.12315    -6.12798 0.000358783
        1029    -6.12315    -6.12798 0.000358465
        1030    -6.12283    -6.12797 0.000358152
        1031    -6.12316    -6.12797 0.000357835
        1032    -6.12317    -6.12796 0.000357518
        1033    -6.12285    -6.12796 0.000357207
        1034    -6.12253    -6.12795   0.0003569
        1035    -6.12254    -6.12795 0.000356593
        1036    -6.12223    -6.12794 0.000356292
        1037    -6.12256    -6.12794 0.000355986
        1038    -6.12257    -6.12793 0.000355681
        1039    -6.12259    -6.12793 0.000355376
        1040    -6.12228    -6.12792 0.000355075
        1041    -6.12197    -6.12792  0.00035478
        1042    -6.12199    -6.12791 0.000354485
        1043    -6.12137     -6.1279 0.000354201
        1044    -6.12139     -6.1279 0.000353917
        1045    -6.12141    -6.12789 0.000353632
        1046    -6.12144    -6.12789 0.000353348
        1047    -6.12179    -6.12788 0.000353059
        1048    -6.12181    -6.12787 0.000352769
        1049    -6.12249    -6.12787  0.00035247
        1050    -6.12284    -6.12786 0.000352167
        1051    -6.12255    -6.12786 0.000351868
        1052    -6.12323    -6.12785 0.000351561
        1053    -6.12294    -6.12785 0.000351258
        1054    -6.12298    -6.12785 0.000350956
        1055    -6.12334    -6.12784 0.000350649
        1056    -6.12338    -6.12784 0.000350342
        1057    -6.12374    -6.12783 0.000350032
        1058    -6.12443    -6.12783 0.000349716
        1059    -6.12447    -6.12783   0.0003494
        1060    -6.12483    -6.12782 0.000349082
        1061    -6.12455    -6.12782 0.000348767
        1062    -6.12427    -6.12782 0.000348454
        1063    -6.12399    -6.12781 0.000348145
        1064    -6.12403    -6.12781 0.000347836
        1065     -6.1244    -6.12781 0.000347524
        1066    -6.12444     -6.1278 0.000347213
        1067    -6.12416     -6.1278 0.000346904
        1068    -6.12421     -6.1278 0.000346595
        1069    -6.12393    -6.12779  0.00034629
        1070    -6.12365    -6.12779 0.000345988
        1071    -6.12402    -6.12779 0.000345683
        1072    -6.12406    -6.12778 0.000345378
        1073     -6.1241    -6.12778 0.000345073
        1074    -6.12447    -6.12778 0.000344766
        1075    -6.12451    -6.12777 0.000344458
        1076    -6.12488    -6.12777 0.000344149
        1077    -6.12524    -6.12777 0.000343837
        1078     -6.1256    -6.12777 0.000343524
        1079    -6.12564    -6.12776 0.000343211
        1080    -6.12503    -6.12776 0.000342903
        1081    -6.12539    -6.12776 0.000342593
        1082    -6.12542    -6.12776 0.000342283
        1083    -6.12545    -6.12775 0.000341973
        1084    -6.12581    -6.12775 0.000341663
        1085    -6.12584    -6.12775 0.000341352
        1086    -6.12619    -6.12775 0.000341041
        1087    -6.12622    -6.12775  0.00034073
        1088    -6.12494    -6.12775 0.000340427
        1089    -6.12561    -6.12774  0.00034012
        1090    -6.12531    -6.12774 0.000339815
        1091    -6.12565    -6.12774 0.000339509
        1092    -6.12567    -6.12774 0.000339203
        1093    -6.12568    -6.12774 0.000338898
        1094    -6.12472    -6.12773   0.0003386
        1095    -6.12473    -6.12773 0.000338302
        1096    -6.12442    -6.12773 0.000338006
        1097    -6.12507    -6.12773 0.000337707
        1098    -6.12475    -6.12772  0.00033741
        1099    -6.12442    -6.12772 0.000337117
        1100    -6.12378    -6.12772 0.000336829
        1101    -6.12313    -6.12771 0.000336549
        1102     -6.1228    -6.12771 0.000336273
        1103    -6.12279     -6.1277 0.000335998
        1104    -6.12246     -6.1277 0.000335727
        1105    -6.12309    -6.12769 0.000335449
        1106     -6.1234    -6.12769 0.000335168
        1107    -6.12371    -6.12769 0.000334885
        1108    -6.12337    -6.12768 0.000334605
        1109    -6.12335    -6.12768 0.000334326
        1110    -6.12366    -6.12767 0.000334045
        1111    -6.12363    -6.12767 0.000333764
        1112    -6.12296    -6.12767 0.000333491
        1113    -6.12358    -6.12766 0.000333211
        1114    -6.12324    -6.12766 0.000332936
        1115    -6.12321    -6.12766 0.000332661
        1116    -6.12285    -6.12765 0.000332391
        1117    -6.12347    -6.12765 0.000332114
        1118    -6.12344    -6.12764 0.000331839
        1119    -6.12341    -6.12764 0.000331564
        1120    -6.12306    -6.12764 0.000331293
        1121     -6.1227    -6.12763 0.000331027
        1122    -6.12299    -6.12763 0.000330757
        1123    -6.12264    -6.12762 0.000330493
        1124    -6.12325    -6.12762 0.000330222
        1125    -6.12289    -6.12761 0.000329955
        1126    -6.12286    -6.12761 0.000329689
        1127    -6.12282    -6.12761 0.000329424
        1128    -6.12344     -6.1276 0.000329152
        1129    -6.12308     -6.1276 0.000328885
        1130    -6.12304    -6.12759 0.000328619
        1131    -6.12334    -6.12759  0.00032835
        1132    -6.12427    -6.12759 0.000328073
        1133    -6.12392    -6.12758 0.000327799
        1134    -6.12389    -6.12758 0.000327526
        1135    -6.12386    -6.12758 0.000327254
        1136    -6.12318    -6.12757 0.000326989
        1137     -6.1238    -6.12757 0.000326718
        1138    -6.12377    -6.12757 0.000326448
        1139    -6.12374    -6.12756 0.000326179
        1140    -6.12371    -6.12756  0.00032591
        1141    -6.12401    -6.12756  0.00032564
        1142    -6.12431    -6.12755 0.000325367
        1143      -6.123    -6.12755 0.000325107
        1144    -6.12265    -6.12755 0.000324851
        1145    -6.12231    -6.12754 0.000324599
        1146    -6.12229    -6.12754 0.000324348
        1147    -6.12228    -6.12753 0.000324098
        1148    -6.12226    -6.12753 0.000323848
        1149    -6.12225    -6.12752 0.000323599
        1150    -6.12321    -6.12752 0.000323339
        1151    -6.12352    -6.12752 0.000323077
        1152    -6.12384    -6.12751 0.000322812
        1153    -6.12383    -6.12751 0.000322548
        1154    -6.12382    -6.12751 0.000322284
        1155    -6.12414     -6.1275 0.000322018
        1156    -6.12446     -6.1275 0.000321751
        1157    -6.12479     -6.1275 0.000321481
        1158    -6.12544     -6.1275 0.000321208
        1159    -6.12544     -6.1275 0.000320936
        1160    -6.12609    -6.12749 0.000320662
        1161     -6.1261    -6.12749 0.000320388
        1162     -6.1261    -6.12749 0.000320114
        1163    -6.12579    -6.12749 0.000319842
        1164     -6.1258    -6.12749 0.000319571
        1165    -6.12581    -6.12749   0.0003193
        1166    -6.12615    -6.12749 0.000319028
        1167    -6.12519    -6.12748 0.000318761
        1168    -6.12488    -6.12748 0.000318496
        1169     -6.1249    -6.12748 0.000318231
        1170    -6.12524    -6.12748 0.000317965
        1171    -6.12526    -6.12748 0.000317699
        1172    -6.12528    -6.12747 0.000317433
        1173    -6.12562    -6.12747 0.000317167
        1174    -6.12564    -6.12747   0.0003169
        1175    -6.12534    -6.12747 0.000316636
        1176    -6.12601    -6.12747 0.000316369
        1177    -6.12668    -6.12747 0.000316101
        1178     -6.1267    -6.12747 0.000315833
        1179    -6.12673    -6.12747 0.000315566
        1180     -6.1261    -6.12746 0.000315301
        1181     -6.1258    -6.12746 0.000315037
        1182    -6.12551    -6.12746 0.000314775
        1183    -6.12586    -6.12746 0.000314511
        1184    -6.12588    -6.12746 0.000314249
        1185    -6.12623    -6.12746 0.000313985
        1186    -6.12593    -6.12746 0.000313723
        1187    -6.12531    -6.12745 0.000313464
        1188    -6.12534    -6.12745 0.000313205
        1189    -6.12536    -6.12745 0.000312947
        1190    -6.12506    -6.12745  0.00031269
        1191    -6.12476    -6.12745 0.000312436
        1192    -6.12446    -6.12744 0.000312184
        1193    -6.12416    -6.12744 0.000311934
        1194    -6.12419    -6.12744 0.000311685
        1195    -6.12453    -6.12744 0.000311433
        1196    -6.12553    -6.12744 0.000311177
        1197    -6.12587    -6.12743  0.00031092
        1198    -6.12622    -6.12743 0.000310662
        1199    -6.12656    -6.12743 0.000310404
        1200    -6.12625    -6.12743 0.000310147
        1201    -6.12627    -6.12743  0.00030989
        1202    -6.12661    -6.12743 0.000309633
        1203    -6.12663    -6.12743 0.000309376
        1204    -6.12664    -6.12743  0.00030912
        1205    -6.12762    -6.12743 0.000308863
        1206    -6.12828    -6.12743 0.000308608
        1207    -6.12829    -6.12743 0.000308353
        1208     -6.1283    -6.12743 0.000308099
        1209    -6.12831    -6.12743 0.000307845
        1210    -6.12799    -6.12743 0.000307591
        1211    -6.12767    -6.12743 0.000307337
        1212    -6.12735    -6.12743 0.000307083
        1213    -6.12768    -6.12743  0.00030683
        1214    -6.12768    -6.12743 0.000306578
        1215    -6.12833    -6.12743 0.000306326
        1216    -6.12897    -6.12743 0.000306077
        1217    -6.12994    -6.12744 0.000305832
        1218    -6.12962    -6.12744 0.000305586
        1219    -6.12961    -6.12744 0.000305341
        1220    -6.12928    -6.12744 0.000305094
        1221    -6.12895    -6.12744 0.000304847
        1222    -6.12861    -6.12744 0.000304599
        1223    -6.12828    -6.12744 0.000304351
        1224    -6.12827    -6.12744 0.000304103
        1225    -6.12858    -6.12745 0.000303856
        1226    -6.12856    -6.12745 0.000303609
        1227     -6.1292    -6.12745 0.000303365
        1228     -6.1295    -6.12745 0.000303123
        1229    -6.12884    -6.12745 0.000302878
        1230    -6.12915    -6.12745 0.000302635
        1231    -6.12945    -6.12745 0.000302394
        1232    -6.13041    -6.12746 0.000302158
        1233    -6.13006    -6.12746  0.00030192
        1234    -6.12972    -6.12746 0.000301681
        1235    -6.12937    -6.12746 0.000301441
        1236       -6.13    -6.12746 0.000301204
        1237    -6.13063    -6.12747 0.000300971
        1238    -6.13028    -6.12747 0.000300737
        1239    -6.13058    -6.12747 0.000300505
        1240    -6.13024    -6.12747  0.00030027
        1241    -6.13021    -6.12748 0.000300037
        1242    -6.13051    -6.12748 0.000299805
        1243    -6.13049    -6.12748 0.000299574
        1244    -6.13014    -6.12748  0.00029934
        1245    -6.13109    -6.12749 0.000299114
        1246    -6.13139    -6.12749  0.00029889
        1247    -6.13169    -6.12749  0.00029867
        1248    -6.13135     -6.1275 0.000298446
        1249    -6.13132     -6.1275 0.000298223
        1250    -6.13097     -6.1275 0.000297998
        1251    -6.13095     -6.1275 0.000297772
        1252    -6.13158    -6.12751 0.000297552
        1253    -6.13188    -6.12751 0.000297335
        1254    -6.13218    -6.12751 0.000297121
        1255    -6.13216    -6.12752 0.000296908
        1256    -6.13246    -6.12752 0.000296697
        1257    -6.13341    -6.12753 0.000296498
        1258    -6.13307    -6.12753 0.000296295
        1259    -6.13305    -6.12754 0.000296092
        1260    -6.13271    -6.12754 0.000295886
        1261    -6.13269    -6.12754 0.000295679
        1262    -6.13235    -6.12755 0.000295469
        1263     -6.1333    -6.12755 0.000295271
        1264    -6.13296    -6.12756 0.000295068
        1265    -6.13263    -6.12756 0.000294862
        1266    -6.13229    -6.12756 0.000294653
        1267    -6.13195    -6.12757 0.000294441
        1268    -6.13258    -6.12757 0.000294235
        1269    -6.13257    -6.12758 0.000294029
        1270    -6.13224    -6.12758 0.000293821
        1271    -6.13125    -6.12758 0.000293604
        1272    -6.13157    -6.12758  0.00029339
        1273    -6.13123    -6.12759 0.000293173
        1274     -6.1309    -6.12759 0.000292955
        1275    -6.13024    -6.12759 0.000292732
        1276    -6.12991    -6.12759 0.000292509
        1277    -6.13023     -6.1276 0.000292287
        1278    -6.12957     -6.1276 0.000292062
        1279    -6.12957     -6.1276 0.000291838
        1280    -6.12988     -6.1276 0.000291615
        1281     -6.1302     -6.1276 0.000291395
        1282    -6.13019    -6.12761 0.000291174
        1283    -6.13084    -6.12761 0.000290958
        1284    -6.13116    -6.12761 0.000290745
        1285    -6.13245    -6.12761 0.000290543
        1286    -6.13212    -6.12762 0.000290338
        1287    -6.13212    -6.12762 0.000290134
        1288    -6.13212    -6.12762  0.00028993
        1289    -6.13179    -6.12763 0.000289723
        1290    -6.13212    -6.12763 0.000289519
        1291    -6.13212    -6.12764 0.000289316
        1292    -6.13212    -6.12764 0.000289112
        1293    -6.13277    -6.12764 0.000288916
        1294    -6.13148    -6.12765 0.000288708
        1295    -6.13083    -6.12765 0.000288496
        1296    -6.13083    -6.12765 0.000288283
        1297    -6.13019    -6.12765 0.000288068
        1298    -6.13019    -6.12765 0.000287852
        1299    -6.12987    -6.12766 0.000287636
        1300    -6.12988    -6.12766  0.00028742
        1301    -6.12891    -6.12766   0.0002872
        1302    -6.12892    -6.12766 0.000286981
        1303    -6.12893    -6.12766 0.000286763
        1304    -6.12958    -6.12766 0.000286547
        1305    -6.12991    -6.12766 0.000286332
        1306    -6.12928    -6.12767 0.000286116
        1307    -6.12896    -6.12767 0.000285899
        1308    -6.12929    -6.12767 0.000285683
        1309     -6.1293    -6.12767 0.000285467
        1310    -6.12931    -6.12767 0.000285252
        1311    -6.12932    -6.12767 0.000285037
        1312    -6.12966    -6.12767 0.000284824
        1313    -6.13032    -6.12767 0.000284614
        1314    -6.13001    -6.12768 0.000284403
        1315    -6.13035    -6.12768 0.000284194
        1316    -6.13069    -6.12768 0.000283987
        1317     -6.1307    -6.12768 0.000283781
        1318    -6.13072    -6.12769 0.000283575
        1319    -6.13073    -6.12769 0.000283369
        1320    -6.12946    -6.12769 0.000283158
        1321    -6.12947    -6.12769 0.000282947
        1322    -6.12917    -6.12769 0.000282735
        1323    -6.12918    -6.12769 0.000282524
        1324    -6.12952    -6.12769 0.000282314
        1325    -6.12922     -6.1277 0.000282103
        1326    -6.12989     -6.1277 0.000281895
        1327    -6.12958     -6.1277 0.000281686
        1328    -6.12927     -6.1277 0.000281476
        1329    -6.12865     -6.1277 0.000281266
        1330    -6.12899     -6.1277 0.000281056
        1331    -6.12901     -6.1277 0.000280846
        1332    -6.12935     -6.1277 0.000280638
        1333    -6.12937     -6.1277  0.00028043
        1334    -6.12938    -6.12771 0.000280223
        1335    -6.12973    -6.12771 0.000280017
        1336    -6.12942    -6.12771 0.000279811
        1337    -6.12943    -6.12771 0.000279604
        1338     -6.1301    -6.12771 0.000279401
        1339    -6.12979    -6.12771 0.000279197
        1340    -6.12915    -6.12771  0.00027899
        1341    -6.12884    -6.12772 0.000278784
        1342    -6.12885    -6.12772 0.000278577
        1343    -6.12887    -6.12772 0.000278371
        1344     -6.1292    -6.12772 0.000278166
        1345    -6.12856    -6.12772  0.00027796
        1346    -6.12922    -6.12772 0.000277756
        1347     -6.1289    -6.12772 0.000277551
        1348    -6.12826    -6.12772 0.000277345
        1349    -6.12794    -6.12772  0.00027714
        1350    -6.12827    -6.12772 0.000276935
        1351    -6.12827    -6.12772  0.00027673
        1352    -6.12827    -6.12772 0.000276526
        1353    -6.12826    -6.12772 0.000276322
        1354    -6.12858    -6.12772 0.000276118
        1355    -6.12826    -6.12772 0.000275915
        1356    -6.12793    -6.12772 0.000275711
        1357    -6.12792    -6.12772 0.000275508
        1358    -6.12823    -6.12772 0.000275305
        1359    -6.12854    -6.12772 0.000275104
        1360    -6.12853    -6.12773 0.000274902
        1361    -6.12755    -6.12773   0.0002747
        1362    -6.12721    -6.12772 0.000274499
        1363    -6.12719    -6.12772 0.000274297
        1364    -6.12652    -6.12772 0.000274098
        1365    -6.12618    -6.12772 0.000273899
        1366    -6.12616    -6.12772 0.000273701
        1367    -6.12613    -6.12772 0.000273503
        1368    -6.12643    -6.12772 0.000273305
        1369    -6.12608    -6.12772 0.000273108
        1370    -6.12702    -6.12772 0.000272909
        1371    -6.12732    -6.12772  0.00027271
        1372    -6.12729    -6.12772 0.000272512
        1373    -6.12694    -6.12772 0.000272314
        1374    -6.12626    -6.12772 0.000272118
        1375    -6.12655    -6.12771 0.000271921
        1376    -6.12683    -6.12771 0.000271724
        1377    -6.12583    -6.12771  0.00027153
        1378    -6.12547    -6.12771 0.000271338
        1379    -6.12608    -6.12771 0.000271144
        1380    -6.12637    -6.12771 0.000270949
        1381    -6.12698    -6.12771 0.000270754
        1382    -6.12758    -6.12771 0.000270558
        1383    -6.12722    -6.12771 0.000270362
        1384    -6.12686    -6.12771 0.000270168
        1385    -6.12714    -6.12771 0.000269973
        1386    -6.12742    -6.12771 0.000269778
        1387    -6.12641    -6.12771 0.000269585
        1388    -6.12702    -6.12771 0.000269392
        1389    -6.12665     -6.1277 0.000269199
        1390    -6.12693     -6.1277 0.000269006
        1391    -6.12657     -6.1277 0.000268813
        1392     -6.1262     -6.1277 0.000268622
        1393    -6.12584     -6.1277 0.000268433
        1394    -6.12612     -6.1277 0.000268243
        1395    -6.12576     -6.1277 0.000268054
        1396    -6.12572     -6.1277 0.000267866
        1397      -6.126     -6.1277 0.000267677
        1398    -6.12629    -6.12769 0.000267487
        1399    -6.12593    -6.12769 0.000267299
        1400    -6.12654    -6.12769 0.000267109
        1401    -6.12683    -6.12769 0.000266919
        1402    -6.12712    -6.12769 0.000266729
        1403    -6.12741    -6.12769 0.000266539
        1404    -6.12737    -6.12769  0.00026635
        1405    -6.12734    -6.12769  0.00026616
        1406    -6.12667    -6.12769 0.000265972
        1407    -6.12696    -6.12769 0.000265783
        1408    -6.12694    -6.12769 0.000265595
        1409    -6.12756    -6.12769 0.000265407
        1410    -6.12721    -6.12769 0.000265219
        1411    -6.12719    -6.12769 0.000265031
        1412    -6.12717    -6.12769 0.000264843
        1413    -6.12747    -6.12769 0.000264656
        1414    -6.12713    -6.12769 0.000264469
        1415    -6.12744    -6.12769 0.000264282
        1416    -6.12742    -6.12769 0.000264096
        1417    -6.12741    -6.12769 0.000263909
        1418    -6.12707    -6.12769 0.000263724
        1419    -6.12706    -6.12769 0.000263538
        1420    -6.12673    -6.12769 0.000263353
        1421    -6.12705    -6.12768 0.000263168
        1422     -6.1264    -6.12768 0.000262985
        1423    -6.12607    -6.12768 0.000262803
        1424    -6.12607    -6.12768  0.00026262
        1425    -6.12607    -6.12768 0.000262439
        1426    -6.12639    -6.12768 0.000262256
        1427    -6.12607    -6.12768 0.000262075
        1428    -6.12608    -6.12768 0.000261894
        1429    -6.12576    -6.12768 0.000261714
        1430    -6.12577    -6.12767 0.000261534
        1431    -6.12545    -6.12767 0.000261356
        1432    -6.12546    -6.12767 0.000261178
        1433    -6.12515    -6.12767 0.000261002
        1434    -6.12582    -6.12767 0.000260823
        1435    -6.12583    -6.12767 0.000260644
        1436    -6.12552    -6.12767 0.000260467
        1437    -6.12554    -6.12766  0.00026029
        1438    -6.12588    -6.12766 0.000260112
        1439     -6.1259    -6.12766 0.000259934
        1440     -6.1256    -6.12766 0.000259757
        1441    -6.12562    -6.12766 0.000259581
        1442    -6.12597    -6.12766 0.000259404
        1443    -6.12535    -6.12766 0.000259229
        1444    -6.12505    -6.12765 0.000259056
        1445    -6.12508    -6.12765 0.000258882
        1446    -6.12543    -6.12765 0.000258708
        1447    -6.12546    -6.12765 0.000258534
        1448    -6.12614    -6.12765 0.000258357
        1449     -6.1252    -6.12765 0.000258184
        1450    -6.12555    -6.12765  0.00025801
        1451    -6.12591    -6.12764 0.000257835
        1452    -6.12529    -6.12764 0.000257663
        1453    -6.12468    -6.12764 0.000257494
        1454    -6.12504    -6.12764 0.000257323
        1455    -6.12508    -6.12764 0.000257152
        1456    -6.12544    -6.12764  0.00025698
        1457    -6.12612    -6.12763 0.000256805
        1458    -6.12648    -6.12763 0.000256631
        1459    -6.12685    -6.12763 0.000256455
        1460    -6.12721    -6.12763  0.00025628
        1461    -6.12758    -6.12763 0.000256104
        1462    -6.12762    -6.12763 0.000255929
        1463    -6.12734    -6.12763 0.000255754
        1464    -6.12738    -6.12763  0.00025558
        1465    -6.12678    -6.12763 0.000255406
        1466    -6.12683    -6.12763 0.000255232
        1467    -6.12687    -6.12763 0.000255059
        1468    -6.12659    -6.12763 0.000254886
        1469    -6.12761    -6.12763 0.000254712
        1470    -6.12701    -6.12763  0.00025454
        1471    -6.12738    -6.12763 0.000254367
        1472    -6.12743    -6.12763 0.000254194
        1473    -6.12748    -6.12763 0.000254021
        1474    -6.12752    -6.12763 0.000253849
        1475    -6.12725    -6.12763 0.000253677
        1476     -6.1273    -6.12763 0.000253505
        1477    -6.12767    -6.12763 0.000253334
        1478    -6.12739    -6.12763 0.000253162
        1479    -6.12744    -6.12763 0.000252991
        1480    -6.12781    -6.12763  0.00025282
        1481    -6.12819    -6.12763  0.00025265
        1482    -6.12823    -6.12763  0.00025248
        1483    -6.12828    -6.12763  0.00025231
        1484    -6.12768    -6.12763  0.00025214
        1485    -6.12708    -6.12763  0.00025197
        1486    -6.12681    -6.12763 0.000251801
        1487     -6.1275    -6.12763 0.000251632
        1488     -6.1269    -6.12763 0.000251463
        1489    -6.12727    -6.12763 0.000251294
        1490    -6.12732    -6.12763 0.000251126
        1491    -6.12737    -6.12763 0.000250958
        1492    -6.12773    -6.12763 0.000250789
        1493    -6.12778    -6.12763 0.000250621
        1494    -6.12782    -6.12763 0.000250454
        1495    -6.12754    -6.12763 0.000250286
        1496    -6.12791    -6.12763 0.000250119
        1497    -6.12795    -6.12763 0.000249952
        1498    -6.12767    -6.12763 0.000249785
        1499    -6.12835    -6.12763 0.000249619
        1500    -6.12871    -6.12763 0.000249454
        1501    -6.12746    -6.12763 0.000249287
        1502    -6.12749    -6.12763 0.000249121
        1503    -6.12818    -6.12763 0.000248956
        1504    -6.12853    -6.12763 0.000248791
        1505    -6.12824    -6.12763 0.000248626
        1506    -6.12827    -6.12763 0.000248461
        1507     -6.1283    -6.12763 0.000248297
        1508    -6.12833    -6.12763 0.000248133
        1509    -6.12803    -6.12763 0.000247968
        1510    -6.12805    -6.12763 0.000247804
        1511     -6.1284    -6.12763 0.000247641
        1512    -6.12809    -6.12763 0.000247477
        1513    -6.12843    -6.12763 0.000247314
        1514    -6.12845    -6.12763 0.000247152
        1515    -6.12847    -6.12763 0.000246989
        1516    -6.12913    -6.12764 0.000246828
        1517    -6.12882    -6.12764 0.000246667
        1518    -6.12915    -6.12764 0.000246506
        1519    -6.12884    -6.12764 0.000246345
        1520    -6.12885    -6.12764 0.000246184
        1521    -6.12885    -6.12764 0.000246024
        1522    -6.12789    -6.12764 0.000245862
        1523    -6.12756    -6.12764 0.000245701
        1524    -6.12757    -6.12764  0.00024554
        1525    -6.12724    -6.12764 0.000245379
        1526    -6.12692    -6.12764 0.000245218
        1527    -6.12789    -6.12764 0.000245058
        1528    -6.12756    -6.12764 0.000244897
        1529    -6.12788    -6.12764 0.000244737
        1530    -6.12722    -6.12764 0.000244577
        1531    -6.12722    -6.12764 0.000244418
        1532    -6.12753    -6.12764 0.000244258
        1533    -6.12719    -6.12764 0.000244099
        1534    -6.12751    -6.12764  0.00024394
        1535    -6.12717    -6.12764 0.000243781
        1536    -6.12748    -6.12764 0.000243623
        1537    -6.12746    -6.12764 0.000243464
        1538    -6.12744    -6.12764 0.000243306
        1539    -6.12743    -6.12764 0.000243148
        1540    -6.12773    -6.12764  0.00024299
        1541    -6.12739    -6.12764 0.000242832
        1542    -6.12737    -6.12764 0.000242675
        1543      -6.128    -6.12764 0.000242518
        1544    -6.12765    -6.12764 0.000242361
        1545     -6.1273    -6.12764 0.000242204
        1546    -6.12728    -6.12764 0.000242047
        1547     -6.1279    -6.12764 0.000241891
        1548    -6.12788    -6.12764 0.000241735
        1549    -6.12818    -6.12764 0.000241579
        1550    -6.12783    -6.12764 0.000241423
        1551    -6.12715    -6.12764 0.000241268
        1552    -6.12712    -6.12764 0.000241112
        1553    -6.12742    -6.12764 0.000240957
        1554    -6.12772    -6.12764 0.000240802
        1555    -6.12802    -6.12764 0.000240647
        1556    -6.12766    -6.12764 0.000240493
        1557    -6.12828    -6.12764 0.000240339
        1558    -6.12793    -6.12764 0.000240184
        1559     -6.1279    -6.12764  0.00024003
        1560     -6.1282    -6.12764 0.000239877
        1561    -6.12719    -6.12764 0.000239723
        1562    -6.12684    -6.12764  0.00023957
        1563    -6.12616    -6.12764 0.000239419
        1564    -6.12646    -6.12764 0.000239267
        1565    -6.12643    -6.12764 0.000239115
        1566    -6.12607    -6.12763 0.000238965
        1567    -6.12604    -6.12763 0.000238815
        1568    -6.12633    -6.12763 0.000238664
        1569    -6.12598    -6.12763 0.000238514
        1570    -6.12595    -6.12763 0.000238364
        1571    -6.12656    -6.12763 0.000238214
        1572     -6.1275    -6.12763 0.000238062
        1573    -6.12779    -6.12763 0.000237911
        1574    -6.12776    -6.12763  0.00023776
        1575    -6.12869    -6.12763  0.00023761
        1576    -6.12898    -6.12763  0.00023746
        1577    -6.12863    -6.12763 0.000237311
        1578    -6.12827    -6.12763 0.000237161
        1579    -6.12823    -6.12763 0.000237011
        1580     -6.1282    -6.12763 0.000236861
        1581    -6.12816    -6.12763 0.000236711
        1582    -6.12813    -6.12763 0.000236562
        1583    -6.12874    -6.12763 0.000236414
        1584    -6.12935    -6.12764 0.000236267
        1585    -6.12899    -6.12764 0.000236119
        1586    -6.12799    -6.12764 0.000235971
        1587    -6.12795    -6.12764 0.000235822
        1588    -6.12856    -6.12764 0.000235674
        1589     -6.1295    -6.12764 0.000235529
        1590    -6.12946    -6.12764 0.000235383
        1591    -6.12975    -6.12764 0.000235239
        1592    -6.12939    -6.12764 0.000235094
        1593    -6.12968    -6.12764  0.00023495
        1594    -6.12964    -6.12764 0.000234806
        1595    -6.12961    -6.12765 0.000234662
        1596    -6.12957    -6.12765 0.000234518
        1597    -6.12921    -6.12765 0.000234373
        1598     -6.1295    -6.12765 0.000234229
        1599    -6.12947    -6.12765 0.000234086
        1600    -6.12975    -6.12765 0.000233943
        1601    -6.13037    -6.12765 0.000233803
        1602    -6.13066    -6.12766 0.000233665
        1603     -6.1303    -6.12766 0.000233525
        1604    -6.12929    -6.12766 0.000233381
        1605    -6.12861    -6.12766 0.000233237
        1606    -6.12955    -6.12766 0.000233094
        1607    -6.12984    -6.12766 0.000232953
        1608    -6.13013    -6.12766 0.000232814
        1609    -6.12978    -6.12766 0.000232673
        1610     -6.1304    -6.12767 0.000232534
        1611    -6.13004    -6.12767 0.000232395
        1612    -6.12969    -6.12767 0.000232254
        1613     -6.1303    -6.12767 0.000232116
        1614    -6.13092    -6.12767  0.00023198
        1615    -6.13122    -6.12767 0.000231847
        1616    -6.13119    -6.12768 0.000231714
        1617    -6.13181    -6.12768 0.000231585
        1618    -6.13114    -6.12768 0.000231452
        1619    -6.13144    -6.12768  0.00023132
        1620     -6.1311    -6.12769 0.000231187
        1621    -6.13107    -6.12769 0.000231054
        1622    -6.13073    -6.12769 0.000230919
        1623    -6.13103    -6.12769 0.000230786
        1624    -6.13069    -6.12769 0.000230651
        1625    -6.13035     -6.1277 0.000230515
        1626    -6.13066     -6.1277 0.000230381
        1627    -6.13064     -6.1277 0.000230246
        1628    -6.13063     -6.1277 0.000230112
        1629    -6.13094     -6.1277 0.000229979
        1630    -6.13092     -6.1277 0.000229846
        1631    -6.12994    -6.12771  0.00022971
        1632    -6.12993    -6.12771 0.000229573
        1633     -6.1296    -6.12771 0.000229435
        1634    -6.12895    -6.12771 0.000229296
        1635    -6.12894    -6.12771 0.000229157
        1636    -6.12894    -6.12771 0.000229018
        1637    -6.12764    -6.12771 0.000228878
        1638    -6.12764    -6.12771 0.000228739
        1639    -6.12796    -6.12771 0.000228599
        1640    -6.12796    -6.12771  0.00022846
        1641    -6.12796    -6.12771 0.000228321
        1642    -6.12829    -6.12771 0.000228182
        1643    -6.12764    -6.12771 0.000228043
        1644    -6.12765    -6.12771 0.000227904
        1645    -6.12733    -6.12771 0.000227766
        1646    -6.12702    -6.12771 0.000227628
        1647    -6.12702    -6.12771  0.00022749
        1648    -6.12703    -6.12771 0.000227352
        1649    -6.12737    -6.12771 0.000227214
        1650    -6.12738    -6.12771 0.000227077
        1651    -6.12674    -6.12771  0.00022694
        1652    -6.12708    -6.12771 0.000226803
        1653    -6.12774    -6.12771 0.000226666
        1654    -6.12808    -6.12771 0.000226529
        1655     -6.1281    -6.12771 0.000226392
        1656    -6.12812    -6.12771 0.000226256
        1657    -6.12879    -6.12771  0.00022612
        1658    -6.12881    -6.12771 0.000225985
        1659    -6.12915    -6.12771  0.00022585
        1660    -6.12917    -6.12771 0.000225716
        1661    -6.12984    -6.12771 0.000225583
        1662    -6.12986    -6.12771 0.000225451
        1663    -6.12956    -6.12772 0.000225318
        1664    -6.13023    -6.12772 0.000225188
        1665    -6.12961    -6.12772 0.000225056
        1666    -6.12963    -6.12772 0.000224924
        1667    -6.12966    -6.12772 0.000224792
        1668    -6.12936    -6.12772 0.000224659
        1669    -6.12906    -6.12772 0.000224526
        1670    -6.12909    -6.12772 0.000224393
        1671    -6.12912    -6.12772  0.00022426
        1672    -6.12915    -6.12773 0.000224128
        1673    -6.12917    -6.12773 0.000223995
        1674    -6.12953    -6.12773 0.000223864
        1675    -6.12826    -6.12773 0.000223731
        1676    -6.12797    -6.12773 0.000223597
        1677    -6.12832    -6.12773 0.000223464
        1678    -6.12803    -6.12773 0.000223331
        1679    -6.12741    -6.12773 0.000223198
        1680    -6.12745    -6.12773 0.000223065
        1681    -6.12715    -6.12773 0.000222933
        1682    -6.12718    -6.12773 0.000222801
        1683    -6.12657    -6.12773 0.000222669
        1684     -6.1266    -6.12773 0.000222538
        1685    -6.12663    -6.12773 0.000222407
        1686    -6.12666    -6.12772 0.000222276
        1687    -6.12637    -6.12772 0.000222146
        1688    -6.12673    -6.12772 0.000222015
        1689    -6.12579    -6.12772 0.000221886
        1690    -6.12518    -6.12772  0.00022176
        1691    -6.12521    -6.12772 0.000221634
        1692    -6.12524    -6.12772 0.000221508
        1693    -6.12527    -6.12772 0.000221382
        1694    -6.12498    -6.12771 0.000221257
        1695    -6.12501    -6.12771 0.000221132
        1696    -6.12504    -6.12771 0.000221007
        1697    -6.12475    -6.12771 0.000220884
        1698    -6.12445    -6.12771 0.000220762
        1699    -6.12448    -6.12771  0.00022064
        1700    -6.12386     -6.1277 0.000220522
        1701    -6.12421     -6.1277 0.000220402
        1702    -6.12424     -6.1277 0.000220282
        1703    -6.12427     -6.1277 0.000220162
        1704    -6.12332    -6.12769 0.000220048
        1705    -6.12367    -6.12769 0.000219931
        1706    -6.12402    -6.12769 0.000219813
        1707    -6.12437    -6.12769 0.000219693
        1708    -6.12374    -6.12769 0.000219576
        1709    -6.12376    -6.12768  0.00021946
        1710    -6.12378    -6.12768 0.000219343
        1711     -6.1238    -6.12768 0.000219227
        1712    -6.12381    -6.12768  0.00021911
        1713    -6.12383    -6.12767 0.000218994
        1714    -6.12417    -6.12767 0.000218876
        1715    -6.12418    -6.12767 0.000218758
        1716    -6.12387    -6.12767 0.000218641
        1717    -6.12356    -6.12767 0.000218527
        1718    -6.12357    -6.12766 0.000218413
        1719    -6.12358    -6.12766 0.000218299
        1720    -6.12391    -6.12766 0.000218183
        1721    -6.12327    -6.12766 0.000218071
        1722     -6.1236    -6.12765 0.000217957
        1723    -6.12392    -6.12765 0.000217841
        1724    -6.12425    -6.12765 0.000217724
        1725     -6.1236    -6.12765  0.00021761
        1726    -6.12328    -6.12765 0.000217499
        1727     -6.1236    -6.12764 0.000217386
        1728    -6.12392    -6.12764 0.000217271
        1729    -6.12424    -6.12764 0.000217154
        1730    -6.12423    -6.12764 0.000217037
        1731    -6.12422    -6.12763 0.000216921
        1732    -6.12421    -6.12763 0.000216805
        1733    -6.12388    -6.12763  0.00021669
        1734    -6.12387    -6.12763 0.000216576
        1735    -6.12418    -6.12763 0.000216461
        1736    -6.12416    -6.12762 0.000216345
        1737    -6.12415    -6.12762  0.00021623
        1738    -6.12413    -6.12762 0.000216115
        1739    -6.12412    -6.12762    0.000216
        1740    -6.12378    -6.12762 0.000215887
        1741    -6.12376    -6.12761 0.000215774
        1742    -6.12406    -6.12761  0.00021566
        1743    -6.12372    -6.12761 0.000215548
        1744    -6.12338    -6.12761 0.000215438
        1745    -6.12368     -6.1276 0.000215326
        1746    -6.12431     -6.1276 0.000215211
        1747    -6.12461     -6.1276 0.000215095
        1748    -6.12459     -6.1276 0.000214979
        1749     -6.1249     -6.1276 0.000214861
        1750     -6.1252     -6.1276 0.000214743
        1751    -6.12583     -6.1276 0.000214623
        1752    -6.12581    -6.12759 0.000214502
        1753    -6.12644    -6.12759 0.000214381
        1754    -6.12674    -6.12759 0.000214259
        1755     -6.1264    -6.12759 0.000214138
        1756    -6.12703    -6.12759 0.000214017
        1757    -6.12734    -6.12759 0.000213895
        1758    -6.12699    -6.12759 0.000213774
        1759    -6.12698    -6.12759 0.000213652
        1760    -6.12696    -6.12759 0.000213531
        1761    -6.12694    -6.12759  0.00021341
        1762    -6.12725    -6.12759 0.000213289
        1763    -6.12724    -6.12759 0.000213168
        1764    -6.12691    -6.12759 0.000213048
        1765    -6.12722    -6.12759 0.000212927
        1766    -6.12753    -6.12759 0.000212807
        1767    -6.12817    -6.12759 0.000212687
        1768    -6.12784    -6.12759 0.000212566
        1769    -6.12783    -6.12759 0.000212446
        1770    -6.12718    -6.12759 0.000212326
        1771    -6.12653    -6.12759 0.000212207
        1772    -6.12556    -6.12759 0.000212091
        1773    -6.12491    -6.12759 0.000211976
        1774    -6.12491    -6.12759 0.000211862
        1775    -6.12556    -6.12758 0.000211746
        1776    -6.12589    -6.12758 0.000211629
        1777    -6.12557    -6.12758 0.000211513
        1778    -6.12558    -6.12758 0.000211397
        1779    -6.12623    -6.12758 0.000211279
        1780    -6.12624    -6.12758 0.000211162
        1781    -6.12625    -6.12758 0.000211045
        1782    -6.12659    -6.12758 0.000210927
        1783    -6.12628    -6.12758  0.00021081
        1784    -6.12629    -6.12758 0.000210693
        1785    -6.12631    -6.12758 0.000210576
        1786    -6.12632    -6.12758 0.000210459
        1787    -6.12634    -6.12757 0.000210343
        1788    -6.12604    -6.12757 0.000210227
        1789    -6.12638    -6.12757  0.00021011
        1790     -6.1277    -6.12757 0.000209993
        1791     -6.1274    -6.12757 0.000209876
        1792    -6.12742    -6.12757 0.000209759
        1793    -6.12712    -6.12757 0.000209642
        1794    -6.12779    -6.12757 0.000209525
        1795    -6.12814    -6.12757 0.000209409
        1796    -6.12752    -6.12757 0.000209292
        1797    -6.12755    -6.12757 0.000209176
        1798     -6.1279    -6.12757 0.000209059
        1799    -6.12792    -6.12757 0.000208943
        1800    -6.12795    -6.12757 0.000208827
        1801    -6.12798    -6.12757 0.000208711
        1802    -6.12801    -6.12757 0.000208596
        1803    -6.12803    -6.12757  0.00020848
        1804    -6.12838    -6.12758 0.000208365
        1805    -6.12841    -6.12758  0.00020825
        1806    -6.12844    -6.12758 0.000208135
        1807    -6.12846    -6.12758 0.000208021
        1808    -6.12881    -6.12758 0.000207907
        1809    -6.12884    -6.12758 0.000207793
        1810    -6.12854    -6.12758 0.000207679
        1811    -6.12986    -6.12758 0.000207568
        1812    -6.12956    -6.12758 0.000207456
        1813    -6.12958    -6.12758 0.000207345
        1814    -6.13058    -6.12758 0.000207237
        1815     -6.1306    -6.12759  0.00020713
        1816     -6.1303    -6.12759 0.000207021
        1817    -6.13064    -6.12759 0.000206914
        1818    -6.13001    -6.12759 0.000206804
        1819    -6.13003    -6.12759 0.000206695
        1820    -6.13037    -6.12759 0.000206587
        1821    -6.13007    -6.12759 0.000206478
        1822    -6.13073     -6.1276 0.000206372
        1823    -6.13139     -6.1276 0.000206269
        1824    -6.13108     -6.1276 0.000206165
        1825    -6.13109     -6.1276 0.000206061
        1826    -6.13013     -6.1276 0.000205953
        1827    -6.13013     -6.1276 0.000205845
        1828    -6.13014    -6.12761 0.000205737
        1829    -6.13015    -6.12761 0.000205629
        1830    -6.13015    -6.12761 0.000205521
        1831     -6.1308    -6.12761 0.000205416
        1832    -6.13047    -6.12761  0.00020531
        1833    -6.13015    -6.12761 0.000205203
        1834    -6.13015    -6.12761 0.000205096
        1835    -6.12949    -6.12762 0.000204986
        1836    -6.13014    -6.12762 0.000204879
        1837    -6.13013    -6.12762 0.000204772
        1838    -6.12947    -6.12762 0.000204664
        1839    -6.12946    -6.12762 0.000204555
        1840    -6.13042    -6.12762 0.000204449
        1841    -6.13009    -6.12762 0.000204343
        1842    -6.13072    -6.12762 0.000204239
        1843    -6.13071    -6.12763 0.000204135
        1844    -6.13102    -6.12763 0.000204032
        1845    -6.13035    -6.12763 0.000203927
        1846    -6.13033    -6.12763 0.000203822
        1847    -6.13031    -6.12763 0.000203716
        1848    -6.13029    -6.12763 0.000203611
        1849    -6.13026    -6.12764 0.000203506
        1850    -6.13024    -6.12764 0.000203401
        1851    -6.13021    -6.12764 0.000203296
        1852    -6.12986    -6.12764  0.00020319
        1853    -6.12919    -6.12764 0.000203082
        1854    -6.12948    -6.12764 0.000202975
        1855    -6.12913    -6.12764 0.000202867
        1856     -6.1291    -6.12764 0.000202759
        1857    -6.12907    -6.12764 0.000202651
        1858    -6.12904    -6.12764 0.000202544
        1859    -6.12965    -6.12765 0.000202437
        1860    -6.12961    -6.12765 0.000202331
        1861    -6.12925    -6.12765 0.000202225
        1862    -6.12922    -6.12765 0.000202118
        1863    -6.12853    -6.12765  0.00020201
        1864     -6.1272    -6.12765 0.000201902
        1865    -6.12684    -6.12765 0.000201794
        1866     -6.1268    -6.12765 0.000201686
        1867    -6.12708    -6.12765 0.000201578
        1868    -6.12705    -6.12765 0.000201471
        1869    -6.12701    -6.12765 0.000201363
        1870    -6.12696    -6.12765 0.000201256
        1871    -6.12692    -6.12765 0.000201149
        1872    -6.12656    -6.12765 0.000201042
        1873    -6.12554    -6.12764 0.000200938
        1874    -6.12485    -6.12764 0.000200836
        1875    -6.12449    -6.12764 0.000200736
        1876    -6.12444    -6.12764 0.000200636
        1877     -6.1244    -6.12764 0.000200537
        1878    -6.12435    -6.12764 0.000200438
        1879    -6.12398    -6.12763  0.00020034
        1880    -6.12459    -6.12763  0.00020024
        1881    -6.12454    -6.12763 0.000200141
        1882    -6.12385    -6.12763 0.000200044
        1883    -6.12381    -6.12763 0.000199948
        1884    -6.12441    -6.12763  0.00019985
        1885    -6.12436    -6.12762 0.000199751
        1886    -6.12432    -6.12762 0.000199653
        1887    -6.12427    -6.12762 0.000199555
        1888    -6.12325    -6.12762 0.000199463
        1889    -6.12353    -6.12762 0.000199369
        1890    -6.12349    -6.12761 0.000199275
        1891    -6.12409    -6.12761 0.000199179
        1892    -6.12405    -6.12761 0.000199082
        1893    -6.12433    -6.12761 0.000198985
        1894    -6.12493    -6.12761 0.000198885
        1895    -6.12456     -6.1276 0.000198786
        1896    -6.12452     -6.1276 0.000198688
        1897    -6.12415     -6.1276 0.000198592
        1898    -6.12411     -6.1276 0.000198495
        1899    -6.12375     -6.1276 0.000198401
        1900    -6.12371     -6.1276 0.000198307
        1901    -6.12367    -6.12759 0.000198214
        1902     -6.1246    -6.12759 0.000198116
        1903    -6.12359    -6.12759 0.000198023
        1904    -6.12323    -6.12759 0.000197932
        1905    -6.12384    -6.12759 0.000197838
        1906    -6.12348    -6.12758 0.000197746
        1907    -6.12279    -6.12758 0.000197658
        1908    -6.12276    -6.12758 0.000197571
        1909    -6.12305    -6.12758 0.000197482
        1910    -6.12237    -6.12757 0.000197397
        1911    -6.12299    -6.12757 0.000197308
        1912    -6.12328    -6.12757 0.000197218
        1913    -6.12326    -6.12757 0.000197128
        1914    -6.12388    -6.12756 0.000197034
        1915    -6.12418    -6.12756 0.000196939
        1916    -6.12415    -6.12756 0.000196844
        1917    -6.12413    -6.12756  0.00019675
        1918    -6.12347    -6.12756 0.000196659
        1919    -6.12312    -6.12755  0.00019657
        1920    -6.12343    -6.12755 0.000196479
        1921    -6.12309    -6.12755 0.000196391
        1922    -6.12308    -6.12755 0.000196302
        1923     -6.1234    -6.12755 0.000196212
        1924    -6.12339    -6.12754 0.000196122
        1925    -6.12273    -6.12754 0.000196036
        1926    -6.12241    -6.12754 0.000195952
        1927    -6.12273    -6.12754 0.000195866
        1928    -6.12273    -6.12753 0.000195781
        1929    -6.12305    -6.12753 0.000195693
        1930    -6.12305    -6.12753 0.000195605
        1931    -6.12435    -6.12753 0.000195511
        1932    -6.12339    -6.12752 0.000195422
        1933     -6.1234    -6.12752 0.000195332
        1934    -6.12309    -6.12752 0.000195245
        1935     -6.1231    -6.12752 0.000195157
        1936    -6.12279    -6.12752 0.000195071
        1937    -6.12281    -6.12751 0.000194986
        1938    -6.12251    -6.12751 0.000194902
        1939     -6.1222    -6.12751 0.000194821
        1940    -6.12126     -6.1275 0.000194747
        1941    -6.12128     -6.1275 0.000194673
        1942    -6.12131     -6.1275 0.000194599
        1943    -6.12101    -6.12749 0.000194528
        1944    -6.12137    -6.12749 0.000194453
        1945     -6.1214    -6.12749 0.000194378
        1946    -6.12047    -6.12748 0.000194312
        1947     -6.1205    -6.12748 0.000194245
        1948    -6.12054    -6.12748 0.000194178
        1949    -6.12025    -6.12747 0.000194114
        1950    -6.12029    -6.12747 0.000194049
        1951    -6.12034    -6.12747 0.000193984
        1952    -6.12135    -6.12746  0.00019391
        1953    -6.12269    -6.12746 0.000193826
        1954    -6.12242    -6.12746 0.000193744
        1955    -6.12344    -6.12746 0.000193656
        1956    -6.12316    -6.12745  0.00019357
        1957    -6.12321    -6.12745 0.000193483
        1958    -6.12326    -6.12745 0.000193396
        1959    -6.12298    -6.12745 0.000193311
        1960    -6.12336    -6.12745 0.000193223
        1961    -6.12373    -6.12744 0.000193134
        1962    -6.12314    -6.12744 0.000193048
        1963    -6.12319    -6.12744 0.000192962
        1964    -6.12357    -6.12744 0.000192874
        1965    -6.12395    -6.12744 0.000192784
        1966    -6.12368    -6.12743 0.000192695
        1967    -6.12373    -6.12743 0.000192606
        1968    -6.12541    -6.12743 0.000192511
        1969    -6.12611    -6.12743 0.000192414
        1970    -6.12617    -6.12743 0.000192318
        1971    -6.12655    -6.12743 0.000192221
        1972     -6.1266    -6.12743 0.000192124
        1973    -6.12633    -6.12743 0.000192027
        1974    -6.12704    -6.12743  0.00019193
        1975    -6.12677    -6.12743 0.000191833
        1976    -6.12683    -6.12743 0.000191736
        1977    -6.12623    -6.12743  0.00019164
        1978    -6.12629    -6.12743 0.000191544
        1979    -6.12666    -6.12743 0.000191448
        1980    -6.12672    -6.12743 0.000191351
        1981    -6.12677    -6.12743 0.000191255
        1982    -6.12715    -6.12742 0.000191159
        1983    -6.12752    -6.12742 0.000191062
        1984    -6.12725    -6.12742 0.000190966
        1985     -6.1273    -6.12742  0.00019087
        1986    -6.12768    -6.12742 0.000190774
        1987    -6.12741    -6.12742 0.000190678
        1988    -6.12713    -6.12742 0.000190582
        1989    -6.12686    -6.12742 0.000190486
        1990     -6.1269    -6.12742 0.000190391
        1991    -6.12695    -6.12742 0.000190295
        1992      -6.127    -6.12742   0.0001902
        1993    -6.12769    -6.12742 0.000190105
        1994    -6.12677    -6.12742 0.000190009
        1995    -6.12649    -6.12742 0.000189915
        1996    -6.12653    -6.12742  0.00018982
        1997    -6.12625    -6.12742 0.000189726
        1998     -6.1263    -6.12742 0.000189632
        1999    -6.12601    -6.12742 0.000189538
        2000    -6.12638    -6.12742 0.000189444
