           1     3.47477     3.47477           0
           2     3.47743      3.4761 0.000941624
           3     3.48171     3.47797  0.00165115
           4      3.4876     3.48038  0.00242558
           5     3.49511     3.48332  0.00327189
           6     3.50421     3.48681  0.00418738
           7     3.51492     3.49082  0.00516808
           8     3.52722     3.49537  0.00621016
           9     3.54112     3.50046  0.00731014
          10      3.5566     3.50607  0.00846493
          11     3.57436     3.51228  0.00970884
          12       3.593     3.51901   0.0109854
          13     3.61319     3.52625   0.0122997
          14     3.63777     3.53422   0.0137608
          15     3.66107     3.54267   0.0152217
          16     3.68873      3.5518   0.0167858
          17     3.71792     3.56157   0.0184243
          18     3.74792     3.57193   0.0200999
          19     3.78296     3.58303   0.0218968
          20     3.81949     3.59485   0.0237805
          21      3.8561      3.6073   0.0256969
          22     3.89348      3.6203    0.027626
          23     3.93304      3.6339   0.0295824
          24     3.97335     3.64804   0.0315502
          25     4.02003     3.66292   0.0336143
          26     4.06391     3.67835   0.0356845
          27     4.10991     3.69433   0.0377734
          28     4.15661     3.71084   0.0398694
          29     4.20469     3.72787   0.0419742
          30     4.25203     3.74534   0.0440617
          31     4.30214      3.7633   0.0461562
          32     4.35429     3.78177   0.0482675
          33     4.40776     3.80074   0.0503947
          34     4.46112     3.82016   0.0525223
          35     4.51506     3.84002   0.0546456
          36     4.57097     3.86032   0.0567746
          37     4.62953     3.88111   0.0589237
          38      4.6879     3.90234   0.0610784
          39     4.74675     3.92399   0.0632335
          40     4.80678     3.94606   0.0653907
          41     4.86583      3.9685   0.0675343
          42     4.92742     3.99133   0.0696789
          43      4.9894     4.01454   0.0718204
          44     5.05385     4.03816   0.0739705
          45     5.12005      4.0622   0.0761336
          46     5.18654     4.08664   0.0783037
          47     5.25541     4.11151   0.0804895
          48     5.32381     4.13677   0.0826802
          49     5.39312     4.16241   0.0848754
          50     5.46259     4.18841   0.0870703
          51     5.53361     4.21479   0.0892688
          52     5.60472     4.24152   0.0914664
          53     5.67518     4.26857   0.0936551
          54     5.74849     4.29597   0.0958468
          55     5.82106      4.3237   0.0980331
          56     5.89709      4.3518    0.100228
          57      5.9709      4.3802    0.102416
          58     6.04598     4.40892    0.104599
          59     6.12226     4.43796    0.106781
          60     6.19831      4.4673    0.108958
          61     6.27477     4.49693    0.111128
          62     6.35161     4.52685     0.11329
          63     6.42735     4.55701    0.115438
          64      6.5062     4.58747    0.117583
          65     6.58314     4.61817    0.119716
          66     6.65956      4.6491    0.121832
          67      6.7375     4.68027    0.123937
          68     6.81622     4.71168    0.126032
          69     6.89354     4.74331    0.128111
          70     6.97293     4.77516     0.13018
          71     7.04941     4.80719    0.132229
          72     7.12715     4.83941    0.134261
          73     7.20398      4.8718    0.136273
          74     7.27984     4.90434    0.138262
          75      7.3561     4.93703     0.14023
          76     7.43409     4.96989    0.142182
          77     7.50884     5.00286    0.144108
          78     7.58381     5.03595     0.14601
          79     7.65964     5.06916     0.14789
          80     7.73418     5.10248    0.149747
          81     7.80735     5.13587    0.151576
          82     7.87912     5.16932    0.153375
          83     7.95083     5.20284    0.155145
          84     8.02173     5.23639    0.156885
          85     8.09317        5.27    0.158598
          86     8.16227     5.30363     0.16028
          87     8.23253      5.3373    0.161935
          88     8.30034     5.37097    0.163558
          89     8.36568     5.40462    0.165145
          90      8.4299     5.43823    0.166696
          91     8.49295      5.4718     0.16821
          92     8.55479     5.50531    0.169687
          93     8.61608     5.53876    0.171128
          94     8.67678     5.57214    0.172532
          95     8.73474     5.60543    0.173898
          96     8.79132     5.63862    0.175225
          97     8.84719      5.6717    0.176513
          98      8.9002     5.70464     0.17776
          99     8.95244     5.73745    0.178966
         100     9.00316     5.77011    0.180131
         101     9.05165      5.8026    0.181254
         102     9.09998     5.83492    0.182337
         103     9.14601     5.86707    0.183379
         104     9.19043     5.89903    0.184379
         105     9.23323     5.93078    0.185337
         106     9.27437     5.96232    0.186253
         107     9.31456     5.99365    0.187129
         108     9.35236     6.02475    0.187963
         109     9.38848     6.05561    0.188755
         110      9.4229     6.08622    0.189505
         111     9.45633     6.11658    0.190214
         112     9.48805     6.14669    0.190883
         113     9.51737     6.17652     0.19151
         114     9.54498     6.20606    0.192096
         115     9.57159     6.23533    0.192642
         116     9.59581      6.2643    0.193147
         117     9.61763     6.29296    0.193611
         118     9.63848     6.32131    0.194035
         119     9.65766     6.34935     0.19442
         120     9.67519     6.37706    0.194765
         121     9.69109     6.40445    0.195072
         122     9.70536     6.43151     0.19534
         123     9.71803     6.45823    0.195571
         124     9.72912     6.48461    0.195764
         125     9.73866     6.51064    0.195922
         126     9.74737     6.53633    0.196043
         127     9.75316     6.56166    0.196129
         128     9.75746     6.58662     0.19618
         129     9.76032     6.61123    0.196196
         130     9.76245     6.63547    0.196178
         131      9.7632     6.65934    0.196128
         132     9.76258     6.68285    0.196046
         133     9.76134       6.706    0.195934
         134      9.7581     6.72878    0.195791
         135     9.75289     6.75118    0.195618
         136     9.74715     6.77321    0.195416
         137     9.74023     6.79486    0.195186
         138     9.73215     6.81615    0.194929
         139     9.72296     6.83706    0.194645
         140     9.71268      6.8576    0.194335
         141     9.70136     6.87777    0.194001
         142     9.68903     6.89757    0.193642
         143     9.67644       6.917    0.193261
         144     9.66221     6.93606    0.192857
         145     9.64709     6.95476    0.192431
         146     9.63041     6.97309    0.191983
         147     9.61432     6.99105    0.191516
         148     9.59675     7.00866     0.19103
         149     9.57843     7.02591    0.190525
         150     9.56012      7.0428    0.190002
         151     9.53972     7.05934    0.189462
         152     9.51941     7.07552    0.188906
         153      9.4992     7.09136    0.188334
         154     9.47772     7.10686    0.187747
         155     9.45573     7.12201    0.187147
         156     9.43395     7.13683    0.186533
         157     9.41101     7.15132    0.185906
         158     9.38694     7.16547    0.185267
         159     9.36319     7.17929    0.184617
         160     9.33909     7.19279    0.183956
         161     9.31537     7.20597    0.183285
         162     9.28995     7.21884    0.182605
         163     9.26568     7.23139    0.181916
         164     9.24189     7.24365    0.181219
         165     9.21648     7.25561    0.180515
         166     9.19161     7.26727    0.179804
         167     9.16519     7.27864    0.179086
         168     9.13723      7.2897    0.178361
         169     9.11201     7.30048    0.177631
         170     9.08601     7.31099    0.176897
         171     9.05857     7.32121    0.176157
         172     9.03252     7.33115    0.175414
         173     9.00648     7.34084    0.174667
         174     8.98047     7.35026    0.173917
         175     8.95451     7.35943    0.173165
         176     8.92863     7.36834     0.17241
         177     8.90355     7.37702    0.171654
         178     8.87788     7.38545    0.170897
         179     8.85094     7.39364    0.170138
         180     8.82555     7.40159    0.169379
         181     8.80034     7.40932    0.168619
         182     8.77602     7.41683     0.16786
         183      8.7519     7.42413    0.167101
         184     8.72659      7.4312    0.166343
         185     8.70152     7.43807    0.165585
         186      8.6774     7.44473    0.164829
         187     8.65354      7.4512    0.164074
         188     8.63137     7.45747    0.163322
         189     8.60667     7.46356    0.162571
         190     8.58438     7.46945    0.161822
         191     8.56029     7.47517    0.161076
         192     8.53653     7.48069    0.160331
         193     8.51451     7.48605     0.15959
         194     8.49284     7.49124    0.158852
         195     8.47223     7.49627    0.158117
         196     8.45057     7.50114    0.157385
         197     8.42999     7.50585    0.156657
         198     8.40909     7.51042    0.155932
         199     8.38858     7.51483    0.155211
         200     8.36917      7.5191    0.154494
         201     8.35086     7.52324     0.15378
         202     8.33297     7.52725    0.153071
         203     8.31409     7.53112    0.152366
         204     8.29634     7.53487    0.151666
         205     8.27689     7.53849    0.150969
         206     8.26071       7.542    0.150277
         207     8.24355     7.54539    0.149589
         208     8.22754     7.54867    0.148906
         209     8.21057     7.55184    0.148227
         210     8.19546      7.5549    0.147553
         211     8.18152     7.55787    0.146883
         212     8.16591     7.56074    0.146219
         213     8.15359     7.56352    0.145559
         214     8.14032     7.56622    0.144903
         215     8.12823     7.56883    0.144253
         216     8.11589     7.57136    0.143607
         217     8.10474     7.57382    0.142967
         218     8.09265      7.5762    0.142331
         219     8.08244     7.57851    0.141699
         220       8.072     7.58076    0.141073
         221     8.06204     7.58293    0.140452
         222     8.05396     7.58506    0.139835
         223     8.04494     7.58712    0.139223
         224     8.03711     7.58913    0.138616
         225     8.02975     7.59109    0.138014
         226     8.02287       7.593    0.137416
         227     8.01575     7.59486    0.136824
         228      8.0091     7.59668    0.136236
         229     8.00291     7.59845    0.135652
         230      7.9993     7.60019    0.135074
         231     7.99333     7.60189      0.1345
         232     7.98782     7.60356     0.13393
         233     7.98346     7.60519    0.133365
         234     7.98026     7.60679    0.132805
         235      7.9768     7.60837    0.132249
         236     7.97377     7.60991    0.131698
         237     7.97047     7.61143    0.131151
         238     7.96901     7.61294    0.130609
         239     7.96726     7.61442     0.13007
         240     7.96733     7.61589    0.129537
         241     7.96639     7.61734    0.129007
         242     7.96727     7.61879    0.128482
         243     7.96712     7.62022    0.127962
         244     7.96735     7.62165    0.127445
         245     7.96865     7.62306    0.126933
         246     7.97032     7.62447    0.126425
         247     7.97233     7.62588    0.125921
         248     7.97469     7.62729    0.125421
         249     7.97667     7.62869    0.124925
         250     7.97896     7.63009    0.124433
         251     7.98227      7.6315    0.123945
         252     7.98517      7.6329    0.123461
         253     7.98765      7.6343    0.122981
         254      7.9918     7.63571    0.122505
         255     7.99479     7.63712    0.122033
         256     7.99873     7.63853    0.121564
         257     8.00149     7.63994      0.1211
         258     8.00728     7.64137    0.120639
         259     8.01186      7.6428    0.120181
         260     8.01592     7.64423    0.119728
         261     8.02014     7.64567    0.119278
         262     8.02382     7.64712    0.118831
         263     8.02975     7.64857    0.118388
         264      8.0344     7.65003    0.117949
         265     8.03915      7.6515    0.117513
         266      8.0433     7.65297     0.11708
         267     8.04893     7.65446    0.116651
         268     8.05532     7.65595    0.116225
         269     8.06177     7.65746    0.115803
         270     8.06683     7.65898    0.115384
         271     8.07402     7.66051    0.114969
         272     8.08121     7.66206    0.114556
         273     8.08697     7.66361    0.114147
         274     8.09269     7.66518    0.113741
         275     8.09766     7.66675    0.113339
         276     8.10327     7.66833    0.112939
         277     8.10951     7.66992    0.112543
         278     8.11283     7.67152    0.112149
         279     8.11746     7.67312    0.111758
         280     8.12267     7.67472    0.111371
         281     8.12985     7.67634    0.110986
         282     8.13548     7.67797    0.110605
         283     8.14094     7.67961    0.110226
         284     8.14623     7.68125     0.10985
         285     8.15062      7.6829    0.109477
         286     8.15482     7.68455    0.109107
         287      8.1588      7.6862    0.108739
         288     8.16256     7.68785    0.108374
         289     8.16539      7.6895    0.108012
         290     8.16867     7.69116    0.107652
         291     8.17101     7.69281    0.107294
         292     8.17378     7.69445     0.10694
         293     8.17629      7.6961    0.106587
         294     8.17852     7.69774    0.106237
         295     8.17906     7.69937     0.10589
         296     8.18001     7.70099    0.105545
         297     8.18066     7.70261    0.105201
         298     8.18242     7.70422    0.104861
         299     8.18388     7.70582    0.104522
         300     8.18432     7.70742    0.104186
         301     8.18515       7.709    0.103852
         302     8.18425     7.71058     0.10352
         303     8.18303     7.71214     0.10319
         304     8.18078     7.71368    0.102862
         305     8.17892      7.7152    0.102536
         306     8.17885     7.71672    0.102212
         307     8.17633     7.71822     0.10189
         308      8.1742      7.7197     0.10157
         309     8.17174     7.72116    0.101252
         310     8.16967     7.72261    0.100936
         311     8.16728     7.72404    0.100622
         312     8.16316     7.72544    0.100309
         313     8.15872     7.72683   0.0999979
         314     8.15327     7.72819   0.0996887
         315     8.14892     7.72952   0.0993812
         316     8.14497     7.73084   0.0990754
         317     8.13931     7.73213   0.0987712
         318     8.13619      7.7334   0.0984688
         319     8.12995     7.73464   0.0981679
         320     8.12343     7.73585   0.0978687
         321     8.11664     7.73704    0.097571
         322     8.11029      7.7382   0.0972749
         323     8.10508     7.73934   0.0969803
         324     8.09821     7.74044   0.0966873
         325      8.0911     7.74152   0.0963959
         326     8.08375     7.74257   0.0961059
         327     8.07617     7.74359   0.0958174
         328     8.06837     7.74458   0.0955304
         329     8.06036     7.74554   0.0952448
         330     8.05145     7.74647   0.0949607
         331     8.04234     7.74736    0.094678
         332     8.03305     7.74822   0.0943968
         333      8.0243     7.74905   0.0941169
         334     8.01397     7.74985   0.0938385
         335      8.0049     7.75061   0.0935615
         336     7.99499     7.75133   0.0932858
         337     7.98494     7.75203   0.0930116
         338     7.97548     7.75269   0.0927388
         339     7.96591     7.75332   0.0924673
         340     7.95625     7.75391   0.0921973
         341      7.9465     7.75448   0.0919287
         342     7.93667     7.75501   0.0916614
         343     7.92607     7.75551   0.0913955
         344     7.91543     7.75598    0.091131
         345     7.90473     7.75641   0.0908679
         346     7.89401      7.7568   0.0906061
         347     7.88398     7.75717   0.0903458
         348     7.87181      7.7575   0.0900868
         349     7.85965     7.75779   0.0898291
         350     7.84891     7.75805   0.0895728
         351      7.8382     7.75828   0.0893179
         352     7.82964     7.75848   0.0890644
         353      7.8176     7.75865   0.0888123
         354     7.80773     7.75879   0.0885615
         355     7.79651      7.7589   0.0883121
         356     7.78748     7.75898   0.0880641
         357     7.77854     7.75903   0.0878174
         358       7.769     7.75906   0.0875721
         359     7.76026     7.75906   0.0873282
         360     7.75022     7.75904   0.0870856
         361     7.74172     7.75899   0.0868444
         362     7.73264     7.75892   0.0866045
         363       7.723     7.75882    0.086366
         364      7.7135     7.75869   0.0861288
         365     7.70487     7.75855   0.0858929
         366     7.69568     7.75838   0.0856584
         367     7.68738     7.75818   0.0854253
         368     7.67924     7.75797   0.0851934
         369      7.6734     7.75774   0.0849628
         370     7.66562     7.75749   0.0847336
         371     7.65733     7.75722   0.0845056
         372     7.65063     7.75693   0.0842789
         373     7.64343     7.75663   0.0840535
         374     7.63501      7.7563   0.0838294
         375     7.62891     7.75596   0.0836065
         376      7.6223     7.75561   0.0833849
         377     7.61519     7.75524   0.0831646
         378     7.61039     7.75485   0.0829455
         379     7.60439     7.75446   0.0827276
         380     7.59859     7.75405   0.0825109
         381     7.59369     7.75362   0.0822954
         382     7.58829     7.75319   0.0820811
         383     7.58308     7.75275    0.081868
         384     7.57736     7.75229   0.0816561
         385     7.57537     7.75183   0.0814453
         386     7.57073     7.75136   0.0812356
         387     7.56557     7.75088   0.0810271
         388     7.55988     7.75039   0.0808198
         389     7.55577     7.74989   0.0806136
         390     7.55183     7.74938   0.0804085
         391     7.54876     7.74887   0.0802045
         392     7.54513     7.74835   0.0800015
         393     7.54305     7.74783   0.0797997
         394     7.54112      7.7473   0.0795989
         395     7.53719     7.74677   0.0793991
         396     7.53551     7.74624   0.0792004
         397     7.53253      7.7457   0.0790027
         398     7.52965     7.74516   0.0788061
         399     7.52616     7.74461   0.0786105
         400     7.52488     7.74406   0.0784159
         401     7.52155      7.7435   0.0782223
         402      7.5204     7.74295   0.0780297
         403     7.51649     7.74239   0.0778381
         404     7.51262     7.74182   0.0776475
         405     7.51091     7.74125   0.0774579
         406      7.5071     7.74067   0.0772692
         407     7.50472     7.74009   0.0770816
         408     7.50164     7.73951   0.0768949
         409     7.49997     7.73892   0.0767091
         410     7.49757     7.73833   0.0765242
         411     7.49587     7.73774   0.0763403
         412     7.49202     7.73714   0.0761574
         413     7.48954     7.73655   0.0759753
         414      7.4856     7.73594   0.0757942
         415     7.48373     7.73533    0.075614
         416     7.48038     7.73472   0.0754348
         417     7.47766      7.7341   0.0752564
         418     7.47558     7.73348   0.0750789
         419     7.47341     7.73286   0.0749023
         420     7.46834     7.73223   0.0747266
         421       7.466      7.7316   0.0745517
         422     7.46003     7.73096   0.0743779
         423     7.45678     7.73031   0.0742048
         424     7.45485     7.72966   0.0740327
         425     7.45141       7.729   0.0738614
         426     7.44715     7.72834    0.073691
         427     7.44632     7.72768   0.0735213
         428     7.44185     7.72701   0.0733526
         429     7.43799     7.72634   0.0731847
         430     7.43332     7.72566   0.0730177
         431     7.42855     7.72497   0.0728515
         432     7.42581     7.72428   0.0726862
         433     7.42155     7.72358   0.0725217
         434     7.41792     7.72287    0.072358
         435      7.4142     7.72216   0.0721951
         436      7.4097     7.72145   0.0720331
         437     7.40654     7.72073   0.0718719
         438      7.4012        7.72   0.0717115
         439      7.3965     7.71926   0.0715519
         440     7.39317     7.71852   0.0713931
         441     7.38838     7.71777   0.0712352
         442     7.38356     7.71701    0.071078
         443     7.38013     7.71625   0.0709216
         444     7.37457     7.71548   0.0707661
         445     7.37111     7.71471   0.0706113
         446     7.36625     7.71393   0.0704573
         447      7.3607     7.71314   0.0703041
         448     7.35587     7.71234   0.0701517
         449     7.35037     7.71154   0.0700001
         450     7.34563     7.71072   0.0698492
         451     7.34094      7.7099   0.0696992
         452     7.33631     7.70908   0.0695499
         453     7.33246     7.70824   0.0694013
         454     7.32658      7.7074   0.0692535
         455      7.3208     7.70655   0.0691065
         456     7.31653      7.7057   0.0689603
         457     7.31378     7.70484   0.0688147
         458     7.30974     7.70398   0.0686699
         459     7.30655     7.70311   0.0685257
         460      7.3042     7.70225   0.0683823
         461      7.3013     7.70138   0.0682394
         462     7.29714      7.7005   0.0680974
         463     7.29597     7.69963   0.0679559
         464     7.29287     7.69875   0.0678151
         465     7.29135     7.69787   0.0676749
         466     7.28932       7.697   0.0675354
         467     7.28678     7.69612   0.0673964
         468     7.28303     7.69524   0.0672582
         469     7.28019     7.69435   0.0671206
         470     7.27828     7.69347   0.0669837
         471     7.27589     7.69258   0.0668473
         472      7.2723     7.69169   0.0667116
         473     7.27036      7.6908   0.0665765
         474     7.26937     7.68991    0.066442
         475     7.26861     7.68902    0.066308
         476      7.2681     7.68814   0.0661746
         477     7.26855     7.68726   0.0660418
         478     7.26783     7.68638   0.0659094
         479     7.26948     7.68551   0.0657776
         480     7.26855     7.68464   0.0656463
         481     7.27071     7.68378   0.0655154
         482     7.27171     7.68293   0.0653851
         483     7.27298     7.68208   0.0652552
         484     7.27379     7.68123   0.0651258
         485     7.27699      7.6804   0.0649969
         486     7.27903     7.67958   0.0648684
         487     7.28204     7.67876   0.0647403
         488      7.2846     7.67795   0.0646127
         489     7.28671     7.67715   0.0644855
         490     7.29048     7.67636   0.0643588
         491     7.29451     7.67558   0.0642324
         492     7.29879     7.67482   0.0641064
         493     7.30262     7.67406   0.0639808
         494     7.30598     7.67332   0.0638556
         495     7.31099     7.67259   0.0637308
         496     7.31412     7.67186   0.0636064
         497      7.3196     7.67116   0.0634824
         498      7.3246     7.67046   0.0633587
         499     7.33124     7.66978   0.0632354
         500     7.33597     7.66911   0.0631125
         501     7.34233     7.66846   0.0629899
         502     7.34748     7.66782   0.0628676
         503     7.35352      7.6672   0.0627458
         504     7.35977     7.66659   0.0626242
         505     7.36619     7.66599    0.062503
         506     7.37138     7.66541   0.0623822
         507     7.37815     7.66484   0.0622618
         508     7.38648     7.66429   0.0621416
         509     7.39356     7.66376   0.0620218
         510     7.40077     7.66325   0.0619023
         511     7.40812     7.66275   0.0617832
         512     7.41488     7.66226   0.0616644
         513     7.42175     7.66179    0.061546
         514     7.42659     7.66134    0.061428
         515     7.43576      7.6609   0.0613103
         516     7.44429     7.66048   0.0611929
         517     7.45078     7.66007   0.0610759
         518     7.45944     7.65969   0.0609592
         519     7.46884     7.65932   0.0608428
         520     7.47686     7.65897   0.0607268
         521     7.48561     7.65863   0.0606112
         522     7.49436     7.65832   0.0604959
         523     7.50239     7.65802    0.060381
         524     7.51041     7.65774   0.0602664
         525     7.51839     7.65747   0.0601522
         526     7.52632     7.65722   0.0600383
         527     7.53491     7.65699   0.0599249
         528      7.5413     7.65677   0.0598118
         529     7.54831     7.65657   0.0596991
         530     7.55451     7.65638   0.0595867
         531     7.56272      7.6562   0.0594748
         532     7.57009     7.65604   0.0593632
         533     7.57592     7.65589    0.059252
         534       7.583     7.65575   0.0591412
         535     7.58992     7.65563   0.0590308
         536     7.59596     7.65552   0.0589208
         537      7.6018     7.65542   0.0588111
         538     7.60674     7.65533   0.0587019
         539     7.61358     7.65525    0.058593
         540     7.62019     7.65518   0.0584846
         541     7.62586     7.65513   0.0583765
         542     7.63128     7.65509   0.0582688
         543     7.63574     7.65505   0.0581615
         544     7.64064     7.65502   0.0580546
         545     7.64455       7.655   0.0579481
         546     7.64959     7.65499   0.0578419
         547     7.65362     7.65499   0.0577362
         548     7.65875       7.655   0.0576308
         549     7.66216     7.65501   0.0575259
         550     7.66525     7.65503   0.0574213
         551       7.668     7.65505   0.0573171
         552     7.67042     7.65508   0.0572132
         553     7.67249     7.65511   0.0571098
         554     7.67351     7.65515   0.0570067
         555     7.67488     7.65518    0.056904
         556     7.67519     7.65522   0.0568017
         557     7.67654     7.65526   0.0566997
         558     7.67753      7.6553   0.0565981
         559     7.67744     7.65534   0.0564969
         560     7.67769     7.65538    0.056396
         561     7.67474     7.65541   0.0562955
         562     7.67494     7.65544   0.0561953
         563     7.67407     7.65548   0.0560955
         564     7.67281     7.65551   0.0559961
         565     7.67119     7.65554    0.055897
         566     7.66919     7.65556   0.0557982
         567      7.6647     7.65558   0.0556998
         568     7.66196     7.65559   0.0556017
         569     7.65814     7.65559    0.055504
         570     7.65397     7.65559   0.0554066
         571     7.64802     7.65558   0.0553096
         572     7.64243     7.65555   0.0552129
         573     7.63577     7.65552   0.0551166
         574     7.62949     7.65547   0.0550206
         575     7.62144     7.65541   0.0549249
         576      7.6159     7.65535   0.0548296
         577     7.60931     7.65527   0.0547346
         578     7.60171     7.65517     0.05464
         579     7.59521     7.65507   0.0545457
         580      7.5877     7.65495   0.0544518
         581     7.58343     7.65483   0.0543582
         582     7.57534     7.65469    0.054265
         583     7.56698     7.65454   0.0541721
         584     7.55623     7.65438   0.0540796
         585     7.54734     7.65419   0.0539875
         586     7.53962       7.654   0.0538957
         587     7.53095     7.65379   0.0538043
         588     7.52206     7.65356   0.0537133
         589     7.51225     7.65332   0.0536226
         590     7.50223     7.65307   0.0535324
         591     7.49272      7.6528   0.0534425
         592     7.48162     7.65251    0.053353
         593     7.47106      7.6522   0.0532639
         594     7.46034     7.65188   0.0531752
         595     7.44876     7.65154   0.0530869
         596     7.43775     7.65118   0.0529991
         597     7.42732      7.6508   0.0529116
         598     7.41678     7.65041   0.0528246
         599     7.40614        7.65    0.052738
         600     7.39399     7.64958   0.0526518
         601     7.38318     7.64913    0.052566
         602     7.37088     7.64867   0.0524808
         603     7.35995     7.64819   0.0523959
         604     7.34827      7.6477   0.0523115
         605     7.33585     7.64718   0.0522276
         606     7.32411     7.64665   0.0521441
         607     7.31095     7.64609   0.0520612
         608      7.2992     7.64552   0.0519787
         609     7.28818     7.64494   0.0518966
         610     7.27577     7.64433   0.0518151
         611     7.26339     7.64371    0.051734
         612     7.25317     7.64307   0.0516534
         613     7.24231     7.64242   0.0515733
         614     7.23151     7.64175   0.0514936
         615     7.22078     7.64106   0.0514145
         616     7.20732     7.64036   0.0513358
         617     7.19537     7.63964   0.0512577
         618     7.18352      7.6389     0.05118
         619     7.17391     7.63815   0.0511029
         620     7.16301     7.63738   0.0510262
         621     7.15082      7.6366     0.05095
         622     7.13878      7.6358   0.0508744
         623     7.12901     7.63498   0.0507993
         624      7.1187     7.63416   0.0507246
         625     7.10715     7.63331   0.0506504
         626     7.09719     7.63246   0.0505768
         627     7.08742     7.63159   0.0505036
         628     7.07996     7.63071   0.0504308
         629     7.06917     7.62982   0.0503585
         630     7.06212     7.62892   0.0502866
         631     7.05317       7.628   0.0502152
         632     7.04374     7.62708   0.0501443
         633     7.03526     7.62614   0.0500738
         634      7.0256      7.6252   0.0500038
         635     7.01618     7.62424   0.0499342
         636     7.00914     7.62327   0.0498651
         637     7.00024     7.62229   0.0497964
         638      6.9923      7.6213   0.0497281
         639     6.98535     7.62031   0.0496602
         640     6.98008     7.61931   0.0495927
         641     6.97439      7.6183   0.0495256
         642     6.96756     7.61729   0.0494588
         643     6.96104     7.61627   0.0493924
         644     6.95551     7.61524   0.0493264
         645     6.94957     7.61421   0.0492607
         646     6.94395     7.61317   0.0491954
         647     6.94004     7.61213   0.0491303
         648     6.93504     7.61109   0.0490656
         649     6.93247     7.61004   0.0490011
         650     6.92739     7.60899    0.048937
         651     6.92193     7.60794   0.0488732
         652     6.91892     7.60688   0.0488097
         653     6.91693     7.60582   0.0487464
         654     6.91458     7.60477   0.0486833
         655     6.91185     7.60371   0.0486205
         656     6.91016     7.60265   0.0485578
         657     6.91022      7.6016   0.0484954
         658     6.90921     7.60055   0.0484331
         659     6.90712     7.59949    0.048371
         660     6.90537     7.59844   0.0483092
         661     6.90538     7.59739   0.0482475
         662     6.90573     7.59635   0.0481859
         663     6.90712     7.59531   0.0481244
         664     6.90956     7.59428    0.048063
         665     6.91022     7.59325   0.0480017
         666     6.91475     7.59223   0.0479405
         667     6.91679     7.59122   0.0478793
         668     6.92058     7.59021   0.0478182
         669       6.924     7.58922    0.047757
         670     6.92635     7.58823    0.047696
         671     6.93043     7.58725    0.047635
         672     6.93273     7.58627   0.0475741
         673     6.93606     7.58531   0.0475132
         674     6.93972     7.58435   0.0474524
         675      6.9444      7.5834   0.0473915
         676     6.95081     7.58246   0.0473307
         677     6.95612     7.58154   0.0472698
         678     6.96245     7.58063   0.0472089
         679      6.9705     7.57973   0.0471479
         680     6.97531     7.57884   0.0470869
         681     6.98253     7.57796   0.0470259
         682     6.98863      7.5771   0.0469649
         683     6.99643     7.57625   0.0469039
         684      7.0045     7.57541   0.0468427
         685     7.01214     7.57459   0.0467816
         686     7.02075     7.57378   0.0467203
         687     7.02821     7.57299   0.0466591
         688     7.03663     7.57221   0.0465978
         689      7.0453     7.57144   0.0465364
         690     7.05421      7.5707    0.046475
         691     7.06335     7.56996   0.0464136
         692     7.07272     7.56924    0.046352
         693     7.08301     7.56854   0.0462905
         694     7.09492     7.56786   0.0462288
         695     7.10492     7.56719   0.0461671
         696      7.1151     7.56654   0.0461053
         697     7.12618     7.56591   0.0460435
         698     7.13531     7.56529   0.0459817
         699     7.14744      7.5647   0.0459198
         700     7.15689     7.56411   0.0458579
         701     7.16862     7.56355   0.0457959
         702     7.18048       7.563   0.0457339
         703     7.19247     7.56248   0.0456719
         704     7.20247     7.56197   0.0456099
         705     7.21186     7.56147   0.0455479
         706     7.22347     7.56099   0.0454859
         707     7.23447     7.56053   0.0454239
         708     7.24626     7.56008   0.0453619
         709     7.25953     7.55966   0.0452999
         710     7.27074     7.55925    0.045238
         711     7.28343     7.55887    0.045176
         712     7.29474     7.55849   0.0451141
         713     7.30679     7.55814   0.0450522
         714     7.31746      7.5578   0.0449903
         715     7.33097     7.55749   0.0449285
         716     7.34378     7.55719   0.0448668
         717     7.35658     7.55691   0.0448051
         718     7.36796     7.55665   0.0447434
         719     7.38073      7.5564   0.0446819
         720     7.39277     7.55617   0.0446204
         721     7.40478     7.55596    0.044559
         722     7.41744     7.55577   0.0444977
         723     7.43075      7.5556   0.0444365
         724     7.44047     7.55544   0.0443754
         725     7.45224      7.5553   0.0443144
         726     7.46324     7.55517   0.0442536
         727     7.47485     7.55506   0.0441928
         728     7.48567     7.55496   0.0441322
         729     7.49781     7.55489   0.0440718
         730     7.50914     7.55482   0.0440114
         731     7.52107     7.55478   0.0439513
         732      7.5336     7.55475   0.0438912
         733     7.54389     7.55473   0.0438313
         734     7.55477     7.55473   0.0437716
         735     7.56552     7.55475   0.0437121
         736     7.57614     7.55478   0.0436527
         737     7.58734     7.55482   0.0435935
         738     7.59628     7.55488   0.0435345
         739     7.60931     7.55495   0.0434756
         740     7.61937     7.55504   0.0434169
         741     7.62929     7.55514   0.0433585
         742     7.63905     7.55525   0.0433002
         743     7.65008     7.55538   0.0432421
         744     7.65955     7.55552   0.0431842
         745     7.66815     7.55567   0.0431265
         746     7.67802     7.55583    0.043069
         747     7.68702     7.55601   0.0430117
         748     7.69657      7.5562   0.0429546
         749     7.70455      7.5564   0.0428977
         750     7.71309     7.55661    0.042841
         751     7.72146     7.55682   0.0427845
         752     7.73038     7.55706   0.0427283
         753     7.73703     7.55729   0.0426722
         754     7.74493     7.55754   0.0426163
         755     7.75268      7.5578   0.0425607
         756     7.76099     7.55807   0.0425052
         757     7.77055     7.55835     0.04245
         758     7.77925     7.55864    0.042395
         759     7.78568     7.55894   0.0423402
         760     7.79267     7.55925   0.0422856
         761     7.79952     7.55957   0.0422312
         762     7.80551     7.55989    0.042177
         763     7.81136     7.56022    0.042123
         764     7.81636     7.56055   0.0420692
         765     7.82334      7.5609   0.0420156
         766     7.82877     7.56125   0.0419622
         767     7.83618      7.5616   0.0419091
         768     7.84346     7.56197   0.0418561
         769     7.84708     7.56234   0.0418033
         770     7.85268     7.56272   0.0417507
         771     7.85816      7.5631   0.0416983
         772      7.8621     7.56349   0.0416461
         773     7.86591     7.56388   0.0415941
         774     7.87242     7.56428   0.0415423
         775      7.8767     7.56468   0.0414906
         776     7.88157     7.56509   0.0414391
         777     7.88844     7.56551   0.0413879
         778     7.89237     7.56593   0.0413368
         779     7.89689     7.56635    0.041286
         780      7.9013     7.56678   0.0412353
         781     7.90632     7.56722   0.0411848
         782     7.91193     7.56766   0.0411344
         783     7.91532      7.5681   0.0410843
         784     7.91931     7.56855   0.0410343
         785     7.92249       7.569   0.0409846
         786     7.92558     7.56945   0.0409349
         787     7.92857     7.56991   0.0408854
         788     7.93216     7.57037   0.0408361
         789     7.93566     7.57083    0.040787
         790     7.93696      7.5713    0.040738
         791     7.93956     7.57176   0.0406892
         792     7.94279     7.57223   0.0406405
         793     7.94522      7.5727    0.040592
         794     7.94756     7.57317   0.0405436
         795     7.95052     7.57365   0.0404954
         796     7.95481     7.57413   0.0404473
         797      7.9576     7.57461   0.0403994
         798     7.95961     7.57509   0.0403517
         799     7.96294     7.57558   0.0403041
         800     7.96549     7.57606   0.0402567
         801     7.96796     7.57655   0.0402094
         802     7.96964     7.57704   0.0401622
         803     7.97194     7.57753   0.0401152
         804     7.97487     7.57803   0.0400684
         805     7.97773     7.57852   0.0400217
         806     7.97839     7.57902   0.0399751
         807      7.9811     7.57952   0.0399287
         808     7.98373     7.58002   0.0398824
         809     7.98628     7.58052   0.0398363
         810     7.98805     7.58102   0.0397903
         811     7.98975     7.58153   0.0397444
         812     7.99138     7.58203   0.0396986
         813     7.99363     7.58254    0.039653
         814     7.99652     7.58305   0.0396076
         815     7.99863     7.58356   0.0395623
         816     7.99925     7.58407   0.0395171
         817     8.00049     7.58458    0.039472
         818     8.00237     7.58509    0.039427
         819     8.00488      7.5856   0.0393822
         820      8.0059     7.58611   0.0393375
         821     8.00543     7.58662   0.0392929
         822     8.00629     7.58713   0.0392485
         823     8.00706     7.58764   0.0392041
         824     8.00776     7.58815   0.0391598
         825     8.00767     7.58866   0.0391157
         826     8.00821     7.58917   0.0390716
         827     8.00866     7.58968   0.0390276
         828     8.00831     7.59018   0.0389838
         829     8.00859     7.59069     0.03894
         830     8.00948     7.59119   0.0388964
         831     8.00957      7.5917   0.0388528
         832     8.00957      7.5922   0.0388094
         833     8.00947      7.5927    0.038766
         834     8.00928      7.5932   0.0387228
         835     8.00757      7.5937   0.0386796
         836     8.00787     7.59419   0.0386365
         837     8.00948     7.59469   0.0385935
         838     8.00816     7.59518   0.0385506
         839     8.00744     7.59567   0.0385078
         840     8.00801     7.59616   0.0384651
         841     8.00706     7.59665   0.0384224
         842     8.00599     7.59714   0.0383799
         843     8.00268     7.59762   0.0383374
         844     8.00137      7.5981   0.0382949
         845     7.99923     7.59857   0.0382525
         846     7.99767     7.59904   0.0382102
         847     7.99599     7.59951    0.038168
         848     7.99418     7.59998   0.0381258
         849     7.99223     7.60044   0.0380837
         850     7.98804      7.6009   0.0380416
         851     7.98654     7.60135   0.0379996
         852      7.9842      7.6018   0.0379577
         853     7.98101     7.60224   0.0379158
         854      7.9777     7.60268    0.037874
         855     7.97706     7.60312   0.0378322
         856     7.97347     7.60355   0.0377905
         857     7.96974     7.60398   0.0377488
         858     7.96799      7.6044   0.0377072
         859     7.96469     7.60482   0.0376656
         860     7.96056     7.60524   0.0376241
         861     7.95629     7.60564   0.0375826
         862      7.9526     7.60605   0.0375411
         863     7.94877     7.60644   0.0374997
         864     7.94552     7.60684   0.0374584
         865     7.94144     7.60722   0.0374171
         866     7.93795     7.60761   0.0373758
         867     7.93433     7.60798   0.0373346
         868     7.92988     7.60835   0.0372935
         869     7.92533     7.60872   0.0372523
         870     7.92066     7.60908   0.0372112
         871     7.91589     7.60943   0.0371702
         872     7.91313     7.60978   0.0371292
         873     7.90885     7.61012   0.0370882
         874     7.90448     7.61046   0.0370473
         875     7.89861     7.61079   0.0370064
         876     7.89336     7.61111   0.0369656
         877     7.88802     7.61142   0.0369248
         878     7.88261     7.61173    0.036884
         879     7.87712     7.61203   0.0368433
         880     7.87086     7.61233   0.0368026
         881     7.86525     7.61262    0.036762
         882     7.85957      7.6129   0.0367214
         883     7.85385     7.61317   0.0366808
         884     7.84808     7.61343   0.0366403
         885     7.84297     7.61369   0.0365998
         886     7.83712     7.61395   0.0365593
         887     7.83195     7.61419   0.0365189
         888     7.82605     7.61443   0.0364786
         889     7.81942     7.61466   0.0364383
         890     7.81489     7.61489    0.036398
         891     7.80965      7.6151   0.0363578
         892     7.80299     7.61532   0.0363177
         893     7.79632     7.61552   0.0362776
         894     7.78896     7.61571   0.0362375
         895     7.78301      7.6159   0.0361975
         896     7.77708     7.61608   0.0361576
         897     7.77046     7.61625   0.0361177
         898     7.76386     7.61642   0.0360778
         899     7.75447     7.61657    0.036038
         900     7.75146     7.61672   0.0359983
         901     7.74424     7.61686   0.0359586
         902     7.73776     7.61699    0.035919
         903     7.73345     7.61712   0.0358795
         904     7.72706     7.61725     0.03584
         905     7.72072     7.61736   0.0358006
         906     7.71584     7.61747   0.0357612
         907     7.71102     7.61757   0.0357219
         908     7.70625     7.61767   0.0356827
         909     7.69802     7.61776   0.0356436
         910     7.69338     7.61784   0.0356045
         911     7.68739     7.61792   0.0355655
         912     7.68147     7.61799   0.0355266
         913     7.67562     7.61805   0.0354877
         914     7.66984     7.61811   0.0354489
         915     7.66414     7.61816   0.0354102
         916     7.65923      7.6182   0.0353716
         917     7.65439     7.61824    0.035333
         918     7.64894     7.61827   0.0352946
         919     7.64356      7.6183   0.0352562
         920     7.63828     7.61832   0.0352179
         921     7.63378     7.61834   0.0351796
         922     7.62938     7.61835   0.0351415
         923     7.62648     7.61836   0.0351034
         924     7.62155     7.61836   0.0350654
         925     7.61742     7.61836   0.0350275
         926     7.61409     7.61836   0.0349897
         927     7.61015     7.61835   0.0349519
         928     7.60701     7.61834   0.0349143
         929     7.60397     7.61832   0.0348767
         930     7.59962      7.6183   0.0348392
         931     7.59466     7.61828   0.0348018
         932     7.59121     7.61825   0.0347645
         933     7.58786     7.61822   0.0347272
         934     7.58602     7.61818     0.03469
         935     7.58287     7.61814    0.034653
         936     7.58052      7.6181    0.034616
         937     7.57686     7.61806    0.034579
         938      7.5733     7.61801   0.0345422
         939     7.57126     7.61796   0.0345055
         940     7.56931     7.61791   0.0344688
         941     7.56747     7.61786   0.0344322
         942     7.56643      7.6178   0.0343957
         943     7.56479     7.61775   0.0343593
         944     7.56183     7.61769   0.0343229
         945     7.55968     7.61762   0.0342867
         946     7.55762     7.61756   0.0342505
         947     7.55637      7.6175   0.0342144
         948     7.55452     7.61743   0.0341783
         949     7.55134     7.61736   0.0341424
         950     7.55039     7.61729   0.0341065
         951     7.54953     7.61722   0.0340707
         952     7.54806     7.61715    0.034035
         953      7.5474     7.61707   0.0339994
         954     7.54612       7.617   0.0339638
         955     7.54494     7.61692   0.0339284
         956     7.54527     7.61685   0.0338929
         957     7.54499     7.61677   0.0338576
         958     7.54409      7.6167   0.0338224
         959     7.54259     7.61662   0.0337872
         960     7.54399     7.61654   0.0337521
         961     7.54408     7.61647    0.033717
         962     7.54426     7.61639   0.0336821
         963     7.54454     7.61632   0.0336472
         964      7.5435     7.61624   0.0336124
         965     7.54114     7.61617   0.0335776
         966     7.54099     7.61609   0.0335429
         967     7.54093     7.61601   0.0335083
         968     7.54026     7.61593   0.0334738
         969     7.53969     7.61585   0.0334394
         970     7.54134     7.61578    0.033405
         971     7.54167      7.6157   0.0333707
         972     7.54139     7.61562   0.0333364
         973     7.54191     7.61555   0.0333022
         974     7.54113     7.61547   0.0332681
         975     7.54256      7.6154   0.0332341
         976     7.54338     7.61532   0.0332001
         977     7.54572     7.61525   0.0331662
         978     7.54745     7.61518   0.0331324
         979     7.54788     7.61511   0.0330986
         980     7.54841     7.61505   0.0330649
         981     7.55045     7.61498   0.0330313
         982      7.5533     7.61492   0.0329977
         983     7.55484     7.61486   0.0329642
         984      7.5572      7.6148   0.0329307
         985     7.55824     7.61474   0.0328974
         986      7.5594     7.61468    0.032864
         987     7.56067     7.61463   0.0328308
         988     7.56274     7.61458   0.0327976
         989     7.56493     7.61453   0.0327645
         990     7.56723     7.61448   0.0327314
         991     7.56822     7.61443   0.0326984
         992     7.56931     7.61439   0.0326655
         993     7.57123     7.61434   0.0326326
         994     7.57607      7.6143   0.0325998
         995     7.57819     7.61427   0.0325671
         996     7.58183     7.61424   0.0325344
         997     7.58416     7.61421   0.0325018
         998     7.58659     7.61418   0.0324692
         999     7.58913     7.61415   0.0324367
        1000     7.59176     7.61413   0.0324043
        1001     7.59661     7.61411   0.0323719
        1002     7.60156      7.6141   0.0323396
        1003     7.60519     7.61409   0.0323074
        1004     7.61033     7.61409   0.0322752
        1005     7.61484     7.61409   0.0322431
        1006     7.61733     7.61409    0.032211
        1007     7.62131      7.6141   0.0321791
        1008     7.62749     7.61411   0.0321471
        1009     7.63092     7.61413   0.0321153
        1010     7.63372     7.61415   0.0320835
        1011     7.64012     7.61417   0.0320518
        1012     7.64588      7.6142   0.0320201
        1013     7.65099     7.61424   0.0319885
        1014     7.65616     7.61428    0.031957
        1015     7.65997     7.61433   0.0319255
        1016     7.66454     7.61438   0.0318942
        1017     7.66844     7.61443   0.0318628
        1018     7.67309     7.61449   0.0318316
        1019     7.67847     7.61455   0.0318004
        1020     7.68247     7.61462   0.0317693
        1021     7.68861     7.61469   0.0317383
        1022     7.69053     7.61476   0.0317073
        1023     7.69528     7.61484   0.0316764
        1024     7.70003     7.61493   0.0316456
        1025     7.70479     7.61501   0.0316148
        1026     7.70953     7.61511   0.0315842
        1027     7.71356      7.6152   0.0315535
        1028     7.71897      7.6153    0.031523
        1029     7.72366     7.61541   0.0314926
        1030     7.72901     7.61552   0.0314622
        1031     7.73292     7.61563   0.0314319
        1032     7.73748     7.61575   0.0314016
        1033     7.74269     7.61587   0.0313715
        1034     7.74784       7.616   0.0313414
        1035     7.75222     7.61613   0.0313114
        1036     7.75724     7.61627   0.0312815
        1037     7.76076     7.61641   0.0312516
        1038     7.76491     7.61655   0.0312218
        1039     7.76896      7.6167   0.0311921
        1040     7.77361     7.61685   0.0311625
        1041     7.77816       7.617   0.0311329
        1042     7.78189     7.61716   0.0311035
        1043     7.78691     7.61732   0.0310741
        1044     7.79039     7.61749   0.0310447
        1045     7.79374     7.61766   0.0310155
        1046     7.79694     7.61783   0.0309863
        1047      7.7993       7.618   0.0309572
        1048     7.80221     7.61818   0.0309282
        1049     7.80355     7.61836   0.0308992
        1050     7.80543     7.61853   0.0308703
        1051     7.80856     7.61871   0.0308414
        1052     7.80939      7.6189   0.0308126
        1053     7.81216     7.61908   0.0307839
        1054     7.81404     7.61926   0.0307553
        1055     7.81503     7.61945   0.0307267
        1056     7.81653     7.61964   0.0306982
        1057     7.81713     7.61982   0.0306697
        1058     7.81682     7.62001   0.0306413
        1059     7.81771      7.6202   0.0306129
        1060      7.8177     7.62038   0.0305846
        1061     7.81889     7.62057   0.0305563
        1062     7.81986     7.62076   0.0305281
        1063     7.82063     7.62095      0.0305
        1064     7.82047     7.62113   0.0304719
        1065      7.8194     7.62132   0.0304439
        1066     7.81882      7.6215   0.0304159
        1067     7.81872     7.62169   0.0303879
        1068     7.81771     7.62187     0.03036
        1069     7.81719     7.62206   0.0303322
        1070     7.81646     7.62224   0.0303044
        1071      7.8141     7.62242   0.0302766
        1072     7.81224     7.62259   0.0302489
        1073     7.81018     7.62277   0.0302212
        1074     7.80722     7.62294   0.0301935
        1075     7.80475     7.62311   0.0301659
        1076     7.80139     7.62327   0.0301383
        1077     7.79784     7.62344   0.0301108
        1078     7.79411      7.6236   0.0300833
        1079      7.7909     7.62375   0.0300558
        1080     7.78893      7.6239   0.0300284
        1081     7.78468     7.62405    0.030001
        1082     7.78097      7.6242   0.0299736
        1083     7.77711     7.62434   0.0299462
        1084      7.7724     7.62447   0.0299189
        1085     7.76826     7.62461   0.0298916
        1086     7.76329     7.62474   0.0298644
        1087      7.7589     7.62486   0.0298372
        1088     7.75722     7.62498     0.02981
        1089     7.75121      7.6251   0.0297828
        1090     7.74722     7.62521   0.0297557
        1091     7.74173     7.62531   0.0297286
        1092     7.73688     7.62542   0.0297016
        1093     7.73196     7.62551   0.0296746
        1094     7.72911     7.62561   0.0296476
        1095     7.72409      7.6257   0.0296207
        1096     7.71974     7.62579   0.0295938
        1097     7.71326     7.62586   0.0295669
        1098     7.70887     7.62594   0.0295401
        1099     7.70448     7.62601   0.0295133
        1100      7.7008     7.62608   0.0294865
        1101     7.69714     7.62614   0.0294598
        1102     7.69279      7.6262   0.0294331
        1103     7.68777     7.62626   0.0294065
        1104      7.6835     7.62631   0.0293799
        1105     7.67715     7.62636   0.0293534
        1106     7.67158      7.6264   0.0293269
        1107     7.66608     7.62644   0.0293004
        1108     7.66206     7.62647    0.029274
        1109     7.65742      7.6265   0.0292476
        1110     7.65217     7.62652   0.0292212
        1111     7.64772     7.62654   0.0291949
        1112     7.64479     7.62655   0.0291687
        1113     7.63915     7.62657   0.0291425
        1114     7.63574     7.62657   0.0291163
        1115     7.63175     7.62658   0.0290902
        1116      7.6286     7.62658   0.0290641
        1117     7.62346     7.62658   0.0290381
        1118     7.61987     7.62657   0.0290122
        1119     7.61642     7.62656   0.0289862
        1120     7.61382     7.62655   0.0289604
        1121     7.61137     7.62654   0.0289345
        1122     7.60765     7.62652   0.0289087
        1123      7.6055      7.6265    0.028883
        1124     7.60137     7.62648   0.0288573
        1125     7.59952     7.62646   0.0288317
        1126     7.59712     7.62643   0.0288061
        1127     7.59487      7.6264   0.0287805
        1128     7.59136     7.62637    0.028755
        1129     7.59013     7.62634   0.0287296
        1130     7.58834      7.6263   0.0287042
        1131       7.586     7.62627   0.0286788
        1132     7.58239     7.62623   0.0286535
        1133     7.58175     7.62619   0.0286282
        1134     7.58055     7.62615    0.028603
        1135     7.57949     7.62611   0.0285779
        1136     7.57997     7.62607   0.0285527
        1137     7.57776     7.62603   0.0285277
        1138     7.57709     7.62598   0.0285026
        1139     7.57654     7.62594   0.0284776
        1140     7.57611      7.6259   0.0284527
        1141     7.57509     7.62585   0.0284278
        1142     7.57417     7.62581   0.0284029
        1143     7.57687     7.62576   0.0283781
        1144     7.57756     7.62572   0.0283533
        1145     7.57833     7.62568   0.0283286
        1146     7.57847     7.62564   0.0283039
        1147      7.5787      7.6256   0.0282793
        1148     7.57898     7.62556   0.0282547
        1149     7.57933     7.62552   0.0282301
        1150     7.57762     7.62548   0.0282056
        1151     7.57736     7.62543   0.0281811
        1152     7.57715     7.62539   0.0281567
        1153     7.57767     7.62535   0.0281323
        1154     7.57822     7.62531   0.0281079
        1155     7.57809     7.62527   0.0280836
        1156     7.57797     7.62523   0.0280594
        1157     7.57785     7.62519   0.0280351
        1158     7.57702     7.62515    0.028011
        1159     7.57759      7.6251   0.0279868
        1160     7.57673     7.62506   0.0279627
        1161     7.57725     7.62502   0.0279387
        1162     7.57775     7.62498   0.0279147
        1163     7.57892     7.62494   0.0278907
        1164     7.57934      7.6249   0.0278667
        1165      7.5797     7.62486   0.0278429
        1166     7.57931     7.62482    0.027819
        1167     7.58168     7.62479   0.0277952
        1168     7.58256     7.62475   0.0277714
        1169     7.58268     7.62471   0.0277477
        1170     7.58201     7.62468    0.027724
        1171     7.58196     7.62464   0.0277003
        1172     7.58183     7.62461   0.0276767
        1173     7.58091     7.62457   0.0276532
        1174     7.58059     7.62453   0.0276296
        1175     7.58089     7.62449   0.0276061
        1176     7.57897     7.62445   0.0275827
        1177     7.57694     7.62441   0.0275593
        1178     7.57622     7.62437   0.0275359
        1179     7.57539     7.62433   0.0275126
        1180     7.57586     7.62429   0.0274893
        1181     7.57552     7.62425   0.0274661
        1182     7.57506     7.62421   0.0274429
        1183     7.57308     7.62416   0.0274197
        1184     7.57169     7.62412   0.0273966
        1185     7.56947     7.62407   0.0273735
        1186     7.56856     7.62403   0.0273505
        1187     7.56824     7.62398   0.0273275
        1188     7.56639     7.62393   0.0273045
        1189     7.56442     7.62388   0.0272816
        1190     7.56306     7.62383   0.0272587
        1191     7.56158     7.62378   0.0272359
        1192        7.56     7.62373   0.0272131
        1193      7.5583     7.62367   0.0271903
        1194     7.55581     7.62361   0.0271676
        1195      7.5525     7.62355   0.0271449
        1196     7.54769     7.62349   0.0271223
        1197      7.5442     7.62342   0.0270997
        1198     7.54061     7.62336   0.0270772
        1199     7.53695     7.62328   0.0270547
        1200     7.53461     7.62321   0.0270323
        1201     7.53149     7.62313   0.0270099
        1202     7.52759     7.62305   0.0269875
        1203     7.52434     7.62297   0.0269652
        1204     7.52102     7.62289   0.0269429
        1205     7.51553      7.6228   0.0269207
        1206     7.51069      7.6227   0.0268986
        1207     7.50722     7.62261   0.0268764
        1208      7.5037     7.62251   0.0268544
        1209     7.50015     7.62241   0.0268324
        1210     7.49728     7.62231   0.0268104
        1211     7.49439      7.6222   0.0267885
        1212     7.49148     7.62209   0.0267666
        1213     7.48715     7.62198   0.0267447
        1214     7.48352     7.62187   0.0267229
        1215     7.47848     7.62175   0.0267012
        1216     7.47345     7.62163   0.0266795
        1217     7.46772      7.6215   0.0266579
        1218     7.46483     7.62137   0.0266363
        1219     7.46126     7.62124   0.0266148
        1220     7.45843     7.62111   0.0265933
        1221     7.45563     7.62097   0.0265719
        1222     7.45288     7.62083   0.0265505
        1223     7.45017     7.62069   0.0265292
        1224     7.44681     7.62055   0.0265079
        1225      7.4428     7.62041   0.0264866
        1226     7.43955     7.62026   0.0264654
        1227     7.43496     7.62011   0.0264443
        1228     7.43115     7.61995   0.0264232
        1229     7.42952      7.6198   0.0264022
        1230     7.42586     7.61964   0.0263812
        1231     7.42228     7.61948   0.0263602
        1232     7.41737     7.61932   0.0263393
        1233     7.41538     7.61915   0.0263185
        1234     7.41347     7.61899   0.0262977
        1235     7.41166     7.61882   0.0262769
        1236     7.40783     7.61865   0.0262562
        1237      7.4041     7.61847   0.0262356
        1238     7.40258      7.6183    0.026215
        1239     7.39976     7.61812   0.0261944
        1240     7.39844     7.61795   0.0261739
        1241     7.39653     7.61777   0.0261534
        1242     7.39402     7.61759    0.026133
        1243     7.39232     7.61741   0.0261126
        1244     7.39144     7.61722   0.0260922
        1245     7.38784     7.61704   0.0260719
        1246     7.38575     7.61685   0.0260516
        1247     7.38378     7.61667   0.0260314
        1248     7.38331     7.61648   0.0260112
        1249     7.38225     7.61629   0.0259911
        1250       7.382     7.61611    0.025971
        1251     7.38115     7.61592   0.0259509
        1252     7.37899     7.61573   0.0259308
        1253     7.37764     7.61554   0.0259108
        1254     7.37638     7.61535   0.0258909
        1255     7.37593     7.61516   0.0258709
        1256     7.37487     7.61497   0.0258511
        1257     7.37248     7.61477   0.0258312
        1258     7.37301     7.61458   0.0258114
        1259     7.37292     7.61439   0.0257916
        1260     7.37363      7.6142   0.0257718
        1261     7.37371     7.61401   0.0257521
        1262     7.37458     7.61382   0.0257324
        1263     7.37269     7.61363   0.0257127
        1264     7.37371     7.61344   0.0256931
        1265      7.3748     7.61325   0.0256735
        1266     7.37595     7.61306   0.0256539
        1267     7.37717     7.61287   0.0256343
        1268     7.37634     7.61269   0.0256148
        1269     7.37697      7.6125   0.0255953
        1270     7.37837     7.61232   0.0255758
        1271     7.38124     7.61214   0.0255563
        1272     7.38132     7.61195   0.0255368
        1273     7.38288     7.61177   0.0255174
        1274     7.38447      7.6116    0.025498
        1275     7.38681     7.61142   0.0254786
        1276     7.38849     7.61124   0.0254593
        1277     7.38879     7.61107   0.0254399
        1278     7.39124      7.6109   0.0254206
        1279     7.39231     7.61073   0.0254013
        1280     7.39271     7.61056    0.025382
        1281     7.39313     7.61039   0.0253628
        1282     7.39429     7.61022   0.0253435
        1283     7.39405     7.61005   0.0253244
        1284     7.39454     7.60988   0.0253052
        1285     7.39292     7.60971   0.0252861
        1286     7.39484     7.60955   0.0252669
        1287     7.39608     7.60938   0.0252479
        1288     7.39731     7.60922   0.0252288
        1289     7.39926     7.60905   0.0252097
        1290      7.3998     7.60889   0.0251907
        1291     7.40105     7.60873   0.0251717
        1292     7.40229     7.60857   0.0251528
        1293     7.40212     7.60841   0.0251338
        1294     7.40617     7.60825   0.0251149
        1295      7.4088      7.6081   0.0250959
        1296        7.41     7.60795    0.025077
        1297      7.4126      7.6078   0.0250582
        1298     7.41377     7.60765   0.0250393
        1299     7.41563      7.6075   0.0250205
        1300     7.41676     7.60735   0.0250017
        1301     7.41998     7.60721   0.0249828
        1302     7.42104     7.60707   0.0249641
        1303     7.42208     7.60692   0.0249453
        1304     7.42167     7.60678   0.0249266
        1305     7.42192     7.60664   0.0249079
        1306     7.42426      7.6065   0.0248892
        1307     7.42584     7.60636   0.0248706
        1308     7.42597     7.60622   0.0248519
        1309     7.42675     7.60609   0.0248333
        1310     7.42749     7.60595   0.0248147
        1311     7.42817     7.60582   0.0247962
        1312      7.4281     7.60568   0.0247776
        1313     7.42725     7.60554   0.0247591
        1314     7.42846     7.60541   0.0247407
        1315     7.42819     7.60527   0.0247222
        1316     7.42785     7.60514   0.0247038
        1317     7.42816     7.60501   0.0246854
        1318     7.42839     7.60487    0.024667
        1319     7.42855     7.60474   0.0246487
        1320     7.43146     7.60461   0.0246304
        1321     7.43147     7.60448   0.0246121
        1322      7.4321     7.60435   0.0245938
        1323     7.43196     7.60421   0.0245756
        1324     7.43104     7.60408   0.0245574
        1325     7.43144     7.60395   0.0245392
        1326     7.42965     7.60382    0.024521
        1327     7.42991     7.60369   0.0245029
        1328     7.43008     7.60356   0.0244848
        1329     7.43088     7.60343   0.0244667
        1330     7.42948      7.6033   0.0244487
        1331     7.42872     7.60317   0.0244306
        1332     7.42717     7.60304   0.0244127
        1333     7.42626      7.6029   0.0243947
        1334     7.42527     7.60277   0.0243768
        1335     7.42352     7.60264   0.0243589
        1336     7.42311      7.6025    0.024341
        1337     7.42193     7.60237   0.0243232
        1338     7.41928     7.60223   0.0243054
        1339      7.4187     7.60209   0.0242876
        1340     7.41877     7.60196   0.0242699
        1341     7.41808     7.60182   0.0242522
        1342     7.41665     7.60168   0.0242345
        1343     7.41518     7.60154   0.0242169
        1344     7.41297      7.6014   0.0241992
        1345     7.41285     7.60126   0.0241817
        1346     7.40989     7.60112   0.0241641
        1347     7.40902     7.60098   0.0241466
        1348     7.40886     7.60083   0.0241291
        1349     7.40798     7.60069   0.0241116
        1350     7.40569     7.60055   0.0240942
        1351     7.40412      7.6004   0.0240768
        1352     7.40257     7.60026   0.0240595
        1353     7.40104     7.60011   0.0240421
        1354     7.39883     7.59996   0.0240248
        1355     7.39807     7.59981   0.0240076
        1356     7.39736     7.59966   0.0239903
        1357       7.396     7.59951   0.0239731
        1358     7.39398     7.59936   0.0239559
        1359     7.39204     7.59921   0.0239388
        1360     7.39087     7.59905   0.0239217
        1361      7.3919      7.5989   0.0239046
        1362     7.39161     7.59875   0.0238875
        1363      7.3907      7.5986   0.0238705
        1364     7.39132     7.59845   0.0238535
        1365     7.39133     7.59829   0.0238365
        1366     7.39076     7.59814   0.0238195
        1367     7.39031     7.59799   0.0238026
        1368     7.38929     7.59784   0.0237857
        1369     7.38981     7.59768   0.0237688
        1370     7.38766     7.59753   0.0237519
        1371     7.38706     7.59738   0.0237351
        1372     7.38732     7.59722   0.0237183
        1373     7.38845     7.59707   0.0237015
        1374     7.39045     7.59692   0.0236847
        1375      7.3905     7.59677    0.023668
        1376     7.39073     7.59662   0.0236512
        1377     7.39395     7.59648   0.0236345
        1378     7.39595     7.59633   0.0236178
        1379     7.39601     7.59618   0.0236011
        1380     7.39697     7.59604   0.0235845
        1381     7.39742      7.5959   0.0235678
        1382     7.39806     7.59575   0.0235512
        1383     7.40102     7.59561   0.0235346
        1384     7.40417     7.59547    0.023518
        1385     7.40612     7.59534   0.0235014
        1386     7.40827      7.5952   0.0234849
        1387     7.41344     7.59507   0.0234683
        1388     7.41529     7.59494   0.0234517
        1389     7.41946     7.59482   0.0234352
        1390     7.42242     7.59469   0.0234187
        1391     7.42699     7.59457   0.0234021
        1392     7.43177     7.59445   0.0233856
        1393     7.43675     7.59434   0.0233691
        1394     7.44051     7.59423   0.0233526
        1395     7.44588     7.59412   0.0233361
        1396     7.45073     7.59402   0.0233196
        1397     7.45507     7.59392   0.0233031
        1398     7.45959     7.59383   0.0232867
        1399     7.46571     7.59373   0.0232702
        1400     7.46988     7.59365   0.0232537
        1401     7.47494     7.59356   0.0232373
        1402     7.48016     7.59348   0.0232209
        1403     7.48554      7.5934   0.0232044
        1404     7.49179     7.59333    0.023188
        1405     7.49819     7.59326   0.0231716
        1406     7.50614      7.5932   0.0231552
        1407     7.51211     7.59314   0.0231388
        1408     7.51893     7.59309   0.0231225
        1409     7.52445     7.59304   0.0231061
        1410     7.53221       7.593   0.0230898
        1411     7.53938     7.59296   0.0230734
        1412     7.54665     7.59293   0.0230571
        1413     7.55331      7.5929   0.0230408
        1414     7.56147     7.59288   0.0230245
        1415      7.5683     7.59286   0.0230083
        1416     7.57592     7.59285    0.022992
        1417     7.58359     7.59284   0.0229758
        1418     7.59203     7.59284   0.0229596
        1419     7.59981     7.59285   0.0229434
        1420     7.60834     7.59286   0.0229273
        1421     7.61549     7.59287   0.0229111
        1422     7.62478      7.5929    0.022895
        1423     7.63338     7.59292    0.022879
        1424     7.64128     7.59296   0.0228629
        1425     7.64918       7.593   0.0228469
        1426     7.65637     7.59304   0.0228309
        1427     7.66496     7.59309    0.022815
        1428     7.67282     7.59315   0.0227991
        1429     7.68135     7.59321   0.0227832
        1430     7.68914     7.59328   0.0227674
        1431     7.69759     7.59335   0.0227516
        1432     7.70528     7.59343   0.0227358
        1433     7.71362     7.59351   0.0227201
        1434     7.71977      7.5936   0.0227044
        1435     7.72726     7.59369   0.0226888
        1436     7.73537     7.59379   0.0226732
        1437     7.74269      7.5939   0.0226577
        1438     7.74921       7.594   0.0226422
        1439     7.75633     7.59412   0.0226267
        1440     7.76406     7.59423   0.0226113
        1441     7.77096     7.59436    0.022596
        1442     7.77704     7.59448   0.0225806
        1443     7.78512     7.59462   0.0225654
        1444     7.79235     7.59475   0.0225502
        1445     7.79874     7.59489    0.022535
        1446     7.80429     7.59504   0.0225199
        1447     7.81039     7.59519   0.0225048
        1448     7.81493     7.59534   0.0224898
        1449     7.82285      7.5955   0.0224748
        1450     7.82778     7.59566   0.0224599
        1451     7.83254     7.59582    0.022445
        1452     7.83924     7.59599   0.0224302
        1453     7.84577     7.59616   0.0224154
        1454        7.85     7.59633   0.0224007
        1455     7.85475     7.59651    0.022386
        1456     7.85861     7.59669   0.0223713
        1457     7.86157     7.59687   0.0223567
        1458     7.86504     7.59706   0.0223421
        1459     7.86831     7.59724   0.0223276
        1460     7.87137     7.59743   0.0223131
        1461     7.87422     7.59762   0.0222986
        1462     7.87756     7.59781   0.0222842
        1463     7.88139     7.59801   0.0222698
        1464     7.88429      7.5982   0.0222554
        1465     7.88839      7.5984   0.0222411
        1466     7.89085      7.5986   0.0222269
        1467     7.89307      7.5988   0.0222126
        1468     7.89578       7.599   0.0221984
        1469     7.89542      7.5992   0.0221842
        1470     7.89836     7.59941     0.02217
        1471     7.89895     7.59961   0.0221559
        1472         7.9     7.59981   0.0221418
        1473     7.90081     7.60002   0.0221277
        1474     7.90137     7.60022   0.0221136
        1475      7.9024     7.60043   0.0220996
        1476     7.90248     7.60063   0.0220856
        1477     7.90161     7.60084   0.0220716
        1478      7.9019     7.60104   0.0220576
        1479     7.90124     7.60124   0.0220436
        1480     7.89963     7.60145   0.0220296
        1481     7.89777     7.60165   0.0220156
        1482     7.89637     7.60184   0.0220017
        1483     7.89473     7.60204   0.0219877
        1484     7.89425     7.60224   0.0219738
        1485     7.89353     7.60243   0.0219599
        1486     7.89186     7.60263    0.021946
        1487     7.88783     7.60282    0.021932
        1488     7.88639     7.60301   0.0219181
        1489     7.88259      7.6032   0.0219042
        1490     7.87927     7.60338   0.0218903
        1491     7.87571     7.60357   0.0218764
        1492     7.87122     7.60375   0.0218625
        1493     7.86722     7.60392   0.0218485
        1494     7.86299      7.6041   0.0218346
        1495     7.85926     7.60427   0.0218207
        1496     7.85389     7.60443   0.0218067
        1497     7.84903      7.6046   0.0217927
        1498     7.84468     7.60476   0.0217788
        1499     7.83801     7.60491   0.0217648
        1500     7.83186     7.60506   0.0217508
        1501     7.82905     7.60521   0.0217369
        1502     7.82324     7.60536   0.0217229
        1503     7.81584      7.6055   0.0217089
        1504     7.80898     7.60563   0.0216949
        1505     7.80338     7.60577   0.0216808
        1506     7.79691     7.60589   0.0216668
        1507      7.7903     7.60602   0.0216528
        1508     7.78355     7.60613   0.0216387
        1509     7.77739     7.60625   0.0216247
        1510     7.77039     7.60636   0.0216107
        1511     7.76257     7.60646   0.0215966
        1512     7.75606     7.60656   0.0215825
        1513     7.74804     7.60665   0.0215685
        1514     7.74063     7.60674   0.0215544
        1515     7.73314     7.60682   0.0215403
        1516     7.72416      7.6069   0.0215263
        1517     7.71723     7.60697   0.0215122
        1518     7.70882     7.60704   0.0214981
        1519     7.70178      7.6071   0.0214841
        1520     7.69398     7.60716     0.02147
        1521     7.68615     7.60721    0.021456
        1522     7.68041     7.60726   0.0214419
        1523     7.67323      7.6073   0.0214279
        1524     7.66534     7.60734   0.0214139
        1525     7.65814     7.60737   0.0213998
        1526     7.65094      7.6074   0.0213858
        1527     7.64092     7.60742   0.0213719
        1528     7.63374     7.60744   0.0213579
        1529     7.62517     7.60745   0.0213439
        1530     7.61875     7.60746     0.02133
        1531     7.61095     7.60746    0.021316
        1532     7.60249     7.60746   0.0213021
        1533     7.59549     7.60745   0.0212882
        1534     7.58713     7.60744   0.0212743
        1535     7.58024     7.60742   0.0212605
        1536     7.57201      7.6074   0.0212467
        1537     7.56455     7.60737   0.0212329
        1538     7.55717     7.60734   0.0212191
        1539     7.54986      7.6073   0.0212053
        1540     7.54194     7.60726   0.0211916
        1541     7.53553     7.60721   0.0211779
        1542      7.5285     7.60716   0.0211642
        1543     7.52015      7.6071   0.0211506
        1544     7.51403     7.60704    0.021137
        1545     7.50802     7.60698   0.0211234
        1546     7.50142     7.60691   0.0211098
        1547     7.49352     7.60684   0.0210963
        1548     7.48715     7.60676   0.0210828
        1549     7.48019     7.60668   0.0210694
        1550     7.47478     7.60659    0.021056
        1551     7.47019     7.60651   0.0210426
        1552     7.46433     7.60641   0.0210292
        1553     7.45789     7.60632   0.0210159
        1554     7.45159     7.60622   0.0210026
        1555     7.44543     7.60612   0.0209893
        1556     7.44081     7.60601   0.0209761
        1557     7.43422      7.6059   0.0209629
        1558      7.4299     7.60579   0.0209498
        1559     7.42501     7.60567   0.0209367
        1560     7.41957     7.60555   0.0209236
        1561     7.41711     7.60543   0.0209105
        1562     7.41338     7.60531   0.0208975
        1563     7.41051     7.60518   0.0208845
        1564     7.40568     7.60506   0.0208715
        1565     7.40171     7.60493   0.0208586
        1566     7.39861     7.60479   0.0208457
        1567     7.39496     7.60466   0.0208328
        1568     7.39077     7.60452     0.02082
        1569     7.38816     7.60439   0.0208072
        1570       7.385     7.60425   0.0207944
        1571      7.3806      7.6041   0.0207816
        1572     7.37567     7.60396   0.0207689
        1573     7.37231     7.60381   0.0207563
        1574     7.36983     7.60366   0.0207436
        1575      7.3654     7.60351    0.020731
        1576     7.36256     7.60336   0.0207184
        1577      7.3613      7.6032   0.0207058
        1578     7.36022     7.60305   0.0206933
        1579     7.35861      7.6029   0.0206807
        1580     7.35718     7.60274   0.0206682
        1581     7.35593     7.60258   0.0206558
        1582     7.35485     7.60243   0.0206433
        1583     7.35255     7.60227   0.0206309
        1584     7.35042     7.60211   0.0206184
        1585      7.3506     7.60195    0.020606
        1586     7.35236     7.60179   0.0205937
        1587      7.3522     7.60164   0.0205813
        1588      7.3508     7.60148   0.0205689
        1589     7.34888     7.60132   0.0205566
        1590     7.34926     7.60116   0.0205443
        1591     7.34912       7.601    0.020532
        1592     7.35058     7.60085   0.0205197
        1593      7.3508     7.60069   0.0205074
        1594     7.35192     7.60053   0.0204951
        1595     7.35322     7.60038   0.0204829
        1596      7.3547     7.60022   0.0204706
        1597     7.35708     7.60007   0.0204584
        1598     7.35821     7.59992   0.0204461
        1599     7.36024     7.59977   0.0204339
        1600     7.36174     7.59962   0.0204217
        1601     7.36271     7.59947   0.0204094
        1602     7.36456     7.59933   0.0203972
        1603       7.368     7.59918    0.020385
        1604     7.37302     7.59904   0.0203728
        1605      7.3775      7.5989   0.0203606
        1606     7.37863     7.59877   0.0203483
        1607     7.38133     7.59863   0.0203361
        1608     7.38419      7.5985   0.0203239
        1609     7.38863     7.59837   0.0203117
        1610      7.3911     7.59824   0.0202995
        1611     7.39585     7.59811   0.0202873
        1612     7.40075     7.59799   0.0202751
        1613     7.40368     7.59787   0.0202629
        1614     7.40675     7.59775   0.0202507
        1615     7.41067     7.59764   0.0202384
        1616     7.41543     7.59752   0.0202262
        1617     7.41892     7.59741    0.020214
        1618     7.42535     7.59731   0.0202018
        1619     7.42978      7.5972   0.0201896
        1620     7.43575      7.5971   0.0201774
        1621     7.44112     7.59701   0.0201652
        1622     7.44731     7.59691   0.0201529
        1623     7.45219     7.59683   0.0201407
        1624     7.45858     7.59674   0.0201285
        1625     7.46506     7.59666   0.0201163
        1626     7.47021     7.59658   0.0201041
        1627     7.47616     7.59651   0.0200918
        1628     7.48218     7.59644   0.0200796
        1629     7.48756     7.59637   0.0200674
        1630     7.49371     7.59631   0.0200552
        1631     7.50204     7.59625    0.020043
        1632     7.50831      7.5962   0.0200308
        1633     7.51532     7.59615   0.0200186
        1634     7.52309      7.5961   0.0200064
        1635     7.52947     7.59606   0.0199942
        1636     7.53588     7.59602    0.019982
        1637     7.54514     7.59599   0.0199698
        1638     7.55159     7.59597   0.0199576
        1639     7.55735     7.59594   0.0199455
        1640     7.56381     7.59592   0.0199333
        1641     7.57027     7.59591   0.0199212
        1642     7.57602     7.59589    0.019909
        1643     7.58388     7.59589   0.0198969
        1644      7.5903     7.59588   0.0198848
        1645     7.59741     7.59589   0.0198727
        1646     7.60448     7.59589   0.0198607
        1647     7.61081      7.5959   0.0198486
        1648      7.6171     7.59591   0.0198366
        1649     7.62264     7.59593   0.0198245
        1650     7.62884     7.59595   0.0198125
        1651     7.63639     7.59597   0.0198006
        1652     7.64175       7.596   0.0197886
        1653     7.64635     7.59603   0.0197766
        1654     7.65158     7.59606   0.0197647
        1655     7.65744      7.5961   0.0197528
        1656     7.66321     7.59614   0.0197409
        1657     7.66749     7.59619    0.019729
        1658     7.67309     7.59623   0.0197172
        1659     7.67789     7.59628   0.0197054
        1660      7.6833     7.59633   0.0196936
        1661     7.68719     7.59639   0.0196818
        1662     7.69239     7.59645     0.01967
        1663     7.69819     7.59651   0.0196583
        1664     7.70176     7.59657   0.0196466
        1665     7.70803     7.59664   0.0196349
        1666     7.71277     7.59671   0.0196232
        1667     7.71739     7.59678   0.0196116
        1668      7.7226     7.59685      0.0196
        1669     7.72767     7.59693   0.0195884
        1670      7.7319     7.59701   0.0195768
        1671       7.736      7.5971   0.0195653
        1672     7.73996     7.59718   0.0195538
        1673     7.74379     7.59727   0.0195423
        1674     7.74676     7.59736   0.0195308
        1675     7.75313     7.59745   0.0195194
        1676     7.75722     7.59755    0.019508
        1677     7.75976     7.59764   0.0194966
        1678     7.76356     7.59774   0.0194852
        1679     7.76792     7.59784   0.0194739
        1680     7.77071     7.59795   0.0194626
        1681     7.77405     7.59805   0.0194513
        1682     7.77654     7.59816     0.01944
        1683     7.78028     7.59827   0.0194287
        1684     7.78245     7.59838   0.0194175
        1685     7.78447     7.59849   0.0194063
        1686     7.78633      7.5986   0.0193951
        1687     7.78874     7.59871   0.0193839
        1688     7.78958     7.59882   0.0193728
        1689     7.79308     7.59894   0.0193617
        1690     7.79572     7.59906   0.0193505
        1691     7.79679     7.59917   0.0193395
        1692      7.7977     7.59929   0.0193284
        1693     7.79846     7.59941   0.0193173
        1694     7.79978     7.59953   0.0193063
        1695     7.80024     7.59964   0.0192953
        1696     7.80055     7.59976   0.0192842
        1697     7.80142     7.59988   0.0192732
        1698     7.80215         7.6   0.0192623
        1699     7.80203     7.60012   0.0192513
        1700     7.80318     7.60024   0.0192403
        1701     7.80207     7.60036   0.0192294
        1702     7.80155     7.60048   0.0192185
        1703     7.80089     7.60059   0.0192075
        1704     7.80222     7.60071   0.0191966
        1705      7.8006     7.60083   0.0191857
        1706     7.79887     7.60094   0.0191748
        1707     7.79701     7.60106   0.0191639
        1708     7.79717     7.60117   0.0191531
        1709     7.79581     7.60129   0.0191422
        1710     7.79435      7.6014   0.0191313
        1711      7.7928     7.60151   0.0191205
        1712     7.79116     7.60162   0.0191096
        1713     7.78943     7.60173   0.0190988
        1714     7.78691     7.60184    0.019088
        1715     7.78503     7.60195   0.0190771
        1716     7.78379     7.60205   0.0190663
        1717     7.78248     7.60216   0.0190555
        1718     7.78041     7.60226   0.0190447
        1719      7.7783     7.60237   0.0190339
        1720     7.77543     7.60247   0.0190231
        1721     7.77464     7.60257   0.0190123
        1722      7.7717     7.60266   0.0190015
        1723     7.76874     7.60276   0.0189907
        1724     7.76576     7.60286   0.0189799
        1725     7.76488     7.60295   0.0189692
        1726     7.76329     7.60304   0.0189584
        1727     7.76028     7.60313   0.0189476
        1728     7.75728     7.60322   0.0189369
        1729     7.75428     7.60331   0.0189261
        1730     7.75201      7.6034   0.0189154
        1731     7.74976     7.60348   0.0189047
        1732     7.74754     7.60356   0.0188939
        1733     7.74605     7.60365   0.0188832
        1734      7.7439     7.60373   0.0188725
        1735     7.74108     7.60381   0.0188618
        1736     7.73901     7.60388   0.0188511
        1737       7.737     7.60396   0.0188404
        1738     7.73503     7.60404   0.0188297
        1739     7.73313     7.60411    0.018819
        1740     7.73199     7.60418   0.0188083
        1741     7.73021     7.60426   0.0187977
        1742     7.72779     7.60433    0.018787
        1743     7.72685      7.6044   0.0187764
        1744     7.72598     7.60447   0.0187657
        1745     7.72377     7.60454   0.0187551
        1746     7.72093      7.6046   0.0187445
        1747     7.71887     7.60467   0.0187339
        1748     7.71759     7.60473   0.0187232
        1749     7.71568      7.6048   0.0187126
        1750     7.71385     7.60486   0.0187021
        1751     7.71138     7.60492   0.0186915
        1752      7.7104     7.60498   0.0186809
        1753     7.70808     7.60504   0.0186703
        1754     7.70654      7.6051   0.0186598
        1755     7.70648     7.60515   0.0186492
        1756     7.70436     7.60521   0.0186387
        1757     7.70301     7.60527   0.0186282
        1758     7.70314     7.60532   0.0186177
        1759     7.70263     7.60538   0.0186072
        1760     7.70216     7.60543   0.0185967
        1761     7.70175     7.60549   0.0185862
        1762     7.70068     7.60554   0.0185757
        1763     7.70036     7.60559   0.0185653
        1764     7.70078     7.60565   0.0185548
        1765     7.69982      7.6057   0.0185444
        1766     7.69889     7.60575    0.018534
        1767     7.69728     7.60581   0.0185235
        1768      7.6978     7.60586   0.0185131
        1769     7.69763     7.60591   0.0185027
        1770     7.69887     7.60596   0.0184924
        1771     7.70011     7.60602    0.018482
        1772     7.70206     7.60607   0.0184717
        1773     7.70328     7.60612   0.0184613
        1774     7.70307     7.60618    0.018451
        1775     7.70143     7.60623   0.0184407
        1776     7.70046     7.60629   0.0184304
        1777     7.70087     7.60634   0.0184201
        1778     7.70053     7.60639   0.0184098
        1779     7.69872     7.60644   0.0183995
        1780     7.69828      7.6065   0.0183892
        1781     7.69777     7.60655    0.018379
        1782     7.69649      7.6066   0.0183688
        1783     7.69655     7.60665   0.0183585
        1784     7.69583      7.6067   0.0183483
        1785     7.69503     7.60675   0.0183381
        1786     7.69414      7.6068   0.0183279
        1787     7.69315     7.60684   0.0183177
        1788     7.69278     7.60689   0.0183075
        1789     7.69088     7.60694   0.0182973
        1790     7.68677     7.60698   0.0182872
        1791     7.68607     7.60703    0.018277
        1792     7.68456     7.60707   0.0182669
        1793     7.68363     7.60711   0.0182567
        1794     7.68046     7.60715   0.0182466
        1795     7.67789     7.60719   0.0182365
        1796      7.6773     7.60723   0.0182264
        1797     7.67518     7.60727   0.0182163
        1798     7.67223     7.60731   0.0182062
        1799     7.66985     7.60734   0.0181961
        1800     7.66735     7.60738    0.018186
        1801     7.66471     7.60741   0.0181759
        1802     7.66195     7.60744   0.0181659
        1803     7.65906     7.60747   0.0181558
        1804     7.65533     7.60749   0.0181458
        1805     7.65218     7.60752   0.0181357
        1806     7.64891     7.60754   0.0181257
        1807     7.64552     7.60756   0.0181157
        1808     7.64129     7.60758   0.0181057
        1809     7.63765      7.6076   0.0180957
        1810      7.6346     7.60761   0.0180857
        1811      7.6279     7.60762   0.0180757
        1812     7.62463     7.60763   0.0180657
        1813     7.62054     7.60764   0.0180558
        1814     7.61423     7.60764   0.0180458
        1815     7.60994     7.60764   0.0180359
        1816     7.60625     7.60764   0.0180259
        1817     7.60107     7.60764    0.018016
        1818     7.59792     7.60763   0.0180061
        1819     7.59328     7.60763   0.0179962
        1820     7.58785     7.60762   0.0179863
        1821     7.58377      7.6076   0.0179764
        1822     7.57751     7.60759   0.0179666
        1823     7.57119     7.60757   0.0179567
        1824     7.56694     7.60754   0.0179469
        1825     7.56194     7.60752   0.0179371
        1826     7.55902     7.60749   0.0179273
        1827     7.55395     7.60746   0.0179175
        1828     7.54885     7.60743   0.0179077
        1829     7.54374      7.6074    0.017898
        1830     7.53862     7.60736   0.0178882
        1831     7.53209     7.60732   0.0178785
        1832     7.52768     7.60727   0.0178688
        1833     7.52328     7.60723   0.0178591
        1834     7.51819     7.60718   0.0178494
        1835     7.51453     7.60713   0.0178398
        1836     7.50809     7.60708   0.0178302
        1837      7.5031     7.60702   0.0178205
        1838     7.49957     7.60696   0.0178109
        1839     7.49467      7.6069   0.0178014
        1840     7.48772     7.60683   0.0177918
        1841     7.48366     7.60677   0.0177823
        1842     7.47756      7.6067   0.0177727
        1843     7.47294     7.60662   0.0177633
        1844     7.46771     7.60655   0.0177538
        1845     7.46469     7.60647   0.0177443
        1846     7.46036     7.60639   0.0177349
        1847     7.45614     7.60631   0.0177255
        1848     7.45203     7.60623   0.0177161
        1849     7.44804     7.60614   0.0177067
        1850     7.44418     7.60606   0.0176973
        1851     7.44044     7.60597    0.017688
        1852     7.43755     7.60587   0.0176787
        1853      7.4355     7.60578   0.0176694
        1854     7.43149     7.60569   0.0176601
        1855     7.42903     7.60559   0.0176508
        1856     7.42602      7.6055   0.0176416
        1857     7.42318      7.6054   0.0176324
        1858      7.4205      7.6053   0.0176232
        1859     7.41658      7.6052    0.017614
        1860     7.41425     7.60509   0.0176048
        1861     7.41281     7.60499   0.0175957
        1862     7.41085     7.60489   0.0175865
        1863     7.41048     7.60478   0.0175774
        1864     7.41171     7.60468   0.0175683
        1865     7.41102     7.60458   0.0175591
        1866     7.40983     7.60447     0.01755
        1867     7.40813     7.60437    0.017541
        1868     7.40733     7.60426   0.0175319
        1869     7.40674     7.60415   0.0175228
        1870     7.40637     7.60405   0.0175138
        1871      7.4062     7.60394   0.0175047
        1872     7.40696     7.60384   0.0174957
        1873     7.40934     7.60373   0.0174867
        1874     7.41124     7.60363   0.0174776
        1875     7.41264     7.60353   0.0174686
        1876     7.41357     7.60343   0.0174596
        1877     7.41471     7.60333   0.0174506
        1878     7.41608     7.60323   0.0174416
        1879     7.41839     7.60313   0.0174326
        1880      7.4188     7.60303   0.0174236
        1881     7.42086     7.60294   0.0174146
        1882     7.42455     7.60284   0.0174056
        1883     7.42706     7.60275   0.0173966
        1884     7.42838     7.60265   0.0173876
        1885     7.43135     7.60256   0.0173786
        1886     7.43455     7.60247   0.0173696
        1887     7.43797     7.60239   0.0173606
        1888     7.44374      7.6023   0.0173516
        1889     7.44691     7.60222   0.0173427
        1890     7.45102     7.60214   0.0173337
        1891     7.45394     7.60206   0.0173247
        1892      7.4585     7.60199   0.0173157
        1893     7.46257     7.60191   0.0173067
        1894     7.46616     7.60184   0.0172977
        1895     7.47208     7.60177   0.0172887
        1896     7.47752     7.60171   0.0172797
        1897     7.48387     7.60165   0.0172707
        1898     7.48973     7.60159   0.0172617
        1899     7.49651     7.60153   0.0172527
        1900     7.50278     7.60148   0.0172437
        1901     7.50926     7.60143   0.0172347
        1902     7.51382     7.60138   0.0172257
        1903     7.52281     7.60134   0.0172167
        1904     7.53057     7.60131   0.0172077
        1905     7.53641     7.60127   0.0171987
        1906     7.54454     7.60124   0.0171897
        1907     7.55356     7.60122   0.0171807
        1908     7.56133      7.6012   0.0171717
        1909     7.56857     7.60118   0.0171627
        1910     7.57808     7.60117   0.0171538
        1911     7.58492     7.60116   0.0171448
        1912      7.5926     7.60115   0.0171358
        1913     7.60114     7.60115   0.0171269
        1914     7.60839     7.60116   0.0171179
        1915     7.61648     7.60117    0.017109
        1916     7.62538     7.60118   0.0171001
        1917      7.6344      7.6012   0.0170911
        1918     7.64493     7.60122   0.0170822
        1919     7.65485     7.60125   0.0170734
        1920     7.66344     7.60128   0.0170645
        1921     7.67351     7.60132   0.0170557
        1922     7.68295     7.60136   0.0170468
        1923     7.69173     7.60141    0.017038
        1924     7.70128     7.60146   0.0170293
        1925     7.71227     7.60152   0.0170205
        1926     7.72259     7.60158   0.0170118
        1927     7.73152     7.60165   0.0170031
        1928     7.74116     7.60172   0.0169944
        1929      7.7501     7.60179   0.0169858
        1930     7.75974     7.60188   0.0169772
        1931     7.76654     7.60196   0.0169686
        1932     7.77825     7.60205   0.0169601
        1933      7.7878     7.60215   0.0169516
        1934     7.79801     7.60225   0.0169431
        1935     7.80747     7.60236   0.0169347
        1936     7.81756     7.60247   0.0169263
        1937     7.82687     7.60258    0.016918
        1938      7.8368      7.6027   0.0169097
        1939     7.84664     7.60283   0.0169014
        1940     7.85778     7.60296   0.0168932
        1941      7.8667      7.6031   0.0168851
        1942     7.87549     7.60324   0.0168769
        1943     7.88486     7.60338   0.0168689
        1944     7.89267     7.60353   0.0168609
        1945     7.90105     7.60368   0.0168529
        1946     7.91138     7.60384    0.016845
        1947     7.91944       7.604   0.0168371
        1948     7.92732     7.60417   0.0168293
        1949     7.93574     7.60434   0.0168215
        1950     7.94326     7.60451   0.0168138
        1951     7.95059     7.60469   0.0168061
        1952     7.95561     7.60487   0.0167984
        1953     7.95971     7.60505   0.0167908
        1954     7.96713     7.60524   0.0167832
        1955     7.97151     7.60543   0.0167757
        1956     7.97849     7.60562   0.0167682
        1957     7.98454     7.60581   0.0167608
        1958     7.99036     7.60601   0.0167534
        1959     7.99665     7.60621    0.016746
        1960      8.0013     7.60641   0.0167387
        1961      8.0057     7.60661   0.0167314
        1962     8.01197     7.60682   0.0167241
        1963     8.01658     7.60703   0.0167169
        1964     8.02023     7.60724   0.0167097
        1965     8.02363     7.60745   0.0167025
        1966     8.02818     7.60766   0.0166954
        1967     8.03177     7.60788   0.0166883
        1968     8.03157     7.60809   0.0166812
        1969     8.03322     7.60831   0.0166742
        1970     8.03601     7.60853   0.0166671
        1971     8.03784     7.60875   0.0166601
        1972      8.0401     7.60896   0.0166531
        1973     8.04281     7.60918   0.0166461
        1974     8.04313      7.6094   0.0166391
        1975      8.0453     7.60962   0.0166321
        1976     8.04651     7.60985   0.0166252
        1977     8.04885     7.61007   0.0166183
        1978     8.04953     7.61029   0.0166113
        1979     8.04923     7.61051   0.0166044
        1980     8.04937     7.61073   0.0165975
        1981     8.04926     7.61095   0.0165906
        1982     8.04818     7.61117   0.0165837
        1983     8.04684     7.61139   0.0165768
        1984     8.04665     7.61161   0.0165699
        1985     8.04551     7.61183    0.016563
        1986      8.0434     7.61205   0.0165561
        1987     8.04245     7.61227   0.0165492
        1988     8.04126     7.61248   0.0165423
        1989     8.03982      7.6127   0.0165353
        1990     8.03743     7.61291   0.0165284
        1991      8.0348     7.61312   0.0165215
        1992     8.03193     7.61333   0.0165145
        1993     8.02741     7.61354   0.0165075
        1994     8.02619     7.61375   0.0165005
        1995     8.02333     7.61395   0.0164935
        1996     8.01954     7.61416   0.0164865
        1997     8.01623     7.61436   0.0164795
        1998     8.01199     7.61456   0.0164725
        1999     8.00824     7.61475   0.0164654
        2000     8.00286     7.61495   0.0164583
