           1    -5.41091    -5.41091           0
           2    -5.41049     -5.4107 0.000149128
           3    -5.41091    -5.41077 0.000114313
           4    -5.41158    -5.41097  0.00019593
           5    -5.41211     -5.4112 0.000256658
           6    -5.41126    -5.41121 0.000214081
           7     -5.4122    -5.41135  0.00022583
           8    -5.41147    -5.41137 0.000198098
           9    -5.41201    -5.41144 0.000188644
          10    -5.41214    -5.41151   0.0001824
          11    -5.41244    -5.41159 0.000184572
          12     -5.4121    -5.41163 0.000173962
          13     -5.4111    -5.41159 0.000165407
          14    -5.41082    -5.41154 0.000162558
          15    -5.41133    -5.41152 0.000152286
          16    -5.41069    -5.41147 0.000151367
          17    -5.41177    -5.41149  0.00014346
          18     -5.4111    -5.41147 0.000137135
          19    -5.41113    -5.41145 0.000131039
          20    -5.41085    -5.41142 0.000127839
          21    -5.41158    -5.41143 0.000121976
          22    -5.41063    -5.41139 0.000121709
          23    -5.41175    -5.41141 0.000117392
          24    -5.41092    -5.41139 0.000114222
          25    -5.41081    -5.41136 0.000111992
          26    -5.41187    -5.41138 0.000109361
          27    -5.41211    -5.41141 0.000108606
          28    -5.40984    -5.41135 0.000118282
          29    -5.41243    -5.41139 0.000119894
          30    -5.41063    -5.41137 0.000118541
          31    -5.41117    -5.41136 0.000114885
          32    -5.41198    -5.41138 0.000112896
          33    -5.41252    -5.41141 0.000114635
          34    -5.41227    -5.41144 0.000113982
          35    -5.41064    -5.41142 0.000113012
          36    -5.41052    -5.41139  0.00011259
          37    -5.41126    -5.41139 0.000109601
          38    -5.41054    -5.41137 0.000108957
          39    -5.41135    -5.41137 0.000106164
          40    -5.41209    -5.41138 0.000105045
          41     -5.4105    -5.41136 0.000104664
          42    -5.41108    -5.41136 0.000102384
          43    -5.41163    -5.41136 0.000100208
          44    -5.41177    -5.41137 9.83641e-05
          45    -5.41179    -5.41138 9.66168e-05
          46    -5.41033    -5.41136  9.7191e-05
          47    -5.41056    -5.41134 9.65907e-05
          48    -5.41107    -5.41133 9.47396e-05
          49    -5.41034    -5.41131 9.49714e-05
          50    -5.41073     -5.4113 9.37829e-05
