0           0           0
0.00256294           0           0
0.00512587           0           0
0.00768881           0           0
0.0102517           0           0
0.0128147           0           0
0.0153776           0           0
0.0179406           0           0
0.0205035           0           0
0.0230664           0           0
0.0256294           0           0
0.0281923           0           0
0.0307552           0           0
0.0333182           0           0
0.0358811           0           0
0.038444           0           0
0.041007           0           0
0.0435699           0           0
0.0461329           0           0
0.0486958           0           0
0.0512587           0           0
0.0538217           0           0
0.0563846           0           0
0.0589475           0           0
0.0615105           0           0
0.0640734           0           0
0.0666363           0           0
0.0691993           0           0
0.0717622           0           0
0.0743252           0           0
0.0768881           0           0
0.079451           0           0
0.082014           0           0
0.0845769           0           0
0.0871398           0           0
0.0897028           0           0
0.0922657           0           0
0.0948287           0           0
0.0973916           0           0
0.0999545           0           0
0.102517           0           0
0.10508           0           0
0.107643           0           0
0.110206           0           0
0.112769           0           0
0.115332           0           0
0.117895           0           0
0.120458           0           0
0.123021           0           0
0.125584           0           0
0.128147           0           0
0.13071           0           0
0.133273           0           0
0.135836           0           0
0.138399           0           0
0.140962           0           0
0.143524           0           0
0.146087           0           0
0.14865           0           0
0.151213           0           0
0.153776           0           0
0.156339           0           0
0.158902           0           0
0.161465           0           0
0.164028           0           0
0.166591           0           0
0.169154           0           0
0.171717           0           0
0.17428           0           0
0.176843           0           0
0.179406           0           0
0.181968           0           0
0.184531           0           0
0.187094           0           0
0.189657           0           0
0.19222           0           0
0.194783           0           0
0.197346           0           0
0.199909           0           0
0.202472           0           0
0.205035           0           0
0.207598           0           0
0.210161           0           0
0.212724           0           0
0.215287           0           0
0.21785           0           0
0.220413           0           0
0.222975           0           0
0.225538           0           0
0.228101           0           0
0.230664           0           0
0.233227           0           0
0.23579           0           0
0.238353           0           0
0.240916           0           0
0.243479           0           0
0.246042           0           0
0.248605           0           0
0.251168           0           0
0.253731           0           0
0.256294           0           0
0.258857           0           0
0.26142           0           0
0.263982           0           0
0.266545           0           0
0.269108           0           0
0.271671           0           0
0.274234           0           0
0.276797           0           0
0.27936           0           0
0.281923           0           0
0.284486           0           0
0.287049           0           0
0.289612           0           0
0.292175           0           0
0.294738           0           0
0.297301           0           0
0.299864           0           0
0.302427           0           0
0.304989           0           0
0.307552           0           0
0.310115           0           0
0.312678           0           0
0.315241           0           0
0.317804           0           0
0.320367           0           0
0.32293           0           0
0.325493           0           0
0.328056           0           0
0.330619           0           0
0.333182           0           0
0.335745           0           0
0.338308           0           0
0.340871           0           0
0.343433           0           0
0.345996           0           0
0.348559           0           0
0.351122           0           0
0.353685           0           0
0.356248           0           0
0.358811           0           0
0.361374           0           0
0.363937           0           0
0.3665           0           0
0.369063           0           0
0.371626           0           0
0.374189           0           0
0.376752           0           0
0.379315           0           0
0.381878           0           0
0.38444           0           0
0.387003           0           0
0.389566           0           0
0.392129           0           0
0.394692           0           0
0.397255           0           0
0.399818           0           0
0.402381           0           0
0.404944           0           0
0.407507           0           0
0.41007           0           0
0.412633           0           0
0.415196           0           0
0.417759           0           0
0.420322           0           0
0.422885           0           0
0.425447           0           0
0.42801           0           0
0.430573           0           0
0.433136           0           0
0.435699           0           0
0.438262           0           0
0.440825           0           0
0.443388           0           0
0.445951           0           0
0.448514           0           0
0.451077           0           0
0.45364           0           0
0.456203           0           0
0.458766           0           0
0.461329           0           0
0.463892           0           0
0.466454           0           0
0.469017           0           0
0.47158           0           0
0.474143           0           0
0.476706           0           0
0.479269           0           0
0.481832           0           0
0.484395           0           0
0.486958           0           0
0.489521           0           0
0.492084           0           0
0.494647           0           0
0.49721           0           0
0.499773           0           0
0.502336           0           0
0.504898           0           0
0.507461           0           0
0.510024           0           0
0.512587           0           0
0.51515           0           0
0.517713           0           0
0.520276           0           0
0.522839           0           0
0.525402           0           0
0.527965           0           0
0.530528           0           0
0.533091           0           0
0.535654           0           0
0.538217           0           0
0.54078           0           0
0.543343           0           0
0.545905           0           0
0.548468           0           0
0.551031           0           0
0.553594           0           0
0.556157           0           0
0.55872           0           0
0.561283           0           0
0.563846           0           0
0.566409           0           0
0.568972           0           0
0.571535           0           0
0.574098           0           0
0.576661           0           0
0.579224           0           0
0.581787           0           0
0.58435           0           0
0.586912           0           0
0.589475           0           0
0.592038           0           0
0.594601           0           0
0.597164           0           0
0.599727           0           0
0.60229           0           0
0.604853           0           0
0.607416           0           0
0.609979           0           0
0.612542           0           0
0.615105           0           0
0.617668           0           0
0.620231           0           0
0.622794           0           0
0.625357           0           0
0.627919           0           0
0.630482           0           0
0.633045           0           0
0.635608           0           0
0.638171           0           0
0.640734           0           0
0.643297           0           0
0.64586           0           0
0.648423           0           0
0.650986           0           0
0.653549           0           0
0.656112           0           0
0.658675           0           0
0.661238           0           0
0.663801           0           0
0.666363           0           0
0.668926           0           0
0.671489           0           0
0.674052           0           0
0.676615           0           0
0.679178           0           0
0.681741           0           0
0.684304           0           0
0.686867           0           0
0.68943           0           0
0.691993           0           0
0.694556           0           0
0.697119           0           0
0.699682           0           0
0.702245           0           0
0.704808           0           0
0.70737           0           0
0.709933           0           0
0.712496           0           0
0.715059           0           0
0.717622           0           0
0.720185           0           0
0.722748           0           0
0.725311           0           0
0.727874           0           0
0.730437           0           0
0.733           0           0
0.735563           0           0
0.738126           0           0
0.740689           0           0
0.743252           0           0
0.745815           0           0
0.748377           0           0
0.75094           0           0
0.753503           0           0
0.756066           0           0
0.758629           0           0
0.761192           0           0
0.763755           0           0
0.766318           0           0
0.768881           0           0
0.771444           0           0
0.774007           0           0
0.77657           0           0
0.779133           0           0
0.781696           0           0
0.784259           0           0
0.786822           0           0
0.789384           0           0
0.791947           0           0
0.79451           0           0
0.797073           0           0
0.799636           0           0
0.802199           0           0
0.804762           0           0
0.807325           0           0
0.809888           0           0
0.812451           0           0
0.815014           0           0
0.817577           0           0
0.82014           0           0
0.822703           0           0
0.825266           0           0
0.827829           0           0
0.830391           0           0
0.832954           0           0
0.835517           0           0
0.83808           0           0
0.840643           0           0
0.843206           0           0
0.845769           0           0
0.848332           0           0
0.850895           0           0
0.853458           0           0
0.856021           0           0
0.858584           0           0
0.861147           0           0
0.86371           0           0
0.866273           0           0
0.868835           0           0
0.871398           0           0
0.873961           0           0
0.876524           0           0
0.879087           0           0
0.88165           0           0
0.884213           0           0
0.886776           0           0
0.889339           0           0
0.891902 0.000222773 0.000126862
0.894465 0.000254074 0.000126758
0.897028 0.000220238  9.7569e-05
0.899591 0.000592553 0.000184067
0.902154 0.000896602  0.00024235
0.904717  0.00129273 0.000291324
0.90728  0.00162739 0.000321639
0.909842  0.00263201 0.000420112
0.912405  0.00409495 0.000512658
0.914968  0.00687396 0.000731429
0.917531  0.00826595  0.00071574
0.920094   0.0112433 0.000910878
0.922657      0.0166  0.00102784
0.92522     0.02194  0.00114847
0.927783   0.0290195  0.00139908
0.930346   0.0377374  0.00148533
0.932909   0.0499709  0.00159552
0.935472    0.061123  0.00188746
0.938035   0.0795465  0.00194238
0.940598   0.0991416  0.00245673
0.943161     0.11925  0.00212487
0.945724    0.152731  0.00259165
0.948287    0.184482  0.00342617
0.950849    0.219476  0.00376259
0.953412    0.261025  0.00360363
0.955975    0.305493  0.00399047
0.958538    0.366163  0.00475156
0.961101    0.427911  0.00490223
0.963664    0.495736  0.00599422
0.966227    0.573334  0.00547759
0.96879    0.658089  0.00506769
0.971353    0.742911  0.00517994
0.973916    0.842657  0.00578444
0.976479    0.941344  0.00608824
0.979042     1.06489  0.00660703
0.981605     1.17255  0.00687917
0.984168     1.29393    0.008055
0.986731     1.42365  0.00840599
0.989294     1.56726   0.0101437
0.991856     1.70174  0.00918228
0.994419     1.83823  0.00883584
0.996982     2.01344  0.00981822
0.999545     2.15983   0.0099583
1.00211      2.2894    0.010881
1.00467     2.44762  0.00982572
1.00723     2.60912   0.0103403
1.0098      2.7601   0.0130752
1.01236     2.90098   0.0121144
1.01492     3.04822   0.0143911
1.01749     3.21102   0.0146046
1.02005     3.35713   0.0129606
1.02261     3.52413    0.013817
1.02517     3.63375   0.0148035
1.02774     3.76753   0.0128786
1.0303     3.89066   0.0139374
1.03286     4.01851   0.0166985
1.03543     4.15482   0.0156445
1.03799     4.24711   0.0164056
1.04055     4.35001   0.0147948
1.04312     4.44891   0.0142567
1.04568     4.50679   0.0163611
1.04824     4.58515   0.0166348
1.0508     4.64856   0.0142541
1.05337     4.66846   0.0162547
1.05593     4.73962   0.0143511
1.05849     4.80563   0.0162018
1.06106     4.82833   0.0164422
1.06362     4.84007   0.0155672
1.06618     4.84294   0.0159305
1.06874     4.83493   0.0135078
1.07131     4.83295   0.0180587
1.07387     4.81277   0.0174197
1.07643     4.79772   0.0153445
1.079     4.76113   0.0162091
1.08156     4.72877    0.012986
1.08412     4.67684   0.0126661
1.08669     4.61381     0.01194
1.08925     4.55812   0.0119376
1.09181     4.47889   0.0128598
1.09437     4.41996   0.0134013
1.09694     4.32835   0.0157215
1.0995     4.24589   0.0158733
1.10206     4.15308   0.0153691
1.10463     4.07241   0.0141035
1.10719     3.97945   0.0144101
1.10975     3.87591   0.0133133
1.11231      3.7894   0.0133077
1.11488     3.68595   0.0129633
1.11744     3.59535   0.0146415
1.12     3.49663   0.0132764
1.12257      3.3878   0.0115857
1.12513     3.27708   0.0111681
1.12769     3.17614   0.0116941
1.13026     3.07278   0.0124281
1.13282      2.9649   0.0121837
1.13538     2.85703   0.0131062
1.13794      2.7678   0.0112778
1.14051     2.66965   0.0111018
1.14307     2.57994   0.0104067
1.14563     2.49402   0.0123159
1.1482      2.3949   0.0126986
1.15076     2.28276  0.00837847
1.15332      2.1855   0.0104059
1.15588     2.08693   0.0120411
1.15845     1.99532    0.011084
1.16101      1.9197   0.0101436
1.16357     1.81438  0.00982401
1.16614     1.73537  0.00859026
1.1687     1.65057  0.00673285
1.17126     1.58019  0.00883563
1.17382     1.49488  0.00841075
1.17639     1.42127  0.00779321
1.17895     1.35181  0.00651851
1.18151     1.28783  0.00815469
1.18408     1.22322  0.00704182
1.18664     1.16159  0.00801856
1.1892     1.09839  0.00705195
1.19177     1.04044  0.00671092
1.19433    0.982421  0.00558896
1.19689    0.930816  0.00618653
1.19945    0.873233  0.00543058
1.20202    0.820181  0.00648288
1.20458    0.778468  0.00649123
1.20714    0.731764  0.00610754
1.20971    0.690474   0.0065112
1.21227    0.643737   0.0055767
1.21483    0.604841   0.0058299
1.21739    0.569286  0.00527649
1.21996    0.532363  0.00446506
1.22252    0.495974  0.00479331
1.22508    0.460718  0.00409826
1.22765    0.428722  0.00398309
1.23021    0.402754  0.00400836
1.23277    0.380248   0.0044211
1.23534    0.350114  0.00428425
1.2379    0.326293  0.00439558
1.24046    0.302471  0.00415981
1.24302    0.283512  0.00401138
1.24559    0.266798  0.00368729
1.24815    0.244767   0.0041594
1.25071    0.226312  0.00390229
1.25328    0.208762  0.00358611
1.25584    0.195442  0.00317207
1.2584    0.181254  0.00275507
1.26096    0.166805  0.00320647
1.26353    0.156138  0.00282257
1.26609    0.141744   0.0027266
1.26865    0.131112  0.00218521
1.27122    0.120816  0.00218502
1.27378    0.112615  0.00192263
1.27634    0.105281  0.00212552
1.27891   0.0969887  0.00198706
1.28147   0.0927577  0.00198242
1.28403   0.0872338  0.00223641
1.28659   0.0807888  0.00225065
1.28916   0.0730602  0.00221967
1.29172   0.0692409  0.00221314
1.29428   0.0659402  0.00196124
1.29685   0.0619547  0.00171454
1.29941   0.0582194  0.00165337
1.30197    0.056098   0.0018743
1.30453   0.0534899  0.00179626
1.3071   0.0517111  0.00175939
1.30966   0.0493374  0.00185656
1.31222   0.0487573  0.00170977
1.31479    0.047973  0.00163219
1.31735   0.0473598  0.00166862
1.31991    0.047865   0.0017087
1.32248   0.0490669  0.00186256
1.32504   0.0484674  0.00177579
1.3276   0.0487838  0.00157091
1.33016   0.0505688  0.00145293
1.33273   0.0534471  0.00148707
1.33529   0.0554223  0.00155824
1.33785   0.0547352  0.00142117
1.34042    0.056556  0.00146531
1.34298    0.060642  0.00153816
1.34554   0.0643016  0.00187327
1.3481    0.067003   0.0014143
1.35067   0.0713822  0.00159847
1.35323   0.0746337  0.00181344
1.35579   0.0807865  0.00203067
1.35836   0.0862618  0.00172718
1.36092    0.090918  0.00242631
1.36348   0.0940427  0.00226845
1.36605    0.103099  0.00253042
1.36861    0.111064  0.00218166
1.37117    0.115831  0.00215653
1.37373    0.123093  0.00250907
1.3763    0.130337  0.00224503
1.37886    0.137752  0.00202969
1.38142    0.148353  0.00254959
1.38399    0.156235  0.00241429
1.38655    0.167038   0.0024801
1.38911    0.177825   0.0030919
1.39167    0.187429  0.00273964
1.39424    0.197242  0.00268706
1.3968    0.206505  0.00275828
1.39936    0.222762  0.00280132
1.40193    0.231783  0.00321182
1.40449    0.244891  0.00331456
1.40705    0.260253  0.00332565
1.40962    0.271808  0.00329464
1.41218    0.284187  0.00392484
1.41474    0.301486  0.00350153
1.4173    0.311749  0.00290125
1.41987    0.329397  0.00310156
1.42243    0.348067   0.0033592
1.42499     0.36079  0.00357092
1.42756    0.374593   0.0034229
1.43012     0.38781  0.00322191
1.43268    0.411675    0.003133
1.43524    0.427103  0.00316997
1.43781    0.442479  0.00349826
1.44037    0.468668   0.0034508
1.44293    0.482854  0.00404607
1.4455    0.501206   0.0036031
1.44806    0.516348  0.00341492
1.45062    0.534404  0.00351814
1.45319     0.55524  0.00367696
1.45575    0.574353  0.00383333
1.45831    0.594699  0.00441657
1.46087    0.615531  0.00440124
1.46344    0.630863  0.00478731
1.466    0.645882  0.00418182
1.46856    0.662315  0.00419213
1.47113    0.680486  0.00490484
1.47369    0.702787  0.00521685
1.47625    0.721862  0.00540043
1.47881    0.740305  0.00505047
1.48138    0.756887  0.00487179
1.48394    0.763087  0.00505147
1.4865     0.77777  0.00461625
1.48907    0.794649   0.0051372
1.49163    0.809614  0.00469559
1.49419    0.823309  0.00568351
1.49675    0.837871  0.00563698
1.49932     0.85816  0.00529352
1.50188    0.863677  0.00503488
1.50444    0.877395  0.00580049
1.50701     0.88993  0.00663971
1.50957     0.90373  0.00723518
1.51213    0.906311  0.00651461
1.5147    0.918438  0.00674911
1.51726    0.920974  0.00612352
1.51982    0.921135  0.00554486
1.52238    0.929707  0.00481234
1.52495    0.934609   0.0055413
1.52751    0.937011  0.00607843
1.53007    0.937765  0.00473895
1.53264    0.939506  0.00553525
1.5352    0.938936  0.00507933
1.53776    0.937043  0.00507169
1.54032    0.933426  0.00540966
1.54289    0.936529   0.0055734
1.54545     0.93123  0.00517153
1.54801    0.923309  0.00522319
1.55058    0.916891  0.00536472
1.55314    0.913043  0.00666456
1.5557    0.906857  0.00600062
1.55827     0.89926  0.00567864
1.56083    0.890044   0.0054114
1.56339    0.873148   0.0051259
1.56595    0.856743  0.00548838
1.56852     0.85171  0.00511122
1.57108    0.839015  0.00571158
1.57364    0.827806  0.00468285
1.57621    0.811339  0.00473149
1.57877    0.790041   0.0044146
1.58133    0.780756  0.00482433
1.58389    0.764373  0.00486538
1.58646    0.749394  0.00481686
1.58902    0.728412  0.00377569
1.59158    0.710639  0.00418522
1.59415    0.699582   0.0040017
1.59671    0.679292  0.00454529
1.59927    0.659591  0.00424448
1.60184    0.637417  0.00380544
1.6044    0.620143  0.00424329
1.60696    0.603271  0.00388343
1.60952    0.582279  0.00366135
1.61209    0.562926  0.00378994
1.61465    0.546649   0.0033489
1.61721    0.531972  0.00359635
1.61978    0.510121  0.00336471
1.62234    0.492314  0.00349569
1.6249    0.475073  0.00285611
1.62746     0.45684  0.00250341
1.63003    0.439603  0.00325142
1.63259    0.420323  0.00289054
1.63515    0.405543  0.00268089
1.63772    0.386545  0.00308976
1.64028    0.374701  0.00323142
1.64284    0.355939  0.00329827
1.64541    0.342371  0.00341007
1.64797    0.326733  0.00297052
1.65053    0.313181  0.00281305
1.65309     0.30156  0.00260771
1.65566     0.29373  0.00289032
1.65822     0.28231  0.00284048
1.66078    0.271474  0.00302206
1.66335    0.259752  0.00280059
1.66591    0.251374  0.00253067
1.66847    0.244054  0.00314097
1.67103    0.237049  0.00298502
1.6736    0.229228  0.00318144
1.67616    0.223691  0.00338301
1.67872     0.21713  0.00341797
1.68129    0.213271  0.00360927
1.68385    0.210858  0.00322741
1.68641    0.210119  0.00313659
1.68898    0.206258  0.00299947
1.69154    0.207442  0.00269426
1.6941    0.211589  0.00312768
1.69666    0.213148  0.00272187
1.69923    0.217072  0.00285252
1.70179    0.220954  0.00276507
1.70435    0.230225   0.0029103
1.70692    0.236648    0.002904
1.70948    0.246198  0.00316295
1.71204    0.256958  0.00324293
1.7146    0.269993  0.00341695
1.71717    0.281081  0.00316265
1.71973    0.296559  0.00332326
1.72229    0.310681  0.00324375
1.72486    0.324696  0.00322122
1.72742     0.34501  0.00379678
1.72998    0.366581  0.00372539
1.73255    0.390398  0.00339025
1.73511    0.416507  0.00350906
1.73767    0.442177   0.0033679
1.74023    0.472203  0.00366067
1.7428    0.500072  0.00370789
1.74536    0.528109  0.00344654
1.74792    0.558002   0.0040499
1.75049    0.592235  0.00470216
1.75305    0.624696  0.00481608
1.75561    0.664473  0.00445432
1.75817     0.70047   0.0043695
1.76074    0.738602  0.00416234
1.7633    0.782996  0.00434376
1.76586    0.825666  0.00434053
1.76843    0.871591  0.00431583
1.77099    0.912911   0.0049844
1.77355    0.961161  0.00491997
1.77612     1.01092  0.00486951
1.77868        1.06  0.00484807
1.78124     1.11461  0.00433518
1.7838     1.16354  0.00440942
1.78637     1.22109  0.00475789
1.78893     1.27855  0.00503218
1.79149     1.33894  0.00548937
1.79406     1.39251  0.00528095
1.79662     1.44946  0.00649174
1.79918     1.50619  0.00562783
1.80174     1.56794  0.00569476
1.80431     1.62257  0.00652016
1.80687     1.67394  0.00631141
1.80943     1.73006  0.00622027
1.812     1.79194  0.00739837
1.81456     1.83777  0.00704329
1.81712     1.89426  0.00733261
1.81968     1.94616  0.00669777
1.82225     1.99545  0.00763858
1.82481     2.04248  0.00641167
1.82737     2.10242  0.00622595
1.82994     2.15071  0.00586524
1.8325     2.20592  0.00621031
1.83506     2.25122  0.00634464
1.83763     2.28901  0.00664796
1.84019     2.33556  0.00698784
1.84275     2.38541  0.00813859
1.84531      2.4171  0.00736839
1.84788     2.45676  0.00758777
1.85044     2.49346  0.00768442
1.853     2.52405  0.00784458
1.85557     2.55003  0.00779404
1.85813     2.58179  0.00737401
1.86069     2.60147  0.00889377
1.86325     2.61275   0.0092349
1.86582     2.62404  0.00828862
1.86838      2.6344  0.00749461
1.87094     2.64118  0.00777576
1.87351     2.64724  0.00749104
1.87607     2.65198  0.00766102
1.87863      2.6515  0.00872798
1.8812     2.64858  0.00961457
1.88376     2.64214  0.00957778
1.88632     2.62954  0.00855047
1.88888     2.61057   0.0091741
1.89145     2.59365  0.00953158
1.89401     2.58398  0.00925673
1.89657      2.5598  0.00923781
1.89914     2.52591  0.00836824
1.9017     2.49763  0.00748459
1.90426     2.46929  0.00817815
1.90682     2.43653  0.00826241
1.90939     2.39286  0.00782649
1.91195     2.35622  0.00753048
1.91451     2.32443  0.00710312
1.91708     2.28859  0.00707376
1.91964      2.2397  0.00725715
1.9222     2.19545  0.00634606
1.92477     2.15366  0.00575173
1.92733     2.10702  0.00638032
1.92989     2.05233  0.00715473
1.93245     1.99556  0.00599934
1.93502     1.95045  0.00632191
1.93758      1.9004  0.00614818
1.94014     1.85206   0.0057442
1.94271     1.79318  0.00556109
1.94527     1.73617  0.00576622
1.94783     1.68069  0.00563173
1.95039     1.63157    0.005001
1.95296     1.57312  0.00418218
1.95552     1.52541  0.00383458
1.95808     1.47207   0.0042219
1.96065     1.41875  0.00441473
1.96321     1.37002  0.00379347
1.96577     1.31742  0.00393186
1.96834     1.27041  0.00502933
1.9709     1.21903  0.00467805
1.97346      1.1675  0.00394697
1.97602     1.11828  0.00411547
1.97859     1.07546   0.0049698
1.98115     1.03106  0.00472292
1.98371    0.987321  0.00394001
1.98628    0.945726  0.00477654
1.98884    0.906578  0.00388539
1.9914    0.868848  0.00394378
1.99396    0.829859  0.00442064
1.99653    0.799966   0.0044376
1.99909    0.764137  0.00410841
2.00165    0.730923  0.00365323
2.00422    0.700394   0.0041359
2.00678    0.675443  0.00453958
2.00934    0.649804  0.00423479
2.01191    0.627037     0.00471
2.01447    0.595769  0.00436325
2.01703    0.575937   0.0041062
2.01959    0.557757  0.00409837
2.02216    0.544107  0.00400686
2.02472    0.526306  0.00393212
2.02728    0.512378  0.00387738
2.02985    0.500769  0.00429076
2.03241    0.489121  0.00447542
2.03497    0.478188    0.004062
2.03753    0.472853  0.00406832
2.0401    0.469983  0.00379781
2.04266    0.465479  0.00418695
2.04522     0.46414  0.00401986
2.04779    0.464191  0.00407025
2.05035     0.46299  0.00411028
2.05291    0.460329  0.00372369
2.05548    0.467152  0.00348823
2.05804    0.472764  0.00304736
2.0606    0.480487  0.00345536
2.06316    0.488429   0.0035258
2.06573     0.49844  0.00307047
2.06829    0.505138  0.00329861
2.07085    0.515296  0.00336763
2.07342    0.525844  0.00341627
2.07598    0.542777  0.00310675
2.07854    0.557348   0.0036202
2.0811    0.568926  0.00314373
2.08367    0.587928  0.00362551
2.08623    0.604259  0.00318994
2.08879    0.617802  0.00323787
2.09136    0.636565  0.00325185
2.09392    0.653013  0.00327196
2.09648    0.667589  0.00293754
2.09905    0.688915  0.00291193
2.10161    0.705529  0.00291575
2.10417    0.721586  0.00324894
2.10673    0.736943  0.00319756
2.1093    0.753256  0.00346894
2.11186    0.775433  0.00302729
2.11442    0.788925  0.00296008
2.11699    0.808652  0.00346532
2.11955    0.823532  0.00328844
2.12211    0.841118  0.00351456
2.12467    0.858183  0.00347596
2.12724    0.872046  0.00333355
2.1298    0.890323  0.00353075
2.13236    0.909136  0.00344764
2.13493    0.922115  0.00381023
2.13749    0.935649  0.00334396
2.14005    0.946594   0.0035213
2.14261    0.958495  0.00419658
2.14518     0.96579  0.00358401
2.14774    0.973832  0.00386905
2.1503    0.975996  0.00399013
2.15287    0.983031  0.00347536
2.15543    0.986794  0.00356311
2.15799    0.991971  0.00400383
2.16056    0.993746  0.00436566
2.16312    0.993697  0.00395781
2.16568    0.993641  0.00427084
2.16824    0.996485  0.00432856
2.17081     1.00055  0.00377698
2.17337    0.994519  0.00409235
2.17593    0.988821    0.004135
2.1785    0.980364  0.00429839
2.18106    0.979493  0.00374138
2.18362    0.967755  0.00432379
2.18618    0.970734  0.00442644
2.18875     0.96542  0.00387523
2.19131    0.958575  0.00378938
2.19387    0.951019  0.00382827
2.19644    0.939921  0.00363759
2.199    0.928859  0.00382085
2.20156    0.914734   0.0037801
2.20413    0.897911  0.00358131
2.20669    0.886271  0.00363207
2.20925    0.874255  0.00339316
2.21181    0.858396  0.00314432
2.21438    0.842875  0.00358422
2.21694    0.827603  0.00391703
2.2195     0.81477   0.0032932
2.22207     0.80366  0.00327138
2.22463    0.791103  0.00309216
2.22719    0.775589  0.00319462
2.22975    0.758354   0.0031579
2.23232    0.742367  0.00336954
2.23488    0.727688  0.00305417
2.23744    0.715691  0.00360418
2.24001    0.704399  0.00310175
2.24257    0.696714  0.00329223
2.24513    0.685288  0.00344784
2.2477    0.670079  0.00307613
2.25026    0.659684  0.00305502
2.25282    0.651389  0.00319837
2.25538    0.641899  0.00284798
2.25795    0.629801  0.00346513
2.26051    0.621007  0.00362268
2.26307    0.611392  0.00336819
2.26564     0.60348   0.0035934
2.2682    0.598908  0.00362937
2.27076    0.590727   0.0037242
2.27332    0.589523  0.00337952
2.27589    0.584845  0.00385587
2.27845    0.586966  0.00371798
2.28101    0.584676  0.00370322
2.28358    0.586451  0.00387481
2.28614     0.58886  0.00388333
2.2887    0.592241  0.00425598
2.29127    0.597023  0.00387028
2.29383    0.598306  0.00367257
2.29639    0.606271  0.00393167
2.29895    0.613574  0.00413871
2.30152    0.625459  0.00410545
2.30408     0.63716  0.00367942
