           1     9.52673     9.52673           0
           2      9.5051     9.51591  0.00764778
           3     9.49794     9.50992  0.00706531
           4     9.46396     9.49843   0.0112736
           5     9.48835     9.49641  0.00919755
           6     9.50444     9.49775  0.00776126
           7     9.46784     9.49348  0.00773988
           8     9.50162      9.4945  0.00683903
           9     9.45041      9.4896  0.00763436
          10     9.48755     9.48939  0.00687368
          11     9.48102     9.48863  0.00629082
          12     9.48111     9.48801  0.00579772
          13     9.53067     9.49129  0.00621157
          14     9.49026     9.49121  0.00576832
          15     9.49297     9.49133  0.00538495
          16     9.44992     9.48874  0.00563625
          17     9.54203     9.49188  0.00611455
          18     9.49209     9.49189  0.00577487
          19     9.50358      9.4925  0.00550361
          20     9.49309     9.49253  0.00522851
          21     9.50196     9.49298  0.00499878
          22     9.53111     9.49472  0.00506301
          23     9.48463     9.49428  0.00486182
          24     9.52567     9.49558  0.00483197
          25     9.52628     9.49681  0.00479212
          26     9.49462     9.49673  0.00460855
          27     9.50639     9.49709  0.00445172
          28     9.44903     9.49537  0.00461174
          29     9.51655      9.4961  0.00451019
          30     9.50262     9.49632  0.00436508
          31     9.48362     9.49591  0.00424344
          32     9.49762     9.49596  0.00411117
          33     9.45004     9.49457  0.00421554
          34     9.50859     9.49498  0.00411169
          35     9.46775      9.4942  0.00406716
          36     9.51398     9.49475   0.0039911
          37     9.52303     9.49552  0.00395571
          38     9.50036     9.49564  0.00385366
          39     9.48574     9.49539   0.0037632
          40     9.45921     9.49449  0.00377625
          41     9.53101     9.49538  0.00378775
          42     9.51882     9.49594  0.00373847
          43     9.49546     9.49592  0.00365155
          44     9.50049     9.49603  0.00357003
          45     9.52468     9.49666  0.00354701
          46      9.4955     9.49664     0.00347
          47     9.50047     9.49672  0.00339712
          48     9.50133     9.49682  0.00332771
          49     9.48619      9.4966  0.00326686
          50     9.51148      9.4969  0.00321505
