           1    0.817673    0.817673           0
           2     0.82033    0.819002 0.000939425
           3    0.818225    0.818743 0.000661008
           4    0.826128    0.820589  0.00167413
           5    0.819861    0.820444  0.00134562
           6    0.817296    0.819919  0.00121934
           7    0.823402    0.820417  0.00114215
           8     0.81714    0.820007  0.00107028
           9    0.824659    0.820524  0.00106892
          10    0.820982     0.82057 0.000963007
          11    0.822058    0.820705 0.000884913
          12    0.821748    0.820792 0.000815431
          13    0.816692    0.820477  0.00081141
          14    0.821163    0.820526 0.000754931
          15    0.819427    0.820452 0.000708147
          16    0.824835    0.820726 0.000714899
          17    0.814229    0.820344 0.000768253
          18    0.820835    0.820371 0.000726057
          19    0.820041    0.820354 0.000688052
          20    0.821235    0.820398 0.000655059
          21    0.817847    0.820276 0.000635029
          22    0.819226    0.820229 0.000607957
          23    0.820594    0.820245 0.000581731
          24    0.818135    0.820157 0.000564096
          25    0.818349    0.820084 0.000546144
          26    0.820229     0.82009 0.000525167
          27    0.820814    0.820117 0.000506402
          28    0.824579    0.820276 0.000512775
          29    0.817864    0.820193 0.000501793
          30    0.820044    0.820188 0.000485091
          31    0.822207    0.820253 0.000473793
          32    0.821256    0.820284 0.000460023
          33    0.824269    0.820405 0.000461659
          34     0.82131    0.820432 0.000448846
          35    0.823788    0.820528 0.000446145
          36    0.818426    0.820469 0.000437556
          37    0.818765    0.820423 0.000428147
          38    0.821906    0.820462 0.000418653
          39    0.819835    0.820446 0.000408227
          40    0.827625    0.820626 0.000435692
          41    0.818662    0.820578  0.00042769
          42     0.82244    0.820622   0.0004198
          43    0.820596    0.820621 0.000410037
          44    0.820742    0.820624 0.000400728
          45    0.818298    0.820573 0.000395142
          46    0.818564    0.820529 0.000388958
          47    0.822805    0.820577 0.000383686
          48    0.820556    0.820577 0.000375693
          49    0.821235     0.82059 0.000368266
          50    0.820265    0.820584 0.000360958
