0 6.79392 6.79392 0 -0.130423 -0.130423 0 1.26485 1.26485 0 
1 15.2593 11.0266 2.99296 -0.37499 -0.252707 0.0864675 1.27352 1.26918 0.00306809 
2 13.0963 11.7165 2.0733 0.226011 -0.0931344 0.142473 1.05121 1.19653 0.0593606 
3 40.474 18.9059 6.41743 1.08301 0.200902 0.276154 1.49461 1.27105 0.0784029 
4 8.91013 16.9067 5.43642 -0.137563 0.133209 0.22907 1.46261 1.30936 0.0714725 
5 15.0017 16.5892 4.53961 1.05077 0.286135 0.236491 1.14953 1.28272 0.064333 
6 4.06005 14.7993 4.22926 -0.193398 0.21763 0.212397 0.882621 1.22556 0.076426 
7 12.7194 14.5394 3.70859 0.50864 0.254006 0.188937 1.06432 1.20541 0.0694797 
8 11.0352 14.15 3.3169 -0.330472 0.189064 0.178757 1.2973 1.21562 0.0625054 
9 15.1076 14.2458 2.98659 -0.292938 0.140864 0.167253 1.49522 1.24358 0.0621947 
0 6.43532 6.43532 0 -0.295252 -0.295252 0 1.24912 1.24912 0 
1 7.10091 6.76811 0.235321 -0.0142774 -0.154765 0.0993395 1.03994 1.14453 0.0739551 
2 5.64732 6.39451 0.343019 -0.212214 -0.173914 0.068047 1.07903 1.1227 0.052427 
3 9.89001 7.26839 0.799328 0.327596 -0.0485368 0.119976 1.3679 1.184 0.0660645 
4 10.198 7.85432 0.826779 0.171743 -0.0044809 0.103755 1.37285 1.22177 0.0627265 
5 3.78646 7.17634 0.926143 -0.276475 -0.0498133 0.0958554 1.1773 1.21436 0.0527082 
6 8.76638 7.40349 0.82122 0.241763 -0.00815952 0.0907619 1.30582 1.22742 0.0467698 
7 12.1278 7.99403 0.90636 0.859392 0.100284 0.12883 1.11838 1.21379 0.0428639 
8 5.05677 7.66767 0.862413 -0.0825408 0.0799705 0.116106 1.08706 1.19971 0.040348 
9 5.18451 7.41936 0.811133 -0.333923 0.0385811 0.111629 0.884491 1.16819 0.0470416 
0 7.44627 7.44627 0 0.861849 0.861849 0 1.1125 1.1125 0 
1 4.22343 5.83485 1.13945 -0.444935 0.208457 0.462018 0.948461 1.03048 0.0579981 
2 1.48711 4.38561 1.40615 -0.182109 0.0782683 0.325839 0.99242 1.0178 0.0400291 
3 4.94739 4.52605 1.0616 -0.329396 -0.0236477 0.259829 1.08532 1.03468 0.0333927 
4 2.84743 4.19033 0.900803 -0.322466 -0.0834113 0.214626 0.940377 1.01582 0.0315944 
5 4.12771 4.17989 0.75073 0.367677 -0.00822992 0.191571 1.13108 1.03503 0.0316341 
6 3.01507 4.01349 0.661668 -0.0366536 -0.0122904 0.164247 1.02208 1.03318 0.0271689 
7 3.72611 3.97757 0.579934 -0.103158 -0.0236488 0.144108 0.947749 1.0225 0.0257861 
8 11.3185 4.79323 0.925804 -0.558639 -0.0830922 0.13982 0.939426 1.01327 0.0245175 
9 6.6539 4.97929 0.851716 0.691561 -0.00562686 0.145725 1.04222 1.01616 0.022236 
0 0.797803 0.797803 0 0.244436 0.244436 0 0.72887 0.72887 0 
1 3.75665 2.27722 1.04611 -0.691279 -0.223422 0.330825 0.928336 0.828603 0.0705218 
2 3.55631 2.70359 0.779464 -0.145651 -0.197498 0.221564 0.600736 0.752647 0.0778239 
3 1.91034 2.50528 0.609303 0.195897 -0.0991493 0.186729 1.18416 0.860525 0.110159 
4 1.84484 2.37319 0.501556 0.411945 0.00306961 0.175141 0.712247 0.830869 0.0920325 
5 2.86448 2.45507 0.424594 -0.07675 -0.0102337 0.146455 0.866427 0.836796 0.0768843 
6 3.24721 2.56823 0.378718 0.582301 0.0744141 0.147987 1.00633 0.861014 0.0696109 
7 2.35599 2.5417 0.332306 0.0427988 0.0704622 0.129541 0.783507 0.851326 0.06158 
8 3.76732 2.67788 0.32208 0.842806 0.156278 0.140731 0.784922 0.843948 0.055178 
9 1.87885 2.59798 0.29962 0.116031 0.152253 0.126715 1.03769 0.863321 0.0529523 
0 1.47233 1.47233 0 -0.544678 -0.544678 0 0.900073 0.900073 0 
1 2.66538 2.06885 0.421806 -0.684043 -0.61436 0.049273 0.890164 0.895118 0.00350335 
2 2.49359 2.21043 0.304037 0.681221 -0.1825 0.354139 0.776279 0.855505 0.0324282 
3 1.11539 1.93667 0.328945 -0.0477369 -0.148809 0.267202 0.867751 0.858567 0.0244653 
4 2.3202 2.01338 0.271953 -0.222103 -0.163468 0.214164 1.26704 0.940261 0.0756452 
5 0.878471 1.82423 0.284912 -0.406931 -0.204045 0.182273 0.80594 0.917874 0.0662676 
6 2.08967 1.86215 0.246721 -0.0603653 -0.183519 0.157386 0.967857 0.925014 0.0571842 
7 1.59722 1.82903 0.218092 0.246625 -0.129751 0.146609 0.96965 0.930594 0.0503076 
8 0.595857 1.69201 0.232959 0.148923 -0.0987874 0.133549 0.943312 0.932007 0.0447377 
9 0.625345 1.58534 0.232806 -0.188456 -0.107754 0.120495 0.946493 0.933456 0.0402874 
0 1.01383 1.01383 0 0.165718 0.165718 0 0.903232 0.903232 0 
1 0.526095 0.769964 0.172441 0.289767 0.227743 0.0438583 0.915381 0.909307 0.00429516 
2 0.772271 0.770733 0.114962 -0.182675 0.0909367 0.115465 0.81015 0.876254 0.0271386 
3 1.19092 0.875779 0.12534 -0.840436 -0.141907 0.219457 0.622046 0.812702 0.0586807 
4 1.01611 0.903845 0.103367 -0.269448 -0.167415 0.177042 0.917312 0.833624 0.0505369 
5 0.433619 0.825474 0.111975 0.355414 -0.0802766 0.167613 0.886628 0.842458 0.0428792 
6 1.01682 0.852809 0.0992586 -0.206163 -0.0982605 0.14463 0.956654 0.858772 0.0397359 
7 2.24179 1.02643 0.184174 0.295657 -0.0490208 0.134672 1.10758 0.889873 0.0453346 
8 0.626597 0.982006 0.168983 0.341173 -0.00566597 0.126495 0.999881 0.902096 0.0419128 
9 2.36879 1.12069 0.201093 0.282869 0.0231875 0.11709 1.01759 0.913646 0.0392807 
0 0.209622 0.209622 0 0.124862 0.124862 0 0.882841 0.882841 0 
1 0.823229 0.516425 0.216943 0.299959 0.212411 0.0619061 1.06577 0.974305 0.0646753 
2 0.428864 0.487238 0.146579 0.10132 0.17538 0.0511609 0.80971 0.91944 0.0621759 
3 0.13473 0.399111 0.133829 -0.157787 0.0920885 0.0817034 0.685971 0.861073 0.0687721 
4 0.787218 0.476733 0.127604 -0.736885 -0.0737063 0.162057 0.863686 0.861596 0.0550196 
5 1.35923 0.623815 0.171275 -0.232452 -0.100164 0.137191 1.12466 0.90544 0.0608614 
6 1.25155 0.713491 0.168657 -0.186348 -0.112476 0.118143 0.983122 0.916537 0.053169 
7 1.16186 0.769537 0.156611 0.197429 -0.0737378 0.109542 0.751062 0.895853 0.0503859 
8 1.03103 0.798592 0.141879 0.15624 -0.0481847 0.100307 1.00243 0.907695 0.0461582 
9 1.00168 0.818901 0.129137 0.136277 -0.0297386 0.0919568 0.872089 0.904134 0.0416794 
0 0.774606 0.774606 0 -0.596212 -0.596212 0 0.959449 0.959449 0 
1 0.393379 0.583993 0.134784 -0.0565729 -0.326392 0.190791 0.65461 0.80703 0.107777 
2 0.592929 0.586971 0.0898889 0.137474 -0.17177 0.179212 0.61402 0.742693 0.0890061 
3 0.301744 0.515664 0.0914249 -0.246111 -0.190355 0.135369 0.782329 0.752602 0.0673039 
4 0.417179 0.495967 0.0752319 0.112666 -0.129751 0.121104 0.936661 0.789414 0.0631123 
5 0.135856 0.435949 0.0832604 0.417196 -0.0385933 0.130804 0.810473 0.792924 0.0526911 
6 0.529713 0.449344 0.0724355 -0.663912 -0.127925 0.139321 0.715238 0.781826 0.0463178 
7 0.579159 0.465571 0.0651733 -0.543796 -0.179908 0.131247 0.756331 0.778639 0.0406376 
8 0.156301 0.431207 0.0663757 0.566509 -0.0969732 0.140444 0.638573 0.763076 0.0389886 
9 -0.092853 0.378801 0.07772 -0.184662 -0.105742 0.126673 0.877621 0.774531 0.0367339 
0 0.13189 0.13189 0 -0.766878 -0.766878 0 0.693532 0.693532 0 
1 -0.0341452 0.0488726 0.0587024 0.10871 -0.329084 0.309567 0.782028 0.73778 0.0312881 
2 -0.00503766 0.0309025 0.041795 0.621035 -0.0123776 0.330848 0.72689 0.73415 0.0210683 
3 0.0151162 0.0269559 0.0315321 -0.138295 -0.0438569 0.249629 0.94117 0.785905 0.0475249 
4 -0.0230591 0.0169529 0.0267653 0.032562 -0.0285732 0.200171 0.916424 0.812009 0.0446166 
5 0.0643897 0.0248591 0.023443 -0.116324 -0.0431984 0.167342 0.796451 0.809416 0.0372557 
6 0.157273 0.0437754 0.0266548 0.278815 0.00280353 0.149626 0.888765 0.820751 0.0336138 
7 0.0149324 0.04017 0.0235655 -0.00185625 0.00222106 0.130924 0.868475 0.826717 0.0299367 
8 0.0842182 0.0450642 0.0214494 -0.480978 -0.0514677 0.126908 0.736799 0.816726 0.0282284 
9 0.0888238 0.0494402 0.0197458 -0.866881 -0.133009 0.137948 0.62246 0.797299 0.0313862 
0 -0.00126956 -0.00126956 0 0.429335 0.429335 0 0.699625 0.699625 0 
1 -0.0977573 -0.0495134 0.0341136 0.587114 0.508224 0.0557832 0.865017 0.782321 0.0584751 
2 -0.0406289 -0.0465519 0.0228706 0.899981 0.63881 0.112922 0.665668 0.743437 0.0502762 
3 0.104242 -0.00885345 0.0368796 0.411802 0.582058 0.0979197 0.745411 0.74393 0.0377096 
4 0.0260217 -0.00187841 0.030156 -0.450113 0.375624 0.200571 0.879994 0.771143 0.0387623 
5 -0.00206605 -0.00190969 0.0251301 0.569268 0.407898 0.169719 0.754783 0.768416 0.0323977 
6 -0.0434081 -0.00783803 0.0222283 0.726298 0.453384 0.151446 0.871465 0.783138 0.0309338 
7 -0.140864 -0.0244663 0.0249044 0.147867 0.415194 0.137246 0.822829 0.788099 0.027462 
8 0.0605969 -0.0150148 0.0238634 -0.0352592 0.365144 0.130804 1.05339 0.817576 0.0369895 
9 -0.0934743 -0.0228608 0.0227303 0.739159 0.402545 0.122955 0.683238 0.804142 0.0356466 
0 -0.245433 -0.245433 0 0.539456 0.539456 0 0.834148 0.834148 0 
1 -0.354166 -0.299799 0.038443 0.71437 0.626913 0.0618414 0.655122 0.744635 0.0632953 
2 -0.20737 -0.26899 0.0359118 0.505053 0.586293 0.0529122 0.828388 0.772553 0.04796 
3 -0.294394 -0.275341 0.0274897 0.753312 0.628048 0.0536882 0.632292 0.737488 0.0470746 
4 -0.203492 -0.260971 0.0254722 0.351275 0.572693 0.0655443 0.840468 0.758084 0.0419239 
5 -0.192401 -0.249543 0.023652 0.0218929 0.480893 0.10003 0.763092 0.758919 0.0349449 
6 -0.252622 -0.249983 0.0202772 -0.654692 0.318667 0.172943 0.818018 0.767361 0.0309558 
7 -0.190097 -0.242497 0.0190743 -0.510377 0.215036 0.179711 0.781317 0.769106 0.0271355 
8 -0.251462 -0.243493 0.0169809 -0.52085 0.133271 0.177371 0.757002 0.767761 0.0241537 
9 -0.248777 -0.244021 0.015291 0.499074 0.169851 0.163363 0.817008 0.772686 0.0222347 
0 -0.214375 -0.214375 0 0.637156 0.637156 0 0.715428 0.715428 0 
1 -0.385421 -0.299898 0.0604737 0.85317 0.745163 0.0763723 0.635857 0.675643 0.0281326 
2 -0.34767 -0.315822 0.0423606 0.701614 0.730647 0.0522762 0.711839 0.687708 0.0211849 
3 -0.296276 -0.310935 0.032051 0.531709 0.680912 0.0582438 0.780123 0.710812 0.0255496 
4 -0.303006 -0.30935 0.02568 -0.551993 0.434331 0.225417 0.819194 0.732488 0.0281722 
5 -0.257608 -0.300726 0.022802 -0.523296 0.274727 0.237728 0.8116 0.745674 0.0263826 
6 -0.226745 -0.290157 0.0218571 0.12595 0.253473 0.204715 0.90329 0.76819 0.0307562 
7 -0.201545 -0.279081 0.0217513 0.126777 0.237636 0.179737 0.897134 0.784308 0.0308473 
8 -0.316718 -0.283263 0.0197324 0.697265 0.288706 0.166864 0.703371 0.775315 0.0287008 
9 -0.276923 -0.282629 0.0177693 0.572528 0.317088 0.152572 0.78504 0.776288 0.0258472 
0 -0.40972 -0.40972 0 0.759518 0.759518 0 0.624056 0.624056 0 
1 -0.429013 -0.419367 0.006821 0.820495 0.790006 0.0215588 0.623591 0.623824 0.000164302 
2 -0.380399 -0.406378 0.0115393 0.708726 0.762913 0.0263807 0.674506 0.640718 0.0137944 
3 -0.382677 -0.400453 0.0100613 0.755027 0.760942 0.019859 0.653575 0.643932 0.0107138 
4 -0.415687 -0.403499 0.00849786 0.810659 0.770885 0.0182072 0.633853 0.641916 0.00875859 
5 -0.386679 -0.400696 0.00752978 0.748763 0.767198 0.0155415 0.645295 0.642479 0.00731691 
6 -0.38691 -0.398727 0.00670672 0.805685 0.772696 0.0142607 0.652402 0.643897 0.00640748 
7 -0.425619 -0.402088 0.00665775 0.815026 0.777987 0.0134239 0.630756 0.642254 0.00581328 
8 -0.372474 -0.398798 0.00668184 0.797115 0.780113 0.0120994 0.663688 0.644636 0.00563411 
9 -0.384802 -0.397398 0.00615848 0.776187 0.77972 0.0108958 0.648017 0.644974 0.00508083 
0 -0.425826 -0.425826 0 0.788216 0.788216 0 0.601435 0.601435 0 
1 -0.423137 -0.424482 0.000950787 0.793541 0.790879 0.00188267 0.633939 0.617687 0.011492 
2 -0.431489 -0.426817 0.00200961 0.785505 0.789088 0.00192731 0.617833 0.617736 0.00766143 
3 -0.431481 -0.427983 0.0018141 0.797761 0.791256 0.00236968 0.599936 0.613286 0.00691874 
4 -0.418522 -0.426091 0.00222948 0.815308 0.796066 0.00470176 0.602624 0.611153 0.00585438 
5 -0.396736 -0.421198 0.00483723 0.868125 0.808076 0.0116425 0.606153 0.61032 0.0049376 
6 -0.425461 -0.421807 0.00418435 0.812007 0.808638 0.00999284 0.619389 0.611615 0.00439892 
7 -0.433964 -0.423327 0.00392755 0.819014 0.809935 0.00882751 0.636287 0.614699 0.00481012 
8 -0.423639 -0.423362 0.00349131 0.803469 0.809216 0.00787586 0.60647 0.613785 0.0043617 
9 -0.421928 -0.423218 0.00314512 0.795004 0.807795 0.00721537 0.601344 0.612541 0.00409913 
0 -0.433587 -0.433587 0 0.777287 0.777287 0 0.609783 0.609783 0 
1 -0.432118 -0.432852 0.000519096 0.796586 0.786936 0.00682327 0.636137 0.62296 0.00931758 
2 -0.439141 -0.434948 0.00174606 0.784184 0.786019 0.00461013 0.616409 0.620777 0.00646255 
3 -0.434539 -0.434846 0.00131254 0.791799 0.787464 0.00367709 0.607481 0.617453 0.00563729 
4 -0.434361 -0.434749 0.00105361 0.793305 0.788632 0.00312171 0.606341 0.61523 0.00492844 
5 -0.430585 -0.434055 0.00108272 0.813057 0.792703 0.00453622 0.61314 0.614882 0.00411933 
6 -0.437751 -0.434583 0.00104892 0.828041 0.797751 0.00607966 0.616298 0.615084 0.00353582 
7 -0.440041 -0.435265 0.00111791 0.80182 0.79826 0.00534093 0.633461 0.617381 0.00376682 
8 -0.427838 -0.43444 0.00126206 0.790818 0.797433 0.00481108 0.593889 0.614771 0.0041554 
9 -0.438556 -0.434852 0.0012011 0.787894 0.796479 0.00442352 0.604288 0.613723 0.00386984 
