0 -0.456166 -0.456166 0 
1 -0.443308 -0.449737 0.00454566 
2 -0.444371 -0.447948 0.00336396 
3 -0.458565 -0.450603 0.00341301 
4 -0.431265 -0.446735 0.00440699 
5 -0.45993 -0.448934 0.0041854 
6 -0.432312 -0.44656 0.00420751 
7 -0.458582 -0.448062 0.00394082 
8 -0.461735 -0.449582 0.00378448 
9 -0.442121 -0.448836 0.00347879 
10 -0.439251 -0.447964 0.00326983 
11 -0.456043 -0.448638 0.00306587 
12 -0.454213 -0.449066 0.00285987 
13 -0.437624 -0.448249 0.00276992 
14 -0.432616 -0.447207 0.00277441 
15 -0.424558 -0.445791 0.00294003 
16 -0.422879 -0.444444 0.00306047 
17 -0.43797 -0.444084 0.0029115 
18 -0.430654 -0.443377 0.00284276 
19 -0.445324 -0.443474 0.00270229 
