           1    -0.41015    -0.41015           0
           2   -0.411543   -0.410846 0.000492471
           3   -0.411809   -0.411167 0.000420026
           4   -0.407827   -0.410332 0.000788808
           5    -0.41713   -0.411691     0.00137
           6   -0.416272   -0.412455  0.00133759
           7   -0.411529   -0.412323  0.00115303
           8   -0.413627   -0.412486  0.00102036
           9   -0.414278   -0.412685 0.000926227
          10   -0.412395   -0.412656 0.000834057
          11   -0.414484   -0.412822  0.00077462
          12    -0.40771   -0.412396  0.00081889
          13   -0.410008   -0.412212 0.000776231
          14   -0.410547   -0.412093 0.000729849
          15   -0.414206   -0.412234 0.000694645
          16   -0.407483   -0.411937 0.000711873
          17   -0.407936   -0.411702 0.000707846
          18   -0.417209   -0.412008 0.000731665
          19   -0.410373   -0.411922 0.000698199
          20   -0.410145   -0.411833 0.000668917
          21   -0.409176   -0.411706 0.000648916
          22   -0.403773   -0.411346 0.000712615
          23   -0.410613   -0.411314 0.000682344
          24    -0.41042   -0.411277  0.00065493
          25   -0.412985   -0.411345 0.000632287
          26   -0.414904   -0.411482 0.000622607
          27   -0.407894   -0.411349 0.000613563
          28   -0.408667   -0.411253 0.000599082
          29   -0.410859    -0.41124 0.000578579
          30   -0.405046   -0.411033 0.000594986
          31   -0.413574   -0.411115 0.000581411
          32   -0.415221   -0.411243 0.000577227
          33   -0.406803   -0.411109 0.000575208
          34   -0.417995   -0.411311 0.000592878
          35   -0.412881   -0.411356 0.000577632
          36   -0.409027   -0.411292 0.000565199
          37   -0.410816   -0.411279  0.00055007
          38   -0.415448   -0.411388 0.000546427
          39   -0.410585   -0.411368 0.000532805
          40   -0.411568   -0.411373 0.000519508
          41   -0.410172   -0.411344 0.000507663
          42   -0.405601   -0.411207 0.000513655
          43   -0.414082   -0.411274 0.000506041
          44   -0.412085   -0.411292 0.000494876
          45    -0.41084   -0.411282 0.000483981
          46   -0.412703   -0.411313 0.000474444
          47   -0.410368   -0.411293 0.000464775
          48   -0.406526   -0.411194 0.000465583
          49   -0.416418     -0.4113 0.000468128
          50   -0.414674   -0.411368 0.000463604
