0           0           0
0.00718145           0           0
0.0143629           0           0
0.0215443           0           0
0.0287258           0           0
0.0359072           0           0
0.0430887           0           0
0.0502701           0           0
0.0574516           0           0
0.064633           0           0
0.0718145           0           0
0.0789959           0           0
0.0861774           0           0
0.0933588           0           0
0.10054           0           0
0.107722           0           0
0.114903           0           0
0.122085           0           0
0.129266           0           0
0.136448           0           0
0.143629           0           0
0.15081           0           0
0.157992           0           0
0.165173           0           0
0.172355           0           0
0.179536           0           0
0.186718           0           0
0.193899           0           0
0.201081           0           0
0.208262           0           0
0.215443           0           0
0.222625           0           0
0.229806           0           0
0.236988           0           0
0.244169           0           0
0.251351           0           0
0.258532           0           0
0.265714           0           0
0.272895           0           0
0.280077           0           0
0.287258           0           0
0.294439           0           0
0.301621           0           0
0.308802           0           0
0.315984           0           0
0.323165           0           0
0.330347           0           0
0.337528           0           0
0.34471           0           0
0.351891           0           0
0.359072           0           0
0.366254           0           0
0.373435           0           0
0.380617           0           0
0.387798           0           0
0.39498           0           0
0.402161           0           0
0.409343           0           0
0.416524           0           0
0.423705           0           0
0.430887           0           0
0.438068           0           0
0.44525           0           0
0.452431           0           0
0.459613           0           0
0.466794           0           0
0.473976           0           0
0.481157           0           0
0.488339           0           0
0.49552           0           0
0.502701           0           0
0.509883           0           0
0.517064           0           0
0.524246           0           0
0.531427           0           0
0.538609           0           0
0.54579           0           0
0.552972           0           0
0.560153           0           0
0.567334           0           0
0.574516           0           0
0.581697           0           0
0.588879           0           0
0.59606           0           0
0.603242           0           0
0.610423           0           0
0.617605           0           0
0.624786           0           0
0.631968           0           0
0.639149           0           0
0.64633           0           0
0.653512           0           0
0.660693           0           0
0.667875           0           0
0.675056           0           0
0.682238           0           0
0.689419           0           0
0.696601           0           0
0.703782           0           0
0.710963           0           0
0.718145           0           0
0.725326           0           0
0.732508           0           0
0.739689           0           0
0.746871           0           0
0.754052           0           0
0.761234           0           0
0.768415           0           0
0.775596           0           0
0.782778           0           0
0.789959           0           0
0.797141           0           0
0.804322           0           0
0.811504           0           0
0.818685           0           0
0.825867           0           0
0.833048           0           0
0.84023           0           0
0.847411           0           0
0.854592           0           0
0.861774           0           0
0.868955           0           0
0.876137 0.000265146 0.000154606
0.883318  0.00109565 0.000295969
0.8905  0.00210491 0.000439783
0.897681  0.00464824 0.000550506
0.904863   0.0113381  0.00103636
0.912044   0.0235458   0.0013687
0.919225   0.0370602  0.00168177
0.926407   0.0638695  0.00224364
0.933588   0.0960705  0.00261724
0.94077    0.153427  0.00339009
0.947951    0.221331  0.00337715
0.955133     0.29956  0.00437332
0.962314    0.394889  0.00479145
0.969496    0.508359  0.00523923
0.976677    0.646662  0.00598165
0.983859    0.762593  0.00819493
0.99104    0.900966  0.00819443
0.998221     1.05457   0.0081377
1.0054     1.19413   0.0109025
1.01258     1.34403   0.0125014
1.01977      1.4669   0.0133332
1.02695     1.60381   0.0110196
1.03413     1.71188   0.0126915
1.04131     1.82845   0.0129026
1.04849     1.88696   0.0149408
1.05567     2.02064   0.0154491
1.06285     2.08456   0.0146153
1.07004     2.14147   0.0145579
1.07722     2.19511   0.0147354
1.0844     2.18679   0.0158899
1.09158     2.24926   0.0187016
1.09876     2.26213   0.0142943
1.10594     2.29671   0.0171079
1.11312     2.30949   0.0158205
1.12031     2.27806   0.0113492
1.12749     2.30879   0.0169076
1.13467     2.26198   0.0161995
1.14185      2.2562   0.0147365
1.14903     2.24581   0.0163349
1.15621     2.22535   0.0176157
1.16339     2.20392   0.0145514
1.17058     2.18249   0.0148149
1.17776       2.159   0.0139516
1.18494     2.13912   0.0165617
1.19212     2.10311   0.0152661
1.1993     2.06089   0.0122507
1.20648     2.02986    0.010683
1.21366     1.99448    0.012402
1.22085     1.97014   0.0110427
1.22803     1.94805   0.0110288
1.23521     1.93045   0.0126847
1.24239     1.89361   0.0127541
1.24957      1.8566   0.0121701
1.25675     1.83057   0.0112817
1.26394     1.80562   0.0107503
1.27112     1.77076   0.0121279
1.2783     1.74538  0.00931843
1.28548     1.73663   0.0111654
1.29266       1.697      0.0125
1.29984     1.67429   0.0101461
1.30702     1.65927   0.0106367
1.31421      1.6422   0.0101919
1.32139     1.62669    0.010894
1.32857     1.59364  0.00852948
1.33575     1.59131   0.0116802
1.34293     1.56426  0.00869762
1.35011      1.5353   0.0100942
1.35729     1.51832   0.0085342
1.36448     1.48571  0.00702195
1.37166     1.47414  0.00754637
1.37884     1.47729  0.00783862
1.38602     1.44844  0.00889134
1.3932     1.43423  0.00834177
1.40038     1.43292  0.00892362
1.40756     1.42953  0.00792433
1.41475     1.39307  0.00755865
1.42193     1.38392  0.00673299
1.42911     1.37998  0.00776247
1.43629     1.36439   0.0076798
1.44347      1.3653  0.00837474
1.45065      1.3465   0.0086608
1.45783     1.32461  0.00570771
1.46502     1.30872  0.00837459
1.4722     1.29567  0.00736316
1.47938     1.27748   0.0064803
1.48656      1.2886   0.0073132
1.49374     1.27599  0.00745441
1.50092     1.26523  0.00792158
1.5081     1.26308  0.00727435
1.51529     1.24699  0.00595394
1.52247     1.25183  0.00701268
1.52965     1.23269  0.00941095
1.53683     1.22171  0.00636626
1.54401     1.22236  0.00754014
1.55119     1.19971   0.0054645
1.55837     1.21211  0.00662732
1.56556     1.20815   0.0064485
1.57274      1.1869  0.00525426
1.57992      1.1914  0.00716762
1.5871     1.17932  0.00612883
1.59428     1.18092  0.00634589
1.60146     1.17369  0.00691374
1.60864     1.16582  0.00590954
1.61583     1.16559    0.006482
1.62301     1.16083  0.00522301
1.63019      1.1513  0.00618497
1.63737     1.15441  0.00630076
1.64455     1.14677  0.00555195
1.65173     1.13388  0.00617059
1.65891     1.13857  0.00583026
1.6661     1.14694  0.00644343
1.67328     1.13206  0.00523894
1.68046     1.13057  0.00582764
1.68764     1.12526  0.00533774
1.69482     1.12225   0.0062809
1.702     1.11162  0.00499414
1.70918     1.12165  0.00526566
1.71637     1.11479  0.00529273
1.72355     1.11741  0.00535867
1.73073     1.10596  0.00534902
1.73791     1.11133  0.00443698
1.74509     1.08845  0.00490047
1.75227     1.09271  0.00556986
1.75945     1.09959  0.00521563
1.76664     1.10063  0.00622447
1.77382     1.10447  0.00547026
1.781     1.08746  0.00604943
1.78818     1.08115  0.00599495
1.79536     1.08132  0.00578027
1.80254      1.0807  0.00502142
1.80973     1.08964  0.00503532
1.81691     1.08872  0.00479155
1.82409     1.08422  0.00480598
1.83127     1.07558  0.00549633
1.83845     1.07452  0.00450741
1.84563     1.06902  0.00434839
1.85281     1.06601  0.00509711
1.86     1.06763   0.0049717
1.86718     1.07669  0.00545932
1.87436     1.06745  0.00528047
1.88154     1.06934  0.00407507
1.88872     1.06434  0.00353164
1.8959     1.06285  0.00521855
1.90308     1.07277  0.00498193
1.91027     1.06467   0.0050664
1.91745     1.06018  0.00506031
1.92463     1.06385  0.00506807
1.93181     1.06663  0.00435318
1.93899     1.06637  0.00519133
1.94617     1.06055  0.00494512
1.95335      1.0738  0.00387333
1.96054     1.06901  0.00454063
1.96772     1.05997  0.00481249
1.9749     1.05875  0.00411808
1.98208     1.06552  0.00413766
1.98926     1.06537  0.00511212
1.99644      1.0667  0.00436687
2.00362     1.05667  0.00522478
2.01081      1.0605  0.00465007
2.01799     1.06006  0.00432435
2.02517     1.05368  0.00516307
2.03235     1.05134  0.00412161
2.03953     1.05657  0.00491765
2.04671     1.06068  0.00380425
2.05389     1.06174  0.00415777
2.06108     1.06169  0.00431453
2.06826     1.06386  0.00452211
2.07544     1.05668  0.00486974
2.08262     1.05568  0.00508482
2.0898     1.05552   0.0043628
2.09698      1.0523  0.00409497
2.10416     1.06065  0.00483465
2.11135      1.0609   0.0048633
2.11853     1.05707  0.00438121
2.12571     1.05091  0.00428432
2.13289     1.06386  0.00476747
2.14007     1.05658  0.00469466
2.14725     1.04889  0.00320723
2.15443     1.05212  0.00470689
2.16162     1.05272  0.00368583
2.1688     1.04617  0.00480242
2.17598     1.05458  0.00388869
2.18316     1.05291  0.00397205
2.19034     1.05474  0.00430822
2.19752     1.05275  0.00458291
2.2047     1.05144  0.00428674
2.21189     1.04829  0.00387651
2.21907     1.04406  0.00371038
2.22625     1.04258  0.00373341
2.23343     1.05426  0.00395297
2.24061     1.04857  0.00433057
2.24779     1.05062  0.00360537
2.25497      1.0425  0.00445368
2.26216     1.04434  0.00434775
2.26934     1.05114  0.00448066
2.27652     1.04483  0.00464734
2.2837     1.05038  0.00382407
2.29088     1.03828  0.00387134
2.29806     1.03918  0.00438687
2.30525     1.05076  0.00377336
2.31243     1.03609  0.00319044
2.31961      1.0414  0.00372811
2.32679     1.04168  0.00411486
2.33397     1.03951  0.00339651
2.34115     1.04302  0.00376861
2.34833     1.04338  0.00398603
2.35552     1.02715  0.00381529
2.3627     1.03686  0.00323188
2.36988     1.03788  0.00329797
2.37706     1.03351  0.00344262
2.38424     1.03035  0.00407133
2.39142     1.03542  0.00417967
2.3986     1.03036  0.00355614
2.40579     1.03428  0.00344212
2.41297     1.03271  0.00411227
2.42015     1.02527   0.0043035
2.42733     1.02654  0.00332994
2.43451     1.02643  0.00369579
2.44169     1.02541  0.00414806
2.44887     1.02504  0.00399392
2.45606     1.03223  0.00369902
2.46324     1.02488  0.00287828
2.47042     1.02756  0.00381095
2.4776     1.02607  0.00334846
2.48478     1.03158  0.00423972
2.49196     1.03146   0.0034883
2.49914     1.02889  0.00377098
2.50633     1.02151  0.00323356
2.51351     1.02409   0.0031196
2.52069     1.02669  0.00418829
2.52787     1.01927  0.00363036
2.53505     1.02671  0.00341849
2.54223      1.0277  0.00321152
2.54941      1.0167  0.00322041
2.5566       1.016  0.00346448
2.56378     1.02414  0.00341527
2.57096     1.02194   0.0036554
2.57814     1.02178   0.0031898
2.58532     1.01615  0.00313694
2.5925     1.02179   0.0034417
2.59968     1.01379  0.00371257
2.60687     1.01879  0.00278986
2.61405     1.01649  0.00409132
2.62123      1.0156  0.00386438
2.62841     1.01629  0.00330528
2.63559     1.01913  0.00361407
2.64277      1.0188  0.00338383
2.64995     1.01948  0.00318142
2.65714     1.01586  0.00280162
2.66432     1.01874  0.00353745
2.6715     1.00679  0.00308191
2.67868     1.01674  0.00304656
2.68586     1.01091  0.00321532
2.69304     1.00953  0.00329096
2.70022     1.01424  0.00370122
2.70741     1.01607  0.00315644
2.71459     1.01224  0.00289738
2.72177     1.01202  0.00362838
2.72895       1.009   0.0028217
2.73613     1.01682  0.00320215
2.74331     1.00805  0.00296495
2.75049     1.00955  0.00289888
2.75768     1.01061  0.00323974
2.76486       1.008  0.00257146
2.77204     1.00882  0.00311144
2.77922     1.00936  0.00292378
2.7864     1.01105  0.00325222
2.79358     1.00936  0.00280667
2.80077     1.00988   0.0027051
2.80795      1.0038  0.00282266
2.81513     1.01354  0.00337264
2.82231     1.00619  0.00290267
2.82949     1.00733  0.00287841
2.83667     1.01061   0.0032113
2.84385     1.00794  0.00322923
2.85104     1.01198  0.00307675
2.85822     1.00838  0.00284527
2.8654     1.00939  0.00295781
2.87258     1.00894   0.0031451
2.87976     1.01002   0.0030049
2.88694     1.00364  0.00285103
2.89412     1.01039  0.00319858
2.90131     1.00186   0.0033411
2.90849      1.0069  0.00290705
2.91567     1.00295    0.002807
2.92285     1.00472  0.00264048
2.93003     1.00779   0.0030758
2.93721    0.999887  0.00284991
2.94439     1.00548  0.00272227
2.95158     1.00377  0.00327796
2.95876     1.00659  0.00299794
2.96594     1.00425  0.00261654
2.97312     1.00105   0.0031422
2.9803     1.00507  0.00341783
2.98748     1.00364  0.00304527
2.99466     1.00957  0.00330137
3.00185     1.00535  0.00297342
3.00903     1.00047   0.0027751
3.01621     1.00235  0.00318329
3.02339      1.0074  0.00329272
3.03057    0.999984  0.00261078
3.03775     1.00239  0.00231645
3.04493     1.00142  0.00321258
3.05212    0.996771  0.00277544
3.0593     1.00105  0.00299054
3.06648     1.00108  0.00240753
3.07366    0.997365  0.00283917
3.08084    0.996354  0.00269661
3.08802      1.0026  0.00297405
3.0952     1.00303  0.00259422
3.10239    0.996993  0.00253777
3.10957     1.00059  0.00208024
3.11675     1.00427  0.00307122
3.12393     1.00164  0.00274937
3.13111     1.00334  0.00279405
3.13829    0.996669   0.0026722
3.14547    0.999466    0.002788
3.15266    0.999788    0.002416
3.15984    0.998711   0.0029059
3.16702    0.997197   0.0025767
3.1742      0.9999   0.0028669
3.18138    0.998928  0.00289064
3.18856     1.00056  0.00285522
3.19574      1.0001   0.0025169
3.20293    0.998287  0.00217945
3.21011    0.998897  0.00296671
3.21729     1.00133  0.00227923
3.22447     0.99733  0.00336611
3.23165    0.997001  0.00247491
3.23883    0.998113  0.00224902
3.24601    0.997363  0.00283257
3.2532    0.997431  0.00240594
3.26038     1.00249  0.00228667
3.26756    0.995273  0.00246665
3.27474    0.997917  0.00256169
3.28192    0.993635  0.00252841
3.2891    0.997777  0.00294088
3.29629    0.996692  0.00243978
3.30347    0.999021  0.00235483
3.31065    0.999524  0.00216648
3.31783    0.992974  0.00252626
3.32501    0.994065   0.0026278
3.33219     0.99454  0.00231257
3.33937    0.998362   0.0030486
3.34656    0.993516  0.00252859
3.35374    0.992146  0.00250955
3.36092    0.993481  0.00206493
3.3681    0.999394  0.00275745
3.37528    0.990775   0.0023164
3.38246    0.995952  0.00216302
3.38964    0.997009  0.00235507
3.39683     1.00073  0.00272912
3.40401     1.00025  0.00225858
3.41119    0.993999  0.00191895
3.41837    0.991878   0.0025768
3.42555    0.992607  0.00216202
3.43273    0.991646  0.00268992
3.43991    0.997185   0.0026656
3.4471    0.997112  0.00277279
3.45428      0.9928  0.00238654
3.46146    0.991167  0.00251072
3.46864    0.995731  0.00236897
3.47582    0.991266  0.00269674
3.483     0.99587  0.00262883
3.49018    0.994282  0.00240736
3.49737    0.993642  0.00278814
3.50455    0.991189  0.00237962
3.51173    0.991251  0.00212603
3.51891    0.993372  0.00242158
3.52609    0.998581  0.00231304
3.53327    0.994625   0.0026509
3.54045    0.993729  0.00251261
3.54764     0.98974  0.00239346
3.55482    0.990361  0.00257703
3.562    0.991056   0.0020838
3.56918    0.995291   0.0021354
3.57636    0.991404  0.00268856
3.58354    0.991878   0.0023789
3.59072     0.99398  0.00229756
3.59791     0.99308  0.00253882
3.60509    0.996011  0.00204057
3.61227    0.992137  0.00302378
3.61945    0.992713  0.00188427
3.62663    0.995404  0.00288486
3.63381    0.990326   0.0024813
3.64099    0.993141  0.00246876
3.64818    0.997041  0.00228899
3.65536    0.994391  0.00229861
3.66254    0.991708  0.00230643
3.66972    0.990964  0.00253773
3.6769    0.993263  0.00245497
3.68408    0.991073  0.00242783
3.69126     0.98784  0.00246672
3.69845    0.992313  0.00224413
3.70563    0.987206  0.00246061
3.71281    0.989694  0.00232269
3.71999    0.998013  0.00241252
3.72717    0.992845   0.0024887
3.73435    0.990966   0.0023982
3.74153    0.991854  0.00223613
3.74872    0.994153  0.00215529
3.7559    0.993318  0.00204581
3.76308    0.990358  0.00195319
3.77026    0.985958  0.00209891
3.77744    0.994446  0.00181473
3.78462    0.992518  0.00215868
3.79181    0.991723  0.00216676
3.79899    0.994259  0.00218728
3.80617    0.991314  0.00224015
3.81335    0.989182  0.00226088
3.82053    0.988745  0.00217725
3.82771    0.990712   0.0021559
3.83489    0.990596  0.00206557
3.84208    0.990324  0.00252264
3.84926    0.991847  0.00188629
3.85644    0.989857  0.00218953
3.86362    0.992177  0.00198625
3.8708    0.990181  0.00210394
3.87798    0.988809  0.00242479
3.88516    0.988146  0.00232963
3.89235    0.993229  0.00265599
3.89953    0.993354  0.00253644
3.90671    0.993775  0.00209721
3.91389    0.989555  0.00231273
3.92107    0.990898  0.00222777
3.92825    0.990985  0.00232589
3.93543    0.990215  0.00196902
3.94262    0.990831  0.00242879
3.9498    0.989104  0.00221871
3.95698    0.992177  0.00233499
3.96416      0.9927  0.00210466
3.97134    0.992345  0.00218842
3.97852    0.989478  0.00191637
3.9857    0.991989  0.00229654
3.99289     0.98734  0.00224398
4.00007    0.992035  0.00226718
4.00725    0.986249   0.0022381
4.01443    0.991606  0.00233902
4.02161    0.989289   0.0021648
4.02879    0.987131  0.00218829
4.03597    0.990063  0.00212486
4.04316     0.98949  0.00208555
4.05034    0.988657  0.00218382
4.05752    0.989948  0.00220138
4.0647    0.990114  0.00187961
4.07188    0.989249  0.00204694
4.07906    0.987626  0.00238894
4.08624    0.988864  0.00235313
4.09343     0.98622  0.00245558
4.10061    0.993455  0.00159338
4.10779    0.989373   0.0019591
4.11497    0.989456  0.00252058
4.12215    0.986914    0.002295
4.12933    0.986591  0.00210379
4.13651    0.991313  0.00209144
4.1437    0.989553  0.00211172
4.15088    0.986698  0.00216171
4.15806    0.990606  0.00210361
4.16524    0.990521  0.00203073
4.17242    0.986731  0.00178225
4.1796    0.988042  0.00225617
4.18678     0.98858  0.00213069
4.19397     0.98725  0.00219473
4.20115    0.989653  0.00207268
4.20833    0.990962  0.00185808
4.21551    0.991499  0.00218489
4.22269    0.987951  0.00231122
4.22987    0.990675  0.00185862
4.23705    0.989029  0.00161205
4.24424    0.990471  0.00223335
4.25142    0.987813  0.00193668
4.2586    0.990304  0.00154819
4.26578    0.987185   0.0021004
4.27296    0.987063  0.00223753
4.28014    0.992195  0.00166304
4.28733    0.987653   0.0021589
4.29451    0.991393   0.0017607
4.30169    0.988668  0.00187699
4.30887    0.987596  0.00217851
4.31605    0.990214  0.00230546
4.32323    0.988414   0.0018733
4.33041    0.987105  0.00199045
4.3376    0.990247  0.00231855
4.34478    0.987187  0.00218347
4.35196    0.989014  0.00161345
4.35914      0.9892  0.00174341
4.36632    0.991406  0.00200362
4.3735    0.987003    0.001961
4.38068    0.986511  0.00193912
4.38787    0.987139  0.00208413
4.39505     0.98639  0.00160392
4.40223    0.984395  0.00240763
4.40941    0.992398  0.00195903
4.41659    0.987099  0.00227643
4.42377    0.989521  0.00209932
4.43095    0.984501  0.00207124
4.43814    0.987359  0.00193186
4.44532    0.986575  0.00201554
4.4525    0.990419  0.00202579
4.45968    0.987765  0.00184669
4.46686    0.985404  0.00231797
4.47404    0.986859  0.00191055
4.48122    0.989614  0.00206237
4.48841    0.985222  0.00195866
4.49559     0.98741  0.00216111
4.50277    0.986157  0.00199551
4.50995    0.991192  0.00185245
4.51713     0.99005  0.00176666
4.52431    0.985682  0.00174574
4.53149    0.987717  0.00162372
4.53868    0.988676  0.00178725
4.54586    0.987612  0.00191619
4.55304    0.987008  0.00170148
4.56022    0.987778  0.00187332
4.5674     0.98625  0.00175308
4.57458    0.987125  0.00172723
4.58176    0.986038  0.00198775
4.58895    0.988088  0.00182692
4.59613     0.98536  0.00159966
4.60331    0.987635  0.00188715
4.61049    0.985828  0.00197168
4.61767    0.988582  0.00179982
4.62485    0.985656  0.00186829
4.63203    0.987253  0.00193625
4.63922    0.982132   0.0018812
4.6464    0.984039  0.00196662
4.65358    0.987663  0.00201475
4.66076    0.985826  0.00170898
4.66794    0.985398  0.00201766
4.67512     0.98189  0.00205907
4.6823     0.98794  0.00204776
4.68949    0.988808  0.00165365
4.69667    0.987669  0.00198192
4.70385    0.988154  0.00186399
4.71103    0.989463   0.0019838
4.71821    0.988848  0.00177225
4.72539    0.985385  0.00192146
4.73257    0.987524  0.00183474
4.73976    0.986861   0.0017648
4.74694    0.988508  0.00175513
4.75412    0.986018  0.00203952
4.7613    0.986576  0.00176844
4.76848    0.983081  0.00212477
4.77566    0.984116  0.00162357
4.78285    0.988262  0.00175359
4.79003    0.986813  0.00168226
4.79721    0.987253   0.0018023
4.80439    0.991578  0.00161936
4.81157    0.985787  0.00156801
4.81875     0.98723  0.00149054
4.82593    0.986376  0.00197262
4.83312     0.98912  0.00190822
4.8403    0.985074   0.0018395
4.84748     0.98838  0.00151576
4.85466    0.989522  0.00170623
4.86184    0.985268  0.00165636
4.86902    0.988181  0.00178483
4.8762    0.985381  0.00174657
4.88339    0.985794  0.00172854
4.89057    0.985997  0.00167748
4.89775    0.987984  0.00189633
4.90493    0.987775  0.00151614
4.91211     0.98769  0.00169716
4.91929    0.984832   0.0016667
4.92647    0.985305  0.00206881
4.93366    0.987941  0.00172889
4.94084      0.9867  0.00180324
4.94802    0.987337   0.0017182
4.9552    0.985072  0.00183624
4.96238    0.985741  0.00191904
4.96956    0.984773  0.00156234
4.97674    0.987306  0.00194229
4.98393    0.986354   0.0018986
4.99111     0.98451  0.00151216
4.99829    0.984746  0.00165135
5.00547    0.988568  0.00186852
5.01265    0.987929   0.0019873
5.01983    0.987144  0.00182843
5.02701    0.988802  0.00164628
5.0342    0.984102  0.00177802
5.04138    0.986169  0.00147666
5.04856    0.986911  0.00180133
5.05574    0.986836  0.00178497
5.06292    0.986873  0.00183272
5.0701     0.98819  0.00140069
5.07728     0.98291  0.00158661
5.08447    0.985247  0.00181688
5.09165    0.988457  0.00210838
5.09883    0.985659   0.0019918
5.10601    0.988131  0.00204928
5.11319    0.987469  0.00156769
5.12037    0.984733  0.00156722
5.12755    0.988658   0.0016817
5.13474     0.98569  0.00159731
5.14192      0.9878   0.0016124
5.1491    0.990104  0.00193234
5.15628    0.987981  0.00160598
5.16346    0.985304  0.00171169
5.17064    0.986428  0.00147539
5.17782    0.986132  0.00166623
5.18501     0.98445  0.00174903
5.19219    0.985046  0.00151671
5.19937    0.986245  0.00143888
5.20655     0.98669  0.00159543
5.21373    0.983656  0.00171493
5.22091    0.985447  0.00174755
5.22809    0.985384  0.00161326
5.23528    0.985778  0.00168384
5.24246    0.988056  0.00193358
5.24964     0.98472   0.0016863
5.25682    0.986583  0.00193249
5.264    0.985403  0.00161812
5.27118     0.98474  0.00147806
5.27836     0.98801  0.00179856
5.28555    0.986612  0.00170488
5.29273    0.984689  0.00166944
5.29991    0.986426  0.00149087
5.30709    0.987253  0.00167728
5.31427    0.983854  0.00177315
5.32145    0.984606  0.00155317
5.32864    0.989954  0.00149591
5.33582    0.987939  0.00157013
5.343    0.988007  0.00160374
5.35018    0.985238   0.0018146
5.35736    0.985127  0.00155801
5.36454    0.986242  0.00157901
5.37172    0.988532  0.00150899
5.37891    0.986773  0.00164195
5.38609    0.987725  0.00152642
5.39327     0.98669  0.00167197
5.40045    0.988769  0.00159338
5.40763    0.988826  0.00147782
5.41481     0.98744  0.00159872
5.42199    0.986492  0.00166455
5.42918    0.988067  0.00139708
5.43636    0.985491   0.0014918
5.44354    0.982659  0.00164087
5.45072    0.984995  0.00156123
5.4579    0.986279  0.00167512
5.46508    0.989207  0.00185071
5.47226    0.987369  0.00167439
5.47945     0.98355  0.00128741
5.48663    0.987209  0.00152671
5.49381    0.985074  0.00161337
5.50099    0.985403  0.00165953
5.50817     0.98574  0.00182291
5.51535    0.985747  0.00179928
5.52253    0.984666  0.00168563
5.52972    0.984482  0.00149403
5.5369    0.987143  0.00131978
5.54408    0.986701  0.00163204
5.55126    0.986129  0.00162967
5.55844    0.987376  0.00136998
5.56562    0.987047  0.00142398
5.5728    0.988843  0.00164504
5.57999    0.986228  0.00142686
5.58717    0.985812  0.00133246
5.59435    0.985579  0.00163846
5.60153    0.984742  0.00170505
5.60871    0.985581  0.00151418
5.61589    0.983331  0.00165562
5.62307    0.987312  0.00150545
5.63026    0.987282  0.00136116
5.63744    0.986324  0.00146158
5.64462    0.986979  0.00154595
5.6518    0.984595  0.00146748
5.65898    0.984573  0.00170425
5.66616     0.98593  0.00160811
5.67334    0.987085  0.00133418
5.68053    0.985731  0.00146772
5.68771    0.985655  0.00153556
5.69489    0.985261  0.00116279
5.70207    0.985886 0.000955193
5.70925    0.983618  0.00143833
5.71643    0.983913  0.00135685
5.72361    0.986263  0.00150735
5.7308    0.984684  0.00138508
5.73798    0.983288  0.00145186
5.74516    0.987145  0.00151632
5.75234    0.982608  0.00142347
5.75952    0.987036  0.00161036
5.7667    0.986213  0.00155861
5.77388    0.986089  0.00146644
5.78107    0.988341  0.00132269
5.78825    0.983405   0.0012403
5.79543    0.986372  0.00164918
5.80261    0.989147   0.0016697
5.80979    0.987971  0.00133222
5.81697    0.985608  0.00114468
5.82416    0.986448   0.0013687
5.83134    0.986915  0.00140909
5.83852    0.983869  0.00149191
5.8457     0.98481  0.00129701
5.85288    0.983773  0.00115222
5.86006    0.983348  0.00140263
5.86724    0.985651  0.00151798
5.87443    0.984641  0.00135141
5.88161    0.986852  0.00135767
5.88879    0.985673  0.00148909
5.89597    0.984482  0.00152609
5.90315    0.986222  0.00112248
5.91033    0.984368   0.0013256
5.91751      0.9821  0.00137884
5.9247    0.983594  0.00134226
5.93188    0.985013  0.00113125
5.93906    0.986423  0.00139591
5.94624    0.984809  0.00149971
5.95342    0.983794  0.00135238
5.9606    0.984494  0.00116196
5.96778    0.987525  0.00170187
5.97497    0.985454  0.00144259
5.98215    0.986566  0.00125814
5.98933    0.984847  0.00146749
5.99651    0.986154  0.00120262
6.00369    0.988223  0.00145393
6.01087    0.983409  0.00146414
6.01805    0.988013  0.00142488
6.02524    0.985782  0.00132788
6.03242    0.987518  0.00148287
6.0396    0.984324  0.00122715
6.04678    0.983878  0.00150477
6.05396    0.985975  0.00149317
6.06114     0.98554  0.00133542
6.06832    0.983054  0.00137957
6.07551    0.984355  0.00115962
6.08269    0.988043  0.00147443
6.08987    0.984009  0.00155766
6.09705    0.987159  0.00130017
6.10423    0.985548  0.00164686
6.11141    0.982576  0.00140894
6.11859     0.98641  0.00150881
6.12578    0.982709    0.001459
6.13296    0.984959  0.00120519
6.14014     0.98666  0.00125643
6.14732    0.986033  0.00135115
6.1545    0.985785  0.00145068
6.16168    0.986465  0.00107549
6.16886    0.984044  0.00159105
6.17605     0.98439  0.00111639
6.18323    0.986563  0.00146775
6.19041    0.985004  0.00125583
6.19759    0.983442  0.00132473
6.20477    0.988359  0.00133628
6.21195    0.985382  0.00160837
6.21913    0.985896  0.00126272
6.22632    0.984443  0.00124226
6.2335    0.985562  0.00139996
6.24068    0.984703  0.00127305
6.24786    0.986564  0.00139094
6.25504    0.985163  0.00106549
6.26222    0.986214   0.0014261
6.2694    0.986053   0.0016192
6.27659    0.986184  0.00140806
6.28377    0.986583  0.00106574
6.29095    0.986703  0.00122932
6.29813    0.984275  0.00122393
6.30531    0.986992  0.00106164
6.31249    0.987735  0.00142679
6.31968    0.986866  0.00131792
6.32686    0.983169  0.00151251
6.33404     0.98705  0.00146231
6.34122    0.986032  0.00123757
6.3484    0.984036    0.001431
6.35558    0.983871  0.00134753
6.36276    0.985094  0.00157465
6.36995    0.987276   0.0013565
6.37713     0.98548  0.00153613
6.38431    0.984613  0.00132361
6.39149     0.98547  0.00147592
6.39867    0.986171  0.00132112
6.40585    0.982804   0.0011262
6.41303    0.987434   0.0012698
6.42022    0.987413  0.00128849
6.4274    0.985234  0.00150976
6.43458    0.984594  0.00144072
6.44176    0.984623  0.00121591
6.44894    0.983997   0.0012872
6.45612    0.985127   0.0012283
