           1   0.0486675   0.0486675           0
           2   0.0492877   0.0489776 0.000219276
           3   0.0493103   0.0490885 0.000171956
           4   0.0497004   0.0492414 0.000184887
           5   0.0492931   0.0492518 0.000148199
           6   0.0491979   0.0492428 0.000123771
           7   0.0495065   0.0492805 0.000111677
           8   0.0496686    0.049329  0.00010774
           9   0.0493503   0.0493314 9.57948e-05
          10   0.0495308   0.0493513 8.82671e-05
          11   0.0492338   0.0493406 8.08865e-05
          12   0.0492652   0.0493343 7.43897e-05
          13    0.049439   0.0493424 6.91013e-05
          14   0.0494805   0.0493522 6.48658e-05
          15   0.0489508   0.0493255 6.58326e-05
          16   0.0488662   0.0492968 6.76882e-05
          17   0.0492486   0.0492939 6.37658e-05
          18   0.0490973    0.049283 6.11524e-05
          19   0.0494519   0.0492919 5.85763e-05
          20     0.04947   0.0493008 5.63203e-05
          21   0.0494943     0.04931 5.43869e-05
          22   0.0495912   0.0493228 5.33957e-05
          23   0.0493865   0.0493256  5.1146e-05
          24   0.0492979   0.0493244 4.90279e-05
          25   0.0494566   0.0493297 4.73511e-05
          26   0.0490651   0.0493195 4.66111e-05
          27   0.0496549    0.049332 4.65103e-05
          28    0.049724    0.049346 4.69099e-05
          29   0.0496853   0.0493577 4.67291e-05
          30   0.0493532   0.0493575 4.51717e-05
          31   0.0491988   0.0493524 4.40038e-05
          32    0.048881   0.0493377 4.50273e-05
          33    0.049111   0.0493308 4.41838e-05
          34   0.0491872   0.0493266 4.30855e-05
          35   0.0490604    0.049319 4.25203e-05
          36   0.0495829   0.0493263 4.19667e-05
          37    0.049093     0.04932 4.13035e-05
          38   0.0488619   0.0493079 4.19391e-05
          39   0.0491976   0.0493051 4.09591e-05
          40   0.0492565   0.0493039 3.99532e-05
          41   0.0499137   0.0493188 4.16556e-05
          42   0.0493865   0.0493204  4.0695e-05
          43   0.0489818   0.0493125 4.05033e-05
          44   0.0495032   0.0493168  3.9814e-05
          45   0.0497126   0.0493256 3.98887e-05
          46   0.0491601    0.049322 3.91837e-05
          47   0.0494406   0.0493245 3.84311e-05
          48   0.0493525   0.0493251 3.76348e-05
          49   0.0492832   0.0493243 3.68765e-05
          50   0.0493096    0.049324 3.61401e-05
