           1       -0.68       -0.68           0
           2       -0.68       -0.68           0
           3       -0.76   -0.706667   0.0266667
           4       -0.76       -0.72    0.023094
           5       -0.76      -0.728   0.0195959
           6       -0.76   -0.733333   0.0168655
           7       -0.76   -0.737143   0.0147542
           8       -0.84       -0.75   0.0181265
           9       -0.84       -0.76   0.0188562
          10       -0.84      -0.768   0.0186667
          11       -0.84   -0.774545   0.0181089
          12       -0.84       -0.78   0.0174078
          13       -0.84   -0.784615   0.0166647
          14       -0.84   -0.788571   0.0159276
          15       -0.84      -0.792    0.015219
          16       -0.84      -0.795   0.0145488
          17       -0.84   -0.797647   0.0139202
          18       -0.84        -0.8   0.0133333
          19       -0.84   -0.802105   0.0127866
          20       -0.84      -0.804   0.0122775
          21       -0.84   -0.805714   0.0118034
          22       -0.84   -0.807273   0.0113615
          23       -0.84   -0.808696   0.0109491
          24       -0.84       -0.81   0.0105638
          25       -0.84     -0.8112   0.0102033
          26       -0.84   -0.812308  0.00986537
          27       -0.84   -0.813333   0.0095482
          28       -0.84   -0.814286  0.00925003
          29       -0.84   -0.815172  0.00896931
          30       -0.84      -0.816   0.0087046
          31       -0.84   -0.816774  0.00845465
          32       -0.84     -0.8175  0.00821829
          33       -0.84   -0.818182  0.00799449
          34       -0.84   -0.818824   0.0077823
          35       -0.84   -0.819429  0.00758086
          36       -0.84       -0.82   0.0073894
          37       -0.92   -0.822703   0.0076783
          38       -0.92   -0.825263  0.00789995
          39       -0.92   -0.827692  0.00806905
          40       -0.92       -0.83  0.00819631
          41       -0.92   -0.832195  0.00828981
          42       -0.92   -0.834286  0.00835579
          43       -0.84   -0.834419  0.00816023
          44       -0.84   -0.834545  0.00797363
          45       -0.84   -0.834667  0.00779536
          46       -0.84   -0.834783   0.0076249
          47       -0.92   -0.836596  0.00767805
          48       -0.92   -0.838333  0.00771462
          49       -0.92       -0.84  0.00773718
          50       -0.92     -0.8416  0.00774786
          51       -0.92   -0.843137  0.00774845
          52       -0.92   -0.844615  0.00774042
          53       -0.92   -0.846038  0.00772504
          54       -0.92   -0.847407  0.00770338
          55       -0.92   -0.848727  0.00767634
          56       -0.92       -0.85  0.00764471
          57       -0.92   -0.851228  0.00760915
          58       -0.92   -0.852414  0.00757024
          59       -0.92   -0.853559  0.00752849
          60       -0.92   -0.854667  0.00748432
          61       -0.84   -0.854426  0.00736453
          62       -0.84   -0.854194  0.00724851
          63       -0.92   -0.855238  0.00720861
          64       -0.92    -0.85625  0.00716687
          65       -0.92   -0.857231  0.00712359
          66       -0.92   -0.858182  0.00707901
          67       -0.92   -0.859104  0.00703333
          68       -0.92       -0.86  0.00698676
          69       -0.92    -0.86087  0.00693945
          70          -1   -0.862857  0.00712254
          71          -1   -0.864789  0.00728235
          72          -1   -0.866667    0.007422
          73          -1   -0.868493  0.00754406
          74          -1    -0.87027  0.00765068
          75          -1      -0.872  0.00774364
          76          -1   -0.873684  0.00782448
          77          -1   -0.875325  0.00789452
          78          -1   -0.876923  0.00795489
          79          -1   -0.878481  0.00800659
          80          -1       -0.88  0.00805047
          81       -0.92   -0.880494  0.00796579
          82          -1   -0.881951  0.00800188
          83          -1   -0.883373  0.00803182
          84          -1   -0.884762  0.00805616
          85          -1   -0.886118  0.00807544
          86          -1   -0.887442   0.0080901
          87          -1   -0.888736  0.00810055
          88          -1       -0.89  0.00810717
          89          -1   -0.891236  0.00811029
          90          -1   -0.892444  0.00811021
          91          -1   -0.893626  0.00810721
          92          -1   -0.894783  0.00810154
          93          -1   -0.895914  0.00809342
          94          -1   -0.897021  0.00808306
          95          -1   -0.898105  0.00807065
          96          -1   -0.899167  0.00805636
          97          -1   -0.900206  0.00804036
          98          -1   -0.901224  0.00802278
          99          -1   -0.902222  0.00800376
         100          -1     -0.9032  0.00798342
         101          -1   -0.904158  0.00796187
         102          -1   -0.905098  0.00793923
         103          -1   -0.906019  0.00791558
         104          -1   -0.906923  0.00789101
         105          -1    -0.90781  0.00786561
         106          -1   -0.908679  0.00783944
         107          -1   -0.909533  0.00781259
         108          -1    -0.91037  0.00778511
         109          -1   -0.911193  0.00775706
         110          -1      -0.912   0.0077285
         111          -1   -0.912793  0.00769949
         112          -1   -0.913571  0.00767006
         113          -1   -0.914336  0.00764026
         114          -1   -0.915088  0.00761013
         115          -1   -0.915826  0.00757971
         116          -1   -0.916552  0.00754904
         117          -1   -0.917265  0.00751815
         118          -1   -0.917966  0.00748707
         119          -1   -0.918655  0.00745582
         120          -1   -0.919333  0.00742444
         121          -1       -0.92  0.00739295
         122          -1   -0.920656  0.00736136
         123          -1   -0.921301  0.00732971
         124          -1   -0.921935  0.00729801
         125          -1    -0.92256  0.00726628
         126          -1   -0.923175  0.00723453
         127          -1    -0.92378  0.00720279
         128          -1   -0.924375  0.00717106
         129          -1   -0.924961  0.00713936
         130          -1   -0.925538  0.00710771
         131          -1   -0.926107  0.00707611
         132          -1   -0.926667  0.00704457
         133          -1   -0.927218  0.00701312
         134          -1   -0.927761  0.00698174
         135          -1   -0.928296  0.00695046
         136          -1   -0.928824  0.00691928
         137          -1   -0.929343  0.00688821
         138          -1   -0.929855  0.00685726
         139          -1    -0.93036  0.00682642
         140          -1   -0.930857  0.00679572
         141          -1   -0.931348  0.00676514
         142          -1   -0.931831  0.00673471
         143          -1   -0.932308  0.00670442
         144          -1   -0.932778  0.00667427
         145          -1   -0.933241  0.00664427
         146          -1   -0.933699  0.00661443
         147          -1    -0.93415  0.00658475
         148          -1   -0.934595  0.00655522
         149          -1   -0.935034  0.00652586
         150          -1   -0.935467  0.00649666
         151          -1   -0.935894  0.00646763
         152          -1   -0.936316  0.00643876
         153          -1   -0.936732  0.00641007
         154          -1   -0.937143  0.00638155
         155          -1   -0.937548   0.0063532
         156          -1   -0.937949  0.00632502
         157          -1   -0.938344  0.00629702
         158          -1   -0.938734   0.0062692
         159          -1   -0.939119  0.00624155
         160          -1     -0.9395  0.00621408
         161          -1   -0.939876  0.00618678
         162          -1   -0.940247  0.00615967
         163          -1   -0.940613  0.00613273
         164          -1   -0.940976  0.00610596
         165          -1   -0.941333  0.00607938
         166          -1   -0.941687  0.00605297
         167          -1   -0.942036  0.00602674
         168          -1   -0.942381  0.00600069
         169          -1   -0.942722  0.00597481
         170       -0.92   -0.942588  0.00594106
         171       -0.92   -0.942456   0.0059077
         172          -1   -0.942791  0.00588277
         173          -1   -0.943121  0.00585801
         174          -1   -0.943448  0.00583341
         175          -1   -0.943771  0.00580898
         176          -1   -0.944091   0.0057847
         177          -1   -0.944407   0.0057606
         178          -1   -0.944719  0.00573665
         179          -1   -0.945028  0.00571287
         180          -1   -0.945333  0.00568924
         181          -1   -0.945635  0.00566578
         182          -1   -0.945934  0.00564247
         183          -1    -0.94623  0.00561933
         184          -1   -0.946522  0.00559634
         185          -1   -0.946811  0.00557351
         186          -1   -0.947097  0.00555083
         187          -1    -0.94738  0.00552831
         188          -1    -0.94766  0.00550595
         189          -1   -0.947937  0.00548374
         190          -1   -0.948211  0.00546168
         191          -1   -0.948482  0.00543977
         192       -0.92   -0.948333  0.00541339
         193          -1   -0.948601  0.00539192
         194          -1   -0.948866   0.0053706
         195          -1   -0.949128  0.00534941
         196          -1   -0.949388  0.00532838
         197          -1   -0.949645  0.00530748
         198          -1   -0.949899  0.00528673
         199          -1   -0.950151  0.00526612
         200          -1     -0.9504  0.00524564
         201          -1   -0.950647  0.00522531
         202          -1   -0.950891  0.00520512
         203          -1   -0.951133  0.00518506
         204          -1   -0.951373  0.00516514
         205          -1    -0.95161  0.00514535
         206          -1   -0.951845   0.0051257
         207          -1   -0.952077  0.00510618
         208          -1   -0.952308  0.00508679
         209          -1   -0.952536  0.00506753
         210          -1   -0.952762  0.00504841
         211          -1   -0.952986  0.00502941
         212          -1   -0.953208  0.00501054
         213          -1   -0.953427   0.0049918
         214          -1   -0.953645  0.00497318
         215          -1    -0.95386  0.00495469
         216          -1   -0.954074  0.00493632
         217          -1   -0.954286  0.00491807
         218          -1   -0.954495  0.00489995
         219          -1   -0.954703  0.00488195
         220          -1   -0.954909  0.00486407
         221          -1   -0.955113  0.00484631
         222          -1   -0.955315  0.00482866
         223          -1   -0.955516  0.00481113
         224          -1   -0.955714  0.00479372
         225          -1   -0.955911  0.00477643
         226          -1   -0.956106  0.00475924
         227          -1     -0.9563  0.00474218
         228          -1   -0.956491  0.00472522
         229          -1   -0.956681  0.00470838
         230          -1    -0.95687  0.00469164
         231          -1   -0.957056  0.00467502
         232          -1   -0.957241   0.0046585
         233          -1   -0.957425  0.00464209
         234          -1   -0.957607  0.00462579
         235          -1   -0.957787   0.0046096
         236          -1   -0.957966  0.00459351
         237          -1   -0.958143  0.00457752
         238          -1   -0.958319  0.00456164
         239          -1   -0.958494  0.00454586
         240          -1   -0.958667  0.00453018
         241          -1   -0.958838   0.0045146
         242          -1   -0.959008  0.00449913
         243          -1   -0.959177  0.00448375
         244          -1   -0.959344  0.00446847
         245          -1    -0.95951  0.00445328
         246          -1   -0.959675   0.0044382
         247          -1   -0.959838  0.00442321
         248          -1       -0.96  0.00440831
         249          -1   -0.960161  0.00439351
         250          -1    -0.96032   0.0043788
         251          -1   -0.960478  0.00436418
         252          -1   -0.960635  0.00434966
         253          -1   -0.960791  0.00433523
         254          -1   -0.960945  0.00432088
         255          -1   -0.961098  0.00430663
         256          -1    -0.96125  0.00429246
         257          -1   -0.961401  0.00427839
         258          -1    -0.96155   0.0042644
         259          -1   -0.961699  0.00425049
         260          -1   -0.961846  0.00423668
         261          -1   -0.961992  0.00422294
         262          -1   -0.962137  0.00420929
         263          -1   -0.962281  0.00419573
         264          -1   -0.962424  0.00418225
         265          -1   -0.962566  0.00416885
         266          -1   -0.962707  0.00415553
         267          -1   -0.962846  0.00414229
         268          -1   -0.962985  0.00412913
         269          -1   -0.963123  0.00411606
         270          -1   -0.963259  0.00410306
         271          -1   -0.963395  0.00409014
         272          -1   -0.963529  0.00407729
         273          -1   -0.963663  0.00406453
         274          -1   -0.963796  0.00405184
         275          -1   -0.963927  0.00403922
         276          -1   -0.964058  0.00402668
         277          -1   -0.964188  0.00401422
         278          -1   -0.964317  0.00400182
         279          -1   -0.964444  0.00398951
         280          -1   -0.964571  0.00397726
         281          -1   -0.964698  0.00396509
         282          -1   -0.964823  0.00395298
         283          -1   -0.964947  0.00394095
         284          -1    -0.96507  0.00392899
         285          -1   -0.965193   0.0039171
         286          -1   -0.965315  0.00390527
         287          -1   -0.965436  0.00389352
         288          -1   -0.965556  0.00388183
         289          -1   -0.965675  0.00387021
         290          -1   -0.965793  0.00385866
         291          -1   -0.965911  0.00384717
         292          -1   -0.966027  0.00383575
         293          -1   -0.966143   0.0038244
         294          -1   -0.966259   0.0038131
         295          -1   -0.966373  0.00380188
         296          -1   -0.966486  0.00379071
         297          -1   -0.966599  0.00377961
         298          -1   -0.966711  0.00376858
         299          -1   -0.966823   0.0037576
         300          -1   -0.966933  0.00374669
         301          -1   -0.967043  0.00373583
         302          -1   -0.967152  0.00372504
         303          -1   -0.967261  0.00371431
         304          -1   -0.967368  0.00370364
         305          -1   -0.967475  0.00369303
         306          -1   -0.967582  0.00368247
         307          -1   -0.967687  0.00367198
         308          -1   -0.967792  0.00366154
         309          -1   -0.967896  0.00365116
         310          -1      -0.968  0.00364083
         311          -1   -0.968103  0.00363057
         312          -1   -0.968205  0.00362035
         313          -1   -0.968307   0.0036102
         314          -1   -0.968408   0.0036001
         315          -1   -0.968508  0.00359005
         316          -1   -0.968608  0.00358006
         317          -1   -0.968707  0.00357012
         318          -1   -0.968805  0.00356024
         319          -1   -0.968903  0.00355041
         320          -1      -0.969  0.00354063
         321          -1   -0.969097   0.0035309
         322          -1   -0.969193  0.00352123
         323          -1   -0.969288   0.0035116
         324          -1   -0.969383  0.00350203
         325          -1   -0.969477  0.00349251
         326          -1   -0.969571  0.00348304
         327          -1   -0.969664  0.00347362
         328          -1   -0.969756  0.00346425
         329          -1   -0.969848  0.00345493
         330          -1   -0.969939  0.00344565
         331          -1    -0.97003  0.00343643
         332          -1    -0.97012  0.00342725
         333          -1    -0.97021  0.00341812
         334          -1   -0.970299  0.00340904
         335          -1   -0.970388      0.0034
         336          -1   -0.970476  0.00339101
         337          -1   -0.970564  0.00338207
         338          -1   -0.970651  0.00337317
         339          -1   -0.970737  0.00336432
         340          -1   -0.970824  0.00335552
         341          -1   -0.970909  0.00334676
         342          -1   -0.970994  0.00333804
         343          -1   -0.971079  0.00332937
         344          -1   -0.971163  0.00332074
         345          -1   -0.971246  0.00331216
         346          -1   -0.971329  0.00330361
         347          -1   -0.971412  0.00329512
         348          -1   -0.971494  0.00328666
         349          -1   -0.971576  0.00327825
         350          -1   -0.971657  0.00326988
         351          -1   -0.971738  0.00326155
         352          -1   -0.971818  0.00325326
         353          -1   -0.971898  0.00324501
         354          -1   -0.971977  0.00323681
         355          -1   -0.972056  0.00322864
         356          -1   -0.972135  0.00322051
         357          -1   -0.972213  0.00321243
         358          -1   -0.972291  0.00320438
         359          -1   -0.972368  0.00319638
         360          -1   -0.972444  0.00318841
         361          -1   -0.972521  0.00318048
         362          -1   -0.972597  0.00317259
         363          -1   -0.972672  0.00316474
         364          -1   -0.972747  0.00315693
         365          -1   -0.972822  0.00314915
         366          -1   -0.972896  0.00314141
         367          -1    -0.97297  0.00313371
         368          -1   -0.973043  0.00312605
         369          -1   -0.973117  0.00311842
         370          -1   -0.973189  0.00311083
         371          -1   -0.973261  0.00310328
         372          -1   -0.973333  0.00309576
         373          -1   -0.973405  0.00308827
         374          -1   -0.973476  0.00308083
         375          -1   -0.973547  0.00307341
         376          -1   -0.973617  0.00306604
         377          -1   -0.973687  0.00305869
         378          -1   -0.973757  0.00305138
         379          -1   -0.973826  0.00304411
         380          -1   -0.973895  0.00303687
         381          -1   -0.973963  0.00302966
         382          -1   -0.974031  0.00302249
         383          -1   -0.974099  0.00301535
         384          -1   -0.974167  0.00300824
         385          -1   -0.974234  0.00300117
         386          -1   -0.974301  0.00299413
         387          -1   -0.974367  0.00298712
         388          -1   -0.974433  0.00298015
         389          -1   -0.974499   0.0029732
         390          -1   -0.974564  0.00296629
         391          -1   -0.974629  0.00295941
         392          -1   -0.974694  0.00295256
         393          -1   -0.974758  0.00294574
         394          -1   -0.974822  0.00293895
         395          -1   -0.974886  0.00293219
         396          -1   -0.974949  0.00292547
         397          -1   -0.975013  0.00291877
         398          -1   -0.975075  0.00291211
         399          -1   -0.975138  0.00290547
         400          -1     -0.9752  0.00289886
         401          -1   -0.975262  0.00289229
         402          -1   -0.975323  0.00288574
         403          -1   -0.975385  0.00287922
         404          -1   -0.975446  0.00287273
         405          -1   -0.975506  0.00286627
         406          -1   -0.975567  0.00285984
         407          -1   -0.975627  0.00285343
         408          -1   -0.975686  0.00284706
         409          -1   -0.975746  0.00284071
         410          -1   -0.975805  0.00283439
         411          -1   -0.975864   0.0028281
         412       -0.92   -0.975728  0.00282448
         413          -1   -0.975787  0.00281825
         414          -1   -0.975845  0.00281204
         415          -1   -0.975904  0.00280586
         416          -1   -0.975962  0.00279971
         417          -1   -0.976019  0.00279358
         418          -1   -0.976077  0.00278748
         419          -1   -0.976134  0.00278141
         420          -1    -0.97619  0.00277536
         421          -1   -0.976247  0.00276933
         422          -1   -0.976303  0.00276334
         423          -1   -0.976359  0.00275737
         424          -1   -0.976415  0.00275142
         425          -1   -0.976471   0.0027455
         426          -1   -0.976526   0.0027396
         427          -1   -0.976581  0.00273373
         428          -1   -0.976636  0.00272789
         429          -1    -0.97669  0.00272207
         430          -1   -0.976744  0.00271627
         431          -1   -0.976798   0.0027105
         432          -1   -0.976852  0.00270475
         433          -1   -0.976905  0.00269902
         434          -1   -0.976959  0.00269332
         435          -1   -0.977011  0.00268765
         436          -1   -0.977064  0.00268199
         437          -1   -0.977117  0.00267636
         438          -1   -0.977169  0.00267076
         439          -1   -0.977221  0.00266518
         440          -1   -0.977273  0.00265961
         441          -1   -0.977324  0.00265408
         442          -1   -0.977376  0.00264856
         443          -1   -0.977427  0.00264307
         444          -1   -0.977477   0.0026376
         445          -1   -0.977528  0.00263215
         446          -1   -0.977578  0.00262673
         447          -1   -0.977629  0.00262133
         448          -1   -0.977679  0.00261595
         449          -1   -0.977728  0.00261059
         450          -1   -0.977778  0.00260525
         451          -1   -0.977827  0.00259993
         452          -1   -0.977876  0.00259464
         453          -1   -0.977925  0.00258936
         454          -1   -0.977974  0.00258411
         455          -1   -0.978022  0.00257888
         456          -1    -0.97807  0.00257367
         457          -1   -0.978118  0.00256848
         458          -1   -0.978166  0.00256331
         459          -1   -0.978214  0.00255816
         460          -1   -0.978261  0.00255304
         461          -1   -0.978308  0.00254793
         462          -1   -0.978355  0.00254284
         463          -1   -0.978402  0.00253777
         464          -1   -0.978448  0.00253273
         465          -1   -0.978495   0.0025277
         466          -1   -0.978541  0.00252269
         467          -1   -0.978587   0.0025177
         468          -1   -0.978632  0.00251273
         469          -1   -0.978678  0.00250778
         470          -1   -0.978723  0.00250285
         471          -1   -0.978769  0.00249794
         472          -1   -0.978814  0.00249305
         473          -1   -0.978858  0.00248818
         474          -1   -0.978903  0.00248332
         475          -1   -0.978947  0.00247849
         476          -1   -0.978992  0.00247367
         477          -1   -0.979036  0.00246887
         478          -1   -0.979079  0.00246409
         479          -1   -0.979123  0.00245933
         480          -1   -0.979167  0.00245459
         481          -1    -0.97921  0.00244986
         482          -1   -0.979253  0.00244515
         483          -1   -0.979296  0.00244046
         484          -1   -0.979339  0.00243579
         485          -1   -0.979381  0.00243114
         486          -1   -0.979424   0.0024265
         487          -1   -0.979466  0.00242188
         488          -1   -0.979508  0.00241728
         489          -1    -0.97955   0.0024127
         490          -1   -0.979592  0.00240813
         491          -1   -0.979633  0.00240358
         492          -1   -0.979675  0.00239905
         493          -1   -0.979716  0.00239453
         494          -1   -0.979757  0.00239003
         495          -1   -0.979798  0.00238555
         496          -1   -0.979839  0.00238108
         497          -1   -0.979879  0.00237663
         498          -1    -0.97992   0.0023722
         499          -1    -0.97996  0.00236778
         500          -1       -0.98  0.00236338
         501          -1    -0.98004    0.002359
         502          -1    -0.98008  0.00235463
         503          -1   -0.980119  0.00235028
         504          -1   -0.980159  0.00234594
         505          -1   -0.980198  0.00234162
         506          -1   -0.980237  0.00233732
         507          -1   -0.980276  0.00233303
         508          -1   -0.980315  0.00232875
         509          -1   -0.980354   0.0023245
         510          -1   -0.980392  0.00232025
         511          -1   -0.980431  0.00231603
         512          -1   -0.980469  0.00231181
         513          -1   -0.980507  0.00230762
         514          -1   -0.980545  0.00230344
         515          -1   -0.980583  0.00229927
         516          -1    -0.98062  0.00229512
         517          -1   -0.980658  0.00229098
         518          -1   -0.980695  0.00228686
         519          -1   -0.980732  0.00228275
         520          -1   -0.980769  0.00227866
         521          -1   -0.980806  0.00227458
         522          -1   -0.980843  0.00227052
         523          -1    -0.98088  0.00226647
         524          -1   -0.980916  0.00226243
         525          -1   -0.980952  0.00225841
         526          -1   -0.980989   0.0022544
         527          -1   -0.981025  0.00225041
         528          -1   -0.981061  0.00224643
         529          -1   -0.981096  0.00224247
         530          -1   -0.981132  0.00223852
         531          -1   -0.981168  0.00223458
         532          -1   -0.981203  0.00223066
         533          -1   -0.981238  0.00222675
         534          -1   -0.981273  0.00222285
         535          -1   -0.981308  0.00221897
         536          -1   -0.981343   0.0022151
         537          -1   -0.981378  0.00221124
         538          -1   -0.981413   0.0022074
         539          -1   -0.981447  0.00220357
         540          -1   -0.981481  0.00219975
         541          -1   -0.981516  0.00219595
         542          -1    -0.98155  0.00219216
         543          -1   -0.981584  0.00218838
         544       -0.92   -0.981471  0.00218729
         545       -0.92   -0.981358  0.00218618
         546       -0.92   -0.981245  0.00218507
         547       -0.92   -0.981133  0.00218394
         548       -0.92   -0.981022   0.0021828
         549       -0.92   -0.980911  0.00218166
         550       -0.92     -0.9808   0.0021805
         551       -0.92    -0.98069  0.00217934
         552       -0.92    -0.98058  0.00217816
         553       -0.92    -0.98047  0.00217698
         554          -1   -0.980505  0.00217333
         555          -1   -0.980541  0.00216969
         556          -1   -0.980576  0.00216607
         557          -1    -0.98061  0.00216246
         558          -1   -0.980645  0.00215886
         559          -1    -0.98068  0.00215527
         560          -1   -0.980714   0.0021517
         561          -1   -0.980749  0.00214813
         562          -1   -0.980783  0.00214458
         563          -1   -0.980817  0.00214104
         564          -1   -0.980851  0.00213751
         565          -1   -0.980885    0.002134
         566          -1   -0.980919  0.00213049
         567          -1   -0.980952    0.002127
         568          -1   -0.980986  0.00212351
         569          -1   -0.981019  0.00212004
         570          -1   -0.981053  0.00211658
         571          -1   -0.981086  0.00211313
         572          -1   -0.981119  0.00210969
         573          -1   -0.981152  0.00210626
         574          -1   -0.981185  0.00210285
         575          -1   -0.981217  0.00209944
         576          -1    -0.98125  0.00209605
         577          -1   -0.981282  0.00209266
         578          -1   -0.981315  0.00208929
         579          -1   -0.981347  0.00208593
         580          -1   -0.981379  0.00208258
         581          -1   -0.981411  0.00207924
         582          -1   -0.981443  0.00207591
         583          -1   -0.981475  0.00207259
         584          -1   -0.981507  0.00206928
         585          -1   -0.981538  0.00206598
         586          -1    -0.98157  0.00206269
         587          -1   -0.981601  0.00205942
         588          -1   -0.981633  0.00205615
         589          -1   -0.981664  0.00205289
         590          -1   -0.981695  0.00204965
         591          -1   -0.981726  0.00204641
         592          -1   -0.981757  0.00204318
         593          -1   -0.981788  0.00203997
         594          -1   -0.981818  0.00203676
         595          -1   -0.981849  0.00203356
         596          -1   -0.981879  0.00203038
         597          -1    -0.98191   0.0020272
         598          -1    -0.98194  0.00202403
         599          -1    -0.98197  0.00202088
         600          -1      -0.982  0.00201773
         601          -1    -0.98203  0.00201459
         602          -1    -0.98206  0.00201146
         603          -1    -0.98209  0.00200835
         604          -1   -0.982119  0.00200524
         605          -1   -0.982149  0.00200214
         606          -1   -0.982178  0.00199905
         607          -1   -0.982208  0.00199597
         608          -1   -0.982237   0.0019929
         609          -1   -0.982266  0.00198984
         610          -1   -0.982295  0.00198678
         611          -1   -0.982324  0.00198374
         612          -1   -0.982353  0.00198071
         613          -1   -0.982382  0.00197768
         614          -1    -0.98241  0.00197467
         615          -1   -0.982439  0.00197166
         616          -1   -0.982468  0.00196867
         617          -1   -0.982496  0.00196568
         618          -1   -0.982524   0.0019627
         619          -1   -0.982553  0.00195973
         620          -1   -0.982581  0.00195677
         621          -1   -0.982609  0.00195382
         622          -1   -0.982637  0.00195087
         623          -1   -0.982665  0.00194794
         624          -1   -0.982692  0.00194501
         625          -1    -0.98272   0.0019421
         626          -1   -0.982748  0.00193919
         627          -1   -0.982775  0.00193629
         628          -1   -0.982803   0.0019334
         629          -1    -0.98283  0.00193051
         630          -1   -0.982857  0.00192764
         631          -1   -0.982884  0.00192477
         632          -1   -0.982911  0.00192192
         633          -1   -0.982938  0.00191907
         634          -1   -0.982965  0.00191623
         635          -1   -0.982992   0.0019134
         636          -1   -0.983019  0.00191057
         637          -1   -0.983046  0.00190776
         638          -1   -0.983072  0.00190495
         639          -1   -0.983099  0.00190215
         640          -1   -0.983125  0.00189936
         641          -1   -0.983151  0.00189658
         642          -1   -0.983178   0.0018938
         643          -1   -0.983204  0.00189104
         644          -1    -0.98323  0.00188828
         645          -1   -0.983256  0.00188553
         646          -1   -0.983282  0.00188278
         647          -1   -0.983308  0.00188005
         648          -1   -0.983333  0.00187732
         649          -1   -0.983359   0.0018746
         650          -1   -0.983385  0.00187189
         651          -1    -0.98341  0.00186919
         652          -1   -0.983436  0.00186649
         653          -1   -0.983461  0.00186381
         654          -1   -0.983486  0.00186112
         655          -1   -0.983511  0.00185845
         656          -1   -0.983537  0.00185579
         657          -1   -0.983562  0.00185313
         658          -1   -0.983587  0.00185048
         659          -1   -0.983612  0.00184784
         660          -1   -0.983636   0.0018452
         661       -0.92    -0.98354  0.00184492
         662       -0.92   -0.983444  0.00184463
         663          -1   -0.983469  0.00184202
         664          -1   -0.983494  0.00183941
         665          -1   -0.983519  0.00183681
         666          -1   -0.983544  0.00183422
         667          -1   -0.983568  0.00183163
         668          -1   -0.983593  0.00182905
         669          -1   -0.983617  0.00182648
         670          -1   -0.983642  0.00182392
         671          -1   -0.983666  0.00182136
         672          -1    -0.98369  0.00181881
         673          -1   -0.983715  0.00181627
         674          -1   -0.983739  0.00181373
         675          -1   -0.983763   0.0018112
         676          -1   -0.983787  0.00180868
         677          -1   -0.983811  0.00180617
         678          -1   -0.983835  0.00180366
         679          -1   -0.983859  0.00180116
         680          -1   -0.983882  0.00179866
         681          -1   -0.983906  0.00179618
         682          -1    -0.98393  0.00179369
         683          -1   -0.983953  0.00179122
         684          -1   -0.983977  0.00178875
         685       -0.92   -0.983883  0.00178858
         686          -1   -0.983907  0.00178613
         687          -1    -0.98393  0.00178368
         688          -1   -0.983953  0.00178124
         689          -1   -0.983977   0.0017788
         690          -1      -0.984  0.00177637
         691          -1   -0.984023  0.00177395
         692          -1   -0.984046  0.00177154
         693          -1   -0.984069  0.00176913
         694          -1   -0.984092  0.00176673
         695          -1   -0.984115  0.00176433
         696          -1   -0.984138  0.00176194
         697          -1   -0.984161  0.00175956
         698          -1   -0.984183  0.00175719
         699          -1   -0.984206  0.00175482
         700          -1   -0.984229  0.00175245
         701          -1   -0.984251  0.00175009
         702          -1   -0.984274  0.00174774
         703          -1   -0.984296   0.0017454
         704          -1   -0.984318  0.00174306
         705          -1    -0.98434  0.00174073
         706          -1   -0.984363   0.0017384
         707          -1   -0.984385  0.00173608
         708          -1   -0.984407  0.00173377
         709          -1   -0.984429  0.00173146
         710          -1   -0.984451  0.00172916
         711          -1   -0.984473  0.00172687
         712       -0.92   -0.984382  0.00172681
         713       -0.92   -0.984292  0.00172675
         714          -1   -0.984314  0.00172447
         715          -1   -0.984336   0.0017222
         716          -1   -0.984358  0.00171993
         717          -1   -0.984379  0.00171767
         718          -1   -0.984401  0.00171541
         719          -1   -0.984423  0.00171316
         720          -1   -0.984444  0.00171092
         721          -1   -0.984466  0.00170868
         722          -1   -0.984488  0.00170645
         723          -1   -0.984509  0.00170422
         724          -1    -0.98453    0.001702
         725          -1   -0.984552  0.00169979
         726          -1   -0.984573  0.00169758
         727          -1   -0.984594  0.00169537
         728          -1   -0.984615  0.00169317
         729          -1   -0.984636  0.00169098
         730          -1   -0.984658   0.0016888
         731          -1   -0.984679  0.00168661
         732          -1   -0.984699  0.00168444
         733          -1    -0.98472  0.00168227
         734          -1   -0.984741   0.0016801
         735          -1   -0.984762  0.00167794
         736          -1   -0.984783  0.00167579
         737          -1   -0.984803  0.00167364
         738          -1   -0.984824   0.0016715
         739          -1   -0.984844  0.00166936
         740          -1   -0.984865  0.00166723
         741          -1   -0.984885  0.00166511
         742          -1   -0.984906  0.00166299
         743          -1   -0.984926  0.00166087
         744          -1   -0.984946  0.00165876
         745          -1   -0.984966  0.00165665
         746          -1   -0.984987  0.00165456
         747          -1   -0.985007  0.00165246
         748          -1   -0.985027  0.00165037
         749          -1   -0.985047  0.00164829
         750          -1   -0.985067  0.00164621
         751          -1   -0.985087  0.00164414
         752          -1   -0.985106  0.00164207
         753          -1   -0.985126  0.00164001
         754          -1   -0.985146  0.00163795
         755          -1   -0.985166   0.0016359
         756          -1   -0.985185  0.00163385
         757          -1   -0.985205  0.00163181
         758          -1   -0.985224  0.00162977
         759          -1   -0.985244  0.00162774
         760          -1   -0.985263  0.00162571
         761          -1   -0.985283  0.00162369
         762          -1   -0.985302  0.00162167
         763          -1   -0.985321  0.00161966
         764          -1    -0.98534  0.00161765
         765          -1   -0.985359  0.00161565
         766          -1   -0.985379  0.00161365
         767          -1   -0.985398  0.00161166
         768          -1   -0.985417  0.00160967
         769          -1   -0.985436  0.00160769
         770          -1   -0.985455  0.00160571
         771          -1   -0.985473  0.00160374
         772          -1   -0.985492  0.00160177
         773          -1   -0.985511  0.00159981
         774          -1    -0.98553  0.00159785
         775          -1   -0.985548  0.00159589
         776          -1   -0.985567  0.00159394
         777          -1   -0.985586    0.001592
         778          -1   -0.985604  0.00159006
         779          -1   -0.985623  0.00158812
         780          -1   -0.985641  0.00158619
         781          -1   -0.985659  0.00158427
         782          -1   -0.985678  0.00158235
         783          -1   -0.985696  0.00158043
         784          -1   -0.985714  0.00157852
         785          -1   -0.985732  0.00157661
         786          -1   -0.985751  0.00157471
         787          -1   -0.985769  0.00157281
         788          -1   -0.985787  0.00157092
         789          -1   -0.985805  0.00156903
         790       -0.92   -0.985722  0.00156925
         791          -1    -0.98574  0.00156737
         792          -1   -0.985758   0.0015655
         793          -1   -0.985776  0.00156362
         794          -1   -0.985793  0.00156176
         795          -1   -0.985811  0.00155989
         796          -1   -0.985829  0.00155803
         797          -1   -0.985847  0.00155618
         798          -1   -0.985865  0.00155433
         799          -1   -0.985882  0.00155248
         800          -1     -0.9859  0.00155064
         801          -1   -0.985918  0.00154881
         802          -1   -0.985935  0.00154697
         803          -1   -0.985953  0.00154514
         804          -1    -0.98597  0.00154332
         805          -1   -0.985988   0.0015415
         806          -1   -0.986005  0.00153969
         807          -1   -0.986022  0.00153787
         808          -1    -0.98604  0.00153607
         809          -1   -0.986057  0.00153426
         810          -1   -0.986074  0.00153247
         811          -1   -0.986091  0.00153067
         812          -1   -0.986108  0.00152888
         813          -1   -0.986125  0.00152709
         814          -1   -0.986143  0.00152531
         815          -1    -0.98616  0.00152353
         816          -1   -0.986176  0.00152176
         817          -1   -0.986193  0.00151999
         818          -1    -0.98621  0.00151823
         819          -1   -0.986227  0.00151646
         820          -1   -0.986244  0.00151471
         821          -1   -0.986261  0.00151295
         822          -1   -0.986277   0.0015112
         823          -1   -0.986294  0.00150946
         824          -1   -0.986311  0.00150772
         825          -1   -0.986327  0.00150598
         826          -1   -0.986344  0.00150425
         827          -1    -0.98636  0.00150252
         828          -1   -0.986377  0.00150079
         829          -1   -0.986393  0.00149907
         830          -1    -0.98641  0.00149735
         831          -1   -0.986426  0.00149564
         832          -1   -0.986442  0.00149393
         833          -1   -0.986459  0.00149223
         834          -1   -0.986475  0.00149052
         835          -1   -0.986491  0.00148883
         836          -1   -0.986507  0.00148713
         837          -1   -0.986523  0.00148544
         838          -1   -0.986539  0.00148375
         839          -1   -0.986555  0.00148207
         840          -1   -0.986571  0.00148039
         841          -1   -0.986587  0.00147872
         842          -1   -0.986603  0.00147705
         843          -1   -0.986619  0.00147538
         844          -1   -0.986635  0.00147371
         845          -1   -0.986651  0.00147205
         846          -1   -0.986667   0.0014704
         847          -1   -0.986682  0.00146875
         848          -1   -0.986698   0.0014671
         849          -1   -0.986714  0.00146545
         850          -1   -0.986729  0.00146381
         851          -1   -0.986745  0.00146217
         852          -1   -0.986761  0.00146054
         853          -1   -0.986776  0.00145891
         854          -1   -0.986792  0.00145728
         855          -1   -0.986807  0.00145566
         856          -1   -0.986822  0.00145404
         857          -1   -0.986838  0.00145242
         858          -1   -0.986853  0.00145081
         859          -1   -0.986868   0.0014492
         860          -1   -0.986884  0.00144759
         861          -1   -0.986899  0.00144599
         862          -1   -0.986914  0.00144439
         863          -1   -0.986929   0.0014428
         864          -1   -0.986944  0.00144121
         865          -1    -0.98696  0.00143962
         866          -1   -0.986975  0.00143803
         867          -1    -0.98699  0.00143645
         868          -1   -0.987005  0.00143487
         869          -1    -0.98702   0.0014333
         870          -1   -0.987034  0.00143173
         871          -1   -0.987049  0.00143016
         872          -1   -0.987064   0.0014286
         873          -1   -0.987079  0.00142704
         874          -1   -0.987094  0.00142548
         875          -1   -0.987109  0.00142393
         876          -1   -0.987123  0.00142238
         877          -1   -0.987138  0.00142083
         878          -1   -0.987153  0.00141929
         879          -1   -0.987167  0.00141775
         880          -1   -0.987182  0.00141621
         881          -1   -0.987196  0.00141468
         882          -1   -0.987211  0.00141315
         883          -1   -0.987225  0.00141162
         884          -1    -0.98724   0.0014101
         885          -1   -0.987254  0.00140857
         886          -1   -0.987269  0.00140706
         887          -1   -0.987283  0.00140554
         888          -1   -0.987297  0.00140403
         889          -1   -0.987312  0.00140253
         890          -1   -0.987326  0.00140102
         891          -1    -0.98734  0.00139952
         892          -1   -0.987354  0.00139802
         893          -1   -0.987368  0.00139653
         894          -1   -0.987383  0.00139504
         895          -1   -0.987397  0.00139355
         896          -1   -0.987411  0.00139206
         897          -1   -0.987425  0.00139058
         898          -1   -0.987439   0.0013891
         899          -1   -0.987453  0.00138763
         900          -1   -0.987467  0.00138615
         901          -1   -0.987481  0.00138468
         902          -1   -0.987494  0.00138322
         903          -1   -0.987508  0.00138176
         904          -1   -0.987522   0.0013803
         905          -1   -0.987536  0.00137884
         906          -1    -0.98755  0.00137738
         907          -1   -0.987563  0.00137593
         908          -1   -0.987577  0.00137449
         909          -1   -0.987591  0.00137304
         910          -1   -0.987604   0.0013716
         911          -1   -0.987618  0.00137016
         912          -1   -0.987632  0.00136872
         913          -1   -0.987645  0.00136729
         914          -1   -0.987659  0.00136586
         915          -1   -0.987672  0.00136443
         916          -1   -0.987686  0.00136301
         917          -1   -0.987699  0.00136159
         918          -1   -0.987712  0.00136017
         919          -1   -0.987726  0.00135876
         920          -1   -0.987739  0.00135734
         921          -1   -0.987752  0.00135593
         922          -1   -0.987766  0.00135453
         923          -1   -0.987779  0.00135312
         924          -1   -0.987792  0.00135172
         925          -1   -0.987805  0.00135033
         926          -1   -0.987819  0.00134893
         927          -1   -0.987832  0.00134754
         928          -1   -0.987845  0.00134615
         929          -1   -0.987858  0.00134477
         930          -1   -0.987871  0.00134338
         931          -1   -0.987884    0.001342
         932          -1   -0.987897  0.00134062
         933          -1    -0.98791  0.00133925
         934          -1   -0.987923  0.00133788
         935          -1   -0.987936  0.00133651
         936          -1   -0.987949  0.00133514
         937          -1   -0.987962  0.00133378
         938          -1   -0.987974  0.00133242
         939          -1   -0.987987  0.00133106
         940          -1      -0.988   0.0013297
         941          -1   -0.988013  0.00132835
         942          -1   -0.988025    0.001327
         943          -1   -0.988038  0.00132565
         944          -1   -0.988051  0.00132431
         945          -1   -0.988063  0.00132297
         946          -1   -0.988076  0.00132163
         947          -1   -0.988089  0.00132029
         948          -1   -0.988101  0.00131896
         949          -1   -0.988114  0.00131763
         950          -1   -0.988126   0.0013163
         951          -1   -0.988139  0.00131497
         952          -1   -0.988151  0.00131365
         953          -1   -0.988164  0.00131233
         954          -1   -0.988176  0.00131101
         955          -1   -0.988188   0.0013097
         956          -1   -0.988201  0.00130839
         957          -1   -0.988213  0.00130708
         958          -1   -0.988225  0.00130577
         959          -1   -0.988238  0.00130446
         960          -1    -0.98825  0.00130316
         961          -1   -0.988262  0.00130186
         962          -1   -0.988274  0.00130057
         963          -1   -0.988287  0.00129927
         964          -1   -0.988299  0.00129798
         965          -1   -0.988311  0.00129669
         966          -1   -0.988323   0.0012954
         967          -1   -0.988335  0.00129412
         968          -1   -0.988347  0.00129284
         969          -1   -0.988359  0.00129156
         970          -1   -0.988371  0.00129028
         971          -1   -0.988383  0.00128901
         972          -1   -0.988395  0.00128774
         973          -1   -0.988407  0.00128647
         974          -1   -0.988419   0.0012852
         975          -1   -0.988431  0.00128394
         976          -1   -0.988443  0.00128268
         977          -1   -0.988454  0.00128142
         978          -1   -0.988466  0.00128016
         979          -1   -0.988478  0.00127891
         980          -1    -0.98849  0.00127766
         981          -1   -0.988502  0.00127641
         982          -1   -0.988513  0.00127516
         983          -1   -0.988525  0.00127392
         984          -1   -0.988537  0.00127268
         985          -1   -0.988548  0.00127144
         986          -1    -0.98856   0.0012702
         987          -1   -0.988571  0.00126896
         988          -1   -0.988583  0.00126773
         989          -1   -0.988595   0.0012665
         990          -1   -0.988606  0.00126527
         991          -1   -0.988618  0.00126405
         992          -1   -0.988629  0.00126283
         993          -1    -0.98864  0.00126161
         994          -1   -0.988652  0.00126039
         995          -1   -0.988663  0.00125917
         996          -1   -0.988675  0.00125796
         997          -1   -0.988686  0.00125675
         998          -1   -0.988697  0.00125554
         999          -1   -0.988709  0.00125433
        1000          -1    -0.98872  0.00125313
