           1       -0.68       -0.68           0
           2       -0.68       -0.68           0
           3       -0.76   -0.706667   0.0266667
           4       -0.76       -0.72    0.023094
           5       -0.76      -0.728   0.0195959
           6       -0.76   -0.733333   0.0168655
           7       -0.76   -0.737143   0.0147542
           8       -0.76       -0.74   0.0130931
           9       -0.76   -0.742222   0.0117589
          10       -0.76      -0.744   0.0106667
          11       -0.76   -0.745455  0.00975739
          12       -0.84   -0.753333   0.0118918
          13       -0.84       -0.76   0.0128103
          14       -0.84   -0.765714   0.0131648
          15       -0.84   -0.770667   0.0132186
          16       -0.84      -0.775   0.0131022
          17       -0.84   -0.778824   0.0128876
          18       -0.84   -0.782222   0.0126169
          19       -0.84   -0.785263   0.0123157
          20       -0.84      -0.788       0.012
          21       -0.84   -0.790476   0.0116798
          22       -0.92   -0.796364   0.0125967
          23       -0.92   -0.801739   0.0131824
          24       -0.92   -0.806667    0.013549
          25       -0.92     -0.8112   0.0137637
          26       -0.92   -0.815385   0.0138701
          27       -0.92   -0.819259   0.0138975
          28       -0.92   -0.822857   0.0138669
          29       -0.92   -0.826207   0.0137931
          30       -0.92   -0.829333   0.0136873
          31       -0.92   -0.832258   0.0135576
          32       -0.92      -0.835   0.0134104
          33       -0.92   -0.837576   0.0132504
          34       -0.92       -0.84   0.0130814
          35       -0.92   -0.842286   0.0129062
          36       -0.92   -0.844444    0.012727
          37       -0.92   -0.846486   0.0125455
          38       -0.92   -0.848421   0.0123632
          39       -0.92   -0.850256   0.0121811
          40       -0.92      -0.852       0.012
          41       -0.92   -0.853659   0.0118206
          42       -0.92   -0.855238   0.0116434
          43       -0.92   -0.856744   0.0114687
          44       -0.92   -0.858182   0.0112968
          45       -0.92   -0.859556   0.0111281
          46       -0.92    -0.86087   0.0109625
          47          -1    -0.86383   0.0111277
          48          -1   -0.866667   0.0112567
          49          -1   -0.869388   0.0113555
          50          -1      -0.872   0.0114286
          51          -1    -0.87451     0.01148
          52          -1   -0.876923   0.0115128
          53          -1   -0.879245   0.0115298
          54          -1   -0.881481   0.0115331
          55          -1   -0.883636   0.0115247
          56          -1   -0.885714   0.0115062
          57          -1   -0.887719    0.011479
          58          -1   -0.889655   0.0114443
          59          -1   -0.891525   0.0114031
          60          -1   -0.893333   0.0113562
          61          -1   -0.895082   0.0113046
          62          -1   -0.896774   0.0112488
          63          -1   -0.898413   0.0111894
          64          -1        -0.9    0.011127
          65          -1   -0.901538    0.011062
          66          -1    -0.90303   0.0109947
          67          -1   -0.904478   0.0109257
          68          -1   -0.905882   0.0108551
          69          -1   -0.907246   0.0107832
          70          -1   -0.908571   0.0107104
          71          -1   -0.909859   0.0106367
          72          -1   -0.911111   0.0105623
          73          -1   -0.912329   0.0104876
          74          -1   -0.913514   0.0104125
          75          -1   -0.914667   0.0103373
          76          -1   -0.915789   0.0102619
          77          -1   -0.916883   0.0101867
          78          -1   -0.917949   0.0101115
          79          -1   -0.918987   0.0100366
          80          -1       -0.92  0.00996195
          81          -1   -0.920988  0.00988765
          82          -1   -0.921951  0.00981374
          83          -1   -0.922892  0.00974028
          84          -1    -0.92381  0.00966731
          85          -1   -0.924706  0.00959486
          86          -1   -0.925581  0.00952296
          87          -1   -0.926437  0.00945166
          88          -1   -0.927273  0.00938095
          89          -1    -0.92809  0.00931088
          90          -1   -0.928889  0.00924145
          91          -1    -0.92967  0.00917268
          92          -1   -0.930435  0.00910458
          93          -1   -0.931183  0.00903715
          94          -1   -0.931915  0.00897042
          95          -1   -0.932632  0.00890438
          96          -1   -0.933333  0.00883904
          97          -1   -0.934021   0.0087744
          98          -1   -0.934694  0.00871046
          99          -1   -0.935354  0.00864723
         100          -1      -0.936  0.00858469
         101          -1   -0.936634  0.00852286
         102          -1   -0.937255  0.00846173
         103          -1   -0.937864  0.00840128
         104          -1   -0.938462  0.00834153
         105          -1   -0.939048  0.00828247
         106          -1   -0.939623  0.00822409
         107          -1   -0.940187  0.00816639
         108          -1   -0.940741  0.00810935
         109          -1   -0.941284  0.00805298
         110          -1   -0.941818  0.00799727
         111          -1   -0.942342  0.00794221
         112          -1   -0.942857   0.0078878
         113          -1   -0.943363  0.00783402
         114          -1    -0.94386  0.00778087
         115          -1   -0.944348  0.00772835
         116          -1   -0.944828  0.00767644
         117          -1   -0.945299  0.00762514
         118          -1   -0.945763  0.00757445
         119          -1   -0.946218  0.00752434
         120          -1   -0.946667  0.00747483
         121          -1   -0.947107  0.00742589
         122          -1   -0.947541  0.00737752
         123          -1   -0.947967  0.00732971
         124          -1   -0.948387  0.00728246
         125          -1     -0.9488  0.00723575
         126          -1   -0.949206  0.00718959
         127          -1   -0.949606  0.00714396
         128          -1       -0.95  0.00709885
         129          -1   -0.950388  0.00705426
         130          -1   -0.950769  0.00701019
         131          -1   -0.951145  0.00696661
         132          -1   -0.951515  0.00692353
         133          -1    -0.95188  0.00688094
         134          -1   -0.952239  0.00683883
         135          -1   -0.952593   0.0067972
         136          -1   -0.952941  0.00675603
         137          -1   -0.953285  0.00671533
         138          -1   -0.953623  0.00667508
         139          -1   -0.953957  0.00663528
         140          -1   -0.954286  0.00659591
         141          -1    -0.95461  0.00655699
         142          -1    -0.95493  0.00651849
         143          -1   -0.955245  0.00648042
         144          -1   -0.955556  0.00644276
         145          -1   -0.955862  0.00640551
         146          -1   -0.956164  0.00636866
         147          -1   -0.956463  0.00633221
         148          -1   -0.956757  0.00629616
         149          -1   -0.957047  0.00626049
         150          -1   -0.957333   0.0062252
         151          -1   -0.957616  0.00619029
         152          -1   -0.957895  0.00615575
         153          -1    -0.95817  0.00612157
         154          -1   -0.958442  0.00608776
         155          -1    -0.95871  0.00605429
         156          -1   -0.958974  0.00602118
         157          -1   -0.959236  0.00598841
         158          -1   -0.959494  0.00595598
         159       -0.92   -0.959245  0.00592361
         160       -0.92      -0.959  0.00589158
         161       -0.92   -0.958758  0.00585988
         162       -0.92   -0.958519  0.00582851
         163       -0.92   -0.958282  0.00579746
         164       -0.92   -0.958049  0.00576672
         165       -0.92   -0.957818   0.0057363
         166       -0.92    -0.95759  0.00570619
         167       -0.92   -0.957365  0.00567639
         168       -0.92   -0.957143  0.00564688
         169       -0.92   -0.956923  0.00561767
         170       -0.92   -0.956706  0.00558875
         171       -0.84   -0.956023  0.00559773
         172       -0.84   -0.955349  0.00560582
         173       -0.84   -0.954682  0.00561307
         174       -0.84   -0.954023   0.0056195
         175       -0.84   -0.953371  0.00562516
         176       -0.84   -0.952727  0.00563008
         177       -0.84    -0.95209  0.00563429
         178       -0.84   -0.951461  0.00563782
         179       -0.84   -0.950838  0.00564071
         180       -0.84   -0.950222  0.00564299
         181       -0.84   -0.949613  0.00564467
         182       -0.84   -0.949011  0.00564578
         183       -0.84   -0.948415  0.00564636
         184       -0.84   -0.947826  0.00564641
         185       -0.84   -0.947243  0.00564597
         186       -0.84   -0.946667  0.00564506
         187       -0.84   -0.946096  0.00564369
         188       -0.84   -0.945532  0.00564189
         189       -0.84   -0.944974  0.00563967
         190       -0.84   -0.944421  0.00563705
         191       -0.84   -0.943874  0.00563404
         192       -0.84   -0.943333  0.00563067
         193       -0.84   -0.942798  0.00562695
         194       -0.84   -0.942268   0.0056229
         195       -0.84   -0.941744  0.00561852
         196       -0.84   -0.941224  0.00561383
         197       -0.84   -0.940711  0.00560885
         198       -0.84   -0.940202  0.00560358
         199       -0.92   -0.940101  0.00557627
         200       -0.92       -0.94  0.00554923
         201       -0.92     -0.9399  0.00552245
         202       -0.92   -0.939802  0.00549593
         203       -0.92   -0.939704  0.00546966
         204       -0.92   -0.939608  0.00544364
         205       -0.92   -0.939512  0.00541786
         206       -0.92   -0.939417  0.00539233
         207       -0.92   -0.939324  0.00536703
         208       -0.92   -0.939231  0.00534198
         209       -0.92   -0.939139  0.00531715
         210       -0.92   -0.939048  0.00529256
         211       -0.92   -0.938957  0.00526819
         212       -0.92   -0.938868  0.00524404
         213       -0.92   -0.938779  0.00522011
         214       -0.92   -0.938692   0.0051964
         215       -0.84   -0.938233  0.00519251
         216       -0.84   -0.937778  0.00518838
         217       -0.84   -0.937327  0.00518404
         218       -0.84   -0.936881  0.00517948
         219       -0.84   -0.936438  0.00517472
         220       -0.84      -0.936  0.00516976
         221       -0.84   -0.935566  0.00516462
         222       -0.84   -0.935135  0.00515929
         223       -0.84   -0.934709  0.00515379
         224       -0.84   -0.934286  0.00514812
         225       -0.84   -0.933867  0.00514229
         226       -0.84   -0.933451  0.00513631
         227       -0.84    -0.93304  0.00513018
         228       -0.84   -0.932632   0.0051239
         229       -0.84   -0.932227  0.00511749
         230       -0.84   -0.931826  0.00511095
         231       -0.84   -0.931429  0.00510427
         232       -0.84   -0.931034  0.00509748
         233       -0.84   -0.930644  0.00509057
         234       -0.84   -0.930256  0.00508355
         235       -0.84   -0.929872  0.00507642
         236       -0.84   -0.929492  0.00506919
         237       -0.84   -0.929114  0.00506186
         238       -0.84   -0.928739  0.00505444
         239       -0.84   -0.928368  0.00504692
         240       -0.84      -0.928  0.00503932
         241       -0.84   -0.927635  0.00503163
         242       -0.84   -0.927273  0.00502386
         243       -0.84   -0.926914  0.00501602
         244       -0.84   -0.926557   0.0050081
         245       -0.92   -0.926531  0.00498769
         246       -0.92   -0.926504  0.00496745
         247       -0.92   -0.926478  0.00494736
         248       -0.92   -0.926452  0.00492744
         249       -0.92   -0.926426  0.00490768
         250       -0.92     -0.9264  0.00488808
         251       -0.92   -0.926375  0.00486863
         252       -0.92   -0.926349  0.00484934
         253       -0.92   -0.926324   0.0048302
         254       -0.92   -0.926299  0.00481121
         255       -0.92   -0.926275  0.00479237
         256       -0.92    -0.92625  0.00477368
         257       -0.92   -0.926226  0.00475513
         258       -0.92   -0.926202  0.00473672
         259       -0.92   -0.926178  0.00471846
         260       -0.92   -0.926154  0.00470034
         261       -0.92    -0.92613  0.00468235
         262       -0.92   -0.926107  0.00466451
         263       -0.92   -0.926084  0.00464679
         264       -0.92   -0.926061  0.00462922
         265       -0.92   -0.926038  0.00461177
         266       -0.92   -0.926015  0.00459446
         267       -0.92   -0.925993  0.00457727
         268       -0.92    -0.92597  0.00456022
         269       -0.92   -0.925948  0.00454329
         270       -0.92   -0.925926  0.00452648
         271       -0.92   -0.925904   0.0045098
         272       -0.92   -0.925882  0.00449324
         273       -0.92   -0.925861  0.00447681
         274       -0.92   -0.925839  0.00446049
         275       -0.92   -0.925818  0.00444429
         276       -0.92   -0.925797  0.00442821
         277       -0.92   -0.925776  0.00441224
         278       -0.92   -0.925755  0.00439639
         279       -0.92   -0.925735  0.00438065
         280       -0.92   -0.925714  0.00436503
         281       -0.92   -0.925694  0.00434951
         282       -0.92   -0.925674  0.00433411
         283       -0.92   -0.925654  0.00431881
         284       -0.92   -0.925634  0.00430363
         285       -0.92   -0.925614  0.00428854
         286       -0.92   -0.925594  0.00427357
         287       -0.92   -0.925575   0.0042587
         288       -0.92   -0.925556  0.00424393
         289       -0.92   -0.925536  0.00422926
         290       -0.92   -0.925517   0.0042147
         291       -0.92   -0.925498  0.00420023
         292       -0.92   -0.925479  0.00418586
         293       -0.92   -0.925461  0.00417159
         294       -0.92   -0.925442  0.00415742
         295       -0.92   -0.925424  0.00414335
         296       -0.92   -0.925405  0.00412937
         297       -0.92   -0.925387  0.00411548
         298       -0.92   -0.925369  0.00410169
         299       -0.92   -0.925351  0.00408798
         300       -0.92   -0.925333  0.00407437
         301       -0.92   -0.925316  0.00406085
         302       -0.92   -0.925298  0.00404742
         303       -0.92   -0.925281  0.00403408
         304       -0.92   -0.925263  0.00402083
         305       -0.92   -0.925246  0.00400766
         306       -0.92   -0.925229  0.00399458
         307       -0.92   -0.925212  0.00398158
         308       -0.92   -0.925195  0.00396867
         309       -0.92   -0.925178  0.00395584
         310       -0.92   -0.925161  0.00394309
         311       -0.92   -0.925145  0.00393043
         312       -0.92   -0.925128  0.00391785
         313       -0.92   -0.925112  0.00390534
         314       -0.92   -0.925096  0.00389292
         315       -0.92   -0.925079  0.00388058
         316       -0.92   -0.925063  0.00386831
         317       -0.92   -0.925047  0.00385612
         318       -0.92   -0.925031  0.00384401
         319       -0.92   -0.925016  0.00383197
         320       -0.92      -0.925  0.00382001
         321       -0.92   -0.924984  0.00380812
         322       -0.92   -0.924969  0.00379631
         323       -0.92   -0.924954  0.00378457
         324       -0.92   -0.924938   0.0037729
         325       -0.92   -0.924923  0.00376131
         326       -0.92   -0.924908  0.00374978
         327       -0.92   -0.924893  0.00373833
         328       -0.92   -0.924878  0.00372694
         329       -0.92   -0.924863  0.00371562
         330       -0.92   -0.924848  0.00370438
         331       -0.92   -0.924834   0.0036932
         332       -0.92   -0.924819  0.00368209
         333       -0.92   -0.924805  0.00367104
         334       -0.92    -0.92479  0.00366006
         335       -0.92   -0.924776  0.00364915
         336       -0.92   -0.924762   0.0036383
         337       -0.92   -0.924748  0.00362751
         338       -0.92   -0.924734  0.00361679
         339       -0.92    -0.92472  0.00360614
         340       -0.92   -0.924706  0.00359554
         341       -0.92   -0.924692  0.00358501
         342       -0.92   -0.924678  0.00357454
         343       -0.92   -0.924665  0.00356412
         344       -0.92   -0.924651  0.00355377
         345       -0.92   -0.924638  0.00354348
         346       -0.92   -0.924624  0.00353325
         347       -0.92   -0.924611  0.00352308
         348       -0.92   -0.924598  0.00351297
         349       -0.92   -0.924585  0.00350291
         350       -0.92   -0.924571  0.00349292
         351       -0.92   -0.924558  0.00348297
         352       -0.92   -0.924545  0.00347309
         353       -0.92   -0.924533  0.00346326
         354       -0.92    -0.92452  0.00345349
         355       -0.92   -0.924507  0.00344377
         356       -0.92   -0.924494   0.0034341
         357       -0.92   -0.924482   0.0034245
         358       -0.92   -0.924469  0.00341494
         359       -0.92   -0.924457  0.00340544
         360       -0.92   -0.924444  0.00339599
         361       -0.92   -0.924432  0.00338659
         362       -0.92    -0.92442  0.00337724
         363       -0.92   -0.924408  0.00336795
         364       -0.92   -0.924396   0.0033587
         365       -0.92   -0.924384  0.00334951
         366       -0.92   -0.924372  0.00334037
         367       -0.92    -0.92436  0.00333128
         368       -0.92   -0.924348  0.00332223
         369       -0.92   -0.924336  0.00331324
         370       -0.92   -0.924324  0.00330429
         371       -0.92   -0.924313  0.00329539
         372       -0.92   -0.924301  0.00328654
         373       -0.92    -0.92429  0.00327774
         374       -0.92   -0.924278  0.00326899
         375       -0.92   -0.924267  0.00326028
         376       -0.92   -0.924255  0.00325161
         377       -0.92   -0.924244    0.003243
         378       -0.92   -0.924233  0.00323443
         379       -0.92   -0.924222   0.0032259
         380       -0.92   -0.924211  0.00321742
         381       -0.92   -0.924199  0.00320898
         382       -0.92   -0.924188  0.00320059
         383       -0.92   -0.924178  0.00319224
         384       -0.92   -0.924167  0.00318393
         385       -0.92   -0.924156  0.00317567
         386       -0.92   -0.924145  0.00316745
         387       -0.92   -0.924134  0.00315928
         388       -0.92   -0.924124  0.00315114
         389       -0.92   -0.924113  0.00314305
         390       -0.92   -0.924103    0.003135
         391       -0.92   -0.924092  0.00312699
         392       -0.92   -0.924082  0.00311902
         393       -0.92   -0.924071  0.00311109
         394       -0.92   -0.924061   0.0031032
         395       -0.92   -0.924051  0.00309535
         396       -0.92    -0.92404  0.00308754
         397       -0.92    -0.92403  0.00307977
         398       -0.92    -0.92402  0.00307204
         399       -0.92    -0.92401  0.00306434
         400       -0.92      -0.924  0.00305669
         401       -0.92    -0.92399  0.00304907
         402       -0.92    -0.92398   0.0030415
         403       -0.92    -0.92397  0.00303396
         404       -0.92    -0.92396  0.00302645
         405       -0.92   -0.923951  0.00301899
         406       -0.92   -0.923941  0.00301156
         407       -0.92   -0.923931  0.00300416
         408       -0.92   -0.923922  0.00299681
         409       -0.92   -0.923912  0.00298949
         410       -0.92   -0.923902   0.0029822
         411       -0.92   -0.923893  0.00297495
         412       -0.84   -0.923689   0.0029747
         413       -0.92    -0.92368   0.0029675
         414       -0.92   -0.923671  0.00296034
         415       -0.92   -0.923663  0.00295321
         416       -0.92   -0.923654  0.00294612
         417       -0.92   -0.923645  0.00293906
         418       -0.92   -0.923636  0.00293203
         419       -0.92   -0.923628  0.00292504
         420       -0.92   -0.923619  0.00291808
         421       -0.92    -0.92361  0.00291115
         422       -0.92   -0.923602  0.00290425
         423       -0.84   -0.923404  0.00290411
         424       -0.84   -0.923208  0.00290393
         425       -0.84   -0.923012  0.00290369
         426       -0.92   -0.923005  0.00289688
         427       -0.92   -0.922998  0.00289009
         428       -0.92   -0.922991  0.00288334
         429       -0.92   -0.922984  0.00287662
         430       -0.92   -0.922977  0.00286993
         431       -0.92    -0.92297  0.00286327
         432       -0.92   -0.922963  0.00285665
         433       -0.92   -0.922956  0.00285005
         434       -0.92   -0.922949  0.00284348
         435       -0.92   -0.922943  0.00283695
         436       -0.92   -0.922936  0.00283044
         437       -0.92   -0.922929  0.00282397
         438       -0.92   -0.922922  0.00281752
         439       -0.92   -0.922916   0.0028111
         440       -0.92   -0.922909  0.00280471
         441       -0.92   -0.922902  0.00279835
         442       -0.92   -0.922896  0.00279202
         443       -0.92   -0.922889  0.00278572
         444       -0.92   -0.922883  0.00277945
         445       -0.92   -0.922876   0.0027732
         446       -0.92    -0.92287  0.00276698
         447       -0.92   -0.922864  0.00276079
         448       -0.92   -0.922857  0.00275463
         449       -0.92   -0.922851   0.0027485
         450       -0.92   -0.922844  0.00274239
         451       -0.92   -0.922838  0.00273631
         452       -0.92   -0.922832  0.00273026
         453       -0.92   -0.922826  0.00272423
         454       -0.92   -0.922819  0.00271823
         455       -0.92   -0.922813  0.00271226
         456       -0.92   -0.922807  0.00270631
         457       -0.92   -0.922801  0.00270039
         458       -0.92   -0.922795  0.00269449
         459       -0.92   -0.922789  0.00268862
         460       -0.92   -0.922783  0.00268278
         461       -0.92   -0.922777  0.00267696
         462       -0.92   -0.922771  0.00267117
         463       -0.92   -0.922765   0.0026654
         464       -0.92   -0.922759  0.00265965
         465       -0.92   -0.922753  0.00265393
         466       -0.92   -0.922747  0.00264824
         467       -0.92   -0.922741  0.00264257
         468       -0.92   -0.922735  0.00263692
         469       -0.92   -0.922729   0.0026313
         470       -0.92   -0.922723   0.0026257
         471       -0.92   -0.922718  0.00262013
         472       -0.92   -0.922712  0.00261458
         473       -0.92   -0.922706  0.00260905
         474       -0.92     -0.9227  0.00260355
         475       -0.92   -0.922695  0.00259807
         476       -0.92   -0.922689  0.00259261
         477       -0.92   -0.922683  0.00258717
         478       -0.92   -0.922678  0.00258176
         479       -0.92   -0.922672  0.00257637
         480       -0.92   -0.922667  0.00257101
         481       -0.92   -0.922661  0.00256566
         482       -0.92   -0.922656  0.00256034
         483       -0.92    -0.92265  0.00255504
         484       -0.92   -0.922645  0.00254976
         485       -0.92   -0.922639   0.0025445
         486       -0.92   -0.922634  0.00253927
         487       -0.92   -0.922628  0.00253405
         488       -0.92   -0.922623  0.00252886
         489       -0.92   -0.922618  0.00252369
         490       -0.92   -0.922612  0.00251854
         491       -0.92   -0.922607  0.00251341
         492       -0.92   -0.922602   0.0025083
         493       -0.92   -0.922596  0.00250322
         494       -0.92   -0.922591  0.00249815
         495       -0.92   -0.922586   0.0024931
         496       -0.92   -0.922581  0.00248808
         497       -0.92   -0.922575  0.00248307
         498       -0.92    -0.92257  0.00247808
         499       -0.92   -0.922565  0.00247312
         500       -0.92    -0.92256  0.00246817
         501       -0.92   -0.922555  0.00246325
         502       -0.92    -0.92255  0.00245834
         503       -0.92   -0.922545  0.00245345
         504       -0.92    -0.92254  0.00244859
         505       -0.92   -0.922535  0.00244374
         506       -0.92    -0.92253  0.00243891
         507       -0.92   -0.922525   0.0024341
         508       -0.92    -0.92252  0.00242931
         509       -0.92   -0.922515  0.00242453
         510       -0.92    -0.92251  0.00241978
         511       -0.92   -0.922505  0.00241505
         512       -0.92     -0.9225  0.00241033
         513       -0.84   -0.922339    0.002411
         514       -0.92   -0.922335   0.0024063
         515       -0.92    -0.92233  0.00240163
         516       -0.92   -0.922326  0.00239698
         517       -0.92   -0.922321  0.00239234
         518       -0.92   -0.922317  0.00238772
         519       -0.92   -0.922312  0.00238312
         520       -0.92   -0.922308  0.00237854
         521       -0.92   -0.922303  0.00237397
         522       -0.92   -0.922299  0.00236942
         523       -0.92   -0.922294  0.00236489
         524       -0.92    -0.92229  0.00236038
         525       -0.92   -0.922286  0.00235588
         526       -0.92   -0.922281   0.0023514
         527       -0.92   -0.922277  0.00234694
         528       -0.92   -0.922273   0.0023425
         529       -0.92   -0.922268  0.00233807
         530       -0.92   -0.922264  0.00233366
         531       -0.92    -0.92226  0.00232926
         532       -0.92   -0.922256  0.00232488
         533       -0.92   -0.922251  0.00232052
         534       -0.92   -0.922247  0.00231618
         535       -0.92   -0.922243  0.00231185
         536       -0.92   -0.922239  0.00230753
         537       -0.92   -0.922235  0.00230324
         538       -0.92    -0.92223  0.00229895
         539       -0.92   -0.922226  0.00229469
         540       -0.92   -0.922222  0.00229044
         541       -0.92   -0.922218  0.00228621
         542       -0.92   -0.922214  0.00228199
         543       -0.92    -0.92221  0.00227778
         544       -0.84   -0.922059  0.00227861
         545       -0.84   -0.921908   0.0022794
         546       -0.84   -0.921758  0.00228017
         547       -0.84   -0.921609   0.0022809
         548       -0.84    -0.92146  0.00228159
         549       -0.84   -0.921311  0.00228226
         550       -0.84   -0.921164   0.0022829
         551       -0.84   -0.921016  0.00228351
         552       -0.84    -0.92087  0.00228409
         553       -0.84   -0.920723  0.00228464
         554       -0.84   -0.920578  0.00228516
         555       -0.84   -0.920432  0.00228566
         556       -0.84   -0.920288  0.00228613
         557       -0.84   -0.920144  0.00228657
         558       -0.84       -0.92  0.00228698
         559       -0.84   -0.919857  0.00228737
         560       -0.84   -0.919714  0.00228773
         561       -0.84   -0.919572  0.00228806
         562       -0.84   -0.919431  0.00228837
         563       -0.84    -0.91929  0.00228865
         564       -0.84   -0.919149  0.00228891
         565       -0.84   -0.919009  0.00228915
         566       -0.84   -0.918869  0.00228936
         567       -0.84    -0.91873  0.00228955
         568       -0.84   -0.918592  0.00228971
         569       -0.84   -0.918453  0.00228986
         570       -0.84   -0.918316  0.00228998
         571       -0.84   -0.918179  0.00229007
         572       -0.84   -0.918042  0.00229015
         573       -0.84   -0.917906   0.0022902
         574       -0.84    -0.91777  0.00229023
         575       -0.84   -0.917635  0.00229024
         576       -0.84     -0.9175  0.00229023
         577       -0.84   -0.917366   0.0022902
         578       -0.84   -0.917232  0.00229015
         579       -0.84   -0.917098  0.00229008
         580       -0.84   -0.916966  0.00228999
         581       -0.84   -0.916833  0.00228988
         582       -0.84   -0.916701  0.00228975
         583       -0.84   -0.916569   0.0022896
         584       -0.84   -0.916438  0.00228944
         585       -0.84   -0.916308  0.00228925
         586       -0.84   -0.916177  0.00228905
         587       -0.84   -0.916048  0.00228883
         588       -0.84   -0.915918  0.00228859
         589       -0.84   -0.915789  0.00228833
         590       -0.84   -0.915661  0.00228806
         591       -0.84   -0.915533  0.00228777
         592       -0.84   -0.915405  0.00228746
         593       -0.84   -0.915278  0.00228714
         594       -0.84   -0.915152   0.0022868
         595       -0.84   -0.915025  0.00228645
         596       -0.84   -0.914899  0.00228608
         597       -0.84   -0.914774  0.00228569
         598       -0.84   -0.914649  0.00228529
         599       -0.84   -0.914524  0.00228487
         600       -0.92   -0.914533  0.00228108
         601       -0.92   -0.914542   0.0022773
         602       -0.92   -0.914551  0.00227353
         603       -0.92   -0.914561  0.00226977
         604       -0.92    -0.91457  0.00226603
         605       -0.92   -0.914579   0.0022623
         606       -0.92   -0.914587  0.00225858
         607       -0.92   -0.914596  0.00225487
         608       -0.92   -0.914605  0.00225118
         609       -0.92   -0.914614   0.0022475
         610       -0.92   -0.914623  0.00224383
         611       -0.92   -0.914632  0.00224017
         612       -0.92   -0.914641  0.00223652
         613       -0.92   -0.914649  0.00223289
         614       -0.92   -0.914658  0.00222927
         615       -0.92   -0.914667  0.00222566
         616       -0.92   -0.914675  0.00222206
         617       -0.92   -0.914684  0.00221847
         618       -0.92   -0.914693  0.00221489
         619       -0.92   -0.914701  0.00221133
         620       -0.92    -0.91471  0.00220778
         621       -0.92   -0.914718  0.00220423
         622       -0.92   -0.914727   0.0022007
         623       -0.92   -0.914735  0.00219718
         624       -0.92   -0.914744  0.00219368
         625       -0.92   -0.914752  0.00219018
         626       -0.92    -0.91476  0.00218669
         627       -0.92   -0.914769  0.00218322
         628       -0.92   -0.914777  0.00217976
         629       -0.92   -0.914785   0.0021763
         630       -0.92   -0.914794  0.00217286
         631       -0.92   -0.914802  0.00216943
         632       -0.92    -0.91481  0.00216601
         633       -0.92   -0.914818   0.0021626
         634       -0.92   -0.914826  0.00215921
         635       -0.92   -0.914835  0.00215582
         636       -0.92   -0.914843  0.00215244
         637       -0.92   -0.914851  0.00214907
         638       -0.92   -0.914859  0.00214572
         639       -0.92   -0.914867  0.00214237
         640       -0.92   -0.914875  0.00213904
         641       -0.92   -0.914883  0.00213571
         642       -0.92   -0.914891   0.0021324
         643       -0.92   -0.914899   0.0021291
         644       -0.92   -0.914907   0.0021258
         645       -0.92   -0.914915  0.00212252
         646       -0.92   -0.914923  0.00211924
         647       -0.92    -0.91493  0.00211598
         648       -0.92   -0.914938  0.00211273
         649       -0.92   -0.914946  0.00210948
         650       -0.92   -0.914954  0.00210625
         651       -0.92   -0.914962  0.00210303
         652       -0.92   -0.914969  0.00209981
         653       -0.92   -0.914977  0.00209661
         654       -0.92   -0.914985  0.00209341
         655       -0.92   -0.914992  0.00209023
         656       -0.92      -0.915  0.00208706
         657       -0.92   -0.915008  0.00208389
         658       -0.92   -0.915015  0.00208073
         659       -0.92   -0.915023  0.00207759
         660       -0.92    -0.91503  0.00207445
         661       -0.84   -0.914917  0.00207442
         662       -0.84   -0.914804  0.00207437
         663       -0.84   -0.914691  0.00207431
         664       -0.84   -0.914578  0.00207424
         665       -0.84   -0.914466  0.00207415
         666       -0.84   -0.914354  0.00207405
         667       -0.84   -0.914243  0.00207394
         668       -0.92   -0.914251  0.00207085
         669       -0.92    -0.91426  0.00206777
         670       -0.92   -0.914269   0.0020647
         671       -0.92   -0.914277  0.00206163
         672       -0.92   -0.914286  0.00205858
         673       -0.92   -0.914294  0.00205554
         674       -0.92   -0.914303   0.0020525
         675       -0.92   -0.914311  0.00204948
         676       -0.92    -0.91432  0.00204646
         677       -0.92   -0.914328  0.00204345
         678       -0.92   -0.914336  0.00204045
         679       -0.92   -0.914345  0.00203746
         680       -0.92   -0.914353  0.00203448
         681       -0.92   -0.914361  0.00203151
         682       -0.92    -0.91437  0.00202855
         683       -0.92   -0.914378  0.00202559
         684       -0.92   -0.914386  0.00202264
         685       -0.92   -0.914394  0.00201971
         686       -0.92   -0.914402  0.00201678
         687       -0.92    -0.91441  0.00201385
         688       -0.92   -0.914419  0.00201094
         689       -0.92   -0.914427  0.00200804
         690       -0.84   -0.914319  0.00200802
         691       -0.84   -0.914211    0.002008
         692       -0.92    -0.91422  0.00200511
         693       -0.92   -0.914228  0.00200223
         694       -0.92   -0.914236  0.00199936
         695       -0.92   -0.914245   0.0019965
         696       -0.92   -0.914253  0.00199365
         697       -0.92   -0.914261   0.0019908
         698       -0.92   -0.914269  0.00198797
         699       -0.92   -0.914278  0.00198514
         700       -0.92   -0.914286  0.00198232
         701       -0.92   -0.914294   0.0019795
         702       -0.92   -0.914302   0.0019767
         703       -0.92    -0.91431   0.0019739
         704       -0.92   -0.914318  0.00197111
         705       -0.92   -0.914326  0.00196833
         706       -0.92   -0.914334  0.00196556
         707       -0.92   -0.914342  0.00196279
         708       -0.92    -0.91435  0.00196003
         709       -0.92   -0.914358  0.00195728
         710       -0.92   -0.914366  0.00195454
         711       -0.92   -0.914374  0.00195181
         712       -0.92   -0.914382  0.00194908
         713       -0.92    -0.91439  0.00194636
         714       -0.92   -0.914398  0.00194365
         715       -0.92   -0.914406  0.00194094
         716       -0.92   -0.914413  0.00193825
         717       -0.92   -0.914421  0.00193556
         718       -0.92   -0.914429  0.00193287
         719       -0.92   -0.914437   0.0019302
         720       -0.92   -0.914444  0.00192753
         721       -0.92   -0.914452  0.00192487
         722       -0.92    -0.91446  0.00192222
         723       -0.92   -0.914467  0.00191957
         724       -0.92   -0.914475  0.00191694
         725       -0.92   -0.914483  0.00191431
         726       -0.92    -0.91449  0.00191168
         727       -0.92   -0.914498  0.00190907
         728       -0.92   -0.914505  0.00190646
         729       -0.84   -0.914403  0.00190658
         730       -0.84   -0.914301  0.00190669
         731       -0.84     -0.9142  0.00190679
         732       -0.84   -0.914098  0.00190688
         733       -0.84   -0.913997  0.00190696
         734       -0.84   -0.913896  0.00190703
         735       -0.84   -0.913796  0.00190708
         736       -0.84   -0.913696  0.00190713
         737       -0.84   -0.913596  0.00190716
         738       -0.84   -0.913496  0.00190719
         739       -0.84   -0.913396   0.0019072
         740       -0.84   -0.913297   0.0019072
         741       -0.84   -0.913198  0.00190719
         742       -0.84     -0.9131  0.00190717
         743       -0.84   -0.913001  0.00190714
         744       -0.84   -0.912903   0.0019071
         745       -0.84   -0.912805  0.00190705
         746       -0.84   -0.912708    0.001907
         747       -0.84    -0.91261  0.00190693
         748       -0.84   -0.912513  0.00190685
         749       -0.84   -0.912417  0.00190676
         750       -0.84    -0.91232  0.00190666
         751       -0.84   -0.912224  0.00190655
         752       -0.84   -0.912128  0.00190644
         753       -0.84   -0.912032  0.00190631
         754       -0.84   -0.911936  0.00190618
         755       -0.84   -0.911841  0.00190604
         756       -0.84   -0.911746  0.00190588
         757       -0.84   -0.911651  0.00190572
         758       -0.84   -0.911557  0.00190555
         759       -0.84   -0.911462  0.00190537
         760       -0.84   -0.911368  0.00190519
         761       -0.84   -0.911275  0.00190499
         762       -0.84   -0.911181  0.00190479
         763       -0.84   -0.911088  0.00190458
         764       -0.84   -0.910995  0.00190436
         765       -0.84   -0.910902  0.00190413
         766       -0.84   -0.910809  0.00190389
         767       -0.84   -0.910717  0.00190365
         768       -0.84   -0.910625   0.0019034
         769       -0.84   -0.910533  0.00190314
         770       -0.84   -0.910442  0.00190287
         771       -0.84    -0.91035  0.00190259
         772       -0.84   -0.910259  0.00190231
         773       -0.84   -0.910168  0.00190202
         774       -0.84   -0.910078  0.00190173
         775       -0.84   -0.909987  0.00190142
         776       -0.84   -0.909897  0.00190111
         777       -0.84   -0.909807  0.00190079
         778       -0.84   -0.909717  0.00190047
         779       -0.84   -0.909628  0.00190013
         780       -0.84   -0.909538  0.00189979
         781       -0.84   -0.909449  0.00189945
         782       -0.84   -0.909361   0.0018991
         783       -0.92   -0.909374  0.00189672
         784       -0.92   -0.909388  0.00189435
         785       -0.92   -0.909401  0.00189198
         786       -0.92   -0.909415  0.00188962
         787       -0.92   -0.909428  0.00188726
         788       -0.92   -0.909442  0.00188491
         789       -0.92   -0.909455  0.00188257
         790       -0.84   -0.909367  0.00188224
         791       -0.92   -0.909381  0.00187991
         792       -0.92   -0.909394  0.00187758
         793       -0.92   -0.909407  0.00187526
         794       -0.92   -0.909421  0.00187294
         795       -0.92   -0.909434  0.00187063
         796       -0.92   -0.909447  0.00186833
         797       -0.92    -0.90946  0.00186603
         798       -0.92   -0.909474  0.00186374
         799       -0.92   -0.909487  0.00186145
         800       -0.92     -0.9095  0.00185917
         801       -0.92   -0.909513  0.00185689
         802       -0.92   -0.909526  0.00185462
         803       -0.92   -0.909539  0.00185236
         804       -0.92   -0.909552   0.0018501
         805       -0.92   -0.909565  0.00184784
         806       -0.92   -0.909578  0.00184559
         807       -0.92   -0.909591  0.00184335
         808       -0.92   -0.909604  0.00184111
         809       -0.92   -0.909617  0.00183888
         810       -0.92    -0.90963  0.00183665
         811       -0.92   -0.909642  0.00183443
         812       -0.92   -0.909655  0.00183222
         813       -0.92   -0.909668  0.00183001
         814       -0.92   -0.909681   0.0018278
         815       -0.92   -0.909693   0.0018256
         816       -0.92   -0.909706  0.00182341
         817       -0.92   -0.909718  0.00182122
         818       -0.92   -0.909731  0.00181903
         819       -0.92   -0.909744  0.00181685
         820       -0.92   -0.909756  0.00181468
         821       -0.92   -0.909769  0.00181251
         822       -0.92   -0.909781  0.00181035
         823       -0.92   -0.909793  0.00180819
         824       -0.92   -0.909806  0.00180603
         825       -0.92   -0.909818  0.00180389
         826       -0.92   -0.909831  0.00180174
         827       -0.92   -0.909843  0.00179961
         828       -0.92   -0.909855  0.00179747
         829       -0.92   -0.909867  0.00179534
         830       -0.92    -0.90988  0.00179322
         831       -0.92   -0.909892   0.0017911
         832       -0.92   -0.909904  0.00178899
         833       -0.92   -0.909916  0.00178688
         834       -0.92   -0.909928  0.00178478
         835       -0.92    -0.90994  0.00178268
         836       -0.92   -0.909952  0.00178059
         837       -0.92   -0.909964   0.0017785
         838       -0.92   -0.909976  0.00177642
         839       -0.92   -0.909988  0.00177434
         840       -0.92       -0.91  0.00177227
         841       -0.92   -0.910012   0.0017702
         842       -0.92   -0.910024  0.00176813
         843       -0.92   -0.910036  0.00176607
         844       -0.92   -0.910047  0.00176402
         845       -0.92   -0.910059  0.00176197
         846       -0.92   -0.910071  0.00175993
         847       -0.92   -0.910083  0.00175789
         848       -0.92   -0.910094  0.00175585
         849       -0.92   -0.910106  0.00175382
         850       -0.92   -0.910118  0.00175179
         851       -0.92   -0.910129  0.00174977
         852       -0.92   -0.910141  0.00174776
         853       -0.92   -0.910152  0.00174574
         854       -0.92   -0.910164  0.00174374
         855       -0.92   -0.910175  0.00174174
         856       -0.92   -0.910187  0.00173974
         857       -0.92   -0.910198  0.00173774
         858       -0.92    -0.91021  0.00173575
         859       -0.92   -0.910221  0.00173377
         860       -0.92   -0.910233  0.00173179
         861       -0.92   -0.910244  0.00172981
         862       -0.92   -0.910255  0.00172784
         863       -0.92   -0.910267  0.00172588
         864       -0.92   -0.910278  0.00172392
         865       -0.92   -0.910289  0.00172196
         866       -0.92     -0.9103  0.00172001
         867       -0.92   -0.910311  0.00171806
         868       -0.92   -0.910323  0.00171611
         869       -0.92   -0.910334  0.00171417
         870       -0.92   -0.910345  0.00171224
         871       -0.92   -0.910356  0.00171031
         872       -0.92   -0.910367  0.00170838
         873       -0.92   -0.910378  0.00170646
         874       -0.92   -0.910389  0.00170454
         875       -0.92     -0.9104  0.00170263
         876       -0.92   -0.910411  0.00170072
         877       -0.92   -0.910422  0.00169881
         878       -0.92   -0.910433  0.00169691
         879       -0.92   -0.910444  0.00169501
         880       -0.92   -0.910455  0.00169312
         881       -0.92   -0.910465  0.00169123
         882       -0.92   -0.910476  0.00168935
         883       -0.92   -0.910487  0.00168747
         884       -0.92   -0.910498  0.00168559
         885       -0.92   -0.910508  0.00168372
         886       -0.92   -0.910519  0.00168185
         887       -0.92    -0.91053  0.00167999
         888       -0.92   -0.910541  0.00167813
         889       -0.92   -0.910551  0.00167628
         890       -0.92   -0.910562  0.00167443
         891       -0.92   -0.910572  0.00167258
         892       -0.92   -0.910583  0.00167074
         893       -0.92   -0.910594   0.0016689
         894       -0.92   -0.910604  0.00166706
         895       -0.92   -0.910615  0.00166523
         896       -0.92   -0.910625  0.00166341
         897       -0.92   -0.910635  0.00166158
         898       -0.92   -0.910646  0.00165977
         899       -0.92   -0.910656  0.00165795
         900       -0.92   -0.910667  0.00165614
         901       -0.92   -0.910677  0.00165433
         902       -0.92   -0.910687  0.00165253
         903       -0.92   -0.910698  0.00165073
         904       -0.92   -0.910708  0.00164894
         905       -0.92   -0.910718  0.00164715
         906       -0.92   -0.910728  0.00164536
         907       -0.92   -0.910739  0.00164358
         908       -0.92   -0.910749   0.0016418
         909       -0.92   -0.910759  0.00164002
         910       -0.92   -0.910769  0.00163825
         911       -0.92   -0.910779  0.00163648
         912       -0.92   -0.910789  0.00163472
         913       -0.92     -0.9108  0.00163296
         914       -0.92    -0.91081   0.0016312
         915       -0.92    -0.91082  0.00162945
         916       -0.92    -0.91083   0.0016277
         917       -0.92    -0.91084  0.00162595
         918       -0.92    -0.91085  0.00162421
         919       -0.92    -0.91086  0.00162247
         920       -0.92    -0.91087  0.00162074
         921       -0.92   -0.910879  0.00161901
         922       -0.92   -0.910889  0.00161728
         923       -0.92   -0.910899  0.00161556
         924       -0.92   -0.910909  0.00161384
         925       -0.92   -0.910919  0.00161212
         926       -0.92   -0.910929  0.00161041
         927       -0.92   -0.910939   0.0016087
         928       -0.92   -0.910948    0.001607
         929       -0.92   -0.910958   0.0016053
         930       -0.92   -0.910968   0.0016036
         931       -0.92   -0.910977  0.00160191
         932       -0.92   -0.910987  0.00160022
         933       -0.92   -0.910997  0.00159853
         934       -0.92   -0.911006  0.00159685
         935       -0.92   -0.911016  0.00159517
         936       -0.92   -0.911026  0.00159349
         937       -0.92   -0.911035  0.00159182
         938       -0.92   -0.911045  0.00159015
         939       -0.92   -0.911054  0.00158848
         940       -0.92   -0.911064  0.00158682
         941       -0.92   -0.911073  0.00158516
         942       -0.92   -0.911083  0.00158351
         943       -0.92   -0.911092  0.00158185
         944       -0.92   -0.911102  0.00158021
         945       -0.92   -0.911111  0.00157856
         946       -0.92   -0.911121  0.00157692
         947       -0.92    -0.91113  0.00157528
         948       -0.92   -0.911139  0.00157365
         949       -0.92   -0.911149  0.00157201
         950       -0.92   -0.911158  0.00157039
         951       -0.92   -0.911167  0.00156876
         952       -0.92   -0.911176  0.00156714
         953       -0.92   -0.911186  0.00156552
         954       -0.92   -0.911195  0.00156391
         955       -0.92   -0.911204   0.0015623
         956       -0.92   -0.911213  0.00156069
         957       -0.92   -0.911223  0.00155908
         958       -0.92   -0.911232  0.00155748
         959       -0.92   -0.911241  0.00155589
         960       -0.92    -0.91125  0.00155429
         961       -0.92   -0.911259   0.0015527
         962       -0.92   -0.911268  0.00155111
         963       -0.92   -0.911277  0.00154953
         964       -0.92   -0.911286  0.00154794
         965       -0.92   -0.911295  0.00154637
         966       -0.92   -0.911304  0.00154479
         967       -0.92   -0.911313  0.00154322
         968       -0.92   -0.911322  0.00154165
         969       -0.92   -0.911331  0.00154008
         970       -0.92    -0.91134  0.00153852
         971       -0.92   -0.911349  0.00153696
         972       -0.92   -0.911358  0.00153541
         973       -0.92   -0.911367  0.00153385
         974       -0.92   -0.911376   0.0015323
         975       -0.92   -0.911385  0.00153076
         976       -0.92   -0.911393  0.00152921
         977       -0.92   -0.911402  0.00152767
         978       -0.92   -0.911411  0.00152613
         979       -0.92    -0.91142   0.0015246
         980       -0.92   -0.911429  0.00152307
         981       -0.92   -0.911437  0.00152154
         982       -0.92   -0.911446  0.00152001
         983       -0.92   -0.911455  0.00151849
         984       -0.92   -0.911463  0.00151697
         985       -0.92   -0.911472  0.00151546
         986       -0.92   -0.911481  0.00151394
         987       -0.92   -0.911489  0.00151243
         988       -0.92   -0.911498  0.00151093
         989       -0.84   -0.911426  0.00151113
         990       -0.84   -0.911354  0.00151132
         991       -0.84   -0.911282  0.00151151
         992       -0.84    -0.91121   0.0015117
         993       -0.84   -0.911138  0.00151188
         994       -0.84   -0.911066  0.00151205
         995       -0.84   -0.910995  0.00151222
         996       -0.84   -0.910924  0.00151238
         997       -0.92   -0.910933  0.00151089
         998       -0.92   -0.910942   0.0015094
         999       -0.92   -0.910951  0.00150792
        1000       -0.92    -0.91096  0.00150644
