           1    -6.69311    -6.69311           0
           2    -6.70111    -6.69711   0.0028306
           3    -6.68388     -6.6927   0.0040654
           4    -6.68226    -6.69009  0.00379603
           5    -6.69507    -6.69109  0.00316479
           6    -6.68402    -6.68991  0.00284821
           7    -6.70661    -6.69229  0.00329202
           8    -6.70367    -6.69372  0.00317312
           9    -6.69809     -6.6942   0.0028576
          10    -6.68884    -6.69367   0.0026216
          11    -6.69997    -6.69424   0.0024452
          12    -6.69432    -6.69425  0.00224144
          13     -6.6827    -6.69336  0.00223804
          14    -6.71038    -6.69457  0.00238569
          15    -6.67916    -6.69355  0.00243795
          16    -6.69256    -6.69348  0.00228637
          17    -6.67929    -6.69265  0.00229919
          18    -6.68682    -6.69233  0.00219412
          19    -6.68622      -6.692  0.00210201
          20     -6.6885    -6.69183  0.00200419
          21    -6.68958    -6.69172   0.0019116
          22    -6.68291    -6.69132  0.00186624
          23    -6.67679    -6.69069  0.00188908
          24    -6.69574     -6.6909  0.00182205
          25    -6.68856    -6.69081  0.00175157
          26    -6.69398    -6.69093  0.00168846
          27    -6.69027     -6.6909   0.0016261
          28    -6.68592    -6.69073  0.00157774
          29    -6.69177    -6.69076  0.00152374
          30    -6.68655    -6.69062  0.00147941
          31    -6.70134    -6.69097  0.00147155
          32    -6.68765    -6.69086  0.00142922
          33    -6.69966    -6.69113  0.00141053
          34    -6.70373     -6.6915  0.00141686
          35    -6.69762    -6.69168  0.00138711
          36    -6.67069    -6.69109  0.00146599
          37    -6.69687    -6.69125  0.00143466
          38    -6.69925    -6.69146  0.00141227
          39    -6.69354    -6.69151  0.00137706
          40    -6.68821    -6.69143  0.00134512
          41     -6.6898    -6.69139  0.00131289
          42    -6.68378    -6.69121  0.00129408
          43    -6.69011    -6.69118  0.00126424
          44    -6.68909    -6.69114   0.0012364
          45    -6.68005    -6.69089  0.00123321
          46    -6.69962    -6.69108  0.00122092
          47     -6.6964    -6.69119  0.00120018
          48    -6.69846    -6.69134  0.00118467
          49    -6.68142    -6.69114  0.00117768
          50    -6.68745    -6.69107  0.00115643
