           1    -7.69384    -7.69384           0
           2    -7.57126    -7.63255    0.043337
           3    -7.37788    -7.54766   0.0750921
           4    -7.31139    -7.48859   0.0760827
           5    -7.20128    -7.43113   0.0796636
           6    -7.10731    -7.37716   0.0826703
           7    -7.09457    -7.33679    0.080113
           8    -7.03439    -7.29899   0.0785115
           9    -7.05394    -7.27176   0.0743595
          10     -6.9819    -7.24278    0.072353
          11    -6.94668    -7.21586   0.0706054
          12    -6.98759    -7.19684   0.0672353
          13    -6.94604    -7.17754    0.064772
          14     -6.8966    -7.15748   0.0631776
          15    -6.83924    -7.13626   0.0624265
          16    -6.88663    -7.12066   0.0604431
          17    -6.87295    -7.10609   0.0586176
          18    -6.73054    -7.08522   0.0589573
          19    -6.76705    -7.06848    0.058184
          20     -6.7979    -7.05495   0.0568258
          21    -6.71328    -7.03868   0.0564008
          22    -6.67336    -7.02207   0.0562285
          23    -6.76024    -7.01069   0.0549241
          24    -6.76623     -7.0005   0.0535718
          25    -6.75218    -6.99057   0.0523416
          26    -6.73237    -6.98064   0.0512619
          27     -6.7773    -6.97311   0.0499134
          28    -6.79216    -6.96665   0.0485474
          29    -6.69429    -6.95726   0.0477731
          30     -6.6706     -6.9477   0.0471265
          31    -6.69265    -6.93947    0.046319
          32    -6.79998    -6.93511   0.0450762
          33    -6.81992    -6.93162   0.0438452
          34    -6.83658    -6.92883   0.0426446
          35    -6.73784    -6.92337   0.0417739
          36    -6.75958    -6.91882   0.0408605
          37    -6.70142    -6.91295   0.0401764
          38    -6.69411    -6.90719   0.0395297
          39    -6.63441    -6.90019   0.0391299
          40    -6.53383    -6.89103   0.0392089
          41    -6.49569    -6.88139   0.0394205
          42    -6.44902     -6.8711   0.0398034
          43    -6.54758    -6.86357   0.0395824
          44    -6.61845      -6.858   0.0390729
          45    -6.57462     -6.8517   0.0387087
          46    -6.57617    -6.84571   0.0383279
          47    -6.67922    -6.84217   0.0376758
          48    -6.72574    -6.83975   0.0369689
          49    -6.72732    -6.83745   0.0362855
          50     -6.7843    -6.83639   0.0355754
          51    -6.82634    -6.83619   0.0348784
          52    -6.72876    -6.83413   0.0342688
          53    -6.72381    -6.83204   0.0336853
          54    -6.78068    -6.83109    0.033075
          55     -6.6973    -6.82866   0.0325629
          56    -6.70004    -6.82636   0.0320624
          57    -6.68089    -6.82381   0.0316013
          58    -6.75478    -6.82262   0.0310788
          59    -6.71421    -6.82078   0.0306063
          60    -6.60818    -6.81724   0.0303007
          61     -6.6665    -6.81477   0.0299045
          62    -6.58926    -6.81113   0.0296426
          63    -6.65487    -6.80865   0.0292756
          64    -6.71694    -6.80722   0.0288532
          65    -6.73185    -6.80606   0.0284326
          66    -6.63235    -6.80343   0.0281234
          67    -6.64357    -6.80104   0.0278047
          68    -6.67832    -6.79924   0.0274543
          69     -6.7008    -6.79781   0.0270934
          70    -6.69776    -6.79638   0.0267441
          71    -6.60659    -6.79371   0.0265006
          72    -6.58982    -6.79088   0.0262834
          73    -6.63387    -6.78872   0.0260112
          74    -6.58009    -6.78591   0.0258121
          75    -6.53237    -6.78253   0.0256883
          76    -6.54584    -6.77941   0.0255384
          77    -6.55897    -6.77655   0.0253667
          78    -6.60411    -6.77434   0.0251376
          79    -6.58402    -6.77193   0.0249346
          80    -6.52386    -6.76883    0.024815
          81    -6.51663    -6.76571   0.0247032
          82    -6.56428    -6.76326   0.0245238
          83    -6.59513    -6.76123   0.0243118
          84    -6.62859    -6.75965   0.0240736
          85    -6.63788    -6.75822    0.023833
          86    -6.74814     -6.7581   0.0235561
          87    -6.75808     -6.7581   0.0232854
          88    -6.70262    -6.75747   0.0230293
          89    -6.73138    -6.75718   0.0227724
          90    -6.78236    -6.75746   0.0225211
          91    -6.80734    -6.75801   0.0222803
          92    -6.78705    -6.75832   0.0220403
          93    -6.81768    -6.75896   0.0218126
          94     -6.7823    -6.75921    0.021582
          95    -6.79992    -6.75964    0.021359
          96    -6.71958    -6.75922   0.0211406
          97    -6.73129    -6.75893   0.0209246
          98    -6.68453    -6.75817   0.0207249
          99     -6.6824    -6.75741   0.0205297
         100    -6.71723    -6.75701   0.0203283
         101    -6.71404    -6.75658   0.0201315
         102    -6.68472    -6.75588   0.0199464
         103    -6.69895    -6.75532   0.0197604
         104    -6.72337    -6.75502   0.0195728
         105    -6.68335    -6.75433   0.0193983
         106    -6.67479    -6.75358   0.0192298
         107    -6.67654    -6.75286   0.0190636
         108    -6.60902    -6.75153   0.0189335
         109    -6.54478    -6.74963   0.0188546
         110    -6.52987    -6.74764   0.0187888
         111    -6.48157    -6.74524   0.0187718
         112    -6.54281    -6.74343    0.018691
         113    -6.56212    -6.74183   0.0185943
         114    -6.50214    -6.73973   0.0185497
         115    -6.49031    -6.73756   0.0185147
         116    -6.49868     -6.7355   0.0184693
         117      -6.449    -6.73305    0.018473
         118    -6.49847    -6.73106   0.0184232
         119    -6.62381    -6.73016   0.0182904
         120    -6.62421    -6.72928   0.0181592
         121    -6.62757    -6.72844   0.0180286
         122    -6.67197    -6.72797   0.0178868
         123    -6.67143    -6.72751   0.0177473
         124    -6.67437    -6.72708   0.0176093
         125    -6.61703     -6.7262   0.0174904
         126    -6.62265    -6.72538   0.0173709
         127    -6.66571    -6.72491   0.0172405
         128    -6.65573    -6.72437   0.0171143
         129    -6.62177    -6.72358   0.0170001
         130    -6.64009    -6.72293   0.0168814
         131    -6.68059    -6.72261   0.0167557
         132    -6.66116    -6.72215   0.0166352
         133     -6.7041    -6.72201   0.0165107
         134    -6.70551    -6.72189   0.0163879
         135    -6.66509    -6.72147   0.0162719
         136     -6.6684    -6.72108   0.0161569
         137      -6.698    -6.72091   0.0160399
         138    -6.80726    -6.72153   0.0159359
         139    -6.75136    -6.72175   0.0158227
         140    -6.80617    -6.72235   0.0157211
         141    -6.80406    -6.72293   0.0156203
         142    -6.79462    -6.72344   0.0155185
         143    -6.75946    -6.72369    0.015412
         144    -6.81913    -6.72435   0.0153192
         145    -6.78376    -6.72476    0.015219
         146    -6.72366    -6.72475   0.0151148
         147    -6.73565    -6.72483   0.0150122
         148     -6.7355     -6.7249   0.0149109
         149    -6.66715    -6.72451   0.0148159
         150    -6.60081    -6.72369     0.01474
         151    -6.61211    -6.72295   0.0146609
         152    -6.58508    -6.72204   0.0145925
         153    -6.51923    -6.72071   0.0145572
         154    -6.58301    -6.71982   0.0144901
         155    -6.49765    -6.71839   0.0144673
         156     -6.5905    -6.71757   0.0143978
         157    -6.70877    -6.71751   0.0143062
         158    -6.67047    -6.71721   0.0142188
         159    -6.60518    -6.71651   0.0141468
         160    -6.58807    -6.71571   0.0140811
         161    -6.63632    -6.71521   0.0140023
         162    -6.56693     -6.7143   0.0139457
         163    -6.56664    -6.71339   0.0138896
         164    -6.62135    -6.71283   0.0138162
         165    -6.68872    -6.71268   0.0137333
         166    -6.74915     -6.7129   0.0136523
         167    -6.73188    -6.71302    0.013571
         168    -6.69089    -6.71289   0.0134909
         169    -6.75198    -6.71312    0.013413
         170    -6.77218    -6.71346   0.0133386
         171    -6.78748     -6.7139   0.0132676
         172    -6.71058    -6.71388   0.0131905
         173    -6.70811    -6.71384   0.0131143
         174    -6.60632    -6.71323   0.0130535
         175    -6.64578    -6.71284   0.0129846
         176    -6.65479    -6.71251    0.012915
         177    -6.70714    -6.71248   0.0128421
         178    -6.64956    -6.71213   0.0127748
         179    -6.69392    -6.71203   0.0127038
         180    -6.69548    -6.71193   0.0126336
         181    -6.71365    -6.71194   0.0125638
         182    -6.60844    -6.71138   0.0125076
         183    -6.65909    -6.71109   0.0124425
         184    -6.68596    -6.71095   0.0123757
         185     -6.6628    -6.71069   0.0123115
         186    -6.65708     -6.7104   0.0122487
         187    -6.68854    -6.71029   0.0121837
         188    -6.75972    -6.71055   0.0121218
         189    -6.77505    -6.71089   0.0120624
         190    -6.76222    -6.71116    0.012002
         191    -6.72559    -6.71124   0.0119394
         192      -6.729    -6.71133   0.0118776
         193    -6.68296    -6.71118   0.0118169
         194    -6.62794    -6.71075   0.0117638
         195    -6.58661    -6.71012   0.0117207
         196    -6.60945     -6.7096   0.0116721
         197    -6.62149    -6.70916   0.0116214
         198      -6.599     -6.7086   0.0115761
         199    -6.63311    -6.70822   0.0115241
         200     -6.6933    -6.70815   0.0114667
         201    -6.67648    -6.70799   0.0114108
         202    -6.68539    -6.70788   0.0113548
         203    -6.68164    -6.70775   0.0112996
         204    -6.73345    -6.70787   0.0112449
         205    -6.68215    -6.70775   0.0111908
         206    -6.75123    -6.70796   0.0111384
         207    -6.67048    -6.70778   0.0110861
         208    -6.75881    -6.70802   0.0110355
         209    -6.71835    -6.70807   0.0109828
         210      -6.645    -6.70777   0.0109346
         211    -6.66065    -6.70755   0.0108851
         212    -6.78213     -6.7079   0.0108394
         213    -6.76588    -6.70817    0.010792
         214    -6.79844    -6.70859   0.0107498
         215    -6.82804    -6.70915   0.0107141
         216    -6.79267    -6.70954   0.0106715
         217    -6.71641    -6.70957   0.0106224
         218    -6.69191    -6.70949   0.0105739
         219    -6.69556    -6.70942   0.0105259
         220    -6.71337    -6.70944    0.010478
         221    -6.64054    -6.70913   0.0104353
         222    -6.61258     -6.7087   0.0103973
         223    -6.66644    -6.70851   0.0103524
         224    -6.66786    -6.70832   0.0103078
         225    -6.60089    -6.70785    0.010273
         226    -6.63339    -6.70752   0.0102328
         227    -6.56349    -6.70688   0.0102074
         228    -6.50415    -6.70599   0.0102013
         229    -6.52597    -6.70521    0.010187
         230    -6.51509    -6.70438   0.0101762
         231    -6.61667      -6.704   0.0101392
         232    -6.60973    -6.70359   0.0101037
         233    -6.68465    -6.70351   0.0100606
         234     -6.7077    -6.70353   0.0100176
         235     -6.7374    -6.70368  0.00997605
         236     -6.6705    -6.70353  0.00993477
         237    -6.73749    -6.70368  0.00989388
         238    -6.70676    -6.70369  0.00985232
         239    -6.67575    -6.70357  0.00981179
         240    -6.68467     -6.7035  0.00977123
         241    -6.68466    -6.70342  0.00973099
         242    -6.61475    -6.70305  0.00969768
         243    -6.67376    -6.70293  0.00965852
         244    -6.70501    -6.70294  0.00961894
         245    -6.62813    -6.70263  0.00958452
         246    -6.64921    -6.70242  0.00954802
         247    -6.66875    -6.70228  0.00951034
         248    -6.69278    -6.70224  0.00947207
         249    -6.62154    -6.70192  0.00943957
         250    -6.61339    -6.70156  0.00940845
         251    -6.58912    -6.70112  0.00938163
         252    -6.61435    -6.70077  0.00935071
         253    -6.69617    -6.70075  0.00931377
         254    -6.68637     -6.7007  0.00927728
         255     -6.6573    -6.70053  0.00924246
         256    -6.68275    -6.70046  0.00920661
         257    -6.60099    -6.70007  0.00917892
         258    -6.62952     -6.6998  0.00914742
         259    -6.73067    -6.69992  0.00911287
         260    -6.69104    -6.69988  0.00907789
         261     -6.7453    -6.70006  0.00904478
         262    -6.78227    -6.70037   0.0090157
         263    -6.75937    -6.70059  0.00898421
         264    -6.79793    -6.70096  0.00895774
         265    -6.74255    -6.70112  0.00892531
         266    -6.75944    -6.70134  0.00889445
         267    -6.76576    -6.70158  0.00886441
         268    -6.72228    -6.70166  0.00883167
         269    -6.69257    -6.70162   0.0087989
         270    -6.67145    -6.70151  0.00876702
         271    -6.67439    -6.70141  0.00873524
         272    -6.63512    -6.70117  0.00870653
         273    -6.77248    -6.70143  0.00867855
         274     -6.7275    -6.70152   0.0086474
         275     -6.8979    -6.70224  0.00864539
         276    -6.77272    -6.70249  0.00861784
         277    -6.80001    -6.70285  0.00859391
         278    -6.72833    -6.70294  0.00856349
         279    -6.67722    -6.70285  0.00853329
         280    -6.76659    -6.70307  0.00850585
         281    -6.72098    -6.70314  0.00847582
         282    -6.72345    -6.70321  0.00844607
         283    -6.69369    -6.70317  0.00841629
         284    -6.64178    -6.70296  0.00838944
         285     -6.6409    -6.70274  0.00836282
         286     -6.6424    -6.70253  0.00833624
         287    -6.68816    -6.70248  0.00830735
         288     -6.6034    -6.70214  0.00828562
         289    -6.61957    -6.70185  0.00826188
         290     -6.6444    -6.70165  0.00823576
         291    -6.54061     -6.7011  0.00822603
         292    -6.51049    -6.70045  0.00822372
         293    -6.50078    -6.69976  0.00822384
         294    -6.50337     -6.6991  0.00822295
         295    -6.48909    -6.69838  0.00822584
         296    -6.56091    -6.69792  0.00821115
         297    -6.54831    -6.69742  0.00819894
         298    -6.61523    -6.69714  0.00817606
         299    -6.63055    -6.69692  0.00815175
         300    -6.74587    -6.69708  0.00812621
         301    -6.68147    -6.69703  0.00809938
         302    -6.71517    -6.69709  0.00807278
         303    -6.76591    -6.69732  0.00804933
         304     -6.7729    -6.69757   0.0080267
         305    -6.73296    -6.69768  0.00800122
         306    -6.75762    -6.69788  0.00797747
         307    -6.83316    -6.69832  0.00796364
         308     -6.7691    -6.69855   0.0079411
         309    -6.71287    -6.69859  0.00791554
         310    -6.61938    -6.69834  0.00789413
         311    -6.62061    -6.69809   0.0078727
         312    -6.60088    -6.69778  0.00785363
         313     -6.6692    -6.69769  0.00782907
         314    -6.68405    -6.69764  0.00780426
         315    -6.67379    -6.69757  0.00777985
         316    -6.65012    -6.69742  0.00775668
         317    -6.65218    -6.69727  0.00773352
         318    -6.74764    -6.69743  0.00771082
         319    -6.78404     -6.6977  0.00769143
         320    -6.74419    -6.69785  0.00766877
         321    -6.71238    -6.69789  0.00764501
         322    -6.68963    -6.69787  0.00762131
         323    -6.79427    -6.69817  0.00760356
         324    -6.78125    -6.69842  0.00758441
         325    -6.83071    -6.69883  0.00757199
         326    -6.82594    -6.69922   0.0075588
         327    -6.77151    -6.69944  0.00753891
         328    -6.81244    -6.69979   0.0075238
         329    -6.74236    -6.69992  0.00750204
         330    -6.77651    -6.70015   0.0074829
         331    -6.81062    -6.70048  0.00746773
         332    -6.83137    -6.70088  0.00745564
         333    -6.80043    -6.70117  0.00743924
         334    -6.75588    -6.70134  0.00741877
         335    -6.78719    -6.70159  0.00740105
         336    -6.78569    -6.70184  0.00738325
         337     -6.8555     -6.7023  0.00737541
         338    -6.80987    -6.70262  0.00736045
         339     -6.7834    -6.70286  0.00734259
         340    -6.74971    -6.70299  0.00732229
         341    -6.83684    -6.70339  0.00731133
         342    -6.81669    -6.70372  0.00729745
         343    -6.76017    -6.70388  0.00727803
         344    -6.80513    -6.70418  0.00726282
         345    -6.73187    -6.70426  0.00724222
         346    -6.68348     -6.7042  0.00722153
         347    -6.76029    -6.70436  0.00720253
         348     -6.6961    -6.70434  0.00718187
         349    -6.70484    -6.70434   0.0071613
         350    -6.74161    -6.70444  0.00714163
         351    -6.74518    -6.70456  0.00712222
         352    -6.71901     -6.7046  0.00710211
         353    -6.75633    -6.70475   0.0070835
         354    -6.74372    -6.70486  0.00706435
         355    -6.66149    -6.70474   0.0070455
         356    -6.73506    -6.70482  0.00702623
         357     -6.7501    -6.70495  0.00700769
         358    -6.70456    -6.70495  0.00698812
         359    -6.67479    -6.70486  0.00696916
         360      -6.682     -6.7048  0.00695009
         361    -6.73975     -6.7049  0.00693151
         362     -6.7845    -6.70512  0.00691585
         363    -6.73955    -6.70521  0.00689745
         364    -6.76308    -6.70537  0.00688033
         365    -6.71878    -6.70541  0.00686158
         366    -6.77825     -6.7056  0.00684572
         367    -6.78567    -6.70582  0.00683054
         368    -6.80737     -6.7061  0.00681755
         369    -6.79307    -6.70633  0.00680315
         370    -6.76608     -6.7065  0.00678667
         371    -6.65406    -6.70635  0.00676985
         372    -6.64076    -6.70618  0.00675395
         373    -6.62411    -6.70596  0.00673943
         374    -6.65956    -6.70583  0.00672255
         375    -6.70601    -6.70583  0.00670462
         376    -6.73941    -6.70592  0.00668738
         377    -6.69571     -6.7059   0.0066697
         378    -6.67247    -6.70581  0.00665264
         379    -6.69425    -6.70578  0.00663516
         380    -6.74347    -6.70588  0.00661844
         381    -6.57881    -6.70554  0.00660947
         382    -6.65786    -6.70542  0.00659334
         383    -6.75913    -6.70556  0.00657762
         384    -6.66031    -6.70544  0.00656155
         385    -6.67457    -6.70536  0.00654499
         386    -6.64476     -6.7052  0.00652992
         387    -6.71673    -6.70523  0.00651311
         388    -6.69954    -6.70522  0.00649634
         389    -6.68725    -6.70517  0.00647981
         390    -6.67387    -6.70509  0.00646369
         391    -6.68326    -6.70504   0.0064474
         392     -6.7288     -6.7051  0.00643124
         393    -6.77838    -6.70528  0.00641758
         394    -6.60254    -6.70502  0.00640658
         395    -6.57459    -6.70469  0.00639887
         396    -6.59492    -6.70442  0.00638871
         397    -6.64596    -6.70427  0.00637432
         398    -6.65044    -6.70413  0.00635973
         399    -6.64535    -6.70399   0.0063455
         400    -6.62264    -6.70378   0.0063329
         401    -6.65917    -6.70367  0.00631808
         402      -6.701    -6.70366  0.00630237
         403    -6.62863    -6.70348  0.00628948
         404    -6.59682    -6.70321  0.00627945
         405    -6.55301    -6.70284  0.00627489
         406    -6.52664    -6.70241  0.00627442
         407    -6.50465    -6.70192  0.00627779
         408    -6.52369    -6.70149  0.00627759
         409    -6.52141    -6.70105  0.00627766
         410    -6.64111     -6.7009  0.00626405
         411    -6.60978    -6.70068  0.00625273
         412    -6.66093    -6.70058   0.0062383
         413    -6.72369    -6.70064  0.00622344
         414    -6.66205    -6.70055  0.00620911
         415    -6.67986     -6.7005  0.00619435
         416    -6.69321    -6.70048  0.00617948
         417    -6.78827    -6.70069  0.00616825
         418    -6.82414    -6.70098  0.00616056
         419    -6.80106    -6.70122  0.00615048
         420    -6.73496     -6.7013  0.00613636
         421     -6.6791    -6.70125  0.00612202
         422    -6.63687     -6.7011  0.00610941
         423    -6.61279    -6.70089  0.00609853
         424    -6.58264    -6.70061  0.00609052
         425    -6.53634    -6.70022  0.00608844
         426    -6.51422    -6.69979  0.00608979
         427    -6.54906    -6.69943  0.00608575
         428    -6.52782    -6.69903  0.00608472
         429    -6.57529    -6.69874  0.00607737
         430    -6.64762    -6.69863   0.0060644
         431    -6.63242    -6.69847  0.00605228
         432    -6.64056    -6.69834  0.00603975
         433    -6.56603    -6.69803  0.00603353
         434    -6.48054    -6.69753   0.0060404
         435    -6.46408    -6.69699  0.00605031
         436     -6.5147    -6.69658  0.00605086
         437    -6.53407     -6.6962  0.00604843
         438    -6.59644    -6.69598  0.00603891
         439    -6.60756    -6.69578  0.00602851
         440    -6.58199    -6.69552  0.00602035
         441    -6.64062    -6.69539  0.00600799
         442    -6.64325    -6.69527  0.00599555
         443     -6.7279    -6.69535  0.00598247
         444     -6.7688    -6.69551  0.00597128
         445    -6.75294    -6.69564  0.00595926
         446    -6.61868    -6.69547   0.0059484
         447    -6.60677    -6.69527   0.0059384
         448    -6.65251    -6.69518  0.00592591
         449    -6.70275    -6.69519  0.00591274
         450    -6.60936      -6.695  0.00590267
         451     -6.6099    -6.69481   0.0058926
         452    -6.62756    -6.69466  0.00588144
         453    -6.68783    -6.69465  0.00586848
         454    -6.70893    -6.69468  0.00585564
         455    -6.72165    -6.69474  0.00584307
         456    -6.67749     -6.6947  0.00583037
         457    -6.64646     -6.6946  0.00581857
         458    -6.65744    -6.69452  0.00580643
         459    -6.63146    -6.69438  0.00579541
         460    -6.56953    -6.69411  0.00578916
         461    -6.59708     -6.6939  0.00578043
         462    -6.54848    -6.69358  0.00577648
         463    -6.55247    -6.69328  0.00577204
         464    -6.54428    -6.69296  0.00576852
         465    -6.52298    -6.69259  0.00576769
         466    -6.56027    -6.69231   0.0057623
         467    -6.55535    -6.69201  0.00575742
         468    -6.60134    -6.69182  0.00574837
         469    -6.65993    -6.69175  0.00573652
         470    -6.68642    -6.69174  0.00572432
         471    -6.67035    -6.69169  0.00571235
         472    -6.71629    -6.69175  0.00570049
         473    -6.68173    -6.69173  0.00568847
         474    -6.71443    -6.69177  0.00567667
         475    -6.61532    -6.69161  0.00566701
         476    -6.59291     -6.6914  0.00565889
         477    -6.60284    -6.69122  0.00565007
         478     -6.6327     -6.6911  0.00563958
         479    -6.59212    -6.69089  0.00563159
         480     -6.5415    -6.69058  0.00562845
         481    -6.55899    -6.69031  0.00562339
         482    -6.55575    -6.69003  0.00561865
         483    -6.68918    -6.69002  0.00560702
         484    -6.62961     -6.6899  0.00559682
         485    -6.65294    -6.68982   0.0055858
         486    -6.73313    -6.68991  0.00557502
         487    -6.76594    -6.69007  0.00556576
         488    -6.76514    -6.69022  0.00555648
         489    -6.75681    -6.69036  0.00554678
         490     -6.8651    -6.69072  0.00554692
         491    -6.85111    -6.69104  0.00554523
         492     -6.9067    -6.69148  0.00555125
         493    -6.90105    -6.69191  0.00555625
         494    -6.86795    -6.69226  0.00555642
         495    -6.94775    -6.69278  0.00556911
         496    -6.88436    -6.69316  0.00557126
         497    -6.83334    -6.69345  0.00556719
         498    -6.85959    -6.69378    0.005566
         499    -6.81251    -6.69402  0.00555993
         500    -6.72605    -6.69408  0.00554918
         501    -6.68824    -6.69407  0.00553811
         502     -6.6686    -6.69402  0.00552731
         503     -6.6547    -6.69394  0.00551688
         504    -6.64584    -6.69385  0.00550675
         505    -6.62127     -6.6937  0.00549773
         506    -6.62952    -6.69358  0.00548832
         507    -6.65883    -6.69351  0.00547793
         508    -6.67719    -6.69347  0.00546724
         509    -6.63811    -6.69337  0.00545758
         510    -6.62522    -6.69323  0.00544851
         511     -6.6788     -6.6932  0.00543792
         512    -6.70232    -6.69322  0.00542733
         513     -6.7041    -6.69324  0.00541679
         514    -6.78732    -6.69343  0.00540935
         515    -6.78295     -6.6936  0.00540164
         516    -6.82826    -6.69386  0.00539747
         517    -6.86861     -6.6942   0.0053976
         518    -6.90686    -6.69461  0.00540277
         519    -6.89699      -6.695  0.00540641
         520    -6.85431    -6.69531  0.00540469
         521    -6.82506    -6.69555  0.00540005
         522     -6.8594    -6.69587  0.00539882
         523     -6.8085    -6.69608  0.00539279
         524    -6.70469     -6.6961  0.00538253
         525    -6.71239    -6.69613  0.00537236
         526    -6.67263    -6.69609  0.00536234
         527    -6.60058    -6.69591  0.00535522
         528    -6.58192    -6.69569  0.00534943
         529    -6.60233    -6.69551  0.00534223
         530    -6.63202    -6.69539  0.00533349
         531    -6.67979    -6.69536  0.00532353
         532    -6.70953    -6.69539  0.00531359
         533    -6.75932    -6.69551  0.00530497
         534    -6.78924    -6.69569  0.00529794
         535    -6.78287    -6.69585  0.00529054
         536    -6.74157    -6.69593  0.00528136
         537    -6.61694    -6.69579  0.00527357
         538    -6.64427    -6.69569  0.00526464
         539    -6.60055    -6.69551  0.00525783
         540    -6.57114    -6.69528  0.00525314
         541    -6.58827    -6.69509  0.00524715
         542    -6.58872    -6.69489  0.00524114
         543    -6.55778    -6.69464  0.00523756
         544    -6.62555    -6.69451  0.00522948
         545    -6.64566    -6.69442  0.00522065
         546     -6.6051    -6.69426  0.00521365
         547    -6.60601     -6.6941  0.00520661
         548    -6.67428    -6.69406  0.00519724
         549    -6.67327    -6.69402  0.00518791
         550    -6.67249    -6.69398  0.00517862
         551    -6.70801    -6.69401  0.00516929
         552    -6.68205    -6.69399  0.00515997
         553    -6.56441    -6.69375  0.00515596
         554    -6.56832    -6.69353  0.00515162
         555    -6.56802     -6.6933   0.0051473
         556    -6.62182    -6.69317  0.00513964
         557    -6.58395    -6.69298  0.00513416
         558    -6.58913    -6.69279  0.00512833
         559    -6.58522     -6.6926  0.00512276
         560      -6.609    -6.69245  0.00511579
         561    -6.59327    -6.69227  0.00510972
         562     -6.6872    -6.69226  0.00510064
         563    -6.69342    -6.69226  0.00509158
         564    -6.63612    -6.69216  0.00508352
         565    -6.66693    -6.69212  0.00507472
         566    -6.65554    -6.69206  0.00506617
         567    -6.59613    -6.69189  0.00506006
         568    -6.54897    -6.69163   0.0050574
         569    -6.56818    -6.69142  0.00505317
         570    -6.60257    -6.69126   0.0050467
         571    -6.65369     -6.6912  0.00503829
         572    -6.65144    -6.69113  0.00502997
         573    -6.63466    -6.69103  0.00502215
         574    -6.68825    -6.69102   0.0050134
         575    -6.61771     -6.6909  0.00500631
         576    -6.60116    -6.69074  0.00500004
         577    -6.58742    -6.69056  0.00499458
         578    -6.57689    -6.69036  0.00498981
         579    -6.68121    -6.69035  0.00498121
         580    -6.66817    -6.69031  0.00497277
         581    -6.69384    -6.69032  0.00496422
         582    -6.77566    -6.69046  0.00495785
         583    -6.75562    -6.69057  0.00495061
         584    -6.76923    -6.69071  0.00494396
         585    -6.71574    -6.69075   0.0049357
         586    -6.68943    -6.69075  0.00492728
         587    -6.70179    -6.69077  0.00491892
         588    -6.72726    -6.69083  0.00491094
         589    -6.72303    -6.69089  0.00490291
         590    -6.74321    -6.69097   0.0048954
         591    -6.70618      -6.691  0.00488719
         592    -6.75704    -6.69111   0.0048802
         593    -6.77369    -6.69125  0.00487396
         594    -6.72774    -6.69131  0.00486614
         595    -6.73097    -6.69138  0.00485842
         596    -6.69477    -6.69138  0.00485027
         597    -6.77045    -6.69152  0.00484396
         598    -6.75319    -6.69162  0.00483695
         599    -6.81962    -6.69183   0.0048336
         600    -6.87724    -6.69214  0.00483541
         601    -6.87091    -6.69244   0.0048365
         602    -6.81755    -6.69265  0.00483293
         603    -6.74622    -6.69274  0.00482573
         604    -6.76893    -6.69286  0.00481939
         605    -6.82153    -6.69308  0.00481612
         606    -6.75377    -6.69318  0.00480921
         607     -6.6703    -6.69314  0.00480144
         608    -6.71799    -6.69318  0.00479371
         609     -6.7241    -6.69323  0.00478611
         610    -6.75067    -6.69332  0.00477919
         611    -6.74821    -6.69341  0.00477221
         612    -6.82197    -6.69362  0.00476903
         613    -6.82128    -6.69383   0.0047658
         614    -6.73986    -6.69391  0.00475863
         615    -6.80286    -6.69408  0.00475419
         616    -6.72955    -6.69414  0.00474682
         617    -6.78251    -6.69428  0.00474128
         618    -6.78259    -6.69443  0.00473576
         619    -6.78956    -6.69458  0.00473061
         620    -6.80358    -6.69476  0.00472624
         621    -6.83982    -6.69499   0.0047244
         622     -6.8714    -6.69527  0.00472531
         623    -6.82673    -6.69549  0.00472243
         624     -6.7652     -6.6956  0.00471619
         625    -6.80156    -6.69577  0.00471169
         626    -6.79995    -6.69593   0.0047071
         627    -6.79194    -6.69609  0.00470208
         628    -6.77069     -6.6962   0.0046961
         629    -6.80969    -6.69639  0.00469209
         630    -6.78354    -6.69652  0.00468669
         631    -6.77395    -6.69665  0.00468086
         632    -6.71835    -6.69668  0.00467358
         633    -6.66359    -6.69663  0.00466649
         634    -6.63835    -6.69654  0.00466004
         635    -6.72819    -6.69659  0.00465297
         636    -6.70253     -6.6966  0.00464566
         637    -6.66619    -6.69655  0.00463861
         638    -6.68234    -6.69653  0.00463139
         639    -6.74047    -6.69659  0.00462466
         640     -6.7072    -6.69661  0.00461746
         641      -6.743    -6.69668  0.00461082
         642    -6.77922    -6.69681  0.00460543
         643    -6.72562    -6.69686  0.00459849
         644    -6.69787    -6.69686  0.00459135
         645    -6.75475    -6.69695  0.00458511
         646    -6.74345    -6.69702  0.00457858
         647    -6.82936    -6.69722  0.00457607
         648    -6.84495    -6.69745  0.00457468
         649     -6.8119    -6.69763  0.00457103
         650     -6.7489    -6.69771  0.00456468
         651    -6.65265    -6.69764  0.00455819
         652    -6.69931    -6.69764   0.0045512
         653    -6.69821    -6.69764  0.00454423
         654    -6.69926    -6.69764  0.00453728
         655    -6.75722    -6.69774  0.00453127
         656    -6.71613    -6.69776  0.00452444
         657    -6.68614    -6.69775  0.00451759
         658    -6.58323    -6.69757  0.00451408
         659    -6.52803    -6.69731  0.00451455
         660    -6.48631    -6.69699  0.00451902
         661    -6.44602    -6.69662  0.00452811
         662    -6.41864     -6.6962  0.00454069
         663    -6.49692    -6.69589  0.00454378
         664    -6.58315    -6.69572  0.00454011
         665     -6.6248    -6.69562  0.00453454
         666    -6.63055    -6.69552  0.00452878
         667    -6.61471     -6.6954  0.00452361
         668    -6.62394    -6.69529   0.0045181
         669     -6.6435    -6.69521  0.00451201
         670     -6.6996    -6.69522  0.00450528
         671    -6.74552     -6.6953  0.00449919
         672    -6.67668    -6.69527  0.00449258
         673    -6.65153     -6.6952  0.00448638
         674    -6.67902    -6.69518  0.00447978
         675    -6.71904    -6.69522  0.00447329
         676    -6.69516    -6.69521  0.00446667
         677    -6.73213    -6.69527  0.00446041
         678    -6.78218     -6.6954  0.00445567
         679    -6.82832    -6.69559   0.0044534
         680    -6.78107    -6.69572  0.00444863
         681     -6.8555    -6.69595  0.00444828
         682    -6.82914    -6.69615  0.00444604
         683    -6.86414    -6.69639  0.00444633
         684    -6.88121    -6.69667  0.00444803
         685    -6.89499    -6.69695  0.00445095
         686    -6.86383     -6.6972   0.0044511
         687    -6.76781     -6.6973  0.00444581
         688    -6.66568    -6.69725  0.00443959
         689    -6.61882    -6.69714   0.0044346
         690    -6.47006    -6.69681  0.00444037
         691    -6.57731    -6.69664  0.00443731
         692    -6.61496    -6.69652  0.00443247
         693    -6.71007    -6.69654  0.00442612
         694    -6.71963    -6.69657  0.00441986
         695    -6.74533    -6.69664  0.00441406
         696    -6.73169    -6.69669  0.00440801
         697    -6.74062    -6.69676  0.00440213
         698    -6.81544    -6.69693  0.00439911
         699    -6.73722    -6.69698  0.00439319
         700    -6.71996    -6.69702  0.00438704
         701    -6.71777    -6.69705  0.00438088
         702    -6.69388    -6.69704  0.00437464
         703    -6.62663    -6.69694  0.00436957
         704    -6.62165    -6.69684  0.00436467
         705    -6.61162    -6.69671  0.00436015
         706    -6.71239    -6.69674  0.00435403
         707    -6.74423     -6.6968  0.00434839
         708    -6.74051    -6.69687  0.00434269
         709    -6.71476    -6.69689  0.00433663
         710    -6.76371    -6.69699  0.00433155
         711    -6.73332    -6.69704  0.00432576
         712    -6.76282    -6.69713  0.00432067
         713    -6.81786     -6.6973  0.00431793
         714    -6.81632    -6.69746  0.00431509
         715    -6.72189     -6.6975  0.00430919
         716    -6.70873    -6.69751   0.0043032
         717    -6.72235    -6.69755  0.00429734
         718    -6.66396     -6.6975  0.00429161
         719    -6.65681    -6.69745  0.00428602
         720    -6.63921    -6.69737  0.00428083
         721    -6.68803    -6.69735  0.00427491
         722    -6.70375    -6.69736    0.004269
         723    -6.73171    -6.69741  0.00426336
         724    -6.80883    -6.69756  0.00426024
         725     -6.8343    -6.69775  0.00425854
         726    -6.85323    -6.69797  0.00425806
         727    -6.79602     -6.6981  0.00425434
         728    -6.82619    -6.69828  0.00425213
         729     -6.8829    -6.69853  0.00425383
         730    -6.85905    -6.69875  0.00425368
         731    -6.74554    -6.69881  0.00424835
         732     -6.6732    -6.69878  0.00424269
         733    -6.68689    -6.69876  0.00423693
         734    -6.64941    -6.69869  0.00423169
         735    -6.69295    -6.69869  0.00422594
         736    -6.74678    -6.69875   0.0042207
         737    -6.76904    -6.69885  0.00421605
         738    -6.70024    -6.69885  0.00421034
         739    -6.70965    -6.69886  0.00420467
         740     -6.6412    -6.69879  0.00419971
         741    -6.68787    -6.69877  0.00419407
         742    -6.66326    -6.69872  0.00418869
         743    -6.69221    -6.69871  0.00418306
         744    -6.68439     -6.6987  0.00417748
         745    -6.64461    -6.69862  0.00417251
         746    -6.68873    -6.69861  0.00416693
         747     -6.6913     -6.6986  0.00416137
         748    -6.66136    -6.69855   0.0041561
         749    -6.68334    -6.69853   0.0041506
         750    -6.73011    -6.69857  0.00414528
         751    -6.80979    -6.69872  0.00414241
         752    -6.69488    -6.69871   0.0041369
         753    -6.72741    -6.69875  0.00413158
         754    -6.71003    -6.69877  0.00412613
         755    -6.68423    -6.69875  0.00412071
         756    -6.67485    -6.69872  0.00411538
         757    -6.67561    -6.69869  0.00411006
         758    -6.71872    -6.69871  0.00410472
         759    -6.71665    -6.69874  0.00409938
         760    -6.74679     -6.6988  0.00409447
         761    -6.71522    -6.69882  0.00408915
         762    -6.76856    -6.69891  0.00408481
         763    -6.81845    -6.69907  0.00408246
         764    -6.84378    -6.69926  0.00408151
         765    -6.71998    -6.69929  0.00407626
         766     -6.7086     -6.6993  0.00407096
         767    -6.70224     -6.6993  0.00406565
         768    -6.69437     -6.6993  0.00406036
         769    -6.66293    -6.69925  0.00405536
         770    -6.60318    -6.69912  0.00405201
         771    -6.63945    -6.69905  0.00404749
         772    -6.65887    -6.69899  0.00404258
         773    -6.66666    -6.69895  0.00403757
         774    -6.63723    -6.69887  0.00403314
         775    -6.60712    -6.69875  0.00402968
         776    -6.70613    -6.69876  0.00402449
         777    -6.61589    -6.69866  0.00402073
         778    -6.59304    -6.69852  0.00401785
         779    -6.63439    -6.69844  0.00401354
         780    -6.61344    -6.69833  0.00400987
         781    -6.70385    -6.69834  0.00400474
         782    -6.70744    -6.69835  0.00399964
         783    -6.62733    -6.69826  0.00399556
         784    -6.69411    -6.69825  0.00399046
         785    -6.72339    -6.69828  0.00398551
         786    -6.73686    -6.69833  0.00398074
         787    -6.63254    -6.69825  0.00397656
         788    -6.55309    -6.69807  0.00397578
         789    -6.54725    -6.69787  0.00397533
         790    -6.48596    -6.69761  0.00397934
         791    -6.52765    -6.69739  0.00398011
         792    -6.56161    -6.69722  0.00397877
         793    -6.56013    -6.69705  0.00397751
         794    -6.52716    -6.69683  0.00397825
         795    -6.61163    -6.69673  0.00397469
         796    -6.59475     -6.6966  0.00397176
         797    -6.65147    -6.69654  0.00396718
         798     -6.6556    -6.69649  0.00396254
         799    -6.58353    -6.69635   0.0039601
         800    -6.60301    -6.69623  0.00395687
         801    -6.58204    -6.69609   0.0039545
         802    -6.64222    -6.69602  0.00395014
         803    -6.61491    -6.69592  0.00394651
         804    -6.58821    -6.69579  0.00394387
         805     -6.6184    -6.69569  0.00394015
         806    -6.59071    -6.69556  0.00393741
         807    -6.68944    -6.69555  0.00393254
         808    -6.57136     -6.6954  0.00393067
         809    -6.60291    -6.69529  0.00392748
         810    -6.62325     -6.6952  0.00392364
         811    -6.57635    -6.69505  0.00392153
         812    -6.57029     -6.6949  0.00391971
         813    -6.66362    -6.69486  0.00391508
         814    -6.68696    -6.69485  0.00391028
         815    -6.66247    -6.69481  0.00390569
         816    -6.63732    -6.69474  0.00390154
         817    -6.60361    -6.69463  0.00389835
         818    -6.66417    -6.69459  0.00389377
         819    -6.79156    -6.69471  0.00389081
         820    -6.76153    -6.69479  0.00388692
         821    -6.78444     -6.6949  0.00388372
         822    -6.73637    -6.69495  0.00387932
         823    -6.68605    -6.69494  0.00387462
         824    -6.62573    -6.69485  0.00387083
         825    -6.61343    -6.69476   0.0038674
         826     -6.6128    -6.69466  0.00386399
         827    -6.54867    -6.69448  0.00386335
         828    -6.59706    -6.69436  0.00386047
         829    -6.69635    -6.69436  0.00385581
         830    -6.76308    -6.69445  0.00385206
         831    -6.75136    -6.69452  0.00384803
         832    -6.74061    -6.69457   0.0038438
         833     -6.7149     -6.6946  0.00383927
         834     -6.6389    -6.69453  0.00383525
         835    -6.56864    -6.69438  0.00383361
         836    -6.64228    -6.69432  0.00382953
         837    -6.58421    -6.69418  0.00382722
         838    -6.60466    -6.69408  0.00382414
         839    -6.68538    -6.69407   0.0038196
         840    -6.66715    -6.69403  0.00381519
         841    -6.68587    -6.69403  0.00381066
         842    -6.64721    -6.69397  0.00380654
         843    -6.75773    -6.69405  0.00380278
         844    -6.68692    -6.69404  0.00379828
         845    -6.68306    -6.69402  0.00379381
         846    -6.71191    -6.69404  0.00378938
         847     -6.7329    -6.69409  0.00378519
         848    -6.61394      -6.694   0.0037819
         849     -6.5756    -6.69386  0.00378002
         850    -6.59204    -6.69374  0.00377747
         851    -6.67193    -6.69371  0.00377312
         852    -6.72688    -6.69375  0.00376889
         853    -6.75079    -6.69382  0.00376506
         854     -6.6314    -6.69374  0.00376136
         855    -6.66504    -6.69371  0.00375711
         856     -6.6947    -6.69371  0.00375273
         857    -6.69211    -6.69371  0.00374835
         858    -6.63572    -6.69364  0.00374459
         859     -6.5854    -6.69352  0.00374235
         860    -6.62928    -6.69344  0.00373874
         861    -6.65942     -6.6934  0.00373461
         862    -6.59462    -6.69329  0.00373203
         863    -6.53676    -6.69311  0.00373211
         864    -6.62483    -6.69303  0.00372863
         865    -6.63107    -6.69296  0.00372501
         866    -6.72396    -6.69299  0.00372088
         867     -6.7594    -6.69307  0.00371738
         868    -6.72826    -6.69311  0.00371331
         869    -6.67494    -6.69309   0.0037091
         870    -6.79872    -6.69321  0.00370682
         871    -6.74329    -6.69327  0.00370301
         872    -6.76984    -6.69335  0.00369981
         873    -6.75653    -6.69343  0.00369628
         874    -6.75911     -6.6935  0.00369281
         875    -6.75175    -6.69357  0.00368919
         876    -6.75565    -6.69364  0.00368566
         877    -6.75739    -6.69371  0.00368217
         878    -6.67306    -6.69369  0.00367806
         879    -6.66465    -6.69366  0.00367402
         880    -6.62433    -6.69358  0.00367069
         881    -6.52019    -6.69338  0.00367179
         882    -6.52472    -6.69319  0.00367261
         883    -6.48695    -6.69295  0.00367587
         884    -6.56022     -6.6928  0.00367478
         885     -6.6336    -6.69274  0.00367123
         886    -6.70669    -6.69275  0.00366712
         887    -6.77879    -6.69285  0.00366427
         888    -6.83935    -6.69302  0.00366386
         889    -6.76847     -6.6931  0.00366072
         890    -6.74841    -6.69316  0.00365713
         891    -6.72667     -6.6932  0.00365322
         892      -6.583    -6.69308  0.00365121
         893    -6.62996    -6.69301  0.00364781
         894    -6.72454    -6.69304   0.0036439
         895    -6.70396    -6.69305  0.00363985
         896    -6.71303    -6.69308  0.00363585
         897    -6.68849    -6.69307   0.0036318
         898    -6.63111      -6.693  0.00362842
         899    -6.72742    -6.69304  0.00362458
         900    -6.77299    -6.69313  0.00362164
         901    -6.70445    -6.69314  0.00361764
         902    -6.72077    -6.69317  0.00361376
         903    -6.79098    -6.69328  0.00361138
         904    -6.74544    -6.69334  0.00360785
         905    -6.75488    -6.69341   0.0036045
         906    -6.78554    -6.69351  0.00360196
         907    -6.75031    -6.69357  0.00359853
         908    -6.77342    -6.69366  0.00359564
         909    -6.78227    -6.69376  0.00359301
         910    -6.73555     -6.6938  0.00358936
         911    -6.78444     -6.6939  0.00358679
         912     -6.7657    -6.69398  0.00358372
         913    -6.78789    -6.69408  0.00358128
         914    -6.77473    -6.69417  0.00357844
         915    -6.79222    -6.69428  0.00357614
         916     -6.8366    -6.69443  0.00357561
         917    -6.85176     -6.6946  0.00357582
         918    -6.85668    -6.69478  0.00357628
         919    -6.82755    -6.69493  0.00357531
         920    -6.77978    -6.69502  0.00357261
         921    -6.71637    -6.69504  0.00356881
         922    -6.74403    -6.69509  0.00356533
         923    -6.71512    -6.69512  0.00356153
         924     -6.8016    -6.69523  0.00355954
         925    -6.81267    -6.69536  0.00355796
         926    -6.75205    -6.69542  0.00355464
         927    -6.79791    -6.69553  0.00355253
         928    -6.73923    -6.69558  0.00354901
         929     -6.7216    -6.69561   0.0035453
         930    -6.74748    -6.69566  0.00354193
         931    -6.80283    -6.69578  0.00353999
         932    -6.70968    -6.69579  0.00353623
         933    -6.80352    -6.69591  0.00353432
         934      -6.737    -6.69595  0.00353081
         935    -6.64592     -6.6959  0.00352744
         936    -6.73129    -6.69593  0.00352388
         937    -6.71056    -6.69595  0.00352015
         938    -6.70148    -6.69596   0.0035164
         939    -6.70715    -6.69597  0.00351268
         940    -6.71115    -6.69598  0.00350898
         941    -6.67305    -6.69596  0.00350533
         942    -6.69006    -6.69595  0.00350162
         943    -6.82029    -6.69609  0.00350038
         944    -6.77656    -6.69617  0.00349771
         945    -6.83077    -6.69631  0.00349691
         946    -6.74785    -6.69637  0.00349364
         947    -6.67314    -6.69634  0.00349004
         948    -6.79152    -6.69644   0.0034878
         949    -6.82255    -6.69658  0.00348665
         950    -6.85435    -6.69674  0.00348694
         951    -6.88062    -6.69694  0.00348863
         952     -6.9076    -6.69716  0.00349197
         953    -6.88352    -6.69735  0.00349378
         954    -6.81783    -6.69748   0.0034924
         955     -6.8696    -6.69766  0.00349339
         956    -6.83545     -6.6978  0.00349271
         957    -6.77065    -6.69788  0.00348989
         958    -6.71737     -6.6979  0.00348631
         959    -6.72433    -6.69793  0.00348278
         960    -6.70115    -6.69793  0.00347915
         961    -6.73954    -6.69797   0.0034758
         962    -6.75967    -6.69804  0.00347278
         963    -6.81091    -6.69816  0.00347115
         964    -6.76495    -6.69822  0.00346824
         965    -6.85046    -6.69838  0.00346823
         966    -6.82629    -6.69851  0.00346717
         967    -6.74568    -6.69856  0.00346393
         968    -6.68315    -6.69855  0.00346039
         969    -6.74008    -6.69859  0.00345708
         970     -6.6025    -6.69849  0.00345494
         971    -6.59465    -6.69838  0.00345303
         972     -6.5998    -6.69828  0.00345097
         973     -6.6128     -6.6982  0.00344854
         974    -6.54392    -6.69804  0.00344863
         975    -6.58695    -6.69792  0.00344698
         976    -6.53718    -6.69776  0.00344738
         977    -6.49419    -6.69755  0.00345014
         978    -6.41646    -6.69726  0.00345857
         979    -6.50191    -6.69706  0.00346078
         980    -6.49097    -6.69685  0.00346364
         981    -6.51187    -6.69666  0.00346523
         982     -6.4881    -6.69645  0.00346821
         983    -6.55664    -6.69631   0.0034676
         984    -6.58922     -6.6962  0.00346578
         985    -6.53484    -6.69604  0.00346613
         986    -6.53449    -6.69587  0.00346648
         987    -6.53087    -6.69571    0.003467
         988    -6.61604    -6.69563  0.00346443
         989     -6.6458    -6.69557  0.00346129
         990     -6.6264     -6.6955   0.0034585
         991    -6.68018    -6.69549  0.00345505
         992    -6.68015    -6.69547   0.0034516
         993    -6.67823    -6.69546  0.00344817
         994    -6.66473    -6.69543  0.00344484
         995    -6.68127    -6.69541   0.0034414
         996    -6.61985    -6.69534  0.00343878
         997    -6.67126    -6.69531  0.00343542
         998    -6.63915    -6.69526  0.00343244
         999    -6.59206    -6.69515  0.00343056
        1000     -6.5662    -6.69502  0.00342955
        1001    -6.53791    -6.69487  0.00342971
        1002    -6.55166    -6.69472  0.00342927
        1003    -6.57957    -6.69461  0.00342777
        1004    -6.55563    -6.69447  0.00342715
        1005    -6.60553    -6.69438  0.00342488
        1006    -6.58725    -6.69427  0.00342313
        1007    -6.59005    -6.69417   0.0034213
        1008    -6.59331    -6.69407  0.00341936
        1009    -6.61598    -6.69399  0.00341685
        1010    -6.61897    -6.69392  0.00341428
        1011     -6.6897    -6.69392   0.0034109
        1012    -6.67092    -6.69389  0.00340761
        1013    -6.65212    -6.69385  0.00340449
        1014     -6.7068    -6.69386  0.00340116
        1015     -6.7591    -6.69393  0.00339841
        1016    -6.78204    -6.69402  0.00339618
        1017    -6.71765    -6.69404  0.00339292
        1018    -6.78211    -6.69413  0.00339069
        1019    -6.64686    -6.69408  0.00338768
        1020    -6.62304    -6.69401  0.00338507
        1021    -6.60848    -6.69393  0.00338279
        1022    -6.68339    -6.69391   0.0033795
        1023    -6.70727    -6.69393  0.00337622
        1024     -6.6494    -6.69388   0.0033732
        1025    -6.56863    -6.69376  0.00337212
        1026    -6.52491     -6.6936  0.00337285
        1027    -6.53811    -6.69345  0.00337296
        1028    -6.57983    -6.69334  0.00337149
        1029     -6.5773    -6.69322   0.0033701
        1030    -6.68879    -6.69322  0.00336683
        1031     -6.6416    -6.69317  0.00336394
        1032    -6.61255    -6.69309  0.00336159
        1033    -6.59035    -6.69299   0.0033598
        1034     -6.6479    -6.69295  0.00335684
        1035    -6.68921    -6.69294  0.00335359
        1036    -6.69494    -6.69295  0.00335036
        1037    -6.72572    -6.69298  0.00334728
        1038    -6.66461    -6.69295  0.00334416
        1039    -6.65124    -6.69291  0.00334119
        1040    -6.80889    -6.69302  0.00333983
        1041    -6.85428    -6.69318  0.00334022
        1042    -6.80865    -6.69329  0.00333885
        1043    -6.82991    -6.69342  0.00333822
        1044    -6.76367    -6.69349   0.0033357
        1045    -6.73935    -6.69353  0.00333279
        1046     -6.7319    -6.69357  0.00332981
        1047    -6.67328    -6.69355  0.00332668
        1048    -6.65087    -6.69351  0.00332376
        1049    -6.70208    -6.69351   0.0033206
        1050    -6.64999    -6.69347   0.0033177
        1051    -6.61797     -6.6934  0.00331532
        1052    -6.60157    -6.69331  0.00331332
        1053    -6.66863    -6.69329  0.00331025
        1054    -6.67515    -6.69327  0.00330716
        1055    -6.67129    -6.69325  0.00330409
        1056    -6.65208    -6.69321  0.00330119
        1057    -6.59557    -6.69312  0.00329936
        1058    -6.55934    -6.69299  0.00329866
        1059    -6.56002    -6.69287  0.00329793
        1060    -6.55913    -6.69274  0.00329724
        1061    -6.62287    -6.69268  0.00329479
        1062    -6.58535    -6.69258  0.00329323
        1063     -6.6319    -6.69252  0.00329063
        1064    -6.57814    -6.69241  0.00328929
        1065    -6.66427    -6.69238  0.00328631
        1066    -6.64514    -6.69234  0.00328353
        1067    -6.68461    -6.69233  0.00328046
        1068    -6.68269    -6.69232   0.0032774
        1069    -6.62189    -6.69226  0.00327499
        1070    -6.70519    -6.69227  0.00327196
        1071    -6.70577    -6.69228  0.00326892
        1072     -6.6877    -6.69228  0.00326588
        1073    -6.73478    -6.69232  0.00326307
        1074    -6.82393    -6.69244  0.00326234
        1075    -6.79897    -6.69254  0.00326081
        1076    -6.76966    -6.69261  0.00325856
        1077    -6.76274    -6.69268  0.00325619
        1078    -6.76551    -6.69274  0.00325387
        1079    -6.82391    -6.69287  0.00325312
        1080    -6.80889    -6.69297  0.00325188
        1081    -6.68253    -6.69296  0.00324889
        1082    -6.66157    -6.69293  0.00324602
        1083    -6.62526    -6.69287  0.00324362
        1084    -6.65499    -6.69284  0.00324082
        1085    -6.68586    -6.69283  0.00323784
        1086    -6.66847    -6.69281  0.00323493
        1087    -6.68385     -6.6928  0.00323197
        1088    -6.70045    -6.69281  0.00322901
        1089    -6.69539    -6.69281  0.00322604
        1090    -6.70066    -6.69282  0.00322309
        1091    -6.72919    -6.69285  0.00322031
        1092    -6.63738     -6.6928  0.00321776
        1093    -6.70764    -6.69281  0.00321484
        1094    -6.70606    -6.69282  0.00321193
        1095    -6.74437    -6.69287  0.00320934
        1096    -6.68851    -6.69287  0.00320641
        1097    -6.67207    -6.69285  0.00320355
        1098    -6.70338    -6.69286  0.00320064
        1099    -6.70591    -6.69287  0.00319775
        1100    -6.68108    -6.69286  0.00319486
        1101     -6.8077    -6.69296  0.00319367
        1102    -6.82404    -6.69308  0.00319298
        1103    -6.78478    -6.69317  0.00319117
        1104    -6.71197    -6.69318  0.00318832
        1105    -6.69914    -6.69319  0.00318544
        1106     -6.6847    -6.69318  0.00318257
        1107    -6.68426    -6.69317  0.00317971
        1108     -6.7394    -6.69321  0.00317711
        1109    -6.67348     -6.6932   0.0031743
        1110    -6.63158    -6.69314  0.00317192
        1111    -6.65684    -6.69311  0.00316923
        1112    -6.70087    -6.69312  0.00316639
        1113    -6.65605    -6.69308  0.00316372
        1114    -6.69324    -6.69308  0.00316088
        1115     -6.6787    -6.69307  0.00315807
        1116    -6.66441    -6.69304  0.00315535
        1117    -6.69185    -6.69304  0.00315252
        1118    -6.66014    -6.69301  0.00314984
        1119    -6.58671    -6.69292  0.00314846
        1120    -6.59198    -6.69283  0.00314694
        1121    -6.62344    -6.69277  0.00314474
        1122    -6.61749     -6.6927  0.00314265
        1123    -6.67242    -6.69268   0.0031399
        1124    -6.73128    -6.69272   0.0031373
        1125     -6.6446    -6.69267   0.0031348
        1126    -6.70183    -6.69268  0.00313203
        1127    -6.64917    -6.69264  0.00312949
        1128    -6.67878    -6.69263  0.00312674
        1129    -6.70934    -6.69264    0.003124
        1130    -6.71326    -6.69266  0.00312129
        1131    -6.75767    -6.69272  0.00311906
        1132    -6.74549    -6.69277  0.00311665
        1133    -6.71937    -6.69279  0.00311399
        1134    -6.77127    -6.69286  0.00311201
        1135    -6.79226    -6.69295   0.0031105
        1136    -6.74065    -6.69299  0.00310805
        1137    -6.76345    -6.69305  0.00310593
        1138    -6.78777    -6.69313  0.00310432
        1139    -6.76998     -6.6932  0.00310233
        1140    -6.79682    -6.69329  0.00310094
        1141    -6.74037    -6.69333  0.00309849
        1142    -6.77364     -6.6934  0.00309658
        1143    -6.72938    -6.69344  0.00309403
        1144     -6.6661    -6.69341  0.00309142
        1145    -6.64143    -6.69337  0.00308905
        1146    -6.67988    -6.69335  0.00308638
        1147    -6.60305    -6.69328  0.00308469
        1148    -6.52637    -6.69313  0.00308543
        1149     -6.6001    -6.69305   0.0030838
        1150    -6.63877      -6.693  0.00308148
        1151    -6.69234      -6.693  0.00307881
        1152    -6.69134      -6.693  0.00307613
        1153    -6.62886    -6.69294  0.00307397
        1154    -6.61864    -6.69288  0.00307198
        1155    -6.62244    -6.69282  0.00306993
        1156    -6.58518    -6.69273  0.00306868
        1157    -6.57341    -6.69262  0.00306776
        1158    -6.58017    -6.69253  0.00306665
        1159    -6.56612    -6.69242  0.00306594
        1160     -6.7013    -6.69242  0.00306331
        1161    -6.68795    -6.69242  0.00306067
        1162    -6.67432    -6.69241  0.00305808
        1163    -6.59499    -6.69232   0.0030566
        1164    -6.64875    -6.69228   0.0030542
        1165    -6.71162     -6.6923  0.00305162
        1166    -6.63502    -6.69225   0.0030494
        1167    -6.67262    -6.69223  0.00304683
        1168     -6.7634     -6.6923  0.00304484
        1169    -6.70482    -6.69231  0.00304225
        1170     -6.6973    -6.69231  0.00303965
        1171    -6.58323    -6.69222  0.00303848
        1172    -6.55232     -6.6921  0.00303823
        1173    -6.54581    -6.69197   0.0030382
        1174    -6.53086    -6.69184  0.00303871
        1175    -6.59928    -6.69176  0.00303715
        1176    -6.68733    -6.69175  0.00303457
        1177    -6.71753    -6.69178  0.00303207
        1178    -6.77709    -6.69185  0.00303036
        1179    -6.75394     -6.6919  0.00302825
        1180    -6.82154    -6.69201  0.00302767
        1181    -6.83428    -6.69213   0.0030275
        1182    -6.84811    -6.69226  0.00302782
        1183    -6.80069    -6.69235  0.00302665
        1184    -6.85072    -6.69249  0.00302704
        1185    -6.87184    -6.69264  0.00302827
        1186    -6.79786    -6.69273  0.00302702
        1187     -6.7527    -6.69278  0.00302489
        1188    -6.71902     -6.6928  0.00302242
        1189    -6.71598    -6.69282  0.00301994
        1190    -6.70504    -6.69283  0.00301742
        1191    -6.67917    -6.69282  0.00301491
        1192    -6.70243    -6.69283  0.00301239
        1193    -6.69787    -6.69283  0.00300987
        1194    -6.68731    -6.69283  0.00300735
        1195    -6.67268    -6.69281  0.00300488
        1196    -6.69541    -6.69281  0.00300237
        1197    -6.69926    -6.69282  0.00299987
        1198    -6.67821    -6.69281  0.00299739
        1199      -6.654    -6.69277  0.00299506
        1200    -6.70501    -6.69278  0.00299259
        1201    -6.75989    -6.69284  0.00299061
        1202    -6.79215    -6.69292  0.00298927
        1203    -6.75083    -6.69297  0.00298717
        1204    -6.70886    -6.69298  0.00298472
        1205    -6.67489    -6.69297  0.00298228
        1206    -6.73407      -6.693     0.00298
        1207    -6.72201    -6.69303  0.00297763
        1208    -6.64848    -6.69299  0.00297539
        1209    -6.69533    -6.69299  0.00297293
        1210    -6.64625    -6.69295  0.00297073
        1211    -6.67524    -6.69294  0.00296831
        1212    -6.66283    -6.69291  0.00296596
        1213     -6.5815    -6.69282  0.00296494
        1214    -6.54744     -6.6927  0.00296492
        1215    -6.54731    -6.69258  0.00296489
        1216    -6.65407    -6.69255  0.00296262
        1217    -6.70515    -6.69256   0.0029602
        1218     -6.5643    -6.69246  0.00295965
        1219    -6.46704    -6.69227  0.00296299
        1220     -6.5044    -6.69212  0.00296456
        1221    -6.54862      -6.692  0.00296446
        1222     -6.6546    -6.69197  0.00296219
        1223    -6.67198    -6.69195  0.00295981
        1224    -6.72584    -6.69198  0.00295753
        1225    -6.68625    -6.69197  0.00295512
        1226    -6.60355     -6.6919  0.00295359
        1227    -6.61057    -6.69184  0.00295192
        1228    -6.67633    -6.69182  0.00294954
        1229    -6.64653    -6.69179  0.00294738
        1230    -6.65832    -6.69176   0.0029451
        1231    -6.70554    -6.69177  0.00294273
        1232    -6.68094    -6.69176  0.00294036
        1233    -6.70819    -6.69178    0.002938
        1234    -6.71247    -6.69179  0.00293567
        1235    -6.63888    -6.69175  0.00293361
        1236    -6.69368    -6.69175  0.00293123
        1237    -6.67753    -6.69174  0.00292889
        1238    -6.64662     -6.6917  0.00292675
        1239    -6.62036    -6.69165  0.00292495
        1240    -6.59606    -6.69157  0.00292361
        1241     -6.6626    -6.69155  0.00292134
        1242    -6.66983    -6.69153  0.00291905
        1243    -6.58636    -6.69144  0.00291792
        1244    -6.63118    -6.69139  0.00291598
        1245    -6.65903    -6.69137  0.00291375
        1246    -6.61301    -6.69131  0.00291209
        1247    -6.61165    -6.69124  0.00291046
        1248    -6.68898    -6.69124  0.00290813
        1249    -6.71116    -6.69126  0.00290584
        1250    -6.68215    -6.69125  0.00290353
        1251    -6.61298    -6.69119  0.00290188
        1252    -6.58593     -6.6911  0.00290078
        1253    -6.58859    -6.69102  0.00289962
        1254    -6.57266    -6.69093  0.00289884
        1255     -6.6076    -6.69086  0.00289729
        1256    -6.54456    -6.69074  0.00289733
        1257    -6.50147    -6.69059  0.00289893
        1258    -6.50489    -6.69044  0.00290038
        1259    -6.45414    -6.69026  0.00290415
        1260    -6.45781    -6.69007  0.00290769
        1261    -6.52715    -6.68994  0.00290826
        1262    -6.63409     -6.6899  0.00290629
        1263    -6.62385    -6.68985  0.00290446
        1264     -6.5462    -6.68973  0.00290438
        1265    -6.58664    -6.68965  0.00290323
        1266    -6.57776    -6.68956  0.00290228
        1267    -6.60941     -6.6895  0.00290068
        1268    -6.68648     -6.6895  0.00289839
        1269    -6.72513    -6.68953  0.00289625
        1270    -6.66543    -6.68951  0.00289403
        1271    -6.66643    -6.68949  0.00289181
        1272    -6.67336    -6.68948  0.00288956
        1273    -6.67049    -6.68946  0.00288733
        1274    -6.68606    -6.68946  0.00288507
        1275    -6.66858    -6.68944  0.00288285
        1276    -6.67469    -6.68943  0.00288061
        1277    -6.73016    -6.68946  0.00287853
        1278    -6.71209    -6.68948  0.00287634
        1279    -6.69198    -6.68948  0.00287409
        1280    -6.70509    -6.68949  0.00287187
        1281     -6.7355    -6.68953  0.00286985
        1282     -6.7612    -6.68959  0.00286816
        1283    -6.73723    -6.68962  0.00286616
        1284    -6.75804    -6.68968  0.00286443
        1285    -6.79045    -6.68975  0.00286327
        1286    -6.82527    -6.68986  0.00286298
        1287    -6.77062    -6.68992  0.00286144
        1288    -6.77714    -6.68999  0.00286002
        1289    -6.74007    -6.69003  0.00285807
        1290    -6.80155    -6.69012  0.00285716
        1291    -6.78102    -6.69019  0.00285581
        1292    -6.76435    -6.69024  0.00285418
        1293    -6.74279    -6.69028  0.00285226
        1294    -6.68869    -6.69028  0.00285006
        1295    -6.64065    -6.69024  0.00284812
        1296    -6.61094    -6.69018  0.00284658
        1297    -6.67503    -6.69017  0.00284441
        1298    -6.74891    -6.69022  0.00284257
        1299    -6.62635    -6.69017  0.00284081
        1300    -6.67925    -6.69016  0.00283864
        1301    -6.69718    -6.69017  0.00283646
        1302    -6.63682    -6.69012  0.00283458
        1303    -6.65036    -6.69009  0.00283257
        1304    -6.67225    -6.69008  0.00283043
        1305     -6.6193    -6.69003  0.00282878
        1306    -6.71287    -6.69004  0.00282667
        1307    -6.60348    -6.68998  0.00282528
        1308    -6.71103    -6.68999  0.00282317
        1309     -6.6301    -6.68995  0.00282138
        1310    -6.57931    -6.68986  0.00282049
        1311    -6.63333    -6.68982  0.00281867
        1312     -6.6236    -6.68977  0.00281697
        1313    -6.58378    -6.68969  0.00281598
        1314     -6.5612    -6.68959  0.00281554
        1315    -6.57903    -6.68951  0.00281465
        1316    -6.64377    -6.68947  0.00281273
        1317    -6.62782    -6.68943  0.00281098
        1318    -6.65306     -6.6894  0.00280898
        1319    -6.69461     -6.6894  0.00280686
        1320    -6.74022    -6.68944  0.00280499
        1321    -6.81154    -6.68953  0.00280439
        1322    -6.94736    -6.68973  0.00280904
        1323    -6.84784    -6.68985  0.00280946
        1324    -6.79134    -6.68992  0.00280839
        1325    -6.78821       -6.69  0.00280725
        1326    -6.76916    -6.69006  0.00280576
        1327    -6.75513    -6.69011  0.00280408
        1328    -6.75547    -6.69016   0.0028024
        1329    -6.78375    -6.69023  0.00280117
        1330    -6.81322    -6.69032  0.00280059
        1331    -6.77398    -6.69038   0.0027992
        1332     -6.8073    -6.69047  0.00279847
        1333    -6.82759    -6.69057  0.00279826
        1334    -6.80047    -6.69065  0.00279738
        1335    -6.81147    -6.69074  0.00279674
        1336    -6.78467    -6.69082  0.00279553
        1337    -6.75758    -6.69087  0.00279389
        1338    -6.75008    -6.69091  0.00279215
        1339    -6.74472    -6.69095  0.00279035
        1340    -6.70739    -6.69096   0.0027883
        1341    -6.73263    -6.69099  0.00278639
        1342    -6.82414    -6.69109  0.00278608
        1343    -6.84765    -6.69121  0.00278645
        1344    -6.78099    -6.69128  0.00278517
        1345    -6.79902    -6.69136  0.00278425
        1346    -6.76663    -6.69141  0.00278275
        1347    -6.73581    -6.69144  0.00278088
        1348    -6.66442    -6.69142  0.00277889
        1349    -6.64562    -6.69139  0.00277703
        1350    -6.68096    -6.69138  0.00277499
        1351    -6.64882    -6.69135  0.00277311
        1352    -6.67278    -6.69134  0.00277109
        1353    -6.59835    -6.69127   0.0027699
        1354    -6.55818    -6.69117   0.0027696
        1355    -6.58819    -6.69109  0.00276859
        1356    -6.60651    -6.69103  0.00276726
        1357    -6.58221    -6.69095  0.00276638
        1358    -6.62618     -6.6909  0.00276475
        1359    -6.59674    -6.69084  0.00276359
        1360    -6.68209    -6.69083  0.00276156
        1361    -6.68214    -6.69082  0.00275954
        1362    -6.68115    -6.69082  0.00275752
        1363    -6.72685    -6.69084  0.00275563
        1364    -6.62083    -6.69079  0.00275408
        1365    -6.48342    -6.69064  0.00275625
        1366    -6.44472    -6.69046  0.00276011
        1367     -6.5509    -6.69036  0.00275998
        1368    -6.66428    -6.69034  0.00275803
        1369    -6.68734    -6.69033  0.00275601
        1370    -6.69951    -6.69034  0.00275401
        1371     -6.7126    -6.69036  0.00275205
        1372    -6.73879    -6.69039  0.00275027
        1373    -6.75271    -6.69044  0.00274864
        1374    -6.77168     -6.6905  0.00274727
        1375    -6.67357    -6.69049   0.0027453
        1376    -6.58317    -6.69041  0.00274442
        1377    -6.53117    -6.69029  0.00274486
        1378    -6.59566    -6.69022  0.00274373
        1379    -6.59216    -6.69015  0.00274266
        1380    -6.62031     -6.6901  0.00274114
        1381    -6.67042    -6.69009  0.00273919
        1382    -6.73172    -6.69012  0.00273737
        1383    -6.71417    -6.69013  0.00273545
        1384    -6.73802    -6.69017  0.00273369
        1385    -6.70127    -6.69018  0.00273173
        1386     -6.6621    -6.69016  0.00272983
        1387    -6.68501    -6.69015  0.00272787
        1388     -6.7066    -6.69017  0.00272593
        1389    -6.72446    -6.69019  0.00272408
        1390    -6.70948     -6.6902  0.00272215
        1391    -6.65965    -6.69018  0.00272028
        1392    -6.74522    -6.69022  0.00271862
        1393    -6.64944    -6.69019  0.00271682
        1394    -6.75872    -6.69024  0.00271532
        1395    -6.75104    -6.69028  0.00271372
        1396    -6.69284    -6.69029  0.00271178
        1397    -6.71146     -6.6903  0.00270988
        1398    -6.71566    -6.69032    0.002708
        1399    -6.75413    -6.69037  0.00270645
        1400    -6.77687    -6.69043  0.00270522
        1401    -6.86101    -6.69055  0.00270603
        1402    -6.85411    -6.69067  0.00270661
        1403    -6.73277     -6.6907  0.00270485
        1404    -6.75545    -6.69074  0.00270332
        1405    -6.73319    -6.69077  0.00270156
        1406    -6.73548     -6.6908  0.00269983
        1407    -6.71712    -6.69082  0.00269797
        1408    -6.73699    -6.69086  0.00269626
        1409    -6.71679    -6.69087  0.00269441
        1410    -6.74105    -6.69091  0.00269273
        1411    -6.71109    -6.69092  0.00269086
        1412    -6.67812    -6.69091  0.00268897
        1413    -6.68219    -6.69091  0.00268707
        1414    -6.60676    -6.69085  0.00268583
        1415    -6.61214    -6.69079  0.00268451
        1416    -6.72373    -6.69082  0.00268272
        1417    -6.69417    -6.69082  0.00268082
        1418    -6.61216    -6.69076  0.00267951
        1419    -6.62691    -6.69072    0.002678
        1420    -6.58403    -6.69064  0.00267716
        1421    -6.57229    -6.69056  0.00267658
        1422    -6.67661    -6.69055  0.00267471
        1423    -6.76738     -6.6906  0.00267338
        1424     -6.7228    -6.69063  0.00267159
        1425    -6.61091    -6.69057  0.00267031
        1426    -6.67474    -6.69056  0.00266846
        1427    -6.68633    -6.69056  0.00266659
        1428    -6.69124    -6.69056  0.00266472
        1429    -6.66994    -6.69054  0.00266289
        1430    -6.68534    -6.69054  0.00266103
        1431     -6.7199    -6.69056  0.00265925
        1432    -6.74136     -6.6906  0.00265763
        1433     -6.7603    -6.69064  0.00265622
        1434    -6.75631    -6.69069  0.00265477
        1435    -6.74002    -6.69072  0.00265314
        1436    -6.74859    -6.69076   0.0026516
        1437    -6.75277    -6.69081   0.0026501
        1438    -6.70953    -6.69082  0.00264829
        1439    -6.74633    -6.69086  0.00264673
        1440    -6.74008    -6.69089  0.00264512
        1441    -6.73873    -6.69093  0.00264349
        1442    -6.76969    -6.69098  0.00264222
        1443    -6.79122    -6.69105   0.0026413
        1444    -6.72635    -6.69107  0.00263959
        1445    -6.63838    -6.69104  0.00263801
        1446    -6.60441    -6.69098  0.00263687
        1447     -6.6025    -6.69092  0.00263575
        1448    -6.54161    -6.69081  0.00263595
        1449    -6.56139    -6.69072  0.00263564
        1450    -6.56075    -6.69064  0.00263535
        1451    -6.52154    -6.69052  0.00263611
        1452    -6.54606    -6.69042  0.00263617
        1453    -6.58375    -6.69035  0.00263538
        1454    -6.56932    -6.69026  0.00263488
        1455    -6.60906    -6.69021  0.00263366
        1456    -6.63065    -6.69017  0.00263217
        1457    -6.55335    -6.69007  0.00263204
        1458    -6.61685    -6.69002  0.00263071
        1459    -6.57469    -6.68994  0.00263009
        1460    -6.51494    -6.68982  0.00263102
        1461    -6.53663    -6.68972  0.00263131
        1462    -6.52727    -6.68961  0.00263186
        1463    -6.44071    -6.68944  0.00263555
        1464    -6.39471    -6.68924  0.00264143
        1465    -6.39123    -6.68903  0.00264744
        1466    -6.40308    -6.68884  0.00265281
        1467    -6.54359    -6.68874  0.00265285
        1468    -6.54843    -6.68864  0.00265277
        1469    -6.57181    -6.68856  0.00265215
        1470    -6.56939    -6.68848  0.00265159
        1471    -6.55834    -6.68839  0.00265126
        1472    -6.54804     -6.6883  0.00265117
        1473    -6.53279    -6.68819  0.00265148
        1474    -6.49889    -6.68806  0.00265278
        1475    -6.48734    -6.68793  0.00265447
        1476    -6.53173    -6.68782  0.00265478
        1477    -6.57188    -6.68774  0.00265415
        1478    -6.57505    -6.68767  0.00265345
        1479    -6.59195     -6.6876  0.00265244
        1480    -6.64975    -6.68758  0.00265077
        1481    -6.62279    -6.68753  0.00264934
        1482    -6.64824    -6.68751  0.00264769
        1483    -6.69444    -6.68751  0.00264591
        1484    -6.69446    -6.68752  0.00264413
        1485    -6.73563    -6.68755  0.00264255
        1486    -6.65097    -6.68752  0.00264088
        1487    -6.75606    -6.68757  0.00263951
        1488    -6.70711    -6.68758  0.00263777
        1489    -6.64716    -6.68756  0.00263614
        1490    -6.63694    -6.68752  0.00263459
        1491    -6.61189    -6.68747  0.00263331
        1492    -6.59606    -6.68741  0.00263226
        1493     -6.6062    -6.68736  0.00263105
        1494    -6.64918    -6.68733  0.00262942
        1495    -6.63287    -6.68729  0.00262791
        1496    -6.49191    -6.68716   0.0026294
        1497    -6.68004    -6.68716  0.00262765
        1498    -6.69071    -6.68716  0.00262589
        1499    -6.70243    -6.68717  0.00262416
        1500    -6.60353    -6.68712    0.002623
        1501    -6.60925    -6.68706  0.00262177
        1502    -6.66179    -6.68705  0.00262008
        1503    -6.57618    -6.68697  0.00261937
        1504    -6.44521    -6.68681  0.00262256
        1505    -6.54757    -6.68672  0.00262245
        1506    -6.57268    -6.68664   0.0026218
        1507    -6.63644    -6.68661  0.00262027
        1508    -6.64266    -6.68658   0.0026187
        1509    -6.51089    -6.68646  0.00261955
        1510    -6.62175    -6.68642  0.00261816
        1511    -6.69704    -6.68643  0.00261644
        1512    -6.63074    -6.68639  0.00261497
        1513    -6.67465    -6.68638  0.00261325
        1514    -6.69715    -6.68639  0.00261153
        1515    -6.64556    -6.68636  0.00260995
        1516    -6.62149    -6.68632  0.00260858
        1517    -6.68753    -6.68632  0.00260686
        1518    -6.73714    -6.68636  0.00260536
        1519    -6.77407    -6.68641  0.00260428
        1520    -6.77599    -6.68647  0.00260324
        1521    -6.80194    -6.68655  0.00260263
        1522    -6.77694    -6.68661   0.0026016
        1523    -6.73392    -6.68664  0.00260008
        1524    -6.74292    -6.68668  0.00259863
        1525    -6.72384     -6.6867  0.00259704
        1526    -6.79039    -6.68677  0.00259623
        1527     -6.8334    -6.68686   0.0025963
        1528    -6.78553    -6.68693  0.00259541
        1529    -6.72344    -6.68695  0.00259382
        1530    -6.75508      -6.687  0.00259251
        1531     -6.7519    -6.68704  0.00259116
        1532     -6.7107    -6.68706  0.00258951
        1533     -6.7229    -6.68708  0.00258793
        1534    -6.68688    -6.68708  0.00258624
        1535    -6.68082    -6.68707  0.00258456
        1536    -6.71278    -6.68709  0.00258293
        1537    -6.73344    -6.68712  0.00258143
        1538     -6.7445    -6.68716  0.00258002
        1539    -6.72446    -6.68718  0.00257846
        1540    -6.65068    -6.68716  0.00257689
        1541    -6.72169    -6.68718  0.00257532
        1542    -6.68785    -6.68718  0.00257365
        1543    -6.70255    -6.68719    0.002572
        1544    -6.72807    -6.68722  0.00257047
        1545    -6.73993    -6.68725  0.00256903
        1546    -6.71499    -6.68727  0.00256743
        1547    -6.70046    -6.68728  0.00256579
        1548     -6.6786    -6.68727  0.00256414
        1549    -6.66578    -6.68726  0.00256252
        1550    -6.65789    -6.68724  0.00256093
        1551    -6.79743    -6.68731  0.00256027
        1552    -6.69311    -6.68732  0.00255862
        1553    -6.75162    -6.68736  0.00255731
        1554    -6.74835     -6.6874  0.00255597
        1555    -6.65195    -6.68737  0.00255442
        1556    -6.67207    -6.68736   0.0025528
        1557    -6.65222    -6.68734  0.00255126
        1558    -6.68892    -6.68734  0.00254962
        1559     -6.7386    -6.68737   0.0025482
        1560    -6.69254    -6.68738  0.00254657
        1561    -6.73069    -6.68741  0.00254509
        1562    -6.69174    -6.68741  0.00254346
        1563    -6.68579    -6.68741  0.00254183
        1564    -6.68274     -6.6874  0.00254021
        1565    -6.64517    -6.68738  0.00253873
        1566    -6.55875     -6.6873  0.00253844
        1567    -6.70434    -6.68731  0.00253684
        1568    -6.70521    -6.68732  0.00253525
        1569    -6.74918    -6.68736  0.00253394
        1570    -6.78375    -6.68742  0.00253307
        1571    -6.75281    -6.68746   0.0025318
        1572     -6.7035    -6.68747  0.00253021
        1573    -6.73176     -6.6875  0.00252876
        1574    -6.74789    -6.68754  0.00252744
        1575    -6.71913    -6.68756  0.00252592
        1576    -6.72086    -6.68758   0.0025244
        1577    -6.69678    -6.68758  0.00252281
        1578    -6.73774    -6.68762  0.00252141
        1579    -6.74073    -6.68765  0.00252004
        1580     -6.6927    -6.68765  0.00251844
        1581    -6.68334    -6.68765  0.00251685
        1582    -6.59803    -6.68759   0.0025159
        1583    -6.54872    -6.68751  0.00251584
        1584     -6.6133    -6.68746  0.00251469
        1585    -6.59961     -6.6874  0.00251371
        1586    -6.62875    -6.68737   0.0025124
        1587    -6.69179    -6.68737  0.00251082
        1588    -6.66053    -6.68735  0.00250929
        1589    -6.71456    -6.68737  0.00250777
        1590    -6.71034    -6.68738  0.00250624
        1591    -6.64055    -6.68735  0.00250483
        1592    -6.74462    -6.68739  0.00250352
        1593     -6.8008    -6.68746  0.00250296
        1594    -6.76813    -6.68751   0.0025019
        1595    -6.75279    -6.68755  0.00250067
        1596    -6.68096    -6.68755   0.0024991
        1597    -6.73889    -6.68758  0.00249774
        1598     -6.7456    -6.68762  0.00249645
        1599    -6.74458    -6.68765  0.00249514
        1600    -6.76205     -6.6877  0.00249401
        1601    -6.76102    -6.68774  0.00249287
        1602    -6.75157    -6.68778  0.00249164
        1603    -6.72957    -6.68781  0.00249022
        1604    -6.81156    -6.68789  0.00248986
        1605    -6.81114    -6.68796  0.00248949
        1606    -6.79577    -6.68803  0.00248885
        1607     -6.8351    -6.68812  0.00248898
        1608    -6.77662    -6.68818  0.00248804
        1609    -6.73778    -6.68821  0.00248669
        1610    -6.74905    -6.68825  0.00248543
        1611    -6.70649    -6.68826  0.00248391
        1612     -6.7656    -6.68831  0.00248283
        1613    -6.71714    -6.68832  0.00248136
        1614    -6.72816    -6.68835  0.00247994
        1615    -6.63278    -6.68831  0.00247865
        1616    -6.66618     -6.6883  0.00247715
        1617    -6.64826    -6.68828  0.00247574
        1618    -6.69807    -6.68828  0.00247422
        1619    -6.65206    -6.68826  0.00247279
        1620    -6.64714    -6.68823   0.0024714
        1621    -6.71126    -6.68825  0.00246991
        1622    -6.77585     -6.6883  0.00246898
        1623    -6.79461    -6.68837  0.00246833
        1624    -6.74421     -6.6884  0.00246705
        1625    -6.77995    -6.68846  0.00246617
        1626    -6.72549    -6.68848  0.00246476
        1627    -6.71644     -6.6885  0.00246331
        1628    -6.73938    -6.68853  0.00246199
        1629    -6.84693    -6.68863   0.0024624
        1630     -6.8044     -6.6887  0.00246191
        1631    -6.78965    -6.68876  0.00246118
        1632    -6.84198    -6.68885  0.00246146
        1633    -6.85877    -6.68896  0.00246216
        1634    -6.85494    -6.68906  0.00246274
        1635    -6.83004    -6.68915  0.00246275
        1636    -6.91253    -6.68928  0.00246502
        1637    -6.81085    -6.68936  0.00246464
        1638     -6.7714    -6.68941  0.00246364
        1639    -6.71469    -6.68942  0.00246218
        1640    -6.65341     -6.6894  0.00246078
        1641    -6.60954    -6.68935  0.00245976
        1642    -6.60578     -6.6893  0.00245879
        1643    -6.59507    -6.68924  0.00245796
        1644    -6.49631    -6.68913  0.00245927
        1645    -6.52456    -6.68903  0.00245981
        1646     -6.5731    -6.68896  0.00245932
        1647      -6.528    -6.68886  0.00245977
        1648    -6.50181    -6.68874  0.00246089
        1649    -6.47791    -6.68862  0.00246272
        1650    -6.49672     -6.6885  0.00246397
        1651    -6.51334    -6.68839  0.00246476
        1652      -6.517    -6.68829  0.00246545
        1653     -6.5022    -6.68818  0.00246653
        1654    -6.53415    -6.68808   0.0024668
        1655    -6.51583    -6.68798   0.0024675
        1656    -6.55745     -6.6879  0.00246727
        1657    -6.62078    -6.68786  0.00246611
        1658    -6.62052    -6.68782  0.00246496
        1659    -6.67231    -6.68781  0.00246349
        1660    -6.58243    -6.68775  0.00246283
        1661    -6.52058    -6.68765   0.0024634
        1662     -6.4558    -6.68751  0.00246586
        1663    -6.49278    -6.68739  0.00246716
        1664    -6.57649    -6.68732  0.00246658
        1665    -6.55667    -6.68725  0.00246634
        1666    -6.58875    -6.68719  0.00246557
        1667    -6.61345    -6.68714  0.00246449
        1668    -6.64838    -6.68712  0.00246312
        1669    -6.75096    -6.68716  0.00246194
        1670    -6.78522    -6.68722  0.00246117
        1671    -6.72866    -6.68724  0.00245982
        1672    -6.63508    -6.68721  0.00245855
        1673    -6.66234    -6.68719  0.00245712
        1674    -6.75933    -6.68724  0.00245603
        1675    -6.74287    -6.68727  0.00245479
        1676    -6.69442    -6.68728  0.00245333
        1677    -6.68487    -6.68727  0.00245187
        1678    -6.67652    -6.68727  0.00245041
        1679     -6.7587    -6.68731  0.00244932
        1680     -6.7564    -6.68735  0.00244821
        1681    -6.77856    -6.68741  0.00244736
        1682     -6.8283    -6.68749  0.00244733
        1683    -6.78632    -6.68755  0.00244658
        1684    -6.79785    -6.68761  0.00244601
        1685    -6.78237    -6.68767   0.0024452
        1686    -6.79043    -6.68773  0.00244451
        1687    -6.76253    -6.68777  0.00244347
        1688    -6.75801    -6.68782  0.00244237
        1689    -6.66504     -6.6878  0.00244096
        1690     -6.6862     -6.6878  0.00243952
        1691    -6.68942     -6.6878  0.00243808
        1692    -6.69885    -6.68781  0.00243664
        1693    -6.65418    -6.68779  0.00243529
        1694    -6.65001    -6.68777  0.00243395
        1695    -6.67739    -6.68776  0.00243252
        1696    -6.65548    -6.68774  0.00243116
        1697    -6.68566    -6.68774  0.00242973
        1698    -6.65772    -6.68772  0.00242836
        1699    -6.63286    -6.68769  0.00242715
        1700    -6.62685    -6.68766  0.00242599
        1701    -6.67328    -6.68765  0.00242457
        1702    -6.65518    -6.68763  0.00242322
        1703     -6.7541    -6.68767  0.00242212
        1704    -6.78782    -6.68773  0.00242141
        1705    -6.75532    -6.68776  0.00242031
        1706    -6.67816    -6.68776   0.0024189
        1707    -6.61656    -6.68772  0.00241784
        1708    -6.60105    -6.68767  0.00241696
        1709    -6.65026    -6.68765  0.00241564
        1710    -6.59283    -6.68759  0.00241487
        1711    -6.59192    -6.68753   0.0024141
        1712    -6.71343    -6.68755  0.00241274
        1713    -6.76327    -6.68759  0.00241174
        1714     -6.7368    -6.68762   0.0024105
        1715     -6.7464    -6.68766  0.00240934
        1716    -6.66914    -6.68765  0.00240796
        1717    -6.68448    -6.68764  0.00240656
        1718    -6.77991     -6.6877  0.00240576
        1719    -6.74714    -6.68773   0.0024046
        1720    -6.78167    -6.68779  0.00240383
        1721    -6.80454    -6.68785  0.00240339
        1722    -6.80462    -6.68792  0.00240295
        1723    -6.80541    -6.68799  0.00240252
        1724    -6.78604    -6.68805   0.0024018
        1725     -6.7733     -6.6881  0.00240092
        1726    -6.79369    -6.68816   0.0024003
        1727    -6.77625    -6.68821  0.00239946
        1728    -6.78614    -6.68827  0.00239874
        1729    -6.80693    -6.68833  0.00239833
        1730    -6.83657    -6.68842  0.00239847
        1731    -6.85369    -6.68852  0.00239899
        1732    -6.81633    -6.68859  0.00239874
        1733    -6.83501    -6.68867  0.00239884
        1734    -6.83188    -6.68876  0.00239888
        1735    -6.88311    -6.68887  0.00240011
        1736    -6.83558    -6.68895  0.00240022
        1737     -6.8549    -6.68905  0.00240073
        1738    -6.89419    -6.68917  0.00240225
        1739    -6.84857    -6.68926  0.00240262
        1740    -6.82038    -6.68933  0.00240242
        1741    -6.82461    -6.68941   0.0024023
        1742    -6.89233    -6.68953  0.00240374
        1743    -6.86189    -6.68963  0.00240439
        1744    -6.79024    -6.68968  0.00240371
        1745    -6.70642    -6.68969  0.00240235
        1746    -6.79824    -6.68976  0.00240178
        1747    -6.74802    -6.68979  0.00240063
        1748    -6.81624    -6.68986  0.00240035
        1749    -6.78276    -6.68991  0.00239957
        1750    -6.74512    -6.68995   0.0023984
        1751    -6.61359     -6.6899  0.00239743
        1752    -6.75929    -6.68994  0.00239639
        1753    -6.74055    -6.68997  0.00239519
        1754    -6.77225    -6.69002  0.00239429
        1755     -6.7851    -6.69007  0.00239354
        1756    -6.77736    -6.69012  0.00239269
        1757    -6.78771    -6.69018  0.00239197
        1758    -6.79715    -6.69024  0.00239139
        1759    -6.75825    -6.69028  0.00239034
        1760    -6.71493    -6.69029  0.00238902
        1761    -6.67068    -6.69028  0.00238769
        1762    -6.69199    -6.69028  0.00238634
        1763    -6.74229    -6.69031  0.00238516
        1764    -6.67291     -6.6903  0.00238383
        1765    -6.64394    -6.69027  0.00238263
        1766    -6.70228    -6.69028  0.00238129
        1767    -6.69328    -6.69028  0.00237994
        1768    -6.70087    -6.69029   0.0023786
        1769    -6.77057    -6.69033  0.00237769
        1770    -6.74434    -6.69036  0.00237654
        1771    -6.79419    -6.69042  0.00237592
        1772     -6.7218    -6.69044  0.00237465
        1773     -6.7521    -6.69048  0.00237356
        1774    -6.68634    -6.69047  0.00237223
        1775    -6.60292    -6.69042   0.0023714
        1776    -6.60453    -6.69038  0.00237056
        1777    -6.66299    -6.69036  0.00236928
        1778    -6.69103    -6.69036  0.00236795
        1779    -6.67884    -6.69035  0.00236662
        1780    -6.69855    -6.69036   0.0023653
        1781    -6.70061    -6.69036  0.00236398
        1782    -6.71486    -6.69038  0.00236269
        1783    -6.72491     -6.6904  0.00236144
        1784    -6.61436    -6.69035  0.00236051
        1785    -6.67901    -6.69035  0.00235919
        1786    -6.63867    -6.69032  0.00235805
        1787     -6.7273    -6.69034  0.00235682
        1788    -6.71523    -6.69035  0.00235554
        1789    -6.64173    -6.69033  0.00235438
        1790    -6.71414    -6.69034   0.0023531
        1791    -6.74617    -6.69037    0.002352
        1792    -6.72993    -6.69039  0.00235079
        1793     -6.6957     -6.6904  0.00234948
        1794    -6.62516    -6.69036  0.00234845
        1795    -6.65089    -6.69034  0.00234725
        1796    -6.68589    -6.69034  0.00234594
        1797    -6.70681    -6.69034  0.00234465
        1798     -6.8107    -6.69041   0.0023443
        1799    -6.76327    -6.69045  0.00234335
        1800    -6.70295    -6.69046  0.00234206
        1801    -6.71765    -6.69047  0.00234081
        1802    -6.72291    -6.69049  0.00233958
        1803    -6.70847     -6.6905   0.0023383
        1804    -6.69273     -6.6905  0.00233701
        1805    -6.68138     -6.6905  0.00233572
        1806    -6.66654    -6.69048  0.00233446
        1807    -6.64706    -6.69046  0.00233329
        1808    -6.56484    -6.69039  0.00233304
        1809    -6.57435    -6.69033  0.00233263
        1810    -6.54613    -6.69025   0.0023327
        1811    -6.59204    -6.69019  0.00233204
        1812    -6.72438    -6.69021  0.00233083
        1813     -6.7104    -6.69022  0.00232957
        1814    -6.68968    -6.69022  0.00232829
        1815    -6.65964    -6.69021  0.00232707
        1816    -6.64576    -6.69018  0.00232591
        1817    -6.64119    -6.69015  0.00232479
        1818    -6.63893    -6.69013  0.00232368
        1819    -6.73501    -6.69015  0.00232253
        1820    -6.69333    -6.69015  0.00232126
        1821     -6.6793    -6.69015  0.00231999
        1822    -6.71837    -6.69016  0.00231877
        1823    -6.75729     -6.6902  0.00231779
        1824    -6.71034    -6.69021  0.00231655
        1825    -6.70171    -6.69022  0.00231529
        1826    -6.69776    -6.69022  0.00231402
        1827    -6.70884    -6.69023  0.00231278
        1828    -6.62137    -6.69019  0.00231182
        1829     -6.6044    -6.69015  0.00231103
        1830    -6.71019    -6.69016  0.00230979
        1831    -6.73258    -6.69018  0.00230865
        1832    -6.67676    -6.69017   0.0023074
        1833    -6.72089    -6.69019   0.0023062
        1834     -6.7292    -6.69021  0.00230504
        1835    -6.74104    -6.69024  0.00230395
        1836    -6.74312    -6.69027  0.00230288
        1837    -6.77476    -6.69031  0.00230208
        1838    -6.73955    -6.69034  0.00230099
        1839    -6.67291    -6.69033  0.00229976
        1840    -6.65533    -6.69031  0.00229858
        1841    -6.63916    -6.69028   0.0022975
        1842    -6.68994    -6.69028  0.00229626
        1843    -6.71135     -6.6903  0.00229504
        1844    -6.71366    -6.69031  0.00229383
        1845    -6.74076    -6.69034  0.00229275
        1846    -6.73979    -6.69036  0.00229166
        1847    -6.73811    -6.69039  0.00229057
        1848    -6.71851     -6.6904  0.00228938
        1849    -6.68275     -6.6904  0.00228814
        1850    -6.64632    -6.69038  0.00228703
        1851    -6.72844     -6.6904  0.00228589
        1852    -6.70701    -6.69041  0.00228467
        1853    -6.71277    -6.69042  0.00228347
        1854    -6.75857    -6.69045  0.00228254
        1855    -6.74328    -6.69048  0.00228148
        1856    -6.71529     -6.6905  0.00228029
        1857    -6.76704    -6.69054  0.00227944
        1858    -6.73117    -6.69056  0.00227832
        1859    -6.77849    -6.69061  0.00227758
        1860    -6.74926    -6.69064  0.00227657
        1861    -6.76609    -6.69068  0.00227571
        1862    -6.81767    -6.69075  0.00227551
        1863    -6.78811     -6.6908  0.00227489
        1864     -6.7949    -6.69085  0.00227436
        1865    -6.77381     -6.6909  0.00227357
        1866    -6.76446    -6.69094  0.00227269
        1867    -6.77131    -6.69098  0.00227188
        1868    -6.76977    -6.69102  0.00227106
        1869    -6.80792    -6.69109  0.00227071
        1870    -6.82507    -6.69116  0.00227062
        1871    -6.75263    -6.69119  0.00226965
        1872     -6.7323    -6.69121  0.00226854
        1873    -6.74482    -6.69124  0.00226751
        1874    -6.69494    -6.69124   0.0022663
        1875    -6.70336    -6.69125   0.0022651
        1876    -6.59019     -6.6912  0.00226453
        1877    -6.58051    -6.69114  0.00226409
        1878    -6.62876     -6.6911  0.00226313
        1879    -6.65234    -6.69108  0.00226202
        1880    -6.72411     -6.6911  0.00226089
        1881    -6.71276    -6.69111  0.00225971
        1882    -6.70723    -6.69112  0.00225853
        1883    -6.70444    -6.69113  0.00225734
        1884    -6.63372     -6.6911  0.00225635
        1885    -6.59967    -6.69105  0.00225567
        1886     -6.6854    -6.69105  0.00225448
        1887    -6.78297    -6.69109  0.00225381
        1888    -6.78566    -6.69114  0.00225317
        1889    -6.78363    -6.69119  0.00225251
        1890    -6.70254     -6.6912  0.00225133
        1891    -6.69036     -6.6912  0.00225014
        1892    -6.80814    -6.69126   0.0022498
        1893    -6.79446    -6.69132  0.00224927
        1894    -6.72619    -6.69133  0.00224816
        1895     -6.6573    -6.69132  0.00224704
        1896    -6.66404     -6.6913   0.0022459
        1897     -6.7235    -6.69132  0.00224478
        1898    -6.78888    -6.69137  0.00224419
        1899    -6.78769    -6.69142  0.00224358
        1900    -6.80654    -6.69148  0.00224322
        1901    -6.79679    -6.69154  0.00224272
        1902    -6.74069    -6.69156  0.00224169
        1903    -6.80969    -6.69162  0.00224137
        1904    -6.81594    -6.69169  0.00224115
        1905    -6.75532    -6.69172  0.00224022
        1906    -6.79159    -6.69178  0.00223966
        1907     -6.7357     -6.6918   0.0022386
        1908    -6.76656    -6.69184  0.00223777
        1909    -6.84653    -6.69192  0.00223806
        1910    -6.83707    -6.69199  0.00223818
        1911    -6.78425    -6.69204  0.00223753
        1912    -6.76885    -6.69208  0.00223672
        1913     -6.7864    -6.69213   0.0022361
        1914    -6.73617    -6.69216  0.00223505
        1915    -6.77416     -6.6922  0.00223429
        1916    -6.75942    -6.69223   0.0022334
        1917    -6.80569    -6.69229  0.00223302
        1918    -6.80363    -6.69235  0.00223261
        1919    -6.88004    -6.69245  0.00223359
        1920     -6.8549    -6.69253  0.00223402
        1921    -6.82964     -6.6926    0.002234
        1922    -6.87062     -6.6927  0.00223476
        1923    -6.86572    -6.69279  0.00223541
        1924    -6.80816    -6.69285  0.00223505
        1925    -6.78816     -6.6929  0.00223444
        1926    -6.73309    -6.69292  0.00223337
        1927    -6.68781    -6.69291  0.00223222
        1928    -6.69455    -6.69292  0.00223106
        1929    -6.69384    -6.69292   0.0022299
        1930    -6.67809    -6.69291  0.00222876
        1931     -6.6914    -6.69291  0.00222761
        1932    -6.64744    -6.69288  0.00222658
        1933    -6.63058    -6.69285  0.00222566
        1934     -6.6517    -6.69283  0.00222461
        1935    -6.68908    -6.69283  0.00222346
        1936    -6.72887    -6.69285  0.00222239
        1937    -6.62015    -6.69281  0.00222156
        1938    -6.67455     -6.6928  0.00222043
        1939    -6.66395    -6.69279  0.00221934
        1940    -6.68986    -6.69278  0.00221819
        1941    -6.75317    -6.69282  0.00221727
        1942    -6.62901    -6.69278  0.00221637
        1943    -6.62905    -6.69275  0.00221547
        1944     -6.5457    -6.69267  0.00221563
        1945    -6.60697    -6.69263  0.00221492
        1946    -6.58738    -6.69258  0.00221445
        1947    -6.56225    -6.69251  0.00221432
        1948    -6.50877    -6.69241  0.00221519
        1949    -6.65509     -6.6924  0.00221414
        1950    -6.65643    -6.69238  0.00221308
        1951     -6.6275    -6.69234  0.00221219
        1952    -6.55862    -6.69227  0.00221212
        1953    -6.57325    -6.69221  0.00221183
        1954    -6.65076    -6.69219   0.0022108
        1955    -6.71242     -6.6922  0.00220969
        1956    -6.73741    -6.69223  0.00220868
        1957    -6.73382    -6.69225  0.00220766
        1958    -6.69822    -6.69225  0.00220653
        1959    -6.72929    -6.69227  0.00220549
        1960    -6.73305    -6.69229  0.00220446
        1961    -6.72993    -6.69231  0.00220342
        1962    -6.76845    -6.69235  0.00220264
        1963    -6.70108    -6.69235  0.00220152
        1964    -6.63274    -6.69232  0.00220061
        1965    -6.62632    -6.69229  0.00219974
        1966    -6.58947    -6.69224  0.00219925
        1967    -6.56042    -6.69217  0.00219915
        1968    -6.65809    -6.69215   0.0021981
        1969    -6.64519    -6.69213  0.00219711
        1970    -6.66915    -6.69212  0.00219603
        1971    -6.61329    -6.69208  0.00219528
        1972    -6.69831    -6.69208  0.00219417
        1973    -6.70057    -6.69208  0.00219306
        1974    -6.70567    -6.69209  0.00219196
        1975     -6.7496    -6.69212  0.00219104
        1976    -6.66968    -6.69211  0.00218996
        1977    -6.67439     -6.6921  0.00218887
        1978    -6.67935    -6.69209  0.00218778
        1979     -6.7029     -6.6921  0.00218668
        1980    -6.74947    -6.69213  0.00218577
        1981    -6.77639    -6.69217  0.00218508
        1982    -6.74526     -6.6922  0.00218414
        1983    -6.71516    -6.69221  0.00218307
        1984    -6.68754    -6.69221  0.00218197
        1985    -6.61328    -6.69217  0.00218123
        1986    -6.61579    -6.69213  0.00218047
        1987     -6.6731    -6.69212   0.0021794
        1988    -6.71786    -6.69213  0.00217834
        1989    -6.64795    -6.69211  0.00217736
        1990    -6.65663    -6.69209  0.00217633
        1991    -6.69091    -6.69209  0.00217524
        1992    -6.61016    -6.69205  0.00217454
        1993    -6.69091    -6.69205  0.00217345
        1994    -6.78261    -6.69209  0.00217283
        1995    -6.71809    -6.69211  0.00217178
        1996    -6.71574    -6.69212  0.00217073
        1997    -6.73071    -6.69214  0.00216973
        1998     -6.7705    -6.69218  0.00216899
        1999     -6.8074    -6.69224  0.00216867
        2000    -6.78785    -6.69228  0.00216812
