0           0           0
0.00256294           0           0
0.00512587           0           0
0.00768881           0           0
0.0102517           0           0
0.0128147           0           0
0.0153776           0           0
0.0179406           0           0
0.0205035           0           0
0.0230664           0           0
0.0256294           0           0
0.0281923           0           0
0.0307552           0           0
0.0333182           0           0
0.0358811           0           0
0.038444           0           0
0.041007           0           0
0.0435699           0           0
0.0461329           0           0
0.0486958           0           0
0.0512587           0           0
0.0538217           0           0
0.0563846           0           0
0.0589475           0           0
0.0615105           0           0
0.0640734           0           0
0.0666363           0           0
0.0691993           0           0
0.0717622           0           0
0.0743252           0           0
0.0768881           0           0
0.079451           0           0
0.082014           0           0
0.0845769           0           0
0.0871398           0           0
0.0897028           0           0
0.0922657           0           0
0.0948287           0           0
0.0973916           0           0
0.0999545           0           0
0.102517           0           0
0.10508           0           0
0.107643           0           0
0.110206           0           0
0.112769           0           0
0.115332           0           0
0.117895           0           0
0.120458           0           0
0.123021           0           0
0.125584           0           0
0.128147           0           0
0.13071           0           0
0.133273           0           0
0.135836           0           0
0.138399           0           0
0.140962           0           0
0.143524           0           0
0.146087           0           0
0.14865           0           0
0.151213           0           0
0.153776           0           0
0.156339           0           0
0.158902           0           0
0.161465           0           0
0.164028           0           0
0.166591           0           0
0.169154           0           0
0.171717           0           0
0.17428           0           0
0.176843           0           0
0.179406           0           0
0.181968           0           0
0.184531           0           0
0.187094           0           0
0.189657           0           0
0.19222           0           0
0.194783           0           0
0.197346           0           0
0.199909           0           0
0.202472           0           0
0.205035           0           0
0.207598           0           0
0.210161           0           0
0.212724           0           0
0.215287           0           0
0.21785           0           0
0.220413           0           0
0.222975           0           0
0.225538           0           0
0.228101           0           0
0.230664           0           0
0.233227           0           0
0.23579           0           0
0.238353           0           0
0.240916           0           0
0.243479           0           0
0.246042           0           0
0.248605           0           0
0.251168           0           0
0.253731           0           0
0.256294           0           0
0.258857           0           0
0.26142           0           0
0.263982           0           0
0.266545           0           0
0.269108           0           0
0.271671           0           0
0.274234           0           0
0.276797           0           0
0.27936           0           0
0.281923           0           0
0.284486           0           0
0.287049           0           0
0.289612           0           0
0.292175           0           0
0.294738           0           0
0.297301           0           0
0.299864           0           0
0.302427           0           0
0.304989           0           0
0.307552           0           0
0.310115           0           0
0.312678           0           0
0.315241           0           0
0.317804           0           0
0.320367           0           0
0.32293           0           0
0.325493           0           0
0.328056           0           0
0.330619           0           0
0.333182           0           0
0.335745           0           0
0.338308           0           0
0.340871           0           0
0.343433           0           0
0.345996           0           0
0.348559           0           0
0.351122           0           0
0.353685           0           0
0.356248           0           0
0.358811           0           0
0.361374           0           0
0.363937           0           0
0.3665           0           0
0.369063           0           0
0.371626           0           0
0.374189           0           0
0.376752           0           0
0.379315           0           0
0.381878           0           0
0.38444           0           0
0.387003           0           0
0.389566           0           0
0.392129           0           0
0.394692           0           0
0.397255           0           0
0.399818           0           0
0.402381           0           0
0.404944           0           0
0.407507           0           0
0.41007           0           0
0.412633           0           0
0.415196           0           0
0.417759           0           0
0.420322           0           0
0.422885           0           0
0.425447           0           0
0.42801           0           0
0.430573           0           0
0.433136           0           0
0.435699           0           0
0.438262           0           0
0.440825           0           0
0.443388           0           0
0.445951           0           0
0.448514           0           0
0.451077           0           0
0.45364           0           0
0.456203           0           0
0.458766           0           0
0.461329           0           0
0.463892           0           0
0.466454           0           0
0.469017           0           0
0.47158           0           0
0.474143           0           0
0.476706           0           0
0.479269           0           0
0.481832           0           0
0.484395           0           0
0.486958           0           0
0.489521           0           0
0.492084           0           0
0.494647           0           0
0.49721           0           0
0.499773           0           0
0.502336           0           0
0.504898           0           0
0.507461           0           0
0.510024           0           0
0.512587           0           0
0.51515           0           0
0.517713           0           0
0.520276           0           0
0.522839           0           0
0.525402           0           0
0.527965           0           0
0.530528           0           0
0.533091           0           0
0.535654           0           0
0.538217           0           0
0.54078           0           0
0.543343           0           0
0.545905           0           0
0.548468           0           0
0.551031           0           0
0.553594           0           0
0.556157           0           0
0.55872           0           0
0.561283           0           0
0.563846           0           0
0.566409           0           0
0.568972           0           0
0.571535           0           0
0.574098           0           0
0.576661           0           0
0.579224           0           0
0.581787           0           0
0.58435           0           0
0.586912           0           0
0.589475           0           0
0.592038           0           0
0.594601           0           0
0.597164           0           0
0.599727           0           0
0.60229           0           0
0.604853           0           0
0.607416           0           0
0.609979           0           0
0.612542           0           0
0.615105           0           0
0.617668           0           0
0.620231           0           0
0.622794           0           0
0.625357           0           0
0.627919           0           0
0.630482           0           0
0.633045           0           0
0.635608           0           0
0.638171           0           0
0.640734           0           0
0.643297           0           0
0.64586           0           0
0.648423           0           0
0.650986           0           0
0.653549           0           0
0.656112           0           0
0.658675           0           0
0.661238           0           0
0.663801           0           0
0.666363           0           0
0.668926           0           0
0.671489           0           0
0.674052           0           0
0.676615           0           0
0.679178           0           0
0.681741           0           0
0.684304           0           0
0.686867           0           0
0.68943           0           0
0.691993           0           0
0.694556           0           0
0.697119           0           0
0.699682           0           0
0.702245           0           0
0.704808           0           0
0.70737           0           0
0.709933           0           0
0.712496           0           0
0.715059           0           0
0.717622           0           0
0.720185           0           0
0.722748           0           0
0.725311           0           0
0.727874           0           0
0.730437           0           0
0.733           0           0
0.735563           0           0
0.738126           0           0
0.740689           0           0
0.743252           0           0
0.745815           0           0
0.748377           0           0
0.75094           0           0
0.753503           0           0
0.756066           0           0
0.758629           0           0
0.761192           0           0
0.763755           0           0
0.766318           0           0
0.768881           0           0
0.771444           0           0
0.774007           0           0
0.77657           0           0
0.779133           0           0
0.781696           0           0
0.784259           0           0
0.786822           0           0
0.789384           0           0
0.791947           0           0
0.79451           0           0
0.797073           0           0
0.799636           0           0
0.802199           0           0
0.804762           0           0
0.807325           0           0
0.809888           0           0
0.812451           0           0
0.815014           0           0
0.817577           0           0
0.82014           0           0
0.822703           0           0
0.825266           0           0
0.827829           0           0
0.830391           0           0
0.832954           0           0
0.835517           0           0
0.83808           0           0
0.840643           0           0
0.843206           0           0
0.845769           0           0
0.848332           0           0
0.850895           0           0
0.853458           0           0
0.856021           0           0
0.858584           0           0
0.861147           0           0
0.86371           0           0
0.866273           0           0
0.868835           0           0
0.871398           0           0
0.873961           0           0
0.876524           0           0
0.879087           0           0
0.88165 2.01156e-05 1.47209e-05
0.884213 4.66651e-05 2.11022e-05
0.886776 7.95362e-05 3.32195e-05
0.889339 3.95395e-05 2.00749e-05
0.891902 0.000131043 4.90319e-05
0.894465 0.000175897 4.89341e-05
0.897028 0.000220238 5.75304e-05
0.899591 0.000399329 8.32633e-05
0.902154 0.000531557 7.61061e-05
0.904717 0.000948849 0.000122324
0.90728  0.00164638 0.000162432
0.909842   0.0022668 0.000172211
0.912405  0.00342498 0.000220737
0.914968  0.00456396 0.000249618
0.917531  0.00652608 0.000330065
0.920094  0.00896506  0.00041338
0.922657   0.0128832 0.000434605
0.92522   0.0173608 0.000519599
0.927783   0.0231757 0.000460658
0.930346   0.0314378 0.000501141
0.932909    0.039579 0.000557084
0.935472   0.0514193 0.000945983
0.938035   0.0645282 0.000972006
0.940598   0.0810232 0.000918063
0.943161    0.103439   0.0011174
0.945724    0.127669  0.00123436
0.948287     0.15643  0.00151658
0.950849    0.190352  0.00152949
0.953412    0.228077   0.0019678
0.955975    0.271631  0.00208307
0.958538    0.322037  0.00200166
0.961101    0.379228  0.00235555
0.963664    0.445217  0.00288301
0.966227    0.515935  0.00270347
0.96879    0.593155  0.00305873
0.971353    0.674202  0.00292072
0.973916    0.768654  0.00320444
0.976479    0.878482  0.00414193
0.979042    0.983949  0.00377852
0.981605     1.09673   0.0037771
0.984168     1.21973  0.00386564
0.986731     1.34133  0.00400091
0.989294     1.47873  0.00438246
0.991856     1.62657  0.00448671
0.994419     1.77148  0.00561542
0.996982     1.91033  0.00509708
0.999545      2.0729  0.00526275
1.00211     2.22143  0.00521313
1.00467     2.39274  0.00484436
1.00723     2.55143  0.00446519
1.0098      2.7063   0.0059244
1.01236     2.87641  0.00563674
1.01492     3.02204  0.00535435
1.01749     3.19024  0.00541903
1.02005     3.33989  0.00609404
1.02261     3.48925  0.00617946
1.02517     3.63895  0.00522216
1.02774     3.78601  0.00664492
1.0303     3.91045  0.00548443
1.03286     4.04021  0.00635968
1.03543     4.15612  0.00620099
1.03799     4.27196  0.00568172
1.04055     4.38865  0.00713537
1.04312     4.47313  0.00643554
1.04568     4.56942  0.00607057
1.04824     4.63697  0.00579891
1.0508     4.71168   0.0058654
1.05337     4.75818  0.00530226
1.05593     4.81969  0.00574306
1.05849     4.85799  0.00841404
1.06106     4.89234  0.00647012
1.06362     4.91226  0.00679059
1.06618     4.93598  0.00586331
1.06874     4.92572  0.00811197
1.07131     4.93805  0.00725173
1.07387     4.89997   0.0067832
1.07643     4.88598  0.00677419
1.079     4.84468  0.00815633
1.08156     4.82737  0.00794152
1.08412     4.77167  0.00699157
1.08669     4.70977   0.0076126
1.08925     4.65572  0.00755682
1.09181     4.58227  0.00672924
1.09437     4.50576  0.00510846
1.09694     4.43255   0.0063747
1.0995     4.35987  0.00566745
1.10206     4.27443  0.00679965
1.10463     4.17202  0.00683319
1.10719     4.07426  0.00686899
1.10975      3.9804  0.00634055
1.11231     3.88781  0.00669819
1.11488     3.77066   0.0063186
1.11744     3.67788  0.00549067
1.12     3.55872  0.00639243
1.12257     3.44317  0.00560287
1.12513     3.34722  0.00515369
1.12769     3.23104  0.00545321
1.13026     3.11986  0.00388051
1.13282     3.02132   0.0051927
1.13538     2.90407  0.00497446
1.13794     2.80084  0.00473797
1.14051     2.68984  0.00495282
1.14307      2.5893  0.00424321
1.14563     2.48913  0.00436094
1.1482     2.39055  0.00414009
1.15076     2.27997  0.00415226
1.15332     2.18491  0.00407868
1.15588     2.08822  0.00413229
1.15845     1.99242   0.0041566
1.16101     1.89943  0.00371789
1.16357     1.80522  0.00311848
1.16614     1.72848  0.00313777
1.1687     1.63802  0.00357507
1.17126     1.55499  0.00327736
1.17382     1.47872  0.00330631
1.17639     1.40413  0.00295019
1.17895     1.32822  0.00303581
1.18151     1.24964  0.00312695
1.18408     1.18765  0.00342731
1.18664     1.12763  0.00303211
1.1892     1.05477  0.00319226
1.19177    0.999853   0.0030042
1.19433     0.94162  0.00228536
1.19689    0.886359  0.00248379
1.19945    0.835498  0.00283923
1.20202    0.779492  0.00206907
1.20458     0.73664  0.00201286
1.20714    0.692286  0.00248802
1.20971    0.647323  0.00322665
1.21227    0.604797  0.00198183
1.21483    0.573487  0.00248486
1.21739    0.531352  0.00198657
1.21996    0.495773  0.00197977
1.22252    0.462112  0.00188148
1.22508    0.430946  0.00166658
1.22765    0.405204  0.00174684
1.23021    0.373932  0.00171483
1.23277    0.346559  0.00144601
1.23534    0.323507  0.00177951
1.2379    0.301702  0.00159797
1.24046    0.281026  0.00164155
1.24302    0.260174  0.00159825
1.24559    0.242331   0.0015744
1.24815    0.224221  0.00141632
1.25071    0.208227  0.00130409
1.25328    0.193249  0.00139812
1.25584    0.178097  0.00142516
1.2584    0.162981  0.00134718
1.26096    0.151953  0.00101499
1.26353    0.140587  0.00124919
1.26609    0.129664 0.000996131
1.26865    0.119233  0.00100184
1.27122    0.109479  0.00103464
1.27378    0.101368  0.00103807
1.27634   0.0936924  0.00103604
1.27891   0.0885557  0.00100056
1.28147   0.0811784 0.000748739
1.28403   0.0746629 0.000807833
1.28659    0.068895 0.000881456
1.28916    0.066123  0.00096827
1.29172   0.0597362 0.000846089
1.29428   0.0570492 0.000757424
1.29685   0.0537594 0.000768875
1.29941   0.0511316 0.000771544
1.30197   0.0478901 0.000637054
1.30453   0.0454277 0.000692721
1.3071   0.0450453 0.000662378
1.30966   0.0419707 0.000732186
1.31222   0.0416556 0.000665415
1.31479   0.0415569 0.000602559
1.31735   0.0414556 0.000686417
1.31991   0.0405703 0.000677405
1.32248   0.0409025 0.000747669
1.32504   0.0410417 0.000533665
1.3276   0.0422245 0.000642331
1.33016   0.0433477 0.000633789
1.33273   0.0448115 0.000569119
1.33529   0.0456785 0.000775224
1.33785   0.0487656 0.000700695
1.34042    0.051065 0.000654482
1.34298   0.0543012 0.000804601
1.34554   0.0571666 0.000596382
1.3481   0.0602969 0.000673245
1.35067   0.0636176 0.000833514
1.35323   0.0672091 0.000839199
1.35579   0.0716897 0.000896852
1.35836   0.0769816 0.000857546
1.36092   0.0814022 0.000855132
1.36348   0.0878602 0.000943087
1.36605   0.0928182 0.000785751
1.36861   0.0985073 0.000856516
1.37117    0.105544 0.000965069
1.37373    0.112914 0.000838203
1.3763    0.120686 0.000920792
1.37886    0.127387 0.000903352
1.38142    0.134001  0.00103136
1.38399     0.14356 0.000979011
1.38655    0.151883 0.000951887
1.38911     0.16258  0.00126105
1.39167    0.172451  0.00104895
1.39424    0.185569 0.000879605
1.3968    0.193142  0.00110414
1.39936    0.206072  0.00124056
1.40193     0.21642  0.00119549
1.40449    0.229145   0.0012334
1.40705    0.243447  0.00133277
1.40962    0.256685 0.000941722
1.41218    0.270857  0.00137059
1.41474    0.282802  0.00116756
1.4173    0.300086  0.00164221
1.41987    0.313475  0.00137365
1.42243    0.328738  0.00121895
1.42499    0.348744  0.00182587
1.42756    0.361783   0.0013876
1.43012     0.38008  0.00137867
1.43268    0.398787  0.00138962
1.43524    0.417113  0.00146961
1.43781    0.434147  0.00166026
1.44037    0.453112  0.00165432
1.44293    0.473482  0.00167067
1.4455    0.488814  0.00165967
1.44806    0.510105  0.00170548
1.45062    0.528557  0.00182945
1.45319    0.547659  0.00152797
1.45575    0.567486  0.00184234
1.45831    0.586669  0.00174776
1.46087    0.609585  0.00155219
1.46344    0.627225  0.00143504
1.466    0.643357  0.00160688
1.46856    0.666595  0.00179563
1.47113    0.690475  0.00208227
1.47369    0.706482  0.00169174
1.47625    0.726282  0.00170625
1.47881    0.745373   0.0016001
1.48138    0.763609  0.00174939
1.48394    0.779554  0.00233734
1.4865    0.794685  0.00205919
1.48907     0.81727  0.00201104
1.49163    0.833139  0.00221574
1.49419    0.844321  0.00186483
1.49675    0.858268  0.00197723
1.49932    0.875491  0.00197465
1.50188    0.890356   0.0022068
1.50444    0.904674  0.00241982
1.50701     0.91568  0.00232639
1.50957    0.922723  0.00253194
1.51213    0.933862  0.00188529
1.5147    0.944734   0.0018915
1.51726    0.950887  0.00244595
1.51982    0.957614  0.00221231
1.52238    0.963744  0.00249727
1.52495    0.963846  0.00261911
1.52751    0.969839   0.0028979
1.53007     0.97194  0.00231519
1.53264     0.97496  0.00213744
1.5352    0.971509  0.00246611
1.53776    0.972886  0.00200747
1.54032    0.968331  0.00291215
1.54289    0.968647  0.00275748
1.54545    0.960755  0.00218888
1.54801    0.955038  0.00215306
1.55058    0.948155  0.00199062
1.55314    0.938069  0.00221277
1.5557    0.932797  0.00198635
1.55827    0.917644  0.00223782
1.56083    0.908925  0.00228911
1.56339    0.897586  0.00227758
1.56595    0.885892  0.00194714
1.56852    0.872762  0.00236324
1.57108     0.85506  0.00193177
1.57364    0.837292  0.00215913
1.57621    0.827494  0.00191962
1.57877    0.811297  0.00191769
1.58133    0.788826  0.00181384
1.58389    0.775843  0.00163822
1.58646    0.755278   0.0019055
1.58902    0.736158  0.00130328
1.59158    0.717345  0.00176673
1.59415    0.699451  0.00195548
1.59671    0.676852  0.00144713
1.59927     0.65908  0.00148198
1.60184    0.640158  0.00139673
1.6044     0.62037  0.00151188
1.60696    0.602558  0.00166631
1.60952    0.579908  0.00151978
1.61209    0.562532  0.00153574
1.61465    0.540639  0.00156374
1.61721    0.521759   0.0011827
1.61978    0.503879   0.0016315
1.62234    0.482374  0.00138589
1.6249    0.464863  0.00158091
1.62746     0.44618  0.00140765
1.63003    0.431047  0.00156657
1.63259    0.412436  0.00144301
1.63515    0.394469  0.00147258
1.63772    0.376298  0.00110571
1.64028    0.362154 0.000958389
1.64284    0.344317  0.00148981
1.64541    0.332437  0.00152059
1.64797    0.316728  0.00109641
1.65053    0.303374  0.00126525
1.65309    0.287941  0.00112176
1.65566    0.276494  0.00118239
1.65822    0.265731  0.00132942
1.66078     0.25347  0.00120018
1.66335    0.241783  0.00122737
1.66591    0.234153   0.0012076
1.66847    0.225056  0.00128959
1.67103    0.219403  0.00113721
1.6736    0.211174  0.00114494
1.67616    0.205669  0.00123496
1.67872    0.201044  0.00123649
1.68129    0.194878  0.00106877
1.68385    0.192143  0.00114084
1.68641    0.188739  0.00110607
1.68898    0.188205  0.00114142
1.69154    0.188318  0.00120428
1.6941     0.18876  0.00126594
1.69666    0.192695  0.00119896
1.69923      0.1937  0.00122183
1.70179    0.197709  0.00131467
1.70435    0.202922  0.00130876
1.70692    0.212151  0.00123958
1.70948    0.219656  0.00121255
1.71204    0.228556  0.00137993
1.7146    0.238315  0.00125523
1.71717    0.250632  0.00124496
1.71973      0.2658  0.00153227
1.72229    0.280638  0.00148817
1.72486    0.294735  0.00156452
1.72742    0.311687  0.00146467
1.72998    0.331723  0.00158674
1.73255    0.355117  0.00155818
1.73511    0.375767  0.00169148
1.73767    0.402791  0.00158136
1.74023    0.427712  0.00161436
1.7428    0.454889  0.00158916
1.74536    0.485102  0.00174659
1.74792    0.515993   0.0020484
1.75049    0.550383  0.00179444
1.75305    0.584994  0.00190024
1.75561    0.622521  0.00186393
1.75817    0.662095  0.00206199
1.76074    0.702205  0.00185206
1.7633    0.745457  0.00186424
1.76586    0.788826  0.00222928
1.76843    0.834933  0.00186324
1.77099    0.881103  0.00197386
1.77355    0.930562   0.0017434
1.77612    0.977329  0.00237215
1.77868     1.03468  0.00196899
1.78124     1.08523   0.0022121
1.7838     1.13804  0.00206353
1.78637     1.19145  0.00184157
1.78893     1.25062  0.00258014
1.79149     1.30397  0.00199236
1.79406     1.36509  0.00216007
1.79662     1.42886  0.00214326
1.79918     1.48395  0.00231718
1.80174     1.54497  0.00267494
1.80431     1.60906  0.00220795
1.80687     1.66651  0.00282986
1.80943      1.7259   0.0020937
1.812     1.78467  0.00233707
1.81456     1.84855  0.00259902
1.81712     1.90376  0.00273431
1.81968     1.96518  0.00279227
1.82225     2.02156  0.00271566
1.82481     2.07673   0.0023878
1.82737      2.1297  0.00312973
1.82994     2.19233  0.00291385
1.8325     2.23341   0.0024799
1.83506     2.29043  0.00242527
1.83763     2.33963  0.00322215
1.84019     2.38387  0.00371627
1.84275     2.43186  0.00286711
1.84531     2.47079    0.003161
1.84788     2.50965  0.00293399
1.85044     2.53734  0.00319097
1.853     2.58125  0.00376137
1.85557     2.61175  0.00371217
1.85813     2.62895  0.00333793
1.86069     2.65756  0.00338943
1.86325     2.67446  0.00346025
1.86582     2.69437  0.00382137
1.86838     2.70452  0.00376931
1.87094      2.7159  0.00400594
1.87351     2.72072  0.00377942
1.87607     2.72369  0.00308967
1.87863     2.72483  0.00397072
1.8812     2.71869  0.00370646
1.88376      2.7141  0.00351535
1.88632     2.70074  0.00379896
1.88888     2.69039  0.00366286
1.89145     2.66935  0.00332844
1.89401     2.64179  0.00356977
1.89657     2.62839  0.00360892
1.89914     2.59707  0.00345943
1.9017     2.56678   0.0040902
1.90426     2.53425  0.00368461
1.90682     2.49709  0.00296177
1.90939     2.46159  0.00271696
1.91195     2.42136  0.00346234
1.91451     2.37428   0.0030229
1.91708      2.3295  0.00309091
1.91964     2.28512   0.0028383
1.9222     2.23833  0.00257823
1.92477     2.18536  0.00279786
1.92733     2.13416  0.00253903
1.92989     2.07996  0.00248009
1.93245     2.02785  0.00286096
1.93502      1.9714   0.0027869
1.93758     1.91937  0.00258016
1.94014     1.85927  0.00201568
1.94271     1.80834   0.0019892
1.94527     1.74949  0.00237837
1.94783     1.68901  0.00198844
1.95039     1.63302  0.00206182
1.95296     1.57593  0.00257857
1.95552     1.52274  0.00204516
1.95808     1.46468  0.00211705
1.96065     1.41126  0.00205157
1.96321     1.35437   0.0023016
1.96577     1.30315   0.0021163
1.96834     1.24649  0.00201288
1.9709     1.19553  0.00166116
1.97346     1.14799  0.00222224
1.97602     1.09574  0.00183413
1.97859     1.05122  0.00175659
1.98115     1.00405   0.0016925
1.98371    0.960123  0.00197491
1.98628     0.91722  0.00170348
1.98884    0.872684  0.00153441
1.9914    0.833684  0.00167643
1.99396    0.797132  0.00186148
1.99653    0.762051   0.0016051
1.99909    0.726407  0.00202369
2.00165    0.693549  0.00184258
2.00422    0.662549  0.00178874
2.00678    0.634793  0.00186195
2.00934    0.605956  0.00162277
2.01191    0.583146  0.00180764
2.01447    0.561328  0.00167574
2.01703    0.536847  0.00164874
2.01959    0.516153  0.00175855
2.02216    0.499281  0.00188329
2.02472    0.482883   0.0017422
2.02728    0.470937  0.00178255
2.02985    0.458679  0.00157616
2.03241    0.449264  0.00182186
2.03497    0.439346  0.00172435
2.03753    0.432749  0.00174064
2.0401    0.427162  0.00163668
2.04266    0.426732  0.00169156
2.04522    0.424441  0.00163312
2.04779    0.424811  0.00165202
2.05035    0.426135  0.00146516
2.05291    0.428354  0.00163704
2.05548    0.432813  0.00147326
2.05804    0.441856  0.00160638
2.0606    0.448009  0.00176681
2.06316    0.458008  0.00140381
2.06573    0.467371  0.00159964
2.06829    0.478886  0.00170284
2.07085    0.488853  0.00142869
2.07342    0.504623   0.0016142
2.07598    0.517875  0.00162325
2.07854    0.533786  0.00143072
2.0811    0.550719  0.00152784
2.08367    0.567572  0.00122405
2.08623    0.581908  0.00146659
2.08879    0.600648  0.00109179
2.09136    0.620515  0.00151755
2.09392    0.641487  0.00149923
2.09648    0.659396  0.00131812
2.09905    0.678587  0.00121912
2.10161    0.698678  0.00134054
2.10417    0.719769  0.00135759
2.10673    0.738365  0.00141414
2.1093     0.76068  0.00130412
2.11186    0.776767   0.0014736
2.11442     0.79669  0.00128415
2.11699    0.815461  0.00145286
2.11955    0.839273  0.00129898
2.12211     0.85244   0.0012213
2.12467    0.872656    0.001421
2.12724     0.88501  0.00141591
2.1298    0.905577  0.00160009
2.13236    0.920529  0.00163857
2.13493    0.932361  0.00167684
2.13749    0.948787  0.00159365
2.14005      0.9594  0.00167251
2.14261     0.97498  0.00184579
2.14518    0.984329  0.00153755
2.14774    0.995688  0.00170894
2.1503     1.00412  0.00177723
2.15287       1.013  0.00152737
2.15543     1.01686   0.0016222
2.15799     1.02325  0.00179397
2.16056     1.02943  0.00196584
2.16312     1.03059  0.00189561
2.16568     1.03371  0.00188217
2.16824     1.03614  0.00170383
2.17081     1.03609  0.00139857
2.17337     1.03297  0.00198328
2.17593     1.03073  0.00173071
2.1785     1.02817  0.00175079
2.18106     1.02163  0.00145609
2.18362     1.01626  0.00167708
2.18618     1.00866  0.00199339
2.18875    0.999242  0.00158471
2.19131    0.993511  0.00177113
2.19387    0.985154  0.00157816
2.19644    0.972477  0.00152471
2.199     0.93659  0.00141116
2.20156    0.909493  0.00205371
2.20413    0.894226  0.00152681
2.20669    0.882768  0.00147279
2.20925    0.866782  0.00142398
2.21181    0.854012  0.00141786
2.21438    0.839019  0.00133344
2.21694    0.826117  0.00139513
2.2195    0.809214  0.00135293
2.22207    0.795619  0.00124388
2.22463    0.781474    0.001347
2.22719    0.765516  0.00131962
2.22975    0.752686  0.00115031
2.23232    0.736204  0.00136447
2.23488    0.721506  0.00134743
2.23744    0.708833  0.00119034
2.24001    0.692948  0.00121534
2.24257    0.679365  0.00146224
2.24513    0.665748  0.00132105
2.2477    0.649988  0.00136043
2.25026    0.640939  0.00131729
2.25282    0.628706  0.00126128
2.25538     0.61813  0.00161755
2.25795    0.608082  0.00141946
2.26051     0.59779  0.00127728
2.26307     0.58803  0.00149124
2.26564    0.582563  0.00126161
2.2682    0.575037  0.00135719
2.27076    0.570383  0.00134276
2.27332    0.562977  0.00149252
2.27589    0.561157  0.00174855
2.27845    0.557731  0.00168612
2.28101    0.556949  0.00169183
2.28358    0.557124  0.00167152
2.28614    0.557588  0.00147422
2.2887    0.559591   0.0017593
2.29127    0.563924  0.00177371
2.29383    0.570977  0.00195619
2.29639    0.574754  0.00195935
2.29895    0.585181  0.00165278
2.30152    0.591818   0.0019528
2.30408    0.602913    0.001663
