           1     9.19494     9.19494           0
           2     9.15575     9.17534   0.0138568
           3     9.24874     9.19981   0.0220095
           4     9.25931     9.21469   0.0209392
           5     9.18323     9.20839   0.0176712
           6     9.24242     9.21407   0.0156096
           7     9.12561     9.20143    0.017773
           8     9.13844     9.19356   0.0172071
           9     9.16886     9.19081   0.0155124
          10     9.22048     9.19378    0.014242
          11     9.16116     9.19081   0.0132524
          12     9.19214     9.19092   0.0121485
          13     9.25675     9.19599   0.0122239
          14     9.10226     9.18929    0.013056
          15     9.27264     9.19485   0.0133157
          16     9.20007     9.19518   0.0124875
          17     9.27478     9.19986   0.0126004
          18     9.22868     9.20146   0.0120017
          19     9.23315     9.20313   0.0114853
          20     9.22396     9.20417   0.0109581
          21     9.21549     9.20471   0.0104496
          22     9.25392     9.20695   0.0102112
          23     9.28965     9.21054   0.0103811
          24     9.18833     9.20962  0.00998974
          25     9.22086     9.21007  0.00960028
          26     9.19127     9.20934   0.0092582
          27     9.21282     9.20947   0.0089162
          28     9.23471     9.21037  0.00864321
          29      9.2041     9.21016  0.00834787
          30     9.23318     9.21092   0.0081048
          31     9.15509     9.20912  0.00804102
          32     9.22607     9.20965  0.00780715
          33     9.15862     9.20811  0.00772219
          34     9.14058     9.20612  0.00774622
          35     9.17708     9.20529  0.00756921
          36     9.32124     9.20851  0.00801502
          37     9.17687     9.20766  0.00784387
          38     9.16746      9.2066  0.00770844
          39     9.19781     9.20637  0.00751408
          40      9.2222     9.20677  0.00733664
          41     9.21467     9.20696  0.00716022
          42     9.25002     9.20799  0.00706274
          43     9.21833     9.20823  0.00690258
          44     9.21683     9.20842  0.00674847
          45     9.26751     9.20974  0.00672502
          46      9.1636     9.20873   0.0066532
          47     9.17885      9.2081  0.00654196
          48     9.16837     9.20727  0.00645781
          49     9.26073     9.20836  0.00641751
          50     9.22586     9.20871   0.0062987
