718.946 848.548
653.237 752.992
596.083 676.047
543.252 618.25
481.898 562.177
471.077 504.652
453.199 482.82
438.121 474.769
429.185 459.914
414.939 442.994
404.374 430.163
393.79 420.712
386.015 409.5
374.541 408.228
369.586 396.969
363.918 380.314
360.864 373.005
355.63 370.769
350.771 367.804
345.73 361.465
342.104 359.792
337.924 353.113
331.777 349.411
329.745 343.737
326.951 342.268
321.934 337.971
320.223 332.071
318.375 331.03
316.627 327.477
314.332 325.91
314.287 324.895
310.285 323.418
309.491 335.744
309.351 331.895
308.993 320.153
308.813 329.107
306.671 318.13
306.351 320.057
305.86 315.794
305.85 316.186
305.572 326.368
305.348 314.322
305.282 315.424
305.059 313.436
303.326 314.697
301.979 313.214
301.979 311.36
301.479 310.9
297.481 314.278
296.91 311.798
297.481 352.806
297.481 306.701
296.91 305.663
296.709 306.549
296.348 307.68
294.71 308.365
294.71 305.262
294.71 304.489
294.71 304.03
294.71 304.845
294.71 303.82
294.71 305.096
294.71 305.014
294.71 304.211
294.71 304.507
294.71 305.143
294.71 304.115
294.71 304.431
294.71 303.934
294.71 305.385
294.71 304.967
294.71 303.306
294.71 304.906
294.71 303.565
294.71 304.609
294.472 304.045
294.472 304.313
292.97 305.242
292.97 302.025
292.97 302.632
292.97 302.636
292.97 302.899
292.97 302.473
292.97 302.074
292.97 302.785
292.97 301.598
292.97 302.592
292.97 302.168
292.97 302.296
292.97 303.114
292.97 303.811
292.97 301.616
292.97 302.819
292.97 303.376
292.97 302.335
292.97 302.233
292.97 302.327
292.97 302.509
292.97 301.224
292.97 303.598
292.97 315.299
292.97 302.884
292.97 302.735
292.97 301.815
292.97 302.184
292.97 303.232
292.97 303.241
292.97 302.622
292.97 302.242
292.97 301.8
292.97 302.488
292.97 301.421
292.97 302.224
292.97 302.895
292.97 302.425
292.97 302.625
292.97 303.484
292.97 302.804
292.97 303.708
292.97 302.377
292.97 302.268
292.97 303.097
292.97 303.609
292.97 301.829
292.97 303.121
292.97 302.869
292.97 302.421
292.97 302.111
292.97 302.128
292.97 302.927
292.97 301.805
292.97 303.387
292.97 303.7
292.97 302.478
292.97 302.251
292.97 301.584
292.97 302.578
292.97 302.348
292.97 302.767
292.97 302.081
292.97 302.722
292.97 302.797
292.97 302.956
292.97 301.96
292.97 301.281
292.97 301.889
292.97 300.711
292.97 303.146
292.97 302.493
292.97 302.018
273.56 295.88
273.56 282.467
273.56 282.955
273.56 282.968
273.56 282.337
273.56 282.683
273.56 283.112
273.56 283.028
273.56 283.087
273.56 283.732
273.56 282.985
273.56 283.472
273.56 283.63
273.56 282.414
273.56 282.795
273.56 283.247
273.56 282.357
273.56 282.671
273.56 282.887
273.56 283.775
273.56 283.134
273.56 283.82
273.56 282.409
273.56 283.095
273.56 283.892
273.56 283.473
273.56 283.147
273.56 283.246
273.56 281.694
273.56 282.897
273.56 282.772
273.56 283.682
273.56 283.804
273.56 283.522
273.56 282.925
273.56 283.21
273.56 282.969
273.56 282.774
273.56 283.152
273.56 284.439
273.56 283.014
273.56 282.576
273.56 283.187
273.56 283.494
273.56 283.431
273.56 283.03
273.56 283.644
273.56 283.911
273.56 283.444
273.56 283.263
273.56 282.957
273.56 281.981
273.56 284.308
273.56 283.894
273.56 283.56
273.56 283.737
273.56 283.093
273.56 283.154
273.56 284.192
273.56 284.017
273.56 282.097
273.56 283.116
273.56 283.754
273.56 283.353
273.56 283.106
273.56 283.703
273.56 283.339
273.56 283.311
273.56 283.981
273.56 282.022
273.56 283.599
273.56 282.707
273.56 284.393
273.56 283.05
273.56 282.734
273.56 283.55
273.56 283.822
273.56 283.532
273.56 283.195
273.56 284.542
273.56 283.268
273.56 284.097
273.56 283.41
273.56 283.35
273.56 283.973
273.56 283.854
273.56 283.66
273.56 282.526
273.56 283.504
273.56 283.154
273.56 283.178
273.56 282.881
273.56 283.557
273.56 284.164
273.56 284.254
273.56 282.967
273.56 283.122
273.56 283.086
273.56 282.102
273.56 283.342
273.56 283.33
273.56 284.357
273.56 283.771
273.56 283.251
273.56 283.387
273.56 283.628
273.56 284.288
273.56 283.721
273.56 282.69
273.56 282.441
273.56 283.1
273.56 283.732
273.56 283.553
273.56 282.827
273.56 282.86
273.56 283.916
273.56 282.733
273.56 282.856
273.56 282.323
273.56 282.971
273.56 283.506
273.56 283.459
273.56 284.382
273.56 282.401
273.56 282.523
273.56 282.895
273.56 283.444
273.56 283.894
273.56 282.716
273.56 284.282
273.56 282.661
273.56 284.436
273.56 282.971
273.56 284.265
273.56 283.029
273.56 283.566
273.56 284.258
273.56 283.926
273.56 283.694
273.56 283.002
273.56 283.287
273.56 283.321
273.56 283.718
273.56 282.66
273.56 283.972
273.56 283.338
273.56 283.1
273.56 284.263
273.56 283.201
273.56 282.522
273.56 282.797
273.56 283.549
273.56 282.606
273.56 284.446
273.56 282.371
273.56 283.803
273.56 283.46
273.56 282.989
273.56 283.132
273.56 283.306
273.56 283.635
273.56 283.576
273.56 282.367
273.56 283.322
273.56 282.819
273.56 283.617
273.56 282.355
273.56 283.185
273.56 283.945
273.56 282.8
273.56 282.832
273.56 282.574
273.56 282.207
273.56 283.659
273.56 282.321
273.56 283.381
273.56 283.419
273.56 283.16
273.56 282.546
273.56 282.115
273.56 281.812
273.56 282.724
273.56 283.266
273.56 283.151
273.56 283.714
273.56 283.726
273.56 282.137
273.56 282.864
273.56 283.407
273.56 283.557
273.56 282.877
273.56 284.117
273.56 282.687
273.56 283.483
273.56 283.918
273.56 282.998
273.56 283.654
273.56 283.186
273.56 283.648
273.56 281.979
273.53 288.91
273.53 283.827
273.53 283.572
273.53 283.275
273.53 283.658
273.53 283.758
273.53 283.662
273.53 283.707
273.53 284.726
273.53 282.34
273.53 284.684
273.53 282.039
273.53 282.893
273.53 283.997
273.53 282.99
273.53 283.541
273.53 283.568
273.53 283.845
273.53 283.786
273.53 284.448
273.53 283.036
273.53 284.013
273.53 283.508
273.53 283.588
273.53 283.609
273.53 283.045
273.53 282.464
273.53 282.951
273.53 284.339
273.53 283.663
273.53 282.525
273.53 282.471
273.53 282.902
273.53 282.997
273.53 281.82
273.53 283.841
273.53 283.856
273.53 282.684
273.53 282.679
273.53 282.19
273.53 282.088
273.53 282.891
273.53 282.615
273.53 282.661
273.53 283.238
273.53 283.997
273.53 284.014
273.53 282.855
273.53 283.182
273.53 282.951
273.53 282.22
273.53 283.728
273.53 283.821
273.53 281.673
273.53 282.788
273.53 282.544
273.53 282.249
273.53 283.763
273.53 283.398
273.53 283.831
273.53 282.07
273.53 282.712
273.53 282.213
273.53 283.271
273.53 283.083
273.53 283.199
273.53 283.961
273.53 282.6
273.53 284.295
273.53 283.91
273.53 283.847
273.53 281.524
273.53 281.949
273.53 283.531
273.53 284.45
273.53 283.624
273.53 283.442
273.53 283.359
273.53 282.636
273.53 283.038
273.53 284.129
273.53 282.053
273.53 284.281
273.53 284.371
273.53 282.833
273.53 282.398
273.53 283.044
273.53 283.737
273.53 283.939
273.53 282.904
273.53 284.238
273.53 282.511
273.53 283.546
273.53 284.319
273.53 283.296
273.53 282.482
273.53 283.378
273.53 283.115
273.53 284.057
273.53 282.694
273.53 282.576
273.53 283.405
273.53 283.931
273.53 283.751
273.53 283.848
273.53 283.448
273.53 283.182
273.53 283.091
273.53 284.201
273.53 283.178
273.53 284.896
273.53 283.2
273.53 283.839
273.53 283.492
273.53 283.021
273.53 282.075
273.53 282.92
273.53 284.219
273.53 283.765
273.53 284.385
273.53 283.13
273.53 283.338
273.53 283.901
273.53 283.397
273.53 283.624
273.53 284.355
273.53 282.353
273.53 283.275
273.53 282.779
273.53 283.799
273.53 283.349
273.53 283.248
273.53 282.851
273.53 283.001
273.53 282.994
273.53 283.703
273.53 284.151
273.53 283.767
273.53 284.256
273.53 283.153
273.53 283.785
273.53 282.627
273.53 282.866
273.53 284.764
273.53 283.162
273.53 284.342
273.53 284.576
273.53 283.054
273.53 283.866
273.53 283.643
273.53 283.932
273.53 282.441
273.53 283.218
273.53 282.652
273.53 283.657
273.53 283.151
273.53 283.495
273.53 282.969
273.53 283.439
273.53 282.671
273.53 282.755
273.53 283.637
273.53 283.776
273.53 283.322
273.53 283.2
273.53 282.444
273.53 284.073
273.53 283.164
273.53 282.802
273.53 283.378
273.53 283.223
273.53 282.701
273.53 282.368
273.53 283.225
273.53 283.039
273.53 284.406
273.53 282.963
273.53 283.907
273.53 282.774
273.53 283.734
273.53 284.436
273.53 283.239
273.53 283.584
273.53 283.53
273.53 282.241
273.53 283.925
273.53 283.157
273.53 282.259
273.53 283.24
273.53 283.892
273.53 282.506
273.53 284.453
273.53 282.356
273.53 282.606
273.53 282.332
273.53 283.235
273.53 284.943
273.53 285.006
273.53 283.571
273.53 283.362
