731.443 852.255
667.626 755.509
636.739 696.759
578.949 657.437
526.588 607.064
510.545 560.708
488.79 522.422
452.465 501.9
437.244 470.745
423.114 451.809
407.369 432.807
398.965 418.862
391.339 411.018
382.945 412.792
375.617 399.786
368.823 386.092
362.702 377.418
356.682 373.647
348.376 367.071
340.083 362.506
334.177 352.192
332.635 348.054
328.79 348.273
325.604 341.375
322.522 336.483
319.654 331.793
317.028 329.463
315.493 326.75
314.224 324.626
313.073 324.774
313.073 322.978
310.624 323.191
310.017 320.556
308.855 319.186
306.962 323.257
306.715 318.109
306.715 316.734
306.715 316.749
306.715 315.894
306.715 315.208
304.47 316.003
302.127 313.498
298.808 314.021
296.898 312.04
296.741 306.556
294.483 306.046
291.256 307.774
290.076 302.376
290.076 299.899
290.076 299.554
290.076 299.664
289.995 298.516
289.995 299.1
289.995 299.419
289.511 300.424
289.511 298.435
287.465 299.741
287.465 297.616
286.781 296.802
285.701 300.451
285.701 297.522
279.929 295.583
279.929 293.379
277.326 289.273
277.326 288.359
277.326 285.892
277.326 287.524
277.326 287.662
277.326 287.066
277.326 285.932
277.326 287.073
277.326 286.96
277.326 286.337
277.326 286.886
277.326 288.071
277.326 285.861
277.326 286.37
277.326 287.571
277.326 286.248
277.326 287.883
277.326 287.51
277.326 286.933
277.326 286.97
277.326 287.198
277.326 286.941
277.326 287.52
277.326 285.889
277.326 287.544
277.326 288.042
277.326 287.372
277.326 286.394
277.326 287.002
277.326 287.788
277.326 286.935
277.326 287.016
277.326 287.257
277.326 286.445
277.326 286.793
277.326 286.623
277.326 286.777
277.326 286.715
277.326 287.6
277.326 287.014
277.326 287.553
277.326 286.993
277.326 287.007
277.326 286.863
277.326 285.848
277.326 288.095
277.326 287.261
277.326 286.629
277.326 284.786
277.326 287.878
277.326 288.123
277.326 287.537
277.326 287.122
277.326 286.382
277.326 287.027
277.326 287.26
277.326 286.702
277.326 286.927
277.326 287.843
277.326 287.953
277.326 286.177
277.326 287.165
277.326 286.913
277.326 287.084
277.326 288.439
277.326 287.703
277.326 286.982
277.326 287.646
277.326 287.291
277.326 287.181
277.326 286.951
277.326 288.026
277.326 286.693
277.326 287.874
277.326 287.529
277.326 288.116
277.326 287.225
277.326 287.52
277.326 287.136
277.326 287.586
277.326 286.96
277.326 287.89
277.326 288.107
277.326 286.664
277.326 286.791
277.326 287.611
277.326 286.502
277.326 308.022
277.326 285.938
277.326 287.047
277.326 287.035
277.326 287.564
277.326 288.173
277.326 287.237
277.326 287.412
277.326 287.343
277.326 287.841
277.326 286.889
277.326 286.408
277.326 287.771
277.326 286.669
277.326 287.644
277.326 286.815
277.326 287.12
277.326 286.14
277.326 287.448
277.326 285.818
277.326 287.76
277.326 286.638
277.326 287.482
277.326 286.055
277.326 287.092
277.326 286.558
277.326 286.048
277.326 286.964
277.326 286.06
277.326 286.786
277.326 287.328
277.326 287.652
277.326 286.7
277.326 286.342
277.326 286.156
277.326 286.976
277.326 286.438
277.326 286.702
277.326 286.207
277.326 287.062
277.326 286.193
277.326 287.092
277.326 286.938
277.326 288.149
277.326 287.242
277.326 285.808
277.326 287.289
277.326 288.508
277.326 286.62
277.326 286.439
277.326 301.947
277.326 287.204
277.326 287.26
277.326 287.863
277.326 287.107
277.326 287.993
277.326 285.749
277.326 287.196
277.326 288.569
277.326 286.707
277.326 287.214
277.326 287.332
277.326 287.42
277.326 286.63
277.326 286.079
277.326 287.397
277.326 288.315
277.326 286.919
277.326 286.13
277.326 287.252
277.326 286.941
277.326 286.748
277.326 286.658
277.326 287.334
277.326 287.449
277.326 286.659
277.326 287.557
277.326 286.968
277.326 287.06
277.326 288.012
277.326 286.577
277.326 286.161
277.326 286.299
277.326 287.009
277.326 286.427
277.326 287.5
277.326 286.499
277.326 286.813
277.326 287.707
277.326 287.654
277.326 287.329
277.326 286.738
277.326 287.304
277.326 286.525
277.326 286.624
277.326 287.315
277.326 288.32
277.326 286.891
277.326 286.815
277.326 286.456
273.53 290.014
273.53 286.816
273.53 284.507
273.53 283.129
273.53 283.378
273.53 283
273.53 283.741
273.53 283.463
273.53 283.587
273.53 283.471
273.53 282.959
273.53 283.87
273.53 282.949
273.53 282.766
273.53 282.77
273.53 282.523
273.53 283.36
273.53 283.286
273.53 283.01
273.53 283.281
273.53 284.825
273.53 283.535
273.53 283.692
273.53 283.321
273.53 284.729
273.53 282.739
273.53 284.024
273.53 283.514
273.53 282.085
273.53 283.575
273.53 282.741
273.53 283.43
273.53 283.231
273.53 281.783
273.53 283.086
273.53 283.399
273.53 283.271
273.53 283.011
273.53 282.964
273.53 282.857
273.53 284.58
273.53 283.959
273.53 283.246
273.53 283.712
273.53 283.566
273.53 283.558
273.53 283.036
273.53 283.109
273.53 282.932
273.53 282.936
273.53 287.394
273.53 283.913
273.53 283.059
273.53 283.959
273.53 284.137
273.53 282.425
273.53 283.652
273.53 283.065
273.53 284.048
273.53 283.051
273.53 282.856
273.53 282.283
273.53 284.309
273.53 283.145
273.53 282.199
273.53 284.039
273.53 284.629
273.53 283.1
273.53 282.697
273.53 284.208
273.53 283.988
273.53 282.324
273.53 283.31
273.53 283.811
273.53 282.447
273.53 283.01
273.53 282.068
273.53 283.174
273.53 282.941
273.53 284.441
273.53 282.115
273.53 283.575
273.53 282.671
273.53 283.202
273.53 284.14
273.53 283.718
273.53 282.503
273.53 282.375
273.53 283.363
273.53 281.986
273.53 284.223
273.53 284.151
273.53 281.962
273.53 284
273.53 283.074
273.53 283.419
273.53 283.199
273.53 284.061
273.53 282.601
273.53 283.859
273.53 282.545
273.53 284.598
273.53 284.247
273.53 283.065
273.53 284.036
273.53 282.308
273.53 283.497
273.53 282.695
273.53 283.992
273.53 283.398
273.53 283.894
273.53 283.116
273.53 284.351
273.53 282.56
273.53 284.122
273.53 284.032
273.53 284.186
273.53 283.761
273.53 283.926
273.53 284.597
273.53 284.26
273.53 283.293
273.53 284.071
273.53 283.282
273.53 282.877
273.53 283.31
273.53 283.729
273.53 283.169
273.53 284.124
273.53 283.912
273.53 282.825
273.53 282.685
273.53 283.549
273.53 284.545
273.53 283.422
273.53 282.525
273.53 284.28
273.53 283.731
273.53 283.24
273.53 283.565
273.53 283.516
273.53 283.291
273.53 283.2
273.53 283.932
273.53 284.395
273.53 283.384
273.53 283.196
273.53 283.675
273.53 284.205
273.53 284.575
273.53 283.125
273.53 282.417
273.53 283.87
273.53 283.869
273.53 283.727
273.53 284.007
273.53 282.337
273.53 284.447
273.53 283.523
273.53 283.809
273.53 282.984
273.53 283.004
273.53 284
273.53 282.699
273.53 283.586
273.53 283.694
273.53 283.591
273.53 283.239
273.53 282.961
273.53 283.966
273.53 282.846
273.53 282.872
273.53 283.069
273.53 283.517
273.53 283.66
273.53 282.938
273.53 283.777
273.53 283.687
273.53 283.623
273.53 283.835
273.53 283.78
273.53 283.466
273.53 284.903
273.53 284.127
273.53 283.296
273.53 283.295
273.53 284.273
273.53 284.474
273.53 283.543
273.53 282.783
273.53 283.779
273.53 283.855
273.53 283.914
273.53 284.824
273.53 283.664
273.53 283.23
273.53 283.975
273.53 283.153
273.53 283.974
273.53 284.119
273.53 282.784
273.53 283.543
273.53 283.572
273.53 282.906
273.53 283.517
273.53 284.014
273.53 283.374
273.53 282.363
273.53 282.649
273.53 282.922
273.53 283.038
273.53 282.427
273.53 282.817
273.53 282.746
273.53 282.953
273.53 283.507
273.53 282.682
273.53 283.03
273.53 284.542
273.53 283.125
273.53 282.841
273.53 284.059
273.53 283.213
273.53 282.633
273.53 282.468
273.53 283.284
273.53 282.662
273.53 283.514
273.53 283.397
273.53 283.496
273.53 282.244
273.53 282.958
273.53 282.746
273.53 283.24
273.53 283.93
273.53 282.947
273.53 282.888
273.53 283.179
273.53 283.578
273.53 282.828
273.53 283.179
273.53 282.999
273.53 283.247
273.53 282.955
273.53 283.244
273.53 283.949
273.53 282.518
273.53 284.221
273.53 283.156
273.53 283.319
273.53 283.063
273.53 283.939
273.53 283.331
273.53 282.568
273.53 283.482
273.53 283.582
273.53 282.777
273.53 283.317
273.53 283.497
273.53 283.998
273.53 283.915
273.53 283.102
273.53 283.195
273.53 283.113
273.53 284.439
273.53 283.516
273.53 283.326
273.53 283.345
273.53 282.726
273.53 283.16
273.53 283.174
273.53 284.093
273.53 283.915
273.53 283.359
273.53 284.457
273.53 283.31
273.53 283.548
273.53 283.978
273.53 284.751
273.53 283.969
273.53 282.231
273.53 283.279
273.53 282.978
273.53 282.686
273.53 283.079
273.53 282.557
273.53 283.168
273.53 283.631
273.53 282.783
273.53 283.11
273.53 283.314
273.53 282.949
273.53 282.896
273.53 283.792
273.53 282.934
273.53 283.13
273.53 282.848
273.53 284.576
273.53 283.353
273.53 283.771
