730.203 848.699
651.308 753.96
604.866 680.678
562.298 621.503
534.705 590.014
518.435 553.818
491.507 539.766
474.865 516.209
459.734 487.652
436.443 474.157
422.752 457.489
412.934 439.515
399.265 425.96
389.059 410.976
380.218 400.644
375.792 404.13
368.373 397.585
364.183 393.492
357.641 376.243
353.261 378.268
350.784 373.357
346.897 360.767
343.562 357.709
340.176 352.265
337.712 350.207
334.239 346.941
332.366 343.84
330.445 341.72
328.308 339.309
326.386 337.694
324.175 336.184
321.924 332.381
320.271 331.493
318.287 329.652
317.6 329.098
316.039 327.661
314.155 325.562
313.472 331.325
313.472 322.752
313.441 323.178
313.441 321.272
312.874 321.695
312.08 324.423
309.974 322.056
305.607 318.294
304.131 317.199
304.131 313.493
302.681 313.218
301.464 312.055
301.193 311.541
301.193 339.907
301.003 310.654
301.003 310.135
299.637 309.706
299.637 309.09
299.293 308.048
299.293 308.91
299.293 308.41
298.377 308.348
298.377 309.95
298.377 307.712
298.377 307.912
298.377 307.615
298.377 306.643
298.377 307.79
296.936 306.344
296.936 307.667
296.708 306.335
296.708 306.567
296.708 305.423
296.708 305.959
296.708 305.82
296.708 305.777
296.185 305.18
296.185 305.157
295.864 304.773
294.911 317.985
294.911 315.838
294.911 303.624
294.911 303.785
294.911 303.274
294.911 304.158
294.911 304.024
294.911 303.249
294.911 304.032
294.911 304.746
294.911 303.294
294.911 303.025
294.911 305.005
294.911 303.482
294.911 304.374
294.911 303.182
294.911 303.586
294.911 304.176
294.911 304.249
294.911 303.781
294.911 304.122
294.911 303.967
294.911 303.573
294.911 303.781
292.97 312.453
292.97 304.453
292.97 300.937
292.97 302.701
292.97 302.264
292.97 302.074
292.97 301.124
292.97 302.044
292.97 301.186
292.97 301.42
292.97 302.379
292.97 301.949
292.97 301.664
292.97 302.147
292.97 303.072
292.97 302.644
292.97 302.316
292.97 303.231
292.97 303.973
292.97 302.051
292.97 301.561
292.97 302.54
292.97 302.631
292.97 302.396
292.97 302.368
292.97 301.245
292.97 302.262
292.97 303.552
292.97 301.696
292.97 302.123
292.97 302.823
292.97 304.05
292.97 302.49
292.97 300.941
292.97 302.226
292.97 301.735
292.97 302.615
292.97 302.979
292.97 301.544
292.97 302.66
292.97 302.359
292.97 302.163
292.97 302.74
292.97 302.799
292.97 303.201
292.97 303.086
292.97 303.289
292.97 303.797
292.97 303.611
292.97 303.2
277.326 298.458
277.326 287.445
277.326 287.366
277.326 287.657
277.326 286.062
277.326 286.794
277.326 286.715
277.326 287.978
277.326 286.971
277.326 287.031
277.326 286.292
277.326 287.109
277.326 288.029
277.326 287.476
277.326 286.939
277.326 287.346
277.326 286.392
277.326 287.771
277.326 286.549
277.326 287.689
277.326 286.55
277.326 286.476
277.326 288.244
277.326 286.973
277.326 287.125
277.326 287.322
277.326 286.308
277.326 286.408
277.326 286.317
277.326 286.39
277.326 286.589
277.326 287.404
277.326 286.307
277.326 287.723
277.326 286.133
277.326 287.327
277.326 288.029
277.326 286.888
277.326 287.181
277.326 287.782
277.326 286.664
277.326 286.209
277.326 287.526
277.326 285.5
277.326 289.084
277.326 286.373
277.326 287.119
277.326 286.804
277.326 288.78
277.326 287.131
273.53 290.534
273.53 286.387
273.53 282.57
273.53 283.438
273.53 283.964
273.53 283.306
273.53 282.762
273.53 282.852
273.53 283.811
273.53 282.671
273.53 284.377
273.53 283.956
273.53 283.082
273.53 282.881
273.53 283.745
273.53 282.775
273.53 283.239
273.53 282.482
273.53 282.145
273.53 282.693
273.53 283.123
273.53 282.47
273.53 284.947
273.53 283.176
273.53 283.297
273.53 282.416
273.53 283.552
273.53 283.526
273.53 282.569
273.53 283.482
273.53 282.967
273.53 282.771
273.53 282.841
273.53 282.732
273.53 284.455
273.53 283.396
273.53 282.817
273.53 283.5
273.53 282.824
273.53 284.631
273.53 282.565
273.53 283.833
273.53 282.909
273.53 283.244
273.53 282.501
273.53 283.327
273.53 283.223
273.53 284.001
273.53 282.777
273.53 282.228
273.53 288.242
273.53 283.717
273.53 282.971
273.53 282.316
273.53 283.993
273.53 282.66
273.53 284.288
273.53 283.114
273.53 284.39
273.53 283.614
273.53 283.296
273.53 283.71
273.53 283.445
273.53 283.251
273.53 283.272
273.53 283.758
273.53 283.604
273.53 282.575
273.53 284.132
273.53 283.576
273.53 283.305
273.53 282.942
273.53 283.853
273.53 283.193
273.53 284.025
273.53 283.214
273.53 284.598
273.53 281.565
273.53 284.95
273.53 283.006
273.53 283.088
273.53 283.834
273.53 283.299
273.53 284.041
273.53 282.842
273.53 282.805
273.53 283.682
273.53 282.779
273.53 283.801
273.53 283.626
273.53 283.381
273.53 283.44
273.53 282.327
273.53 283.788
273.53 283.435
273.53 282.592
273.53 282.392
273.53 282.461
273.53 283.552
273.53 283.21
273.53 282.997
273.53 283.467
273.53 284.72
273.53 283.356
273.53 282.423
273.53 283.042
273.53 282.037
273.53 283.117
273.53 284.108
273.53 282.698
273.53 284.382
273.53 283.773
273.53 283.123
273.53 283.271
273.53 283.68
273.53 282.627
273.53 283.561
273.53 283.286
273.53 282.871
273.53 281.974
273.53 283.71
273.53 283.722
273.53 283.349
273.53 282.406
273.53 282.922
273.53 283.245
273.53 283.972
273.53 282.878
273.53 283.233
273.53 283.435
273.53 283.191
273.53 283.019
273.53 282.658
273.53 282.893
273.53 283.439
273.53 282.973
273.53 284.431
273.53 283.433
273.53 283.719
273.53 283.212
273.53 282.098
273.53 283.526
273.53 283.768
273.53 282.176
273.53 282.566
273.53 283.269
273.53 281.969
273.53 283.179
273.53 282.992
273.53 283.172
273.53 284.168
273.53 283.222
273.53 282.991
273.53 283.502
273.53 283.769
273.53 283.603
273.53 283.181
273.53 282.715
273.53 283.444
273.53 282.828
273.53 283.189
273.53 283.806
273.53 282.335
273.53 283.039
273.53 283.961
273.53 283.054
273.53 284.475
273.53 283.717
273.53 283.884
273.53 283.315
273.53 283.957
273.53 283.633
273.53 282.334
273.53 282.833
273.53 281.901
273.53 283.997
273.53 283.802
273.53 282.727
273.53 283.517
273.53 283.182
273.53 282.94
273.53 283.401
273.53 283.449
273.53 284.222
273.53 283.541
273.53 284.009
273.53 284.035
273.53 284.098
273.53 283.647
273.53 283.891
273.53 283.475
273.53 283.95
273.53 282.92
273.53 283.781
273.53 283.372
273.53 284.89
273.53 284.587
273.53 282.48
273.53 283.36
273.53 282.936
273.53 283.154
273.53 283.001
273.53 283.43
273.53 283.641
273.53 284.293
273.53 283.28
273.53 285.263
273.53 283.564
273.53 283.303
273.53 283.462
273.53 283.211
273.53 282.409
273.53 283.779
273.53 283.942
273.53 282.864
273.53 282.703
273.53 282.415
273.53 283.449
273.53 283.33
273.53 282.983
273.53 282.969
273.53 282.244
273.53 283.952
273.53 283.865
273.53 283.387
273.53 283.077
273.53 282.561
273.53 283.323
273.53 283.301
273.53 283.879
273.53 284.264
273.53 283.613
273.53 283.217
273.53 282.956
273.53 282.106
273.53 282.073
273.53 283.385
273.53 283.041
273.53 282.967
273.53 284.344
273.53 283.994
273.53 283.901
273.53 283.435
273.53 282.806
273.53 282.549
273.53 282.372
273.53 282.374
273.53 282.09
273.53 284.078
273.53 284.248
273.53 283.04
273.53 282.804
273.53 284.067
273.53 283.516
273.53 283.594
273.53 283.404
273.53 283.907
273.53 283.313
273.53 285.108
273.53 283.389
273.53 282.941
273.53 282.849
273.53 283.649
273.53 282.834
273.53 283.155
273.53 282.527
273.53 283.657
273.53 283.593
273.53 283.488
273.53 283.829
273.53 282.681
273.53 284.804
273.53 283.311
273.53 282.695
273.53 283.274
273.53 283.2
273.53 283.02
273.53 283.61
273.53 282.829
273.53 284.025
273.53 282.204
273.53 283.01
273.53 283.179
273.53 282.422
273.53 283.959
273.53 282.93
273.53 283.101
273.53 284.159
273.53 282.963
273.53 284.207
273.53 284.114
273.53 282.488
273.53 283.215
273.53 283.575
273.53 282.952
273.53 283.014
273.53 282.855
273.53 282.598
273.53 282.4
273.53 282.371
273.53 282.302
273.53 282.793
273.53 283.994
273.53 283.982
273.53 283.409
273.53 284.808
273.53 282.295
273.53 282.37
273.53 283.483
273.53 283.344
273.53 282.947
273.53 283.075
273.53 282.754
273.53 282.975
273.53 284.193
273.53 284.014
273.53 282.808
273.53 282.696
273.53 283.912
273.53 282.405
273.53 282.82
273.53 283.393
273.53 282.609
273.53 282.143
273.53 283.836
273.53 284.165
273.53 283.25
273.53 284.074
273.53 284.523
273.53 281.483
273.53 282.203
273.53 283.938
273.53 283.687
273.53 284.574
273.53 283.095
273.53 282.356
273.53 283.402
273.53 283.263
273.53 283.152
273.53 283.988
273.53 282.858
273.53 283.906
273.53 283.651
273.53 283.368
273.53 284.636
273.53 282.781
273.53 283.72
273.53 283.83
273.53 284.118
273.53 282.936
