749.442 844.021
682.661 767.787
631.851 708.84
579.218 648.229
546.459 606.32
520.302 560.073
500.753 531.992
480.553 510.714
464.96 492.713
451.364 479.149
437.893 460.824
427.7 452.256
416.214 454.364
404.066 443.182
391.47 415.395
374.09 402.581
365.471 386.776
359.533 377.38
354.164 371.369
348.115 363.887
341.382 358.372
326.762 352.229
320.92 338.261
316.748 330.988
312.312 328.901
308.902 322.364
306.352 319.98
304.829 316.684
299.579 314.864
298.072 311.457
296.074 308.719
294.986 306.965
294.378 306.021
293.836 304.516
286.159 303.091
285.997 301.257
285.952 295.234
285.952 294.978
285.624 295.041
282.216 295.67
281.888 300.846
281.888 291.015
281.888 290.276
281.888 291.032
281.888 291.968
281.888 290.956
281.888 290.493
281.888 289.608
281.066 291.435
281.066 291.203
281.066 311.19
281.066 289.489
281.066 289.862
281.066 290.898
281.066 290.499
281.066 289.563
281.066 290.527
281.066 290.192
281.066 290.167
281.066 290.662
281.066 290.347
280.296 289.34
280.296 289.507
280.296 289.878
280.296 289.486
280.296 289.766
280.296 290.354
280.296 288.871
280.296 289.006
280.296 289.674
280.296 288.443
280.296 289.513
280.296 288.543
280.296 289.568
280.296 290.759
280.296 290.433
280.296 290.084
280.296 289.742
280.296 289.222
280.296 289.746
280.296 289.2
280.296 289.108
280.296 289.543
280.296 289.513
280.296 290.037
280.296 289.339
280.296 289.565
280.296 289.585
280.296 289.937
280.296 289.279
280.296 289.316
280.296 289.596
280.296 289.13
280.296 289.779
280.296 288.812
280.296 289.271
280.296 288.526
280.296 290.11
280.296 289.355
280.296 288.847
280.296 311.915
280.296 289.271
280.296 289.352
280.296 290.691
280.296 289.248
280.296 289.623
280.296 289.824
280.296 289.608
280.296 289.665
280.296 289.352
280.296 289.7
280.296 288.829
280.296 289.285
280.296 290.542
280.296 290.736
280.296 289.523
280.296 288.62
280.296 290.107
280.296 289.784
280.296 290.533
280.296 289.564
280.296 287.853
280.296 288.131
280.296 289.785
280.296 290.087
280.296 288.623
280.296 289.791
280.296 288.963
280.296 289.308
280.296 289.552
280.296 289.421
280.296 288.912
280.296 287.932
280.296 288.48
280.296 289.171
280.296 289.877
280.296 288.761
280.296 289.671
280.296 288.971
280.296 290.341
280.296 289.128
280.296 289.414
280.296 288.654
280.296 289.183
280.296 289.365
280.296 290.029
280.296 288.918
280.296 289.58
280.296 289.674
280.296 289.373
280.296 289.949
280.296 289.743
280.296 289.903
280.296 288.843
280.296 287.914
280.296 289.035
280.296 288.681
280.296 289.208
280.296 289.097
280.296 288.735
280.296 289.028
280.296 289.882
280.296 288.861
280.296 289.334
280.296 288.633
280.296 288.848
280.296 288.919
280.296 289.883
280.296 288.504
280.296 289.258
280.296 289.151
280.296 289.239
280.296 289.241
280.296 289.89
280.296 289.588
280.296 289.029
280.296 289.775
280.296 289.581
280.296 290.266
280.296 290.244
280.296 289.363
280.296 289.214
280.296 289.837
280.296 289.043
280.296 290.032
280.296 288.507
280.296 288.932
280.296 289.895
280.296 289.544
280.296 289.105
280.296 290.301
280.296 289.34
280.296 289.585
280.296 288.519
280.296 289.597
280.296 289.679
280.296 288.675
280.296 289.691
280.296 289.917
280.296 289.812
273.56 295.731
273.56 282.893
273.56 284.934
273.56 282.807
273.56 283.141
273.56 283.523
273.56 282.961
273.56 284.032
273.56 282.193
273.56 284.008
273.56 282.499
273.56 283.09
273.56 283.502
273.56 283.796
273.56 284.072
273.56 283.13
273.56 283.494
273.56 284.205
273.56 282.094
273.56 283.735
273.56 283.31
273.56 282.909
273.56 284.474
273.56 283.49
273.56 285.1
273.56 282.778
273.56 282.997
273.56 282.62
273.56 283.895
273.56 284.205
273.56 283.442
273.56 282.02
273.56 283.258
273.56 283.512
273.56 283.995
273.56 283.666
273.56 283.436
273.56 282.771
273.56 283.395
273.56 283.269
273.56 282.733
273.56 282.401
273.56 283.901
273.56 283.754
273.56 284.501
273.56 283.701
273.56 283.25
273.56 283.727
273.56 284.073
273.56 283.541
273.56 283.092
273.56 282.621
273.56 283.188
273.56 283.241
273.56 283.005
273.56 284.553
273.56 283.6
273.56 282.602
273.56 283.601
273.56 284.037
273.56 282.766
273.56 283.931
273.56 282.884
273.56 282.55
273.56 283.373
273.56 282.052
273.56 283.651
273.56 283.84
273.56 282.858
273.56 284.201
273.56 283.054
273.56 282.579
273.56 282.564
273.56 283.608
273.56 283.41
273.56 281.81
273.56 283.269
273.56 283.961
273.56 282.909
273.56 282.756
273.56 283.768
273.56 282.93
273.56 282.851
273.56 282.435
273.56 284.278
273.56 284.047
273.56 282.404
273.56 282.901
273.56 284.475
273.56 283.229
273.56 283.186
273.56 282.682
273.56 282.562
273.56 283.648
273.56 283.007
273.56 281.979
273.56 284.601
273.56 284.033
273.56 283.07
273.56 283.981
273.53 288.493
273.53 283.177
273.53 283.117
273.53 284.377
273.53 283.168
273.53 282.727
273.53 282.597
273.53 283.478
273.53 283.079
273.53 282.272
273.53 283.731
273.53 283.685
273.53 283.854
273.53 283.079
273.53 283.846
273.53 283.086
273.53 283.407
273.53 283.97
273.53 283.585
273.53 283.228
273.53 283.78
273.53 284.977
273.53 282.686
273.53 283.851
273.53 282.992
273.53 283.676
273.53 282.916
273.53 283.03
273.53 284.376
273.53 283.725
273.53 283.654
273.53 283.532
273.53 283.413
273.53 282.676
273.53 283.428
273.53 284.202
273.53 283.163
273.53 282.055
273.53 284.038
273.53 282.891
273.53 284.235
273.53 283.504
273.53 283.008
273.53 283.102
273.53 283.76
273.53 283.006
273.53 283.084
273.53 282.847
273.53 283.332
273.53 282.841
273.53 284.151
273.53 283.642
273.53 283.208
273.53 283.045
273.53 283.198
273.53 282.279
273.53 282.871
273.53 282.601
273.53 283.092
273.53 284.321
273.53 283.017
273.53 283.178
273.53 283.294
273.53 283.741
273.53 282.517
273.53 285.345
273.53 283.512
273.53 284.094
273.53 283.451
273.53 283.655
273.53 284.602
273.53 283.052
273.53 282.556
273.53 283.019
273.53 283.222
273.53 283.943
273.53 284.228
273.53 283.726
273.53 283.029
273.53 283.798
273.53 282.987
273.53 283.103
273.53 283.429
273.53 283.409
273.53 282.213
273.53 283.001
273.53 283.902
273.53 283.495
273.53 283.368
273.53 283.94
273.53 282.23
273.53 283.467
273.53 282.641
273.53 283.755
273.53 282.162
273.53 281.839
273.53 283.68
273.53 283.621
273.53 282.776
273.53 283.773
273.53 283.347
273.53 282.838
273.53 282.389
273.53 282.512
273.53 283.618
273.53 282.91
273.53 283.239
273.53 281.671
273.53 282.869
273.53 283.233
273.53 283.939
273.53 283.705
273.53 283.362
273.53 282.471
273.53 283.391
273.53 282.506
273.53 283.172
273.53 283.03
273.53 282.398
273.53 282.592
273.53 283.359
273.53 282.425
273.53 282.644
273.53 283.612
273.53 283.606
273.53 283.148
273.53 283.547
273.53 282.781
273.53 282.797
273.53 284.063
273.53 283.108
273.53 282.923
273.53 283.384
273.53 283.023
273.53 281.998
273.53 283.445
273.53 284.286
273.53 283.331
273.53 283.895
273.53 283.414
273.53 283.223
273.53 282.835
273.53 284.145
273.53 283.236
273.53 282.489
273.53 282.327
273.53 284.391
273.53 281.691
273.53 283.643
273.53 284.065
273.53 282.989
273.53 284.588
273.53 282.509
273.53 282.653
273.53 283.089
273.53 284.042
273.53 283.432
273.53 283.214
273.53 283.163
273.53 284.068
273.53 283.413
273.53 283.098
273.53 283.509
273.53 283.203
273.53 282.473
273.53 283.603
273.53 283.487
273.53 283.099
273.53 283.498
273.53 282.747
273.53 282.654
273.53 282.791
273.53 282.408
273.53 282.542
273.53 283.947
273.53 282.968
273.53 283.238
273.53 283.653
273.53 283.468
273.53 283.655
273.53 283.654
273.53 282.785
273.53 283.912
273.53 283.266
273.53 283.286
273.53 283.524
273.53 284.554
273.53 283.341
273.53 283.328
273.53 283.036
273.53 283.057
273.53 283.217
273.53 282.795
273.53 284.025
273.53 281.961
273.53 282.51
273.53 283.315
273.53 283.593
273.53 281.936
273.53 282.638
273.53 282.556
273.53 283.288
273.53 283.832
273.53 283.411
273.53 283.397
273.53 282.721
273.53 284.479
273.53 282.958
273.53 284.079
273.53 284.603
273.53 283.261
273.53 283.332
273.53 283.334
273.53 282.728
273.53 282.798
273.53 282.788
273.53 283.738
273.53 282.236
273.53 283.011
273.53 282.181
273.53 282.746
273.53 284.312
273.53 283.715
273.53 282.327
273.53 283.647
273.53 282.865
273.53 283.222
273.53 283.161
273.53 285.271
273.53 283.849
273.53 282.293
273.53 283.93
273.53 284.351
273.53 283.474
273.53 283.477
273.53 282.247
273.53 282.994
273.53 283.585
273.53 283.235
273.53 284.104
273.53 282.175
273.53 284.013
273.53 281.726
273.53 282.441
273.53 282.615
273.53 282.858
273.53 283.923
273.53 283.426
273.53 284.535
273.53 283.262
