752.943 869.147
691.425 775.095
633.902 711.076
572.785 650.007
539.838 599.42
513.232 562.999
496.674 538.006
477.203 519.306
463.978 504.279
452.702 485.064
442.757 464.77
429.275 453.598
418.448 440.961
402.933 429.536
394.366 414.017
386.226 404.578
377.995 396.679
372.079 387.162
367.177 382.443
362.288 376.84
357.605 371.317
355.135 368.315
352.5 365.965
348.698 363.507
346.212 359.286
343.857 355.633
342.704 354.368
339.16 350.763
336.45 349.392
335.703 347.037
334.783 345.188
334.383 344.216
333.897 343.677
333.897 343.337
332.019 343.114
331.368 342.654
331.368 341.388
331.283 340.472
331.283 339.882
330.719 340.721
330.523 340.274
330.415 340.765
330.415 340.462
330.373 339.405
328.238 341.163
328.238 340.445
328.238 337.469
328.238 338.205
328.238 337.469
327.274 337.808
301.193 324.058
301.193 310.552
301.193 310.523
301.193 310.506
301.003 310.447
300.026 309.526
300.026 309.906
299.41 309.027
299.41 308.132
297.082 308.716
296.936 306.912
296.413 307.407
296.413 305.362
295.139 305.193
295.139 304.336
295.139 302.829
295.139 304.542
295.139 304.5
295.139 304.9
295.139 304.314
295.139 303.964
295.139 304.401
295.139 303.537
295.139 304.415
295.139 305.016
295.139 304.841
295.139 304.056
295.139 304.109
295.139 303.362
295.139 303.882
295.139 306.027
295.139 304.707
295.139 303.756
295.139 304.514
295.139 303.94
295.139 303.926
295.139 303.636
295.139 304.458
295.139 303.931
295.139 304.104
295.139 304.516
294.911 304.565
294.911 303.034
294.911 302.66
294.911 303.327
294.911 304.069
294.911 304.085
294.911 304.889
294.911 303.615
294.911 304.184
280.296 304.034
280.296 289.538
280.296 291.252
280.296 289.16
280.296 287.905
280.296 289.211
280.296 288.865
280.296 288.791
280.296 289.109
280.296 289.675
280.296 289.626
280.296 289.483
280.296 289.205
280.296 289.21
280.296 289.86
280.296 290.411
280.296 290.475
280.296 290.041
280.296 288.317
280.296 289.214
280.296 289.2
280.296 289.487
280.296 289.527
280.296 289.439
280.296 289.053
280.296 289.665
280.296 288.617
280.296 290.173
280.296 290.313
280.296 289.375
280.296 289.117
280.296 289.862
280.296 289.113
280.296 288.943
280.296 289.648
280.296 288.873
280.296 289.171
280.296 288.944
280.296 289.355
280.296 290.654
280.296 289.898
280.296 289.203
280.296 288.298
280.296 289.912
280.296 290.504
280.296 288.772
280.296 289.727
280.296 290.01
280.296 289.404
280.296 289.366
280.296 288.36
280.296 289.267
280.296 289.1
280.296 288.826
280.296 289.192
280.296 289.189
280.296 289.324
280.296 289.938
280.296 288.982
280.296 288.919
280.296 288.84
280.296 288.811
280.296 288.232
280.296 288.637
280.296 289.577
280.296 289.968
280.296 288.488
280.296 288.548
280.296 289.424
280.296 289.849
280.296 290.337
280.296 289.397
280.296 289.347
280.296 289.209
280.296 290.195
280.296 289.562
280.296 288.606
280.296 289.262
280.296 289.707
280.296 290.215
280.296 288.962
280.296 288.487
280.296 289.334
280.296 289.507
280.296 290.09
280.296 288.118
280.296 288.835
280.296 290.026
280.296 289.784
280.296 290.124
280.296 289.537
280.296 289.314
280.296 290.624
280.296 288.84
280.296 289.962
280.296 289.986
280.296 289.236
280.296 288.397
280.296 288.878
280.296 288.576
277.326 299.394
277.326 286.881
277.326 287.431
277.326 287.423
277.326 285.117
277.326 287.251
277.326 287.833
277.326 286.753
277.326 287.262
277.326 286.853
277.326 286.804
277.326 286.631
277.326 286.266
277.326 287.825
277.326 288.287
277.326 286.55
277.326 287.284
277.326 287.217
277.326 286.408
277.326 286.271
277.326 286.641
277.326 288.055
277.326 286.912
277.326 286.751
277.326 285.755
277.326 288.026
277.326 288.037
277.326 286.594
277.326 286.761
277.326 286.079
277.326 285.735
277.326 287.447
277.326 287.652
277.326 287.824
277.326 287.071
277.326 287.566
277.326 287.115
277.326 287.544
277.326 286.591
277.326 285.591
277.326 285.999
277.326 287.708
277.326 287.104
277.326 286.636
277.326 286.811
277.326 286.099
277.326 286.065
277.326 287.985
277.326 286.71
277.326 286.973
273.53 285.266
273.53 282.996
273.53 282.203
273.53 284.655
273.53 282.573
273.53 285.444
273.53 283.021
273.53 283.355
273.53 283.537
273.53 282.385
273.53 282.319
273.53 283.637
273.53 283.035
273.53 283.898
273.53 282.673
273.53 282.349
273.53 283.13
273.53 283.185
273.53 283.466
273.53 283.091
273.53 283.242
273.53 283.715
273.53 283.685
273.53 283.54
273.53 282.541
273.53 283.133
273.53 282.79
273.53 283.512
273.53 283.624
273.53 283.078
273.53 283.471
273.53 283.476
273.53 282.675
273.53 282.807
273.53 282.243
273.53 283.749
273.53 283.206
273.53 282.948
273.53 282.537
273.53 282.393
273.53 284.511
273.53 283.439
273.53 284.214
273.53 283.541
273.53 284.27
273.53 283.395
273.53 282.208
273.53 283.078
273.53 284.692
273.53 283.021
273.53 283.892
273.53 282.951
273.53 284.052
273.53 283.189
273.53 283.091
273.53 283.541
273.53 282.416
273.53 282.796
273.53 283.838
273.53 283.72
273.53 283.401
273.53 283.566
273.53 282.534
273.53 283.902
273.53 284.217
273.53 283.837
273.53 283.949
273.53 282.569
273.53 283.701
273.53 282.514
273.53 283.233
273.53 283.345
273.53 284.364
273.53 282.96
273.53 283.833
273.53 283.716
273.53 283.017
273.53 283.867
273.53 283.006
273.53 283.209
273.53 283.958
273.53 285.23
273.53 281.619
273.53 283.314
273.53 282.893
273.53 283.743
273.53 284.297
273.53 282.941
273.53 282.312
273.53 283.704
273.53 282.971
273.53 283.896
273.53 283.377
273.53 282.491
273.53 282.443
273.53 283.771
273.53 282.749
273.53 282.666
273.53 283.43
273.53 283.225
273.53 282.905
273.53 283.291
273.53 283.003
273.53 283.345
273.53 282.652
273.53 282.96
273.53 284
273.53 283.598
273.53 283.281
273.53 282.876
273.53 282.289
273.53 283.199
273.53 284.704
273.53 283.137
273.53 282.663
273.53 283.367
273.53 283.663
273.53 283.016
273.53 284.731
273.53 282.046
273.53 283.947
273.53 282.456
273.53 282.535
273.53 283.594
273.53 283.349
273.53 283.499
273.53 283.765
273.53 281.809
273.53 283.558
273.53 282.538
273.53 283.789
273.53 282.921
273.53 283.268
273.53 283.532
273.53 282.763
273.53 281.686
273.53 283.465
273.53 283.165
273.53 283.254
273.53 282.812
273.53 283.768
273.53 283.561
273.53 283.016
273.53 284.093
273.53 283.624
273.53 282.591
273.53 283.925
273.53 283.116
273.53 283.048
273.53 282.4
273.53 283.574
273.53 283.201
273.53 283.459
273.53 283.35
273.53 283.184
273.53 284.215
273.53 282.43
273.53 284.942
273.53 284.596
273.53 282.856
273.53 283.287
273.53 283.119
273.53 283.415
273.53 283.057
273.53 282.81
273.53 283.333
273.53 283.279
273.53 283.086
273.53 283.946
273.53 281.972
273.53 283.699
273.53 283.7
273.53 283.371
273.53 283.501
273.53 283.087
273.53 283.678
273.53 282.68
273.53 283.644
273.53 282.524
273.53 283.332
273.53 283.853
273.53 283.896
273.53 283.928
273.53 284.116
273.53 283.844
273.53 284.433
273.53 283.21
273.53 283.695
273.53 282.766
273.53 284.545
273.53 283.492
273.53 282.604
273.53 283.255
273.53 283.097
273.53 283.749
273.53 282.799
273.53 282.703
273.53 284.401
273.53 283.544
273.53 283.08
273.53 282.801
273.53 282.992
273.53 284.909
273.53 283.73
273.53 283.421
273.53 283.451
273.53 283.331
273.53 283.878
273.53 282.458
273.53 283.646
273.53 282.837
273.53 283.181
273.53 283.309
273.53 283.582
273.53 284.017
273.53 283.017
273.53 283.342
273.53 284.478
273.53 283.675
273.53 283.858
273.53 282.445
273.53 283.852
273.53 282.702
273.53 283.845
273.53 282.808
273.53 282.806
273.53 283.201
273.53 283.508
273.53 283.871
273.53 284.147
273.53 282.539
273.53 283.084
273.53 283.59
273.53 282.666
273.53 283.079
273.53 283.183
273.53 283.939
273.53 283.1
273.53 282.882
273.53 282.575
273.53 282.804
273.53 284.558
273.53 284.14
273.53 284.236
273.53 283.357
273.53 283.925
273.53 283.675
273.53 282.541
273.53 282.645
273.53 284.581
273.53 283.311
273.53 282.709
273.53 282.789
273.53 282.256
273.53 284.092
273.53 283.525
273.53 283.304
273.53 284.402
273.53 283.72
273.53 283.342
273.53 282.615
273.53 284.194
273.53 283.466
273.53 283.856
273.53 283.308
273.53 282.692
273.53 284.797
273.53 283.984
273.53 283.483
273.53 283.082
273.53 282.794
273.53 282.783
273.53 282.8
273.53 282.983
273.53 282.306
273.53 283.84
273.53 283.052
273.53 284.043
273.53 282.655
273.53 283.312
273.53 283.113
273.53 284.054
273.53 281.366
273.53 283.787
273.53 283.331
273.53 284.533
273.53 282.348
273.53 281.953
273.53 283.012
273.53 284.361
273.53 283.019
273.53 283.411
273.53 283.523
273.53 283.525
273.53 283.309
273.53 283.654
273.53 283.311
273.53 281.36
273.53 282.818
273.53 282.333
