755.413 855.356
678.813 775.037
641.111 710.283
602.752 667.257
569.929 623.984
544.521 590.167
517.9 566.199
483.847 547.346
470.466 508
461.78 481.207
451.015 474.448
442.573 463.177
434.133 455.417
426.272 447.94
422.138 436.485
415.816 432.226
412.069 426.893
398.634 420.965
391.472 418.886
386.298 401.741
382.709 394.385
376.154 391.69
373.882 385.009
371.084 381.75
368.877 380.87
358.615 378.646
357.06 373.759
355.659 366.273
354.573 364.404
352.467 362.867
350.779 365.415
349.809 358.43
345.103 360.148
341.767 359.617
341.033 351.649
341.033 350.026
339.848 348.826
337.955 348.838
337.955 348.64
337.955 346.37
337.955 347.411
337.955 346.109
337.955 346.32
337.955 346.264
337.955 347.1
337.955 345.978
337.955 347.118
337.955 346.222
337.955 346.728
337.955 346.39
296.812 326.502
296.812 305.88
296.812 305.837
296.812 306.414
296.812 306.275
296.812 305.787
296.812 307.026
296.812 305.817
296.812 306.293
296.812 306.72
296.812 305.796
296.812 306.88
296.812 306.218
296.812 306.993
296.812 306.136
296.812 305.73
296.25 306.128
294.965 307.035
294.736 304.449
294.71 304.45
294.71 304.122
294.71 304.654
294.71 303.854
294.71 304.584
294.71 304.459
294.71 304.452
294.71 303.931
294.71 303.986
294.71 304.075
294.71 304.12
294.71 304.349
294.71 304.534
294.71 304.441
294.71 305.092
294.71 303.896
294.71 305.306
294.71 303.955
294.71 305.388
294.71 304.85
294.71 304.414
294.71 304.771
294.71 303.843
294.71 304.984
294.71 303.97
294.71 304.884
294.71 302.976
294.71 304.228
294.71 304.441
294.71 304.118
294.71 304.462
273.56 294.793
273.56 282.906
273.56 283.979
273.56 283.648
273.56 282.15
273.56 283.142
273.56 284.165
273.56 283.467
273.56 283.336
273.56 282.722
273.56 282.478
273.56 283.613
273.56 283.224
273.56 283.709
273.56 282.772
273.56 283.069
273.56 284.766
273.56 283.341
273.56 284.225
273.56 282.399
273.56 284.362
273.56 283.277
273.56 283.495
273.56 282.755
273.56 283.889
273.56 283.12
273.56 283.887
273.56 283.807
273.56 283.093
273.56 283.019
273.56 283.137
273.56 283.662
273.56 284.062
273.56 282.596
273.56 283.875
273.56 282.738
273.56 282.785
273.56 283.018
273.56 282.826
273.56 282.649
273.56 282.931
273.56 283.757
273.56 283.903
273.56 283.402
273.56 283.785
273.56 283.642
273.56 282.274
273.56 282.767
273.56 283.635
273.56 283.424
273.56 283.097
273.56 283.889
273.56 282.779
273.56 282.936
273.56 283.918
273.56 283.559
273.56 283.592
273.56 284.06
273.56 282.994
273.56 283.375
273.56 283.071
273.56 282.912
273.56 283.841
273.56 284.374
273.56 282.64
273.56 283.066
273.56 283.568
273.56 283.75
273.56 282.681
273.56 282.765
273.56 282.396
273.56 283.785
273.56 283.678
273.56 282.796
273.56 283.659
273.56 282.811
273.56 284.256
273.56 283.827
273.56 283.811
273.56 283.422
273.56 283.489
273.56 282.525
273.56 283.772
273.56 283.264
273.56 284.332
273.56 282.581
273.56 282.946
273.56 283.358
273.56 282.446
273.56 283.135
273.56 283.475
273.56 284.551
273.56 283.589
273.56 282.058
273.56 283.619
273.56 282.182
273.56 282.158
273.56 282.992
273.56 283.1
273.56 282.626
273.56 284.574
273.56 282.972
273.56 284.611
273.56 283.279
273.56 283.579
273.56 283.578
273.56 282.993
273.56 282.436
273.56 282.64
273.56 284.098
273.56 284.259
273.56 283.104
273.56 283.133
273.56 282.868
273.56 283.427
273.56 283.464
273.56 283.238
273.56 283.3
273.56 282.76
273.56 283.893
273.56 283.585
273.56 284.486
273.56 283.971
273.56 283.015
273.56 282.945
273.56 281.969
273.56 282.798
273.56 282.679
273.56 283.378
273.56 282.631
273.56 284.143
273.56 284.2
273.56 282.893
273.56 283.06
273.56 283.676
273.56 284.138
273.56 282.292
273.56 283.138
273.56 283.847
273.56 282.321
273.56 283.806
273.56 282.717
273.56 283.786
273.56 282.484
273.56 283.705
273.56 283.506
273.56 282.9
273.56 282.697
273.56 283.071
273.56 283.05
273.53 292.134
273.53 286.518
273.53 282.966
273.53 283.309
273.53 283.389
273.53 282.749
273.53 282.64
273.53 282.862
273.53 282.676
273.53 283.536
273.53 284.34
273.53 284.682
273.53 284.109
273.53 283.324
273.53 283.847
273.53 282.318
273.53 283.23
273.53 283.968
273.53 282.883
273.53 283.025
273.53 282.915
273.53 283.429
273.53 283.084
273.53 283.127
273.53 282.856
273.53 281.954
273.53 282.885
273.53 282.92
273.53 283.498
273.53 282.687
273.53 283.451
273.53 282.303
273.53 282.493
273.53 283.304
273.53 283.094
273.53 283.602
273.53 283.38
273.53 283.616
273.53 283.755
273.53 283.243
273.53 282.722
273.53 283.365
273.53 283.396
273.53 283.109
273.53 282.444
273.53 284.196
273.53 282.747
273.53 283.387
273.53 283.136
273.53 283.562
273.53 283.005
273.53 284.513
273.53 283.114
273.53 281.903
273.53 283.489
273.53 283.309
273.53 283.648
273.53 282.81
273.53 283.622
273.53 284.272
273.53 284.919
273.53 283.339
273.53 284.021
273.53 284.382
273.53 283.109
273.53 283.309
273.53 283.057
273.53 283.501
273.53 283.366
273.53 283.992
273.53 283.64
273.53 284.317
273.53 284.732
273.53 283.812
273.53 282.856
273.53 282.665
273.53 284.331
273.53 282.995
273.53 283.851
273.53 284.148
273.53 283.04
273.53 284.264
273.53 283.638
273.53 283.166
273.53 283.317
273.53 283.98
273.53 283.421
273.53 282.921
273.53 283.16
273.53 281.519
273.53 282.67
273.53 283.269
273.53 284.009
273.53 283.767
273.53 282.597
273.53 283.364
273.53 283.274
273.53 282.813
273.53 284.155
273.53 284.276
273.53 282.86
273.53 284.107
273.53 282.007
273.53 283.682
273.53 283.084
273.53 283.646
273.53 284.513
273.53 283.191
273.53 283.602
273.53 282.943
273.53 283.283
273.53 283.973
273.53 282.743
273.53 283.659
273.53 283.526
273.53 282.726
273.53 283.767
273.53 282.879
273.53 283.823
273.53 283.166
273.53 283.28
273.53 283.075
273.53 283.87
273.53 282.83
273.53 283.195
273.53 283.132
273.53 283.315
273.53 282.994
273.53 283.786
273.53 282.795
273.53 283.319
273.53 282.544
273.53 282.791
273.53 283.755
273.53 283.073
273.53 283.05
273.53 282.128
273.53 282.568
273.53 282.499
273.53 283.665
273.53 282.987
273.53 282.915
273.53 284.236
273.53 283.846
273.53 283.389
273.53 283.411
273.53 283.177
273.53 284.017
273.53 282.967
273.53 282.826
273.53 283.353
273.53 282.785
273.53 282.829
273.53 283.562
273.53 283.336
273.53 282.538
273.53 284.463
273.53 283.736
273.53 284.679
273.53 283.663
273.53 283.221
273.53 282.872
273.53 283.605
273.53 282.437
273.53 283.072
273.53 283.016
273.53 283.422
273.53 283.82
273.53 283.13
273.53 283.606
273.53 282.686
273.53 283.302
273.53 283.447
273.53 282.594
273.53 282.763
273.53 282.768
273.53 283.658
273.53 283.049
273.53 283.244
273.53 283.91
273.53 283.407
273.53 283.763
273.53 283.342
273.53 282.921
273.53 284.087
273.53 283.413
273.53 282.055
273.53 283.868
273.53 283.85
273.53 283.615
273.53 283.41
273.53 283.389
273.53 282.606
273.53 282.317
273.53 283.55
273.53 283.56
273.53 283.688
273.53 283.092
273.53 283.448
273.53 282.527
273.53 283.184
273.53 283.256
273.53 283.124
273.53 283.245
273.53 283.542
273.53 283.233
273.53 283.724
273.53 282.975
273.53 283.127
273.53 282.055
273.53 282.033
273.53 285.201
273.53 283.49
273.53 284.183
273.53 284.155
273.53 282.93
273.53 284.163
273.53 282.587
273.53 283.856
273.53 282.86
273.53 282.946
273.53 283.245
273.53 281.671
273.53 282.873
273.53 283.738
273.53 284.205
273.53 284.062
273.53 283.029
273.53 283.932
273.53 282.163
273.53 282.61
273.53 284.007
273.53 283.754
273.53 284.16
273.53 283.341
273.53 283.407
273.53 283.152
273.53 283.203
273.53 283.894
273.53 283.115
273.53 282.658
273.53 283.803
273.53 284.272
273.53 283.877
273.53 283.318
273.53 282.471
273.53 282.229
273.53 284.316
273.53 282.729
273.53 282.226
273.53 283.423
273.53 283.476
273.53 284.106
273.53 283.811
273.53 284.422
273.53 283.221
273.53 283.72
273.53 282.521
273.53 283.039
273.53 284.021
273.53 284.394
273.53 284.211
273.53 284.932
273.53 283.775
273.53 282.504
273.53 283.661
273.53 283.406
273.53 283.283
273.53 282.747
273.53 282.839
273.53 284.476
273.53 283.076
273.53 284.428
273.53 283.278
273.53 283.598
273.53 281.952
273.53 282.943
273.53 282.696
273.53 283.092
273.53 283.135
273.53 282.188
273.53 283.077
273.53 283.451
273.53 283.151
273.53 282.75
273.53 282.396
273.53 283.829
273.53 284.003
273.53 283.557
273.53 283.97
273.53 283.854
273.53 283.119
273.53 283.214
273.53 283.076
273.53 284.568
273.53 283.454
273.53 283.758
273.53 283.568
273.53 283.94
273.53 282.452
