770.338 888.301
696.44 801.734
634.445 720.781
586.951 648.867
557.6 611.216
519.751 582.68
503.608 548.692
475.403 515.229
455.34 499.635
439.754 481.565
422.292 467.304
401.922 445.885
393.649 418.617
381.992 405.919
370.077 395.358
363.736 383.843
353.336 376.583
351.406 364.157
347.064 363.723
343.004 373.876
340.163 368.828
338.632 359.399
337.233 347.488
336.35 346.824
331.71 345.032
327.091 341.862
324.071 338.417
321.094 334.743
318.371 331.62
316.127 327.564
313.891 326.847
310.017 323.018
308.065 321.821
307.536 317.549
307.279 317.458
304.708 316.416
304.451 320.523
304.451 314.604
303.077 314.621
302.483 313.321
302.483 312.274
301.342 313.001
301.33 310.989
300.169 310.372
300.169 311.934
300.169 310.113
299.684 308.785
299.684 310.106
299.684 308.872
297.482 308.687
274.131 302.084
274.131 287.074
274.131 283.937
273.56 283.466
273.56 283.489
273.56 282.537
273.56 283.12
273.56 283.941
273.56 282.989
273.56 283.17
273.56 282.764
273.56 282.719
273.56 284.95
273.56 282.72
273.56 283.139
273.56 284.281
273.56 284.971
273.56 283.316
273.56 283.579
273.56 282.763
273.56 283.789
273.56 283.719
273.56 281.829
273.56 283.526
273.56 282.55
273.56 283.621
273.56 284.482
273.56 283.985
273.56 284.274
273.56 283.243
273.56 283.708
273.56 282.68
273.56 283.361
273.56 283.139
273.56 284.033
273.56 283.482
273.56 283.798
273.56 283.601
273.56 284.154
273.56 283.035
273.56 283.91
273.56 283.819
273.56 283.411
273.56 282.87
273.56 283.923
273.56 283.105
273.56 283.734
273.56 283.945
273.56 281.76
273.56 283.591
273.56 299.574
273.56 283.218
273.56 283.095
273.56 282.788
273.56 283.039
273.56 283.109
273.56 281.999
273.56 283.073
273.56 283.228
273.56 283.74
273.56 282.264
273.56 282.566
273.56 284.496
273.56 283.281
273.56 283.694
273.56 283.597
273.56 283.184
273.56 283.383
273.56 282.933
273.56 282.144
273.56 282.623
273.56 283.129
273.56 282.301
273.56 283.337
273.56 282.5
273.56 283.014
273.56 282.98
273.56 282.871
273.56 283.743
273.56 282.828
273.56 282.212
273.56 283.252
273.56 283.337
273.56 283.242
273.56 282.975
273.56 283.236
273.56 282.572
273.56 283.534
273.56 282.837
273.56 282.421
273.56 283.49
273.56 283.818
273.56 283.461
273.56 283.296
273.56 283.285
273.56 283.239
273.56 284.779
273.56 282.519
273.56 283.916
273.56 283.763
273.56 282.624
273.56 283.364
273.56 283.518
273.56 283.377
273.56 283.265
273.56 283.213
273.56 282.823
273.56 283.789
273.56 283.438
273.56 282.978
273.56 284.008
273.56 283.09
273.56 283.982
273.56 283.396
273.56 284.039
273.56 282.066
273.56 282.833
273.56 282.684
273.56 282.37
273.56 283.325
273.56 282.395
273.56 284.001
273.56 282.128
273.56 283.368
273.56 283.102
273.56 283.565
273.56 283.859
273.56 284.301
273.56 283.594
273.56 282.79
273.56 282.795
273.56 283.283
273.56 283.532
273.56 283.301
273.56 283.292
273.56 282.38
273.56 283.097
273.56 283.85
273.56 283.312
273.56 282.935
273.56 282.467
273.56 283.122
273.56 283.156
273.56 283.21
273.56 283.771
273.56 282.872
273.56 282.029
273.56 282.403
273.56 284.291
273.56 283.091
273.56 283.174
273.56 284.159
273.56 284.121
273.56 283.295
273.56 283.267
273.56 283.713
273.56 283.78
273.56 284.248
273.56 283.17
273.56 282.456
273.56 282.057
273.56 282.933
273.56 283.799
273.56 283.346
273.56 282.492
273.56 284.504
273.56 282.793
273.56 283.641
273.56 283.792
273.56 284.799
273.56 283.894
273.56 283.844
273.56 283.547
273.56 283.032
273.56 283.253
273.56 281.865
273.56 284.047
273.56 282.428
273.56 282.163
273.56 283.181
273.56 283.382
273.56 282.908
273.56 284.201
273.56 282.841
273.56 283.822
273.56 284.276
273.56 283.287
273.56 283.472
273.56 284.631
273.56 282.284
273.56 284.505
273.56 282.501
273.56 283.616
273.56 284.104
273.56 283.64
273.56 283.282
273.56 282.888
273.56 283.244
273.56 283.842
273.56 282.507
273.53 288.233
273.53 282.846
273.53 284.356
273.53 282.809
273.53 282.247
273.53 283.907
273.53 282.433
273.53 282.313
273.53 284.83
273.53 283.102
273.53 282.905
273.53 283.502
273.53 285.25
273.53 282.179
273.53 284.49
273.53 283.751
273.53 283.068
273.53 283.084
273.53 282.856
273.53 282.966
273.53 283.439
273.53 283.139
273.53 283.36
273.53 282.943
273.53 283.558
273.53 283.434
273.53 283.098
273.53 283.486
273.53 283.475
273.53 282.904
273.53 283.572
273.53 282.098
273.53 282.951
273.53 282.611
273.53 283.581
273.53 282.863
273.53 282.842
273.53 282.858
273.53 283.901
273.53 282.703
273.53 284.055
273.53 282.858
273.53 282.709
273.53 283.057
273.53 282.994
273.53 282.371
273.53 282.618
273.53 284.472
273.53 283.006
273.53 283.172
273.53 287.895
273.53 283.426
273.53 283.36
273.53 284.291
273.53 283.786
273.53 283.188
273.53 282.728
273.53 283.792
273.53 282.663
273.53 283.386
273.53 283.285
273.53 282.754
273.53 283.466
273.53 284.503
273.53 283.106
273.53 283.131
273.53 282.744
273.53 283.238
273.53 282.924
273.53 284.264
273.53 283.594
273.53 283.631
273.53 283.225
273.53 283.345
273.53 283.369
273.53 283.468
273.53 283.908
273.53 282.399
273.53 283.889
273.53 283.334
273.53 283.121
273.53 283.105
273.53 282.514
273.53 283.906
273.53 282.517
273.53 282.438
273.53 283.286
273.53 283.64
273.53 283.614
273.53 283.089
273.53 283.539
273.53 285.029
273.53 282.302
273.53 283.774
273.53 282.551
273.53 283.087
273.53 282.667
273.53 282.592
273.53 284.53
273.53 283.418
273.53 288.7
273.53 284.646
273.53 282.438
273.53 283.476
273.53 283.411
273.53 283.703
273.53 284.129
273.53 283.298
273.53 284.178
273.53 282.646
273.53 282.846
273.53 283.655
273.53 283.046
273.53 284.289
273.53 282.147
273.53 282.586
273.53 283.534
273.53 284.621
273.53 283.579
273.53 283.049
273.53 284.198
273.53 283.406
273.53 282.464
273.53 283.032
273.53 282.972
273.53 282.081
273.53 283.188
273.53 284.228
273.53 283.414
273.53 284.091
273.53 284.191
273.53 283.433
273.53 283.494
273.53 283.016
273.53 284.423
273.53 283.775
273.53 284.688
273.53 282.026
273.53 283.068
273.53 283.659
273.53 283.166
273.53 283.673
273.53 283.735
273.53 283.086
273.53 283.336
273.53 283.095
273.53 283.485
273.53 282.868
273.53 283.942
273.53 283.593
273.53 283.08
273.53 282.376
273.53 282.735
273.53 283.729
273.53 284.698
273.53 283.477
273.53 284.781
273.53 284.058
273.53 283.18
273.53 282.816
273.53 282.774
273.53 283.896
273.53 283.826
273.53 284.347
273.53 284.323
273.53 283.893
273.53 282.505
273.53 283.086
273.53 283.353
273.53 283.948
273.53 283.126
273.53 282.998
273.53 283.862
273.53 283.691
273.53 283.985
273.53 284.184
273.53 283.078
273.53 283.269
273.53 283.461
273.53 283.346
273.53 282.823
273.53 283.753
273.53 283.491
273.53 283.545
273.53 283.469
273.53 283.121
273.53 282.999
273.53 283.68
273.53 282.647
273.53 283.229
273.53 284.272
273.53 283.732
273.53 284.173
273.53 284.863
273.53 284.51
273.53 283.914
273.53 284.205
273.53 282.426
273.53 283.481
273.53 283.505
273.53 283.214
273.53 283.205
273.53 283.027
273.53 283.631
273.53 281.561
273.53 284.19
273.53 283.209
273.53 283.776
273.53 283.799
273.53 284.05
273.53 283.963
273.53 282.93
273.53 283.053
273.53 283.724
273.53 283.747
273.53 283.503
273.53 283.819
273.53 282.706
273.53 282.117
273.53 282.95
273.53 283.159
273.53 284.179
273.53 282.607
273.53 283.281
273.53 283.97
273.53 283.15
273.53 283.075
273.53 284.325
273.53 283.928
273.53 283.704
273.53 283.38
273.53 283.294
273.53 282.974
273.53 284.106
273.53 282.383
273.53 283.418
273.53 282.528
273.53 284.014
273.53 283.073
273.53 283.581
273.53 282.959
273.53 282.208
273.53 283.238
273.53 284.062
273.53 282.983
273.53 283.44
273.53 283.455
273.53 282.905
273.53 282.989
273.53 283.783
273.53 282.466
273.53 283.731
273.53 284.168
273.53 283.363
273.53 282.565
273.53 282.678
273.53 283.537
273.53 283.914
273.53 282.173
273.53 283.377
273.53 282.933
273.53 282.805
273.53 283.914
273.53 284.61
273.53 283.198
273.53 282.967
273.53 284.17
273.53 282.675
273.53 283.694
273.53 284.127
273.53 282.573
273.53 283.452
273.53 282.88
273.53 283.313
273.53 283.214
273.53 282.848
273.53 283.779
273.53 283.039
273.53 284.462
273.53 282.806
273.53 283.84
273.53 283.472
273.53 282.784
273.53 284.297
273.53 284.12
273.53 282.658
273.53 282.48
273.53 283.418
273.53 282.962
273.53 283.227
273.53 281.962
273.53 283.134
273.53 282.645
273.53 283.575
273.53 284.275
273.53 283.317
273.53 282.898
273.53 283.167
273.53 282.975
273.53 284.475
