705.098 862.828
640.117 731.138
590.537 662.583
551.209 612.741
505.912 577.587
488.222 543.393
467.017 503.69
445.347 486.538
415.579 468.249
407.153 433.569
396.349 419.595
384.725 405.193
374.559 396.261
361.48 391.976
356.53 375.147
347.866 365.494
340.772 359.802
325.337 352.201
323.864 344.647
321.722 332.695
318.829 333.727
316.67 329.317
314.444 326.178
312.336 323.404
311.115 320.837
311.07 320.763
310.166 319.466
310.121 321.273
308.543 319.558
308.543 319.221
305.959 317.462
303.823 318.84
302.056 313.222
302.056 315.468
302.056 310.247
299.208 311.594
299.208 312.719
299.208 307.961
298.436 308.463
297.239 309.943
297.239 309.821
290.259 306.554
290.259 305.497
290.259 299.93
290.259 299.626
290.259 299.744
290.259 300.592
290.259 299.704
290.259 299.765
290.259 299.21
281.066 304.853
281.066 290.869
281.066 289.562
281.066 290.146
280.296 289.848
280.296 289.989
280.296 289.414
280.296 289.884
280.296 290.05
280.296 290.171
280.296 289.787
280.296 287.836
280.296 289.795
280.296 289.751
280.296 289.847
280.296 290.178
280.296 289.555
280.296 289.202
280.296 288.78
280.296 289.669
280.296 289.729
280.296 290.337
280.296 288.751
280.296 291.085
280.296 289.153
280.296 289.451
280.296 290.2
280.296 290.939
280.296 289.103
280.296 289.819
280.296 289.572
280.296 288.978
280.296 288.915
280.296 289.775
280.296 289.1
280.296 289.707
280.296 289.981
280.296 289.892
280.296 289.646
280.296 290.226
280.296 290.284
280.296 289.615
280.296 290.425
280.296 288.652
280.296 288.932
280.296 289.446
280.296 290.065
280.296 289.743
280.296 288.579
280.296 290.282
273.56 296.548
273.56 282.411
273.56 283.807
273.56 282.758
273.56 283.171
273.56 282.813
273.56 283.047
273.56 284.046
273.56 284.457
273.56 282.883
273.56 282.538
273.56 283.828
273.56 283.296
273.56 283.539
273.56 282.599
273.56 284.635
273.56 284.479
273.56 281.807
273.56 283.895
273.56 283.175
273.56 283.232
273.56 284.331
273.56 283.19
273.56 283.15
273.56 282.349
273.56 282.252
273.56 283.09
273.56 284.157
273.56 283.053
273.56 283.013
273.56 284.459
273.56 284.131
273.56 284.366
273.56 283.256
273.56 282.534
273.56 283.218
273.56 283.212
273.56 283.215
273.56 283.016
273.56 283.564
273.56 284.108
273.56 282.927
273.56 283.029
273.56 284.497
273.56 283.297
273.56 283.604
273.56 283.549
273.56 284.139
273.56 283.29
273.56 282.953
273.56 284.081
273.56 282.665
273.56 283.214
273.56 282.522
273.56 283.263
273.56 282.81
273.56 282.722
273.56 284.443
273.56 282.259
273.56 283.131
273.56 282.439
273.56 284.107
273.56 283.782
273.56 283.685
273.56 283.416
273.56 282.215
273.56 284.445
273.56 283.395
273.56 283.319
273.56 284.54
273.56 282.92
273.56 283.527
273.56 283.934
273.56 283.015
273.56 284.43
273.56 283.761
273.56 283.535
273.56 282.95
273.56 284.67
273.56 283.138
273.56 283.919
273.56 283.51
273.56 284.254
273.56 282.998
273.56 283.066
273.56 283.027
273.56 283.284
273.56 283.521
273.56 283.741
273.56 282.896
273.56 282.41
273.56 284.236
273.56 283.086
273.56 283.614
273.56 283.179
273.56 284.035
273.56 283.272
273.56 283.289
273.56 282.131
273.56 283.532
273.53 292.237
273.53 287.05
273.53 282.94
273.53 282.512
273.53 283.765
273.53 282.959
273.53 283.925
273.53 283.621
273.53 284.115
273.53 283.549
273.53 283.309
273.53 283.215
273.53 281.772
273.53 282.804
273.53 284.443
273.53 284.446
273.53 282.898
273.53 282.824
273.53 284.197
273.53 283.826
273.53 283.373
273.53 283.294
273.53 282.533
273.53 282.515
273.53 282.889
273.53 283.088
273.53 284.046
273.53 283.663
273.53 283.962
273.53 283.289
273.53 284.898
273.53 283.358
273.53 282.431
273.53 283.267
273.53 283.477
273.53 283.677
273.53 283.057
273.53 282.324
273.53 283.135
273.53 282.743
273.53 283.61
273.53 284.366
273.53 282.941
273.53 282.074
273.53 282.694
273.53 281.588
273.53 282.97
273.53 283.705
273.53 283.208
273.53 282.783
273.53 287.219
273.53 283.079
273.53 282.751
273.53 284.046
273.53 283.2
273.53 283.344
273.53 283.044
273.53 282.651
273.53 284.24
273.53 281.737
273.53 282.301
273.53 283.708
273.53 283.812
273.53 282.218
273.53 283.331
273.53 283.238
273.53 284.154
273.53 284.26
273.53 283.166
273.53 283.297
273.53 283.476
273.53 283.917
273.53 283.094
273.53 283.303
273.53 282.182
273.53 283.972
273.53 284.125
273.53 283.214
273.53 282.426
273.53 283.266
273.53 283.763
273.53 283.011
273.53 282.211
273.53 283.665
273.53 283.557
273.53 282.654
273.53 281.393
273.53 282.056
273.53 282.611
273.53 282.912
273.53 284.136
273.53 283.122
273.53 282.109
273.53 283.289
273.53 283.531
273.53 282.449
273.53 282.408
273.53 283.723
273.53 283.215
273.53 283.613
273.53 281.906
273.53 282.967
273.53 283.464
273.53 283.027
273.53 282.705
273.53 283.747
273.53 281.991
273.53 282.157
273.53 282.621
273.53 283.156
273.53 284.584
273.53 283.776
273.53 282.898
273.53 282.671
273.53 282.659
273.53 283.398
273.53 283.508
273.53 283.939
273.53 282.652
273.53 283.746
273.53 282.839
273.53 284.074
273.53 282.75
273.53 283.965
273.53 283.388
273.53 281.93
273.53 283.533
273.53 282.589
273.53 282.338
273.53 282.601
273.53 283.268
273.53 283.635
273.53 283.082
273.53 283.019
273.53 282.116
273.53 284.443
273.53 283.299
273.53 282.676
273.53 283.372
273.53 283.96
273.53 284.12
273.53 282.744
273.53 284.249
273.53 283.27
273.53 283.588
273.53 282.524
273.53 283.271
273.53 283.829
273.53 283.174
273.53 282.934
273.53 283.405
273.53 284.313
273.53 284.075
273.53 283.39
273.53 283.292
273.53 282.688
273.53 282.929
273.53 281.732
273.53 283.439
273.53 283.263
273.53 283.831
273.53 282.632
273.53 283.007
273.53 284.289
273.53 283.97
273.53 284.002
273.53 283.554
273.53 283.529
273.53 282.752
273.53 282.267
273.53 284.397
273.53 283.697
273.53 282.321
273.53 283.6
273.53 282.724
273.53 283.164
273.53 284.378
273.53 283.871
273.53 284.707
273.53 282.886
273.53 283.041
273.53 284.809
273.53 283.11
273.53 283.263
273.53 282.92
273.53 282.936
273.53 283.088
273.53 283.093
273.53 282.028
273.53 284.203
273.53 283.026
273.53 283.042
273.53 283.723
273.53 283.401
273.53 283.574
273.53 284.477
273.53 282.878
273.53 282.934
273.53 284.058
273.53 282.943
273.53 283.017
273.53 282.881
273.53 283.671
273.53 282.775
273.53 281.573
273.53 283.47
273.53 284.166
273.53 283.217
273.53 282.853
273.53 284.216
273.53 284.293
273.53 282.423
273.53 282.886
273.53 283.657
273.53 283.342
273.53 282.486
273.53 284.227
273.53 283.896
273.53 283.513
273.53 282.733
273.53 283.992
273.53 284.143
273.53 283.533
273.53 283.161
273.53 283.634
273.53 283.235
273.53 283.392
273.53 282.086
273.53 283.564
273.53 283.095
273.53 283.923
273.53 282.752
273.53 282.488
273.53 283.564
273.53 283.502
273.53 283.423
273.53 283.328
273.53 282.56
273.53 282.377
273.53 283.057
273.53 283.648
273.53 283.489
273.53 283.236
273.53 282.724
273.53 283.241
273.53 283.997
273.53 282.031
273.53 283.859
273.53 283.596
273.53 284.901
273.53 282.505
273.53 283.853
273.53 283.719
273.53 282.837
273.53 284.826
273.53 281.951
273.53 282.961
273.53 283.601
273.53 282.431
273.53 284.218
273.53 282.414
273.53 282.544
273.53 282.742
273.53 284.078
273.53 283.424
273.53 283.186
273.53 284.054
273.53 284.322
273.53 282.373
273.53 282.385
273.53 283.257
273.53 282.567
273.53 283.621
273.53 284.815
273.53 282.475
273.53 281.934
273.53 282.767
273.53 283.006
273.53 282.845
273.53 283.99
273.53 283.869
273.53 283.103
273.53 282.756
273.53 283.396
273.53 283.815
273.53 283.283
273.53 283.974
273.53 284.301
273.53 282.72
273.53 283
273.53 281.8
273.53 282.501
273.53 284.019
273.53 284.153
273.53 283.832
273.53 282.934
273.53 284.058
273.53 284.083
273.53 284.076
273.53 284.585
273.53 282.75
273.53 282.841
273.53 283.311
273.53 283.58
273.53 282.344
273.53 283.633
273.53 283.783
273.53 283.145
273.53 283.318
273.53 283.354
273.53 283.834
273.53 282.313
273.53 283.966
273.53 282.727
273.53 282.596
273.53 283.052
273.53 283.704
273.53 283.013
273.53 282.291
273.53 283.373
273.53 282.409
273.53 283.613
273.53 283.761
273.53 283.834
273.53 283.894
273.53 282.751
273.53 283.203
273.53 283.801
273.53 282.747
273.53 282.595
273.53 283.578
273.53 282.171
273.53 282.611
273.53 283.65
273.53 282.278
273.53 283.403
273.53 283.79
273.53 282.85
273.53 283.69
273.53 284.663
273.53 283.203
273.53 283.095
273.53 283.136
273.53 283.489
273.53 283.139
273.53 282.771
273.53 283.37
273.53 283.709
273.53 283.645
273.53 282.634
