747.673 859.316
667.389 779.283
602.645 700.487
535.443 635.258
500.529 575.549
474.181 527.848
446.61 490.604
419.299 459.671
406.917 433.523
394.356 418.422
388.175 407.206
382.456 400.321
375.182 390.72
370.266 386.569
366.141 380.141
358.775 377.795
355.308 371.175
350.14 369.822
344.924 362.134
340.248 357.322
332.887 360.883
326.691 345.21
322.846 341.979
320.149 335.747
318.889 332.109
310.583 330.952
308.721 325.504
306.526 319.056
305.572 321.593
303.767 316.086
301.262 318.334
300.19 310.692
299.185 312.422
298.356 310.838
298.356 322.201
298.356 308.186
294.89 307.724
293.511 306.082
288.944 303.566
287.483 301.514
287.483 297.379
287.483 297.873
287.483 297.462
287.483 296.18
287.483 296.472
286.753 297.409
286.037 296.744
284.841 295.82
282.217 295.413
280.445 295.242
275.904 311.359
275.904 287.708
275.332 286.101
274.131 285.388
273.56 283.892
273.56 282.894
273.56 283.188
273.56 283.691
273.56 284.37
273.56 282.865
273.56 284.446
273.56 282.903
273.56 282.385
273.56 282.573
273.56 283.296
273.56 284.185
273.56 283.882
273.56 283.523
273.56 284.009
273.56 283.517
273.56 283.144
273.56 283.215
273.56 282.947
273.56 284.153
273.56 282.696
273.56 282.99
273.56 284.561
273.56 284.31
273.56 282.698
273.56 283.866
273.56 282.483
273.56 283.264
273.56 283.613
273.56 282.22
273.56 283.053
273.56 283.848
273.56 283.91
273.56 283.511
273.56 282.666
273.56 282.836
273.56 283.344
273.56 283.073
273.56 283.856
273.56 283.452
273.56 283.317
273.56 283.75
273.56 283.609
273.56 282.848
273.56 283.359
273.56 283.697
273.56 308.429
273.56 283.907
273.56 284.066
273.56 282.835
273.56 284.778
273.56 282.834
273.56 282.34
273.56 282.852
273.56 282.162
273.56 282.935
273.56 283.387
273.56 283.412
273.56 283.554
273.56 282.895
273.56 283.441
273.56 283.554
273.56 282.358
273.56 283.114
273.56 281.686
273.56 283.504
273.56 283.065
273.56 283.881
273.56 283.254
273.56 283.022
273.56 284.27
273.56 281.623
273.56 282.891
273.56 282.765
273.56 282.768
273.56 283.357
273.56 283.277
273.56 282.268
273.56 283.111
273.56 283.336
273.56 282.783
273.56 283.101
273.56 284.013
273.56 284.223
273.56 282.992
273.56 284.582
273.56 283.801
273.56 283.364
273.56 282.941
273.56 284.079
273.56 283.179
273.56 282.674
273.56 283.496
273.56 282.709
273.56 283.829
273.56 283.851
273.56 305.807
273.56 283.046
273.56 284.182
273.56 283.866
273.56 283.75
273.56 282.289
273.56 283.059
273.56 282.756
273.56 283.831
273.56 282.64
273.56 283.657
273.56 283.302
273.56 283.791
273.56 282.582
273.56 283.401
273.56 282.015
273.56 283.301
273.56 284.36
273.56 283.932
273.56 281.698
273.56 282.71
273.56 283.292
273.56 283.818
273.56 283.046
273.56 283.752
273.56 282.154
273.56 283.298
273.56 283.671
273.56 282.671
273.56 283.386
273.56 282.818
273.56 282.99
273.56 283.089
273.56 283.896
273.56 283.78
273.56 283.302
273.56 283.345
273.56 283.193
273.56 283.402
273.56 283.244
273.56 282.072
273.56 282.697
273.56 283.026
273.56 283.521
273.56 284.134
273.56 282.457
273.56 282.912
273.56 282.485
273.56 282.192
273.56 282.877
273.56 300.283
273.56 283.411
273.56 283.133
273.56 283.824
273.56 283.045
273.56 282.669
273.56 283.63
273.56 283.101
273.56 283.591
273.56 283.257
273.56 282.685
273.56 282.614
273.56 283.661
273.56 283.23
273.56 284.246
273.56 282.853
273.56 283.276
273.56 282.794
273.56 282.76
273.56 283.263
273.56 282.529
273.56 283.451
273.56 282.508
273.56 282.616
273.56 284.288
273.56 281.815
273.56 282.916
273.56 282.583
273.56 283.861
273.56 283.465
273.56 284.064
273.56 282.854
273.56 282.953
273.56 283.147
273.56 283.568
273.56 284.232
273.56 284.058
273.56 283.243
273.56 283.188
273.56 284.123
273.56 282.661
273.56 283.174
273.56 282.794
273.56 284.202
273.56 283.464
273.56 283.539
273.56 285.241
273.56 283.382
273.56 283.507
273.56 284.184
273.56 284.565
273.56 282.414
273.56 283.6
273.56 284.203
273.56 283.258
273.56 283.367
273.56 284.159
273.56 283.941
273.56 282.454
273.56 283.468
273.56 283.931
273.56 281.746
273.56 283.734
273.56 283.13
273.56 282.604
273.56 282.616
273.56 284.067
273.56 282.525
273.56 283.157
273.56 284.126
273.56 282.845
273.56 283.361
273.56 283.369
273.56 283.31
273.56 283.168
273.56 282.94
273.56 283.373
273.56 283.828
273.56 283.045
273.56 282.878
273.56 282.847
273.56 283.746
273.56 283.164
273.56 283.031
273.56 283.259
273.56 283.269
273.56 282.718
273.56 282.555
273.56 283.454
273.56 283.86
273.56 283.765
273.56 283.296
273.56 283.241
273.56 283.907
273.56 283.609
273.56 282.989
273.56 282.932
273.56 283.996
273.56 282.34
273.56 281.829
273.53 286.446
273.53 285.273
273.53 282.389
273.53 282.977
273.53 284.02
273.53 283.902
273.53 282.652
273.53 284.292
273.53 284.181
273.53 282.977
273.53 283.182
273.53 282.373
273.53 283.153
273.53 283.773
273.53 282.673
273.53 283.293
273.53 283.432
273.53 283.558
273.53 283.2
273.53 283.104
273.53 283.006
273.53 283.977
273.53 283.564
273.53 283.641
273.53 282.995
273.53 283.395
273.53 284.622
273.53 284.264
273.53 284.155
273.53 283.804
273.53 285.082
273.53 283.379
273.53 283.125
273.53 282.59
273.53 283.534
273.53 283.349
273.53 283.035
273.53 282.044
273.53 284.599
273.53 282.164
273.53 283.226
273.53 283.457
273.53 283.113
273.53 283.774
273.53 284.193
273.53 284.322
273.53 283.224
273.53 283.829
273.53 284.179
273.53 283.914
273.53 283.732
273.53 282.702
273.53 282.654
273.53 283.094
273.53 283.06
273.53 282.942
273.53 282.228
273.53 282.701
273.53 283.025
273.53 282.292
273.53 284.667
273.53 283.552
273.53 282.98
273.53 283.157
273.53 283.854
273.53 283.986
273.53 284.122
273.53 282.842
273.53 284.594
273.53 283.244
273.53 283.25
273.53 282.96
273.53 282.867
273.53 282.857
273.53 283.093
273.53 282.109
273.53 282.925
273.53 282.728
273.53 284.337
273.53 283.003
273.53 283.271
273.53 283.677
273.53 282.632
273.53 282.976
273.53 283.806
273.53 283.297
273.53 283.147
273.53 283.776
273.53 284.287
273.53 282.89
273.53 284.24
273.53 284.353
273.53 283.361
273.53 284.743
273.53 283.557
273.53 283.272
273.53 284.029
273.53 282.28
273.53 284.253
273.53 283.299
273.53 283.907
273.53 282.495
273.53 283.109
273.53 283.074
273.53 283.534
273.53 284.48
273.53 282.863
273.53 283.452
273.53 282.632
273.53 282.877
273.53 283.618
273.53 284.096
273.53 283.418
273.53 282.876
273.53 284.069
273.53 283.184
273.53 283.361
273.53 283.451
273.53 283.435
273.53 283.28
273.53 283.748
273.53 282.934
273.53 282.995
273.53 283.183
273.53 283.477
273.53 282.366
273.53 283.81
273.53 282.578
273.53 283.094
273.53 283.56
273.53 281.678
273.53 284.263
273.53 283.905
273.53 283.425
273.53 282.716
273.53 283.663
273.53 283.167
273.53 282.384
273.53 284.432
273.53 284.095
273.53 282.724
273.53 282.281
273.53 283.578
273.53 284.307
273.53 283.382
273.53 283.399
273.53 283.735
273.53 283.485
273.53 282.298
273.53 283.513
273.53 283.56
273.53 283.71
273.53 283.695
273.53 283.875
273.53 283.037
273.53 283.276
273.53 282.351
273.53 283.156
273.53 282.715
273.53 283.184
273.53 283.232
273.53 282.785
273.53 283.178
273.53 284.308
273.53 282.722
273.53 283.83
273.53 284.055
273.53 283.98
273.53 283.095
273.53 282.82
273.53 282.361
273.53 283.432
273.53 284.181
273.53 283.503
273.53 283.382
273.53 283.502
273.53 282.434
273.53 282.507
273.53 284.097
273.53 282.458
273.53 283.358
273.53 283.098
273.53 284.869
273.53 283.71
273.53 283.15
273.53 284.169
273.53 284.175
273.53 281.646
273.53 283.72
273.53 283.03
273.53 283.63
273.53 281.81
273.53 282.827
273.53 283.161
273.53 283.793
273.53 282.416
273.53 282.876
273.53 282.068
273.53 282.657
273.53 283.108
273.53 282.886
273.53 282.514
273.53 282.103
273.53 284.42
273.53 284.848
273.53 283.364
273.53 282.804
273.53 283.901
273.53 283.663
273.53 284.966
273.53 282.157
273.53 283.593
273.53 282.958
273.53 283.163
273.53 282.851
273.53 283.335
273.53 283.339
273.53 283.74
273.53 283.443
273.53 282.892
273.53 284.216
273.53 283.051
273.53 284.218
273.53 284.306
273.53 284.259
273.53 282.692
273.53 283.056
273.53 283.135
273.53 283.105
273.53 283.589
273.53 282.745
273.53 283.445
273.53 283.341
273.53 283.586
273.53 282.397
273.53 284.226
273.53 283.549
273.53 282.921
273.53 283.719
273.53 283.543
273.53 284.448
273.53 282.897
273.53 282.738
273.53 282.598
273.53 284.634
273.53 283.209
273.53 282.468
273.53 282.934
273.53 283.413
273.53 282.333
