12.7048 16.0843
12.2208 15.1639
11.4431 14.8782
10.8011 14.4494
10.5339 14.2679
10.0678 13.9092
8.96507 13.824
8.94299 13.2352
8.68228 12.7854
8.65222 12.5124
8.53309 12.4647
8.09427 12.3232
8.17522 12.2661
7.87303 12.2188
7.69277 12.0995
7.69277 11.9102
7.69277 11.6976
7.69277 11.7202
7.69277 11.7118
7.69277 11.6173
7.47729 11.7183
7.47729 11.5834
7.37046 11.7549
7.23388 11.7047
7.02821 11.7077
6.97157 11.404
6.97157 11.4055
7.15019 11.4383
6.95072 11.521
6.95072 11.3786
6.95072 11.4139
6.91271 11.4424
6.91271 11.2589
6.91271 11.1911
6.91271 11.1302
6.91271 11.1846
6.91271 11.3615
6.92864 11.2884
6.91271 11.3805
6.90071 11.3061
6.89959 11.2119
6.87569 11.0945
6.89959 11.0447
6.84874 11.2658
6.87457 11.4107
6.70138 11.3699
6.68545 11.3039
6.67068 11.2756
6.59236 11.1645
6.59236 10.7812
6.59236 11.0367
6.59236 10.8515
6.59236 10.923
6.59236 10.6596
6.59236 10.79
6.59236 11.1522
6.59236 11.1283
6.59236 11.1106
6.46879 10.6831
6.44897 10.7556
6.44897 10.8187
6.44897 10.7583
6.44897 10.693
6.38435 10.8868
6.44897 10.7982
6.44897 10.874
6.36956 10.7235
6.37035 10.7132
6.37035 11.009
6.35412 10.9517
6.32658 10.8979
6.32658 11.0214
6.32658 11.0876
6.32658 10.8347
6.32658 10.6526
6.32658 10.6014
6.32658 10.6872
6.32658 10.8683
6.32658 10.8329
6.29483 10.8745
6.18803 10.9688
6.18803 11.0353
6.18803 10.7484
6.18803 10.8445
6.18803 10.8731
6.18803 10.7931
6.18803 10.6601
6.18803 10.8148
6.18803 10.6005
6.18803 10.9353
6.18803 10.7686
6.18803 10.5425
6.18803 10.6703
6.18803 10.614
6.08532 10.8212
5.99535 10.8121
5.99535 10.784
5.99535 10.8304
5.99535 10.6984
5.99535 10.6522
5.99535 10.6485
5.91777 10.5102
5.91777 10.6282
5.91777 10.5009
5.91777 10.5294
5.91777 10.6229
5.91777 10.6369
5.91777 10.3384
5.91777 10.5176
5.90983 10.5016
5.86104 10.7495
5.80836 10.6984
5.80836 10.7493
5.77047 10.6856
5.75424 10.6399
5.75024 10.569
5.75424 10.4825
5.80836 10.6221
5.71824 10.5103
5.71824 10.403
5.71824 10.5087
5.69756 10.5719
5.67619 10.5249
5.64533 10.5506
5.666 10.4037
5.64533 10.379
5.6432 10.5313
5.6432 10.5963
5.62253 10.5832
5.62253 10.5069
5.62253 10.5505
5.8189 10.3664
5.62253 10.5907
5.62253 10.4404
5.53377 10.5968
5.53377 10.1789
5.53377 10.4685
5.53377 10.2604
5.53377 10.3591
5.53377 10.3918
5.53377 10.5124
5.55014 10.5134
5.53377 10.2909
5.53377 10.513
5.53377 10.4229
5.53377 10.3398
5.53377 10.4071
5.53377 10.514
5.53377 10.4922
5.65777 10.4829
5.53377 10.2392
5.53377 10.3438
5.53377 10.5497
5.52992 10.3257
5.52992 10.073
5.52992 10.2553
5.52992 10.4663
5.52992 10.3082
5.52992 10.3659
5.52992 10.3004
5.52992 10.4821
5.52992 10.2045
5.65391 10.4117
5.66915 10.6135
5.66755 10.4256
5.52992 10.4277
5.52732 10.4275
5.52732 10.3981
5.52732 10.4278
5.50665 10.3012
5.50665 10.3397
5.50665 10.3996
5.50665 10.3992
5.50665 10.3727
5.45498 10.3955
5.50665 10.3199
5.50665 10.3782
5.50665 10.3927
5.50665 10.2451
5.50665 10.417
5.50665 10.601
5.50665 10.3576
5.52732 10.4242
5.52732 10.4158
5.48078 10.8333
5.52732 10.5674
5.63065 10.6244
5.50665 10.5431
5.50754 10.4531
5.63154 10.3032
5.50665 10.541
5.63154 10.5005
5.52732 10.4783
5.50665 10.4463
5.73068 10.4835
5.73157 10.3018
5.73157 10.3946
6.03194 10.4725
5.63065 10.7643
5.63065 10.4773
5.63065 10.5431
5.63065 10.4044
5.53266 10.4781
5.50665 10.4846
5.50623 10.2181
5.52691 10.2784
5.52691 10.3004
5.50623 10.4632
5.52691 10.3429
5.50623 10.4712
5.66167 10.4663
5.66167 10.263
5.53351 10.4386
5.53351 10.5136
5.53351 10.3837
5.53351 10.4899
5.65462 10.4702
5.5603 10.4143
5.53351 10.4611
5.51283 10.4789
5.62667 10.233
5.62667 10.5331
5.53062 10.3838
5.53062 10.4936
5.51283 10.1176
5.51283 10.0822
5.4773 10.3208
5.4773 10.0761
5.4773 10.2364
5.70209 10.2432
5.58351 10.5225
5.5264 10.662
5.50573 10.365
5.60875 10.618
5.60875 10.4544
5.5264 10.535
5.5264 10.2224
5.51615 10.3834
5.50573 10.5486
5.47545 10.4406
5.47545 10.1777
5.47545 10.1358
5.47545 10.2252
5.47545 10.1686
5.47545 10.173
5.47545 10.214
5.47545 10.3856
5.47545 10.2774
5.47545 10.1569
5.49612 10.2105
5.49612 10.3571
5.47545 10.2948
5.47833 10.2228
5.45766 10.2068
5.47545 10.2405
5.47545 10.2148
5.47545 10.2584
5.47545 10.2998
5.47545 10.426
5.47545 10.38
5.47545 10.3422
5.47545 10.2612
5.59874 10.3787
5.59874 10.3125
5.59874 10.5828
5.57807 10.5248
5.57807 10.4449
5.57807 10.6076
5.59874 10.5343
5.57807 10.5924
5.57807 10.3748
5.57807 10.4361
5.57807 10.2028
5.57807 10.0859
5.57807 10.2577
5.57807 10.2424
5.57807 10.219
5.43411 10.4248
5.52498 10.3758
5.43411 10.4722
5.41587 10.2368
5.43411 10.4535
5.43411 10.3005
5.3952 10.4444
5.3952 10.3503
5.3952 10.3207
5.3952 10.3308
5.3952 10.3947
5.67423 10.3113
5.3952 10.4364
5.3952 10.4337
5.3952 10.3166
5.3952 10.2576
5.3952 10.1301
5.3952 10.0142
5.38696 10.3055
5.38696 10.0386
5.38696 10.3025
5.38696 10.2473
5.38696 10.3701
5.4052 10.2073
5.4052 10.1717
5.39783 10.3551
5.39783 10.4238
5.39783 10.3754
5.38741 10.304
5.38741 10.1474
5.41851 10.3388
5.41851 10.3512
5.38157 10.549
5.38157 10.3619
5.38157 10.3188
5.37644 10.4041
5.35577 10.4761
5.35577 10.4071
5.34535 10.5069
5.34535 10.1609
5.34535 10.2342
5.34535 10.3062
5.34535 10.2048
5.34535 10.421
5.36602 10.0076
5.34535 10.2961
5.34535 10.3762
5.34535 10.3472
5.34535 10.3284
5.34535 10.331
5.34535 10.1422
5.34535 10.1184
5.34535 10.0764
5.32711 10.1417
5.34535 10.1202
5.32711 10.017
5.32711 10.3609
5.32711 10.5042
5.32711 10.2164
5.32711 10.2519
5.32711 10.1695
5.32711 10.4278
5.32711 10.1906
5.32711 10.1583
5.32711 10.3668
5.32711 10.0357
5.45111 10.4557
5.32711 10.2455
5.32711 9.91488
5.32711 10.224
5.32711 10.1191
5.32711 10.2047
5.32711 10.0226
5.32711 10.0465
5.32711 10.0709
5.32711 10.2688
5.32711 10.4018
5.32711 10.4143
5.34778 10.314
5.63745 10.5071
5.45111 10.3936
5.45111 10.4374
5.34778 10.3711
5.34778 10.2842
5.32711 10.2277
5.32711 10.2672
5.32711 10.143
5.32711 10.2341
5.32711 10.1399
5.32711 10.2616
5.32711 10.0525
5.32711 10.1891
5.32711 10.3706
5.31936 10.1091
5.29869 10.4173
5.51931 10.4359
5.50025 10.3673
5.42268 10.3977
5.32711 10.3607
5.29869 10.3074
5.29869 10.2514
5.29869 10.2955
5.29869 10.2786
5.29869 10.281
5.29869 10.1496
5.29869 10.1697
5.29869 10.12
5.29869 10.2264
5.29869 10.1793
5.29869 10.2404
5.29869 10.1178
5.29869 10.1742
5.29869 10.1539
5.29869 10.3019
5.29869 10.173
5.42268 10.3033
5.35437 10.3805
5.35051 10.2741
5.29869 10.1325
5.29483 10.0232
5.29483 10.3395
5.29483 10.1934
5.29483 9.94324
5.29483 10.2021
5.3155 10.457
5.29483 10.1996
5.3155 10.3029
5.3155 10.2878
5.3155 10.1748
5.3155 10.1763
5.3155 10.2002
5.3155 10.4261
5.29483 10.3525
5.29483 10.1353
5.29483 10.2501
5.29483 10.1377
5.29483 10.1651
5.29483 10.2935
5.29483 10.2474
5.29483 10.1698
5.29483 10.3953
5.29483 10.2379
5.29483 9.99312
5.29483 10.0099
5.29483 9.99681
5.3413 10.3163
5.33329 10.2377
5.31262 10.3682
5.31262 10.1599
5.56212 10.401
5.51222 10.3431
5.58279 10.5225
5.33759 10.4271
5.31692 10.263
5.31692 10.5271
5.31692 10.0446
5.33759 10.1523
5.59789 10.2722
5.42846 10.3551
5.31692 10.0571
5.42846 10.1762
5.31692 10.293
5.31692 10.4494
5.31692 10.1169
5.31692 9.98816
5.51329 10.2943
5.33759 10.3375
5.33759 10.2915
5.31692 10.105
5.31692 10.2136
5.31692 10.2331
5.31692 10.0502
5.31692 10.1275
5.31692 10.1813
5.31692 10.1934
5.31692 10.1391
5.31692 10.2374
5.42846 10.2809
5.31692 10.4222
5.31692 10.2511
5.31692 10.2106
5.31692 9.96455
5.31692 10.1473
5.31692 9.9972
5.31692 10.0342
5.31692 9.96203
5.31692 10.1148
5.31692 10.0734
5.31692 10.2108
5.31692 10.1181
5.31692 10.225
5.29366 10.13
5.29366 10.0603
5.31692 10.1818
5.31692 10.159
5.31692 10.2946
5.31692 10.1707
5.31692 10.1391
5.31692 10.4279
5.31692 10.1316
5.31692 10.0901
5.31692 10.207
5.31692 10.1034
5.31692 10.3025
5.31692 10.167
5.31692 10.3849
5.31692 10.2359
5.31692 10.275
5.31692 10.3643
5.31692 10.4176
5.31692 10.3465
5.31692 10.3137
5.31692 10.338
5.31692 10.0299
5.31692 10.0836
5.31692 10.157
5.31692 10.3156
5.31692 10.3158
5.33759 10.1691
5.31692 10.3019
5.31692 10.1422
5.31692 10.2901
5.31692 10.2451
5.31692 10.348
5.31692 10.2331
5.31692 10.1435
5.31692 10.3787
5.31692 10.0508
5.31692 10.0914
5.31692 10.2446
5.31692 10.3409
5.42846 10.5318
5.37259 10.456
5.31692 10.3272
5.31692 10.4432
5.31692 10.3353
5.52668 10.2869
5.52668 10.3956
5.21492 10.3489
5.21492 10.3676
5.19425 10.2912
5.21492 10.1074
5.19425 10.3414
5.19425 10.3051
5.19425 10.0737
5.19425 10.0785
5.19425 10.1838
5.19425 10.0381
5.19425 10.1889
5.38075 10.3435
5.39061 10.2756
5.19425 10.3735
5.19425 10.2958
5.19425 10.2135
5.19425 9.87108
5.19425 10.1706
5.19425 10.3752
5.19425 10.2723
5.19425 10.0882
5.19425 10.1908
5.19425 10.1712
5.19425 10.1166
5.19425 10.0602
5.27263 10.2673
5.19425 10.1974
5.19425 10.116
5.19425 10.0826
5.19425 10.039
5.19425 10.0996
5.19425 10.3217
5.19425 10.1966
5.19425 10.2746
5.19425 9.9956
5.19425 10.089
5.19425 10.3315
5.19425 10.1676
5.19425 10.0338
5.19425 10.0952
5.19425 9.96203
5.21492 10.1599
5.21492 10.1555
5.19425 10.0512
5.21492 10.2925
5.21492 10.4806
5.21673 10.3191
5.21492 10.1464
5.21492 10.1081
5.21492 10.0621
5.19425 10.1533
5.19425 10.1566
5.19425 10.1786
5.19425 10.1677
5.19425 10.1097
5.19425 9.90145
5.19425 10.2064
5.19425 10.1381
5.19425 10.1209
5.19151 10.1459
5.19151 10.1565
5.19151 10.3067
5.19151 10.3202
5.19151 10.0504
5.19151 10.1011
5.21218 10.086
5.21218 10.1233
5.19012 10.3282
5.19012 10.0889
5.19012 9.91066
5.19012 10.2075
5.19012 10.0723
5.19012 10.2409
5.19012 10.1488
5.19012 10.1374
5.19012 10.1733
5.19012 10.1825
5.19012 10.2187
5.19012 10.126
5.19012 10.0921
5.19012 10.0703
5.19012 10.2509
5.19012 10.1053
5.19012 10.2222
5.19012 10.2709
5.19012 10.2342
5.19012 10.3653
5.19012 10.0788
5.22638 10.1422
5.22638 10.067
5.22638 10.2839
5.22638 10.1436
5.22638 10.2558
5.22638 10.3549
5.22638 10.1742
5.22638 10.1674
5.22638 10.2177
5.50541 10.181
5.22638 10.3754
5.22638 10.3397
5.24705 10.2914
5.27826 10.3142
5.24705 10.304
5.24705 10.2425
5.24705 10.3189
5.22638 10.1964
5.22638 9.94374
5.22638 10.1217
5.22638 10.0714
5.22638 10.0591
5.22638 10.3129
5.22638 10.1753
5.22638 10.0646
5.22638 10.0898
5.22638 10.2637
5.22638 10.1998
5.19012 10.3556
5.19012 10.2659
5.19012 10.015
5.19012 10.1373
5.19012 10.0899
5.19012 10.2162
5.19012 10.0878
5.19012 10.2363
5.19012 10.1282
5.19012 10.1322
5.19012 10.1033
5.21079 9.95189
5.19012 10.2707
5.19012 10.1357
5.19012 10.1288
5.21079 10.2094
5.19012 10.3145
5.19012 10.1266
5.19012 10.3426
5.21079 10.0966
5.18753 10.2164
5.18753 10.0934
5.16685 9.90609
5.16685 10.3396
5.16685 10.3953
5.16685 10.1794
5.16685 10.3013
5.16685 10.1238
5.16685 10.2463
5.16685 9.97861
5.16685 10.0275
5.16685 10.1563
5.16685 10.1112
5.16685 10.2003
5.16685 10.2878
5.16685 10.1181
5.16685 10.2387
5.16685 10.1647
5.16685 10.2601
5.16685 10.3407
5.16685 10.3304
5.16685 10.1383
5.16685 10.1421
5.16685 10.1421
5.16685 9.96067
5.16685 10.023
5.16685 10.0309
5.16685 10.0551
5.16685 10.101
5.16685 10.1876
5.16685 10.1033
5.16685 10.2283
5.16685 10.2179
5.18753 10.2499
5.18753 10.1934
5.18753 10.1132
5.18753 10.2833
5.18753 10.2657
5.18753 10.2294
5.18753 9.86838
5.16685 10.1328
5.16685 10.1184
5.16685 9.91414
5.16685 10.2502
5.16685 10.3307
5.16685 10.2931
5.16685 10.3896
5.16685 10.1592
5.16685 9.95115
5.16685 10.106
5.16685 9.98056
5.16685 10.1487
5.16685 9.9665
5.16685 10.0661
5.16685 10.1874
5.1383 10.046
5.1383 10.0452
5.1383 10.253
5.1383 10.2874
5.1383 10.1292
5.1383 10.3425
5.15897 10.2782
5.1383 10.2275
5.39749 10.1685
5.15897 10.3855
5.15897 10.2477
5.1383 10.0929
5.1383 10.0475
5.1383 10.2065
5.1383 10.1777
5.1383 9.94171
5.1383 10.0582
5.1383 10.1109
5.1383 9.87542
5.1383 10.0905
5.1383 9.9028
5.1383 10.2526
5.1383 10.007
5.1383 10.3031
5.1383 9.9984
5.1383 10.2292
5.1383 9.95197
5.1383 10.0292
5.1383 10.143
5.14104 10.2935
5.14104 9.98064
5.18035 10.1894
5.14104 10.1083
5.1383 10.1374
5.1383 10.1263
5.1383 10.2062
5.1383 10.0035
5.1383 10.0682
5.1383 9.98788
5.1383 9.97512
5.1383 10.1603
5.1383 10.2156
5.24984 10.4182
5.15897 10.3118
5.1383 10.1569
5.15897 10.1765
5.15897 10.3709
5.1383 10.3581
5.1383 10.3221
5.1383 10.2915
5.1383 10.3073
5.1383 10.24
5.1383 10.0703
5.1383 10.0574
5.1383 10.0552
5.15897 9.93002
5.15897 10.1663
5.15897 10.1768
5.15897 9.9908
5.15897 10.1565
5.1383 10.1628
5.33466 10.1571
5.19097 10.1628
5.18519 10.2018
5.15897 10.0113
5.15897 10.0943
5.15897 10.0566
5.1383 10.0722
5.15897 10.1421
5.15897 10.1574
5.15897 10.1477
5.1383 10.1107
5.1383 10.1028
5.1383 10.011
5.1383 10.0815
5.1383 10.016
5.15897 9.86351
5.15897 10.3097
5.1383 10.2723
5.1383 10.1879
5.1383 10.0855
5.1383 10.0554
5.1383 10.0455
5.1383 10.2265
5.1383 9.8437
5.1383 10.0865
5.12006 10.0092
5.09426 10.0995
5.11493 9.97545
5.11493 9.90883
5.11493 9.9756
5.11493 10.272
5.11493 10.2538
5.11493 10.4072
5.09426 10.2402
5.09426 10.1917
5.09426 10.1107
5.09426 10.1665
5.09426 10.1178
5.09426 10.0394
5.09426 9.95874
5.09426 10.1525
5.09426 9.90971
5.09426 10.139
5.09426 10.1585
5.09426 10.2658
5.09426 10.1376
5.09426 10.0401
5.09426 10.1466
5.09426 10.1505
5.09426 9.98541
5.09426 10.2475
5.09426 10.131
5.0904 10.1116
5.0904 10.2763
5.0904 10.3387
5.0904 10.1371
5.0904 10.164
5.0904 10.4434
5.0904 10.2346
5.0904 9.92561
5.0904 9.94786
5.0904 9.95946
5.0904 9.97732
5.0904 9.9395
5.0904 9.8885
5.0904 9.83943
5.0904 10.0171
5.0904 10.1691
5.11108 10.0891
5.0904 10.0344
5.0904 10.1187
5.0904 10.3139
5.0904 9.87876
5.0904 10.287
5.0904 10.0656
5.13492 10.1277
5.13492 10.0326
5.13492 10.0078
5.1556 10.1469
5.1556 9.82503
5.13492 10.1772
5.13492 10.3037
5.13492 10.0698
5.13492 10.2933
5.13492 10.4025
5.13492 10.2836
5.13492 10.1832
5.13492 9.99507
5.13492 10.1379
5.13492 9.94009
5.13492 10.2343
5.1556 10.1426
5.13492 10.1507
5.13492 10.0989
5.13492 10.017
5.13492 10.0656
5.13492 10.114
5.29582 10.0614
5.13492 10.2108
5.11108 10.0248
5.11108 10.1979
5.11108 10.0717
5.4267 10.4798
5.0904 10.3969
5.0904 10.2077
5.0904 10.1642
5.09315 10.073
5.09315 10.2774
5.0904 10.1378
5.15553 10.1509
5.2144 10.2524
5.2144 10.0283
5.15553 10.095
5.0904 10.1761
5.0904 9.93828
5.0904 10.0571
5.0904 10.115
5.11108 10.1562
5.0904 9.96114
5.0904 10.0203
5.0904 10.2061
5.11108 10.0015
5.0904 10.193
5.0904 9.9948
5.0904 10.1161
5.0904 10.1203
5.0904 10.23
5.0904 10.0668
5.0904 9.9282
5.11108 9.92765
5.0904 10.0695
5.0904 10.0606
5.0904 10.1093
5.0904 10.0018
5.0904 9.99358
5.0904 10.0246
5.11108 10.0924
5.2513 10.2326
5.2513 10.349
5.0904 10.2009
5.0904 10.2464
5.2144 10.1131
5.0904 10.2413
5.0904 10.2762
5.0904 10.4131
5.0904 10.171
5.0904 10.3047
5.0904 10.3041
5.11108 10.2156
5.11108 10.2795
5.1715 10.4894
5.11108 10.3171
5.11108 10.0649
5.11108 10.0871
5.0904 10.0066
5.0904 10.1529
5.096 9.92474
5.0904 10.1933
5.3042 10.3023
5.25008 10.2511
5.14875 10.0373
5.24655 9.84249
5.19665 10.1192
5.11493 10.0474
5.11493 10.0892
5.09426 10.4197
5.09426 10.0566
5.09426 10.006
5.09881 10.1916
5.09426 10.1437
5.2879 10.1803
5.09426 10.1909
5.09515 10.23
5.09426 10.0406
5.09426 10.1097
5.09426 10.0889
5.09426 10.2309
5.09426 9.77866
5.09426 9.95806
5.1026 9.94026
5.09426 10.0368
5.09426 10.1388
5.09426 10.1284
5.09426 10.2722
5.09426 10.4985
5.09426 10.2608
5.09426 10.0561
5.09426 10.0604
5.09426 10.1627
5.09426 9.83914
5.09426 9.92719
5.09426 9.79766
5.09426 9.90569
5.09426 9.95838
5.29062 9.94147
5.09426 10.3075
5.09426 10.3591
5.09426 10.2757
5.09426 9.97094
5.0904 9.97264
5.0904 10.2011
5.0904 10.2624
5.0904 10.0152
5.0904 10.1789
5.0904 10.092
5.11108 10.2287
5.0904 10.3756
5.0904 10.1483
5.0904 10.2067
5.0904 10.0388
5.0904 10.114
5.0904 10.2289
5.0904 10.1007
5.09315 10.2347
5.0904 10.1459
5.33509 10.0656
5.21714 10.0054
5.25404 10.073
5.11382 10.3777
5.11108 10.0967
5.11108 10.1709
5.1515 10.2039
5.0904 10.2298
5.0904 10.1066
5.0904 10.1692
5.0904 10.2217
5.11108 10.1138
5.16275 10.1542
5.0904 10.0281
5.0904 10.0344
5.0904 9.95867
5.0904 9.9284
5.0904 9.95232
5.0904 10.0299
5.0904 9.99858
5.11108 10.2032
5.11108 10.1147
5.0904 10.0476
5.0904 10.0123
5.0904 10.1185
5.0904 10.2419
5.0904 10.1575
5.11108 10.0035
5.0904 10.1367
5.2513 10.237
5.0904 10.307
5.0904 10.0957
5.36986 10.2478
5.20836 10.123
5.0904 10.0693
5.20011 10.1329
5.0904 10.2307
5.0904 10.1945
5.0904 10.1593
5.0904 10.0914
5.0904 10.1955
5.0904 10.1154
5.0904 10.1205
5.09426 9.93797
5.09426 10.0919
5.4267 10.0506
5.34473 10.2423
5.0904 10.286
5.0904 10.1886
5.0904 10.2619
5.11108 10.1286
5.0904 10.2033
5.0904 10.2317
5.0904 9.95886
5.0904 10.2111
5.11108 10.1815
5.11108 10.1965
5.0904 9.98744
5.0904 9.91532
5.0904 10.2198
5.0904 10.3283
5.0904 10.0633
5.0904 9.99097
5.0904 10.0427
5.0904 10.0231
5.0904 10.0499
5.0904 10.0162
5.0904 10.0349
5.0904 9.97548
5.0904 9.85062
5.0904 9.97554
5.0904 9.80502
5.0904 10.0647
5.0904 9.96606
5.22404 10.1652
5.11249 10.2722
5.11249 10.0269
5.11249 10.2912
5.11249 10.1897
5.11249 10.0532
5.11249 10.0228
5.11249 10.1271
5.11249 9.94925
5.11249 10.0144
5.11249 10.0856
5.11249 10.0015
5.11249 10.168
5.11249 10.1068
5.11249 10.1854
5.11249 10.1503
5.11249 10.0643
5.11249 10.2702
5.30886 10.0726
5.18208 10.1331
5.11249 10.2285
5.11249 10.0691
5.11249 10.2707
5.11249 10.1468
5.11249 9.93414
5.11249 10.1782
5.11249 9.99366
5.11249 10.3674
5.11249 10.0335
5.11249 10.0969
5.11249 9.98365
5.11249 10.0371
5.11249 10.148
5.11249 10.0572
5.22404 9.91636
5.11249 9.95637
5.11249 10.0532
5.11249 9.91411
5.11249 10.047
5.11249 10.0437
5.11249 10.0672
5.11249 10.0991
5.13317 9.90675
5.11249 10.2457
5.22404 10.2535
5.11249 10.2156
5.27902 10.1631
5.13688 10.1842
5.13688 10.3973
5.13688 10.4715
5.13688 10.1318
5.1162 10.1169
5.2771 10.1774
5.1162 10.436
5.13688 10.2857
5.13688 10.1573
5.13688 10.0585
5.13688 10.0616
5.1162 10.2174
5.1162 10.0231
5.1162 10.077
5.1162 9.89232
5.1162 10.0709
5.1162 10.0007
5.1162 9.82384
5.1162 9.93565
5.1162 10.2572
5.1162 10.2395
5.1162 10.1432
5.1162 9.90328
5.1162 10.0599
5.1162 10.1009
5.1162 10.0417
5.1162 10.2084
5.1162 10.0255
5.1162 10.279
5.1162 10.3409
5.29813 10.3977
5.13688 9.96642
5.13688 10.0837
5.13688 10.1114
5.1162 10.1297
5.1162 10.2208
5.16233 10.1719
5.16233 10.0772
5.1162 9.99068
5.1162 10.1171
5.1162 9.99616
5.1162 9.91886
5.1162 10.0679
5.1162 10.2213
5.1162 10.0235
5.1162 10.0761
5.1162 9.92465
5.1162 9.94933
5.13688 10.0475
5.1162 10.1114
5.1162 10.083
5.1162 9.92598
5.1162 9.97168
5.1162 10.2012
5.1162 10.0961
5.1162 10.198
5.2402 10.046
5.1162 10.3277
5.1162 10.0884
5.1162 10.0632
5.1162 9.85385
5.1162 10.1059
5.1162 10.0354
5.1162 9.79299
5.1162 10.0172
5.1162 10.1402
5.1162 10.0521
5.1162 10.0334
5.1162 10.0487
5.1162 9.93054
5.2402 10.0298
5.1162 10.1366
5.13688 10.0563
5.1162 10.2377
5.1162 10.2148
5.1162 10.0832
5.1162 10.0767
5.1162 9.9581
5.1162 9.90035
5.1162 9.99216
5.1162 10.3383
5.1162 10.1132
5.1162 10.2015
5.1162 10.2832
5.1162 10.1665
5.1162 10.2992
5.1162 9.96788
5.1162 10.0536
5.1162 9.89857
5.1162 9.87647
5.1162 9.93807
5.1162 9.91652
5.1162 9.94827
5.1162 10.0988
5.1162 10.054
5.1162 9.86833
5.1162 9.71421
5.1162 9.98089
5.1162 10.0249
5.1162 10.0875
5.13688 10.1131
5.13688 10.3092
5.2402 10.298
5.13688 10.2796
5.13688 10.2262
5.13688 10.3327
5.1162 10.1574
5.13688 9.9241
5.13688 10.3973
5.13688 10.0995
5.1162 10.0411
5.1162 10.0565
5.1162 10.1345
5.1162 10.0599
5.1162 10.2129
5.2402 10.2066
5.13688 10.424
5.1162 10.3609
5.1162 10.2333
5.1162 10.08
5.1162 9.98113
5.13688 10.1584
5.1162 10.3119
5.1162 10.2283
5.1162 9.85759
5.1162 10.0574
5.1162 9.98137
5.1162 10.051
5.1162 10.1434
5.1162 10.1783
5.1162 10.0963
5.2402 10.2101
5.2402 10.2879
5.1162 10.4149
5.1162 10.2697
5.1162 10.0544
5.1162 10.0789
5.1162 9.96671
5.1162 10.1803
5.1162 10.2044
5.18134 9.9968
5.18134 10.1458
5.18134 10.3772
5.18134 10.2567
5.13688 10.2679
5.13688 10.3289
5.1162 10.3433
5.1162 10.1389
5.0904 10.1689
5.0904 10.0397
5.0904 9.87291
5.0904 10.1403
5.0904 9.85163
5.0904 10.137
5.0904 10.1299
5.0904 10.084
5.0904 10.0476
5.0904 10.0633
5.0904 10.0059
5.0904 10.1501
5.0904 9.94773
5.0904 10.1059
5.0904 10.0659
5.0904 9.97362
5.0904 9.93967
5.0904 9.9929
5.0904 10.1397
5.0904 10.0968
5.0904 10.1602
5.0904 10.0002
5.0904 9.93545
5.0904 10.3093
5.11108 10.0067
5.11108 10.1064
5.0904 10.245
5.0904 10.0193
5.0904 10.0233
5.0904 10.2134
5.59198 10.2698
5.2144 10.2303
5.2144 10.4605
5.2144 10.24
5.11108 10.2315
5.0904 10.0197
5.11108 10.0219
5.11108 10.1516
5.11108 9.90589
5.11108 10.0176
5.42944 10.2354
5.0904 10.1273
5.0904 10.2328
5.0904 10.052
5.0904 10.0361
5.0904 10.0259
5.0904 10.1555
5.2513 10.3249
5.11108 10.2692
5.11108 10.005
5.11108 10.2198
5.0904 9.89802
5.0904 10.019
5.0904 10.0955
5.31098 9.93086
5.29447 10.2648
5.26345 10.3535
5.27309 10.1797
5.26772 10.2895
5.26772 10.1485
5.23016 10.5191
5.22963 10.3241
5.23238 10.2716
5.23016 10.2626
5.23016 10.1561
5.22963 10.2215
5.22963 10.143
5.22963 10.2138
5.20715 10.2275
5.16859 10.1851
5.16859 10.0902
5.14792 10.0949
5.14792 10.2678
5.16859 9.91809
5.14792 10.3215
5.14792 10.1442
5.14792 10.2293
5.14792 10.0236
5.14792 10.1821
5.14792 10.2501
5.14792 9.92729
5.14792 10.0352
5.14792 9.92244
5.14792 10.144
5.14792 10.1068
5.14792 10.2421
5.14792 10.1954
5.16859 10.2903
5.25946 10.3212
5.25946 10.2965
5.16859 10.2882
5.25946 10.1245
5.11249 10.3334
5.14792 10.3755
5.14792 10.2613
5.35215 10.3488
5.14792 10.3505
5.14792 10.1749
5.14792 10.099
5.14792 10.2225
5.46628 10.204
5.37858 10.478
5.16859 10.4649
5.16859 10.2564
5.16859 10.1402
5.14792 10.149
5.14792 10.2
5.14792 9.88147
5.14792 9.96359
5.14792 10.1203
5.16859 10.0744
5.14792 10.2614
5.25946 10.1757
5.16859 10.182
5.25946 10.3608
5.25946 10.2512
5.14792 10.3467
5.14792 10.2943
5.14792 10.3122
5.14792 10.0725
5.14792 9.9018
5.14792 10.0154
5.14792 10.1866
5.14792 10.2309
5.14792 10.1925
5.14792 10.0138
5.14792 10.2119
5.14792 9.96507
5.14792 9.97007
5.14792 10.2429
5.0904 10.2594
5.0904 10.0764
5.0904 10.1089
5.0904 10.1228
5.0904 10.0921
5.0904 10.0159
5.0904 10.019
5.0904 10.1669
5.0904 10.1798
5.0904 10.096
5.0904 9.9477
5.22461 10.0675
5.22461 9.97894
5.22461 10.1854
5.22461 10.148
5.22461 10.2917
5.22461 10.123
5.22461 9.99616
5.22461 9.94614
5.22461 10.1641
5.22461 10.0344
5.22461 10.2019
5.22461 10.0644
5.22461 10.1409
5.22461 10.1988
5.22461 10.056
5.22461 10.0259
5.22461 10.1313
5.22461 10.232
5.24529 9.88264
5.22461 10.1763
5.22461 10.0688
5.22461 10.1569
5.22461 9.98664
5.22461 9.9282
5.22461 10.3636
5.22461 10.343
5.22461 10.1555
5.22461 10.051
5.22461 10.1152
5.22461 10.1873
5.22461 9.99652
5.24529 10.2013
5.22461 10.176
5.22461 10.2518
5.22461 10.244
5.32764 10.322
5.24529 10.2501
5.22461 10.2982
5.22461 10.3098
5.22461 10.0513
5.22461 10.1118
5.22461 10.25
5.22461 10.1333
5.22461 9.99145
5.22461 10.2034
5.25088 10.3081
5.34861 10.1454
5.22461 10.2817
5.22461 10.1684
5.11108 10.2554
5.0904 10.4438
5.0904 10.3208
5.0904 10.264
5.0904 10.133
5.0904 10.0123
5.11108 10.0817
5.0904 10.2231
5.0904 10.0841
5.0904 10.0232
5.0904 9.95106
5.0904 9.96678
5.0904 9.95503
5.0904 10.2887
5.0904 10.0767
5.0904 10.0718
5.0904 10.0207
5.0904 9.93464
5.0904 9.97717
5.0904 10.1777
5.0904 10.2751
5.0904 10.277
5.0904 10.0283
5.0904 10.1688
5.0904 9.78825
5.0904 10.0768
5.0904 9.88794
5.0904 10.1661
5.0904 9.92446
5.0904 9.9181
5.0904 9.92894
5.0904 10.0039
5.0904 10.204
5.0904 9.87783
5.0904 9.82668
5.0904 10.0285
5.0904 9.93938
5.0904 9.75599
5.0904 9.93803
5.0904 10.1431
5.0904 10.0621
5.0904 10.1316
5.2513 10.1178
5.11108 10.2044
5.0904 10.1716
5.0904 10.2157
5.0904 10.2315
5.0904 10.4743
5.0904 10.2776
5.0904 10.0543
5.59198 10.3706
5.11108 10.1205
5.0904 10.1232
5.0904 10.1333
5.0904 10.2497
5.11667 10.0475
5.0904 10.3639
5.0904 10.2138
5.0904 10.0299
5.0904 10.0615
5.0904 9.85306
5.0904 10.1389
5.0904 9.8961
5.0904 9.9882
5.0904 9.97148
5.0904 9.87727
5.0904 10.1997
5.0904 9.94118
5.0904 10.0223
5.0904 10.0532
5.0904 10.092
5.0904 9.98109
5.0904 10.0061
5.11108 10.0037
5.0904 10.0441
5.11108 10.023
5.0904 10.0352
5.0904 10.0785
5.0904 10.0889
5.0904 10.1174
5.0904 10.2036
5.0904 10.2006
5.0904 10.1312
5.0904 10.0134
5.0904 10.0444
5.0904 9.95097
5.0904 10.1237
5.0904 10.1336
5.0904 9.92762
5.0904 10.108
5.0904 9.89985
5.11108 9.99642
5.11108 9.92703
5.11108 10.1343
5.0904 10.1725
5.11108 10.2396
5.0904 10.1856
5.0904 10.0925
5.0904 10.0011
5.0904 10.0028
5.0904 10.0963
5.0904 10.1759
5.0904 10.3256
5.0904 10.2029
5.0904 9.97054
5.0904 9.82854
5.0904 9.99114
5.0904 9.80138
5.0904 10.1669
5.0904 10.1805
5.0904 10.1699
5.0904 9.99144
5.0904 10.1778
5.0904 10.1391
5.0904 9.86245
5.0904 9.87264
5.0904 9.93998
5.0904 9.8218
5.0904 9.83517
5.0904 10.0519
5.0904 10.0091
5.0904 10.1244
5.0904 10.043
5.0904 10.1696
5.0904 10.0521
5.0904 10.041
5.0904 10.1087
5.0904 9.95677
5.0904 9.81149
5.0904 9.82937
5.0904 9.84585
5.0904 9.78397
5.0904 10.1595
5.0904 9.94275
5.0904 9.81667
5.11108 10.1104
5.11108 10.2334
5.0904 10.2583
5.2144 10.152
5.2144 10.2513
5.2144 10.3176
5.11108 10.1498
5.11108 10.1623
5.0904 10.0199
5.0904 10.1021
5.0904 10.1337
5.0904 10.223
5.0904 10.2086
5.0904 10.188
5.0904 10.0711
5.0904 10.2925
5.0904 10.0743
5.0904 9.77549
5.0904 9.89012
5.0904 9.81475
5.0904 9.96215
5.0904 10.1338
5.11108 10.2316
5.11108 10.0827
5.0904 10.161
5.0904 10.0601
5.0904 10.1975
5.0904 9.99507
5.11108 10.1388
5.0904 10.2855
5.24584 10.3524
5.0904 10.0903
5.40876 10.2732
5.0904 10.288
5.0904 10.1476
5.0904 9.96698
5.0904 9.96194
5.0904 10.1611
5.0904 9.95211
5.0904 10.0488
5.0904 10.3093
5.0904 10.1278
5.0904 10.1645
5.0904 10.0845
5.0904 10.0736
5.0904 9.92154
5.11108 9.9574
5.0904 10.3693
5.27233 10.1407
5.19343 10.2347
5.53117 10.1903
5.40876 10.4152
5.27233 10.2447
5.27233 10.2777
5.0904 10.2817
5.0904 10.159
5.40876 10.0066
5.11108 10.3101
5.11108 10.1503
5.0904 10.2137
5.0904 10.0598
5.0904 10.1048
5.11108 10.1374
5.11108 10.1345
5.0904 10.1448
5.21529 10.0505
5.09129 10.1935
5.09129 10.2056
5.19173 10.2682
5.19173 10.2418
5.19173 10.036
5.48929 10.0986
5.19173 10.1964
5.19343 10.1638
5.19343 10.2953
5.19343 10.4984
5.15553 10.0646
5.15524 10.2649
5.15524 10.2095
5.15524 10.1274
5.15524 10.0847
5.15524 10.0896
5.15524 10.3038
5.15524 9.96938
5.19343 10.1728
5.15524 10.2196
5.15524 10.0936
5.15524 10.235
5.15524 9.97346
5.15524 10.2004
5.15524 10.0722
5.15524 10.1017
5.15524 10.1973
5.15524 10.1893
5.29546 10.2862
5.15524 10.1056
5.15524 10.1206
5.15524 10.0132
5.15524 10.0443
5.15524 10.045
5.0904 9.98737
5.0904 10.0162
5.19343 10.1004
5.15524 10.2272
5.15524 10.3282
5.19343 10.042
5.15524 10.067
5.15524 10.05
5.15524 10.1429
5.15524 10.0034
5.15524 10.2064
5.13492 10.005
5.13492 10.0102
5.13492 9.89062
5.13492 10.1787
5.1556 10.1626
5.13492 10.1175
5.0904 10.2314
5.0904 10.1158
5.0904 10.2407
5.0904 10.1328
5.0904 9.97999
5.0904 10.2528
5.0904 10.0953
5.0904 9.77647
5.0904 10.2374
5.0904 10.0846
5.0904 10.1095
5.0904 10.1994
5.0904 10.0208
5.0904 9.91357
5.0904 10.1777
5.0904 9.96093
5.11108 10.2716
5.0904 10.1279
5.0904 10.0334
5.0904 10.295
5.0904 10.2005
5.0904 10.1285
5.0904 10.0203
5.0904 9.96282
5.2513 10.0768
5.11108 10.253
5.0904 10.1968
5.2513 10.044
5.0904 10.1101
5.0904 10.0485
5.0904 10.4313
5.0904 9.98416
5.0904 10.0286
5.0904 9.98669
5.0904 10.1915
5.0904 10.0458
5.0904 10.1326
5.0904 9.9978
5.0904 10.0046
5.0904 9.92659
5.0904 10.1831
5.2144 10.1899
5.11108 10.0976
5.11108 10.0773
5.11108 10.1578
5.0904 10.053
5.2144 10.1286
5.2144 10.2283
5.2144 10.1218
5.0904 10.4826
5.13317 10.3451
5.11108 10.2435
5.0904 10.1238
5.0904 10.0809
5.0904 9.94195
5.11108 10.1207
5.2144 10.1553
5.11108 10.0934
5.0904 10.1043
5.0904 10.2226
5.0904 10.1742
5.11108 10.1161
5.2144 10.0247
5.0904 10.0281
5.0904 9.90773
5.0904 10.0751
5.0904 10.2332
5.0904 10.13
5.11108 10.0978
5.0904 10.2553
5.0904 10.0569
5.0904 10.0952
5.0904 9.84544
5.0904 9.98592
5.0904 9.95799
5.0904 9.80681
5.0904 9.98694
5.0904 9.8666
5.11108 9.94473
5.0904 9.99798
5.0904 10.0818
5.0904 10.2716
5.0904 10.1119
5.11108 10.3529
5.11108 10.1723
5.0904 10.0912
5.0904 9.99307
5.0904 10.2453
5.0904 10.1431
5.0904 10.1687
5.0904 10.1691
5.0904 10.2052
5.0904 10.1971
5.0904 9.91725
5.0904 10.0387
5.0904 9.94606
5.0904 9.92029
5.0904 10.1365
5.0904 9.98339
5.0904 9.87942
5.0904 10.1571
5.0904 10.0461
5.0904 9.92285
5.0904 10.097
5.0904 10.1156
5.0904 10.0887
5.0904 9.85064
5.0904 9.8475
5.2144 10.1059
5.2144 10.0672
5.11108 10.0161
5.11108 10.0289
5.0904 10.0064
5.0904 9.92228
5.0904 10.0953
5.0904 10.005
5.0904 10.0312
5.0904 9.92403
5.13434 10.0258
5.11367 10.3153
5.19186 10.1526
5.13434 10.2669
5.13434 10.2159
5.11367 10.1551
5.11367 10.1982
5.17118 10.0942
5.11367 10.1434
5.11367 10.0714
5.27456 10.1875
5.13434 10.1219
5.13434 10.2133
5.11367 10.1426
5.11367 10.152
5.11367 10.1332
5.11367 10.0205
5.11367 10.1126
5.11367 9.9285
5.11367 10.1878
5.0904 9.97581
5.0904 10.1325
5.0904 10.078
5.0904 10.0155
5.0904 10.4221
5.0904 10.1069
5.0904 10.253
5.11108 10.102
5.15524 10.1024
5.11108 10.0787
5.2144 10.0643
5.2144 10.2625
5.0904 9.94232
5.0904 10.3205
5.0904 10.1191
5.0904 10.0257
5.0904 10.1389
5.0904 10.0907
5.0904 10.1232
5.0904 10.2646
5.0904 10.0783
5.0904 10.0572
5.0904 10.2591
5.26909 10.1604
5.12886 10.2938
5.12886 10.4308
5.097 10.273
5.097 10.0757
5.097 10.2284
5.097 10.234
5.11768 10.1485
5.097 10.0153
5.097 10.0847
5.097 10.223
5.097 10.0105
5.097 10.1324
5.097 10.0967
5.097 10.1676
5.097 10.1448
5.29337 10.3786
5.097 10.1142
5.09315 10.2828
5.09315 10.2863
5.09315 9.9743
5.11382 10.2811
5.09315 10.0902
5.09315 9.8893
5.11382 9.93446
5.11382 9.96972
5.11382 10.0394
5.11382 9.90239
5.09315 10.1263
5.09315 10.2016
5.09315 9.98205
5.09315 10.1069
5.09315 10.0455
5.09315 10.208
5.09315 10.1768
5.09315 10.2158
5.11382 10.1178
5.11382 10.0828
5.11382 10.1272
5.11382 10.1582
5.09315 10.057
5.09315 10.0567
5.11382 10.1109
5.09315 10.1657
5.21714 9.99981
5.09315 10.2929
5.09315 9.97889
5.09315 10.0645
5.09315 10.0916
5.09315 9.93885
5.25404 10.1541
5.09315 10.303
5.09315 10.1548
5.0904 10.2167
5.0904 10.1867
5.0904 10.3882
5.0904 9.86796
5.0904 10.0095
5.0904 9.91422
5.0904 10.0297
5.0904 10.1453
5.11108 10.1508
5.11108 10.263
5.11108 10.0667
5.0904 10.2405
5.0904 9.96545
5.0904 10.0988
5.0904 10.1779
5.0904 10.0591
5.0904 10.0769
5.0904 9.99211
5.0904 10.1906
5.0904 10.2292
5.0904 9.87228
5.0904 10.1141
5.0904 10.0272
5.11108 10.1408
5.11108 9.78657
5.0904 10.0919
5.0904 10.0506
5.0904 10.0627
5.0904 10.2022
5.0904 10.1721
5.11108 10.0263
5.0904 10.1578
5.0904 9.93512
5.0904 10.0806
5.0904 10.2217
5.0904 10.0433
5.14061 10.2106
5.0904 10.0501
5.28084 10.0794
5.11108 10.3935
5.11108 10.3647
5.11108 10.3003
5.16998 9.99254
5.0904 10.042
5.0904 10.0498
5.0904 10.0933
5.0904 10.2313
5.0904 10.1106
5.0904 10.2166
5.0904 9.98101
5.0904 9.93194
5.0904 9.95919
5.0904 10.1627
5.0904 10.0214
5.0904 9.9243
5.0904 10.1132
5.0904 10.0103
5.0904 9.98882
5.0904 10.0372
5.0904 10.1767
5.0904 10.0344
5.0904 10.3453
5.0904 10.2422
5.0904 10.1237
5.0904 9.95862
5.0904 9.92493
5.11994 9.9138
5.0904 10.0997
5.0904 10.0976
5.0904 10.0401
5.0904 10.2189
5.0904 10.1537
5.0904 10.1221
5.0904 10.1802
5.0904 10.0328
5.0904 10.1552
5.11108 9.9856
5.2144 10.1403
5.0904 10.3542
5.0904 10.2056
5.2144 10.0589
5.2144 10.0746
5.0904 10.1524
5.0904 10.2226
5.0904 10.0413
5.0904 10.0552
5.0904 10.2464
5.2144 10.2455
5.11108 10.2422
5.096 10.235
5.11667 10.3574
5.11667 10.203
5.096 10.2001
5.096 10.2297
5.096 10.1825
5.096 10.1877
5.0904 10.1598
5.0904 10.0828
5.0904 10.1409
5.0904 10.0024
5.0904 9.86727
5.11108 10.1947
5.0904 10.1838
5.0904 10.113
5.0904 10.1166
5.0904 9.91164
5.0904 9.97095
5.0904 9.9685
5.0904 10.0468
5.0904 10.1033
5.0904 10.2284
5.2513 10.2535
5.0904 10.1384
5.0904 10.1258
5.0904 10.2329
5.2513 10.1514
5.61569 10.0313
5.2144 10.3818
5.11108 10.3464
5.11108 10.1638
5.33223 10.122
5.0904 10.1375
5.0904 10.2065
5.0904 10.0445
5.0904 10.073
5.30185 9.95662
5.11108 10.1404
5.15524 10.2321
5.0904 10.4398
5.0904 10.3464
5.0904 9.95277
5.0904 10.3776
5.0904 9.96163
5.0904 9.87807
5.0904 9.83533
5.0904 10.1356
5.0904 9.84962
5.0904 10.0711
5.0904 10.0154
5.11108 10.0117
5.0904 10.1185
5.0904 10.1544
5.0904 10.1443
5.0904 10.1713
5.0904 10.104
5.0904 10.1771
5.0904 10.052
5.0904 10.1854
5.0904 10.113
5.0904 10.0148
5.0904 9.9758
5.0904 9.90456
5.0904 9.96907
5.0904 9.8477
5.14476 10.1448
5.14476 10.0643
5.14476 10.0783
5.0904 9.98157
5.0904 10.1775
5.2144 10.113
5.2144 10.1356
5.0904 10.1255
5.0904 10.1425
5.0904 10.0478
5.0904 10.1012
5.0904 9.85451
5.0904 10.0015
5.0904 10.1358
5.0904 9.96001
5.0904 10.1338
5.0904 10.0695
5.0904 9.93915
5.0904 9.84483
5.0904 9.93267
5.0904 10.0118
5.15999 10.0514
5.2513 10.1816
5.11108 10.2605
5.0904 10.139
5.19343 10.0832
5.0904 10.0646
5.0904 10.2197
5.0904 10.0565
5.0904 10.118
5.0904 10.1432
5.11108 10.2205
5.0904 10.2529
5.0904 10.077
5.11108 9.83601
5.0904 10.118
5.0904 10.0302
5.0904 10.1748
5.11108 10.1597
5.0904 10.0585
5.0904 10.0334
5.0904 9.94534
5.0904 10.1042
5.0904 10.1641
5.0904 10.0186
5.11108 10.0605
5.0904 10.0432
5.0904 10.1604
5.23674 10.0579
5.23674 10.2927
5.23674 10.1787
5.23674 10.2508
5.11274 10.088
5.13341 10.1845
5.11274 10.2365
5.11274 10.1894
5.11274 10.0795
5.11274 10.2566
5.11274 10.2478
5.11274 10.0964
5.11274 9.98086
5.11274 10.0903
5.11274 10.1672
5.11274 10.2055
5.11274 10.0806
5.11274 10.0338
5.11274 10.1664
5.11274 10.0785
5.11274 10.2191
5.11274 10.1562
5.11274 10.0469
5.11274 10.0628
5.11274 9.95965
5.23674 9.97016
5.11274 10.2396
5.13341 10.0895
5.11274 10.142
5.11274 10.0417
5.11274 10.1121
5.11274 9.89483
5.11274 9.88589
5.09495 10.0623
5.09495 9.95023
5.09495 10.0532
5.09495 9.90337
5.09495 10.0209
5.09495 10.0586
5.09495 9.95932
5.09495 10.1096
5.09495 10.247
5.09495 10.254
5.09495 10.138
5.09495 10.0281
5.09495 9.98564
5.09495 9.98282
5.09495 10.1159
5.09495 10.2147
5.09495 10.1468
5.09495 9.9264
5.09495 9.81171
5.09495 9.84413
5.09495 10.1568
5.35665 10.0373
5.09495 10.2725
5.09495 10.3621
5.09495 9.98234
5.09495 10.1188
5.09495 9.88307
5.09495 10.0547
5.11562 9.96412
5.11562 10.0588
5.09495 10.1072
5.09495 10.0303
5.09495 9.98824
5.09495 9.93837
5.09495 9.9776
5.41331 10.227
5.09495 10.2972
5.09495 10.3009
5.09495 9.99101
5.09495 10.0331
5.09495 9.98936
5.21895 9.94674
5.11274 10.1899
5.11274 10.2172
5.11274 10.0736
5.11274 10.0014
5.11274 10.1643
5.11274 9.89972
5.11274 10.047
5.11274 10.0765
5.11274 9.97922
5.11274 10.1831
5.11274 9.99793
5.11274 9.91789
5.11274 10.0817
5.11274 10.0148
5.23674 10.0826
5.11274 10.1488
5.11274 10.188
5.11274 10.0524
5.11274 10.1786
5.11274 10.0598
5.37353 9.99563
5.51849 10.2968
5.27451 10.3305
5.23761 10.4705
5.13429 10.4131
5.13429 10.3438
5.11361 9.86169
5.11361 10.198
5.11361 9.96978
5.11361 9.9982
5.11361 10.0871
5.11361 10.0073
5.11361 10.1556
5.11361 10.0129
5.13429 10.0454
5.13429 10.1089
5.11274 10.1074
5.11274 10.2203
5.27451 10.1302
5.11747 10.0717
5.11747 10.1766
5.11747 10.1794
5.11747 10.0462
5.11747 10.0983
5.11747 10.2323
5.11747 10.1772
5.11747 9.99056
5.11747 9.87833
5.11747 10.0288
5.13814 9.90187
5.11747 9.92323
5.11747 10.1453
5.11747 10.2884
5.11747 10.0253
5.11747 10.0495
5.11747 10.0805
5.11747 10.0305
5.13814 9.858
5.11747 10.1602
5.13814 10.2992
5.13814 9.93059
5.13814 10.2302
5.13814 10.1963
5.13814 10.204
5.11747 10.3339
5.13814 10.109
5.13814 10.0639
5.11747 10.1967
5.11747 10.1111
5.11747 10.0891
5.11747 9.91608
5.11747 9.85312
5.11747 10.1398
5.11747 10.087
5.11747 9.99893
5.31383 10.0581
5.11747 10.2282
5.09968 10.1458
5.09968 9.95097
5.09968 10.2558
5.09968 10.0103
5.09968 9.99969
5.09968 9.95916
5.09968 10.1399
5.09968 10.0966
5.09968 10.1655
5.09968 9.96887
5.09968 10.0476
5.08194 10.0481
5.08194 10.0571
5.08194 10.0269
5.08194 9.92474
5.08194 10.1023
5.10261 10.1371
5.10261 10.1634
5.08194 10.146
5.08194 10.2685
5.08194 10.2296
5.10261 10.2297
5.10261 9.86252
5.08194 10.1568
5.08194 10.1497
5.08194 10.1758
5.08194 10.0429
5.08194 9.93123
5.20594 9.9756
5.18167 10.0696
5.08194 10.0587
5.10261 10.181
5.08194 10.0364
5.08194 10.3889
5.08194 10.2655
5.08194 10.0971
5.23101 9.8739
5.08194 10.0648
5.08194 10.0429
5.08194 9.94721
5.08194 10.0628
5.08194 10.101
5.08194 10.035
5.08194 10.0133
5.08194 10.1766
5.08194 10.1371
5.08194 10.0959
5.1204 10.0012
5.38786 10.2206
5.2783 10.3052
5.15697 10.3977
5.15697 10.1579
5.15697 10.2679
5.1363 10.0147
5.1363 9.98229
5.1363 10.0593
5.1363 9.99617
5.1363 10.0906
5.1363 10.0189
5.1363 10.2531
5.1363 10.044
5.1363 9.9559
5.1363 10.0425
5.1363 10.2435
5.1363 10.2474
5.1363 10.0684
5.1363 10.0152
5.1363 10.022
5.1363 10.1737
5.1363 10.3412
5.15697 10.0149
5.15697 9.99708
5.15409 10.2992
5.15409 10.2762
5.15409 10.2299
5.15409 10.049
5.15409 10.2288
5.15409 10.3723
5.15409 9.99331
5.15409 10.0034
5.15409 10.2548
5.15409 10.0272
5.15409 9.95141
5.15409 10.1227
5.15409 10.2502
5.12553 10.0552
5.12553 10.1334
5.12553 10.3746
5.12553 9.94722
5.12553 10.0235
5.10774 10.0251
5.10774 10.2586
5.10774 10.1226
5.10774 9.99237
5.12553 10.1683
5.12553 10.1287
5.12553 10.0763
5.12553 10.0995
5.12553 10.0479
5.12553 10.011
5.12553 10.0764
5.12553 10.0825
5.12553 9.95651
5.12553 9.77939
5.12553 9.77151
5.12553 10.1488
5.35615 10.2553
5.23216 10.2736
5.12553 10.1765
5.23216 10.2283
5.23216 10.1308
5.23216 10.2194
5.23216 10.1506
5.23216 10.1954
5.23216 10.2145
5.20636 10.1544
5.20636 10.0071
5.20636 10.1235
5.20636 10.0161
5.20636 9.92769
5.20636 10.133
5.20636 10.2426
5.20636 10.0951
5.20636 10.2823
5.20636 10.0189
5.20636 10.0825
5.20636 10.1989
5.20636 10.1073
5.30938 9.97063
5.31256 10.2998
5.31256 10.3425
5.20636 10.3436
5.20636 10.2923
5.22703 10.1263
5.22703 10.2369
5.20636 10.3172
5.38828 10.1617
5.38828 10.183
5.38828 10.4654
