0.820236 41.1403
0.682198 41.764
0.063698 42.3582
0.555328 42.7336
0.757874 42.6528
0.384445 43.0747
0.537994 43.2069
0.781693 44.3072
0.783318 46.8209
0.905014 47.0358
0.420212 58.3016
0.018417 46.5857
0.030403 44.9385
0.102211 44.9551
0.346405 44.367
0.580536 44.2624
0.199722 43.6178
0.414963 41.8309
0.603729 41.5911
0.766121 39.1639
0.677956 39.0482
0.493629 38.5767
0.172935 38.5792
0.612328 38.3362
0.875374 38.1867
0.43364 37.5389
0.784241 36.1658
0.639099 35.7804
0.503342 35.4922
0.288986 34.7466
0.033211 34.0003
0.388229 33.749
0.096962 33.4481
0.182106 32.3038
0.300568 32.3777
0.281296 30.4381
0.187393 30.4571
0.857376 21.3074
0.740349 30.2747
0.939728 35.6822
0.490936 38.9788
0.519722 39.1573
0.162643 39.7686
0.654961 39.7984
0.984856 39.7392
0.999069 39.9613
0.883598 40.2644
0.769913 40.2206
0.888237 40.7775
0.699654 40.8081
