           1     1.61461     1.61461           0
           2     1.63485     1.62473   0.0071549
           3     1.62562     1.62503  0.00477601
           4     1.64458     1.62992  0.00554444
           5     1.61097     1.62613  0.00558244
           6     1.62116      1.6253  0.00471308
           7     1.63912     1.62727  0.00443428
           8     1.60877     1.62496  0.00444237
           9     1.59466     1.62159  0.00506655
          10     1.64068      1.6235  0.00490622
          11     1.62917     1.62402  0.00448723
          12     1.58369     1.62066  0.00522237
          13     1.63048     1.62141  0.00487501
          14     1.59768     1.61972  0.00481237
          15     1.60663     1.61884   0.0045699
          16     1.59727      1.6175  0.00447881
          17     1.58115     1.61536  0.00469799
          18      1.6193     1.61558  0.00444209
          19     1.63557     1.61663  0.00433111
          20     1.59802      1.6157  0.00421335
          21     1.62857     1.61631  0.00405705
          22     1.62318     1.61662  0.00388462
          23     1.62666     1.61706  0.00374015
          24      1.6125     1.61687  0.00358914
          25     1.61098     1.61663  0.00345329
          26     1.59312     1.61573  0.00343684
          27     1.58218     1.61449  0.00352706
          28     1.62456     1.61485  0.00341941
          29     1.59011     1.61399  0.00340621
          30     1.61219     1.61393   0.0032932
          31     1.63785     1.61471  0.00327611
          32     1.61234     1.61463  0.00317457
          33     1.57989     1.61358  0.00324825
          34     1.63851     1.61431  0.00323444
          35     1.61857     1.61443  0.00314431
          36     1.62471     1.61472   0.0030699
          37     1.59592     1.61421  0.00302869
          38     1.62882      1.6146  0.00297329
          39     1.62877     1.61496  0.00291918
          40       1.567     1.61376  0.00308259
          41     1.65123     1.61467  0.00313997
          42     1.61084     1.61458  0.00306653
          43     1.61168     1.61452  0.00299596
          44     1.63056     1.61488  0.00294998
          45     1.61641     1.61491  0.00288462
          46       1.632     1.61529  0.00284573
          47     1.61647     1.61531   0.0027853
          48     1.66239     1.61629  0.00289485
          49     1.61344     1.61623  0.00283635
          50     1.59264     1.61576  0.00281861
