           1    -5.04219    -5.04219           0
           2    -5.06351    -5.05285  0.00753603
           3    -5.05282    -5.05284  0.00502403
           4    -5.07122    -5.05743  0.00547984
           5    -5.03728     -5.0534  0.00567651
           6     -5.0479    -5.05249  0.00480381
           7    -5.06656     -5.0545  0.00451885
           8    -5.03797    -5.05243  0.00440089
           9    -5.02376    -5.04925  0.00493163
          10    -5.06908    -5.05123  0.00482087
          11    -5.05744    -5.05179   0.0044155
          12    -5.01166    -5.04845   0.0051609
          13    -5.05729    -5.04913  0.00480847
          14    -5.02577    -5.04746   0.0047456
          15    -5.03484    -5.04662  0.00450325
          16    -5.02485    -5.04526   0.0044226
          17    -5.00986    -5.04318  0.00462674
          18     -5.0494    -5.04352   0.0043826
          19    -5.06568    -5.04469  0.00430435
          20    -5.02539    -5.04372  0.00419585
          21     -5.0561    -5.04431  0.00403721
          22    -5.04992    -5.04457  0.00386172
          23    -5.05638    -5.04508  0.00372781
          24    -5.04041    -5.04489  0.00357756
          25    -5.03894    -5.04465  0.00344234
          26    -5.01949    -5.04368   0.0034433
          27    -5.00989    -5.04243  0.00353597
          28    -5.05231    -5.04278  0.00342723
          29    -5.01632    -5.04187  0.00342838
          30    -5.03973     -5.0418  0.00331484
          31    -5.06705    -5.04261  0.00330648
          32    -5.03956    -5.04252  0.00320453
          33    -5.00379    -5.04134  0.00331541
          34    -5.06628    -5.04208  0.00329803
          35    -5.04553    -5.04218  0.00320528
          36    -5.05372     -5.0425  0.00313225
          37    -5.02526    -5.04203  0.00308205
          38    -5.05637    -5.04241  0.00302396
          39    -5.05614    -5.04276  0.00296686
          40    -4.99493    -5.04156   0.0031244
          41    -5.07968    -5.04249  0.00318348
          42     -5.0387     -5.0424  0.00310897
          43    -5.03769    -5.04229   0.0030386
          44    -5.05601    -5.04261  0.00298549
          45    -5.04202    -5.04259  0.00291917
          46    -5.05958    -5.04296  0.00287898
          47    -5.04554    -5.04302  0.00281824
          48     -5.0889    -5.04397  0.00291717
          49    -5.03808    -5.04385  0.00286012
          50    -5.01891    -5.04335   0.0028461
