           1    -3.42758    -3.42758           0
           2    -3.42866    -3.42812 0.000381132
           3     -3.4272    -3.42781 0.000357117
           4    -3.42664    -3.42752 0.000368606
           5    -3.42631    -3.42728 0.000365855
           6    -3.42675    -3.42719 0.000315285
           7    -3.42744    -3.42722 0.000272285
           8     -3.4292    -3.42747 0.000331928
           9    -3.42911    -3.42765 0.000341244
          10     -3.4284    -3.42773 0.000315236
          11    -3.42826    -3.42778 0.000290279
          12    -3.42798    -3.42779 0.000266559
          13    -3.42681    -3.42772  0.00025663
          14    -3.42809    -3.42774 0.000239658
          15     -3.4282    -3.42777 0.000225614
          16    -3.42758    -3.42776 0.000211847
          17    -3.42871    -3.42782 0.000206577
          18     -3.4301    -3.42795 0.000230833
          19    -3.43012    -3.42806 0.000245321
          20    -3.42738    -3.42803  0.00023541
          21    -3.42753      -3.428 0.000225385
          22    -3.42674    -3.42794 0.000222333
          23    -3.42972    -3.42802 0.000225644
          24    -3.42791    -3.42802 0.000216289
          25    -3.42796    -3.42801 0.000207648
          26    -3.42636    -3.42795 0.000209147
          27    -3.42771    -3.42794 0.000201594
          28    -3.42774    -3.42794  0.00019452
          29    -3.42621    -3.42788  0.00019673
          30    -3.42754    -3.42786 0.000190481
          31     -3.4292    -3.42791 0.000189123
          32    -3.42722    -3.42789 0.000184441
          33     -3.4239    -3.42776  0.00021487
          34    -3.42777    -3.42776 0.000208551
          35    -3.42696    -3.42774 0.000203852
          36    -3.42901    -3.42778 0.000201224
          37    -3.42934    -3.42782 0.000200175
          38    -3.42755    -3.42781 0.000195032
          39    -3.42737     -3.4278 0.000190355
          40    -3.42792     -3.4278 0.000185622
          41    -3.42845    -3.42782 0.000181753
          42    -3.42786    -3.42782 0.000177428
          43    -3.42601    -3.42778 0.000178226
          44    -3.42545    -3.42773 0.000181855
          45    -3.42561    -3.42768 0.000183769
          46    -3.42758    -3.42768 0.000179787
          47    -3.42907    -3.42771 0.000178399
          48    -3.42651    -3.42768 0.000176412
          49    -3.42464    -3.42762 0.000183419
          50    -3.42627    -3.42759 0.000181735
