0           0           0
0.00284996           0           0
0.00569992           0           0
0.00854988           0           0
0.0113998           0           0
0.0142498           0           0
0.0170998           0           0
0.0199497           0           0
0.0227997           0           0
0.0256496           0           0
0.0284996           0           0
0.0313496           0           0
0.0341995           0           0
0.0370495           0           0
0.0398994           0           0
0.0427494           0           0
0.0455994           0           0
0.0484493           0           0
0.0512993           0           0
0.0541492           0           0
0.0569992           0           0
0.0598492           0           0
0.0626991           0           0
0.0655491           0           0
0.068399           0           0
0.071249           0           0
0.074099           0           0
0.0769489           0           0
0.0797989           0           0
0.0826488           0           0
0.0854988           0           0
0.0883488           0           0
0.0911987           0           0
0.0940487           0           0
0.0968986           0           0
0.0997486           0           0
0.102599           0           0
0.105449           0           0
0.108298           0           0
0.111148           0           0
0.113998           0           0
0.116848           0           0
0.119698           0           0
0.122548           0           0
0.125398           0           0
0.128248           0           0
0.131098           0           0
0.133948           0           0
0.136798           0           0
0.139648           0           0
0.142498           0           0
0.145348           0           0
0.148198           0           0
0.151048           0           0
0.153898           0           0
0.156748           0           0
0.159598           0           0
0.162448           0           0
0.165298           0           0
0.168148           0           0
0.170998           0           0
0.173848           0           0
0.176698           0           0
0.179547           0           0
0.182397           0           0
0.185247           0           0
0.188097           0           0
0.190947           0           0
0.193797           0           0
0.196647           0           0
0.199497           0           0
0.202347           0           0
0.205197           0           0
0.208047           0           0
0.210897           0           0
0.213747           0           0
0.216597           0           0
0.219447           0           0
0.222297           0           0
0.225147           0           0
0.227997           0           0
0.230847           0           0
0.233697           0           0
0.236547           0           0
0.239397           0           0
0.242247           0           0
0.245097           0           0
0.247947           0           0
0.250796           0           0
0.253646           0           0
0.256496           0           0
0.259346           0           0
0.262196           0           0
0.265046           0           0
0.267896           0           0
0.270746           0           0
0.273596           0           0
0.276446           0           0
0.279296           0           0
0.282146           0           0
0.284996           0           0
0.287846           0           0
0.290696           0           0
0.293546           0           0
0.296396           0           0
0.299246           0           0
0.302096           0           0
0.304946           0           0
0.307796           0           0
0.310646           0           0
0.313496           0           0
0.316346           0           0
0.319196           0           0
0.322045           0           0
0.324895           0           0
0.327745           0           0
0.330595           0           0
0.333445           0           0
0.336295           0           0
0.339145           0           0
0.341995           0           0
0.344845           0           0
0.347695           0           0
0.350545           0           0
0.353395           0           0
0.356245           0           0
0.359095           0           0
0.361945           0           0
0.364795           0           0
0.367645           0           0
0.370495           0           0
0.373345           0           0
0.376195           0           0
0.379045           0           0
0.381895           0           0
0.384745           0           0
0.387595           0           0
0.390445           0           0
0.393294           0           0
0.396144           0           0
0.398994           0           0
0.401844           0           0
0.404694           0           0
0.407544           0           0
0.410394           0           0
0.413244           0           0
0.416094           0           0
0.418944           0           0
0.421794           0           0
0.424644           0           0
0.427494           0           0
0.430344           0           0
0.433194           0           0
0.436044           0           0
0.438894           0           0
0.441744           0           0
0.444594           0           0
0.447444           0           0
0.450294           0           0
0.453144           0           0
0.455994           0           0
0.458844           0           0
0.461694           0           0
0.464543           0           0
0.467393           0           0
0.470243           0           0
0.473093           0           0
0.475943           0           0
0.478793           0           0
0.481643           0           0
0.484493           0           0
0.487343           0           0
0.490193           0           0
0.493043           0           0
0.495893           0           0
0.498743           0           0
0.501593           0           0
0.504443           0           0
0.507293           0           0
0.510143           0           0
0.512993           0           0
0.515843           0           0
0.518693           0           0
0.521543           0           0
0.524393           0           0
0.527243           0           0
0.530093           0           0
0.532943           0           0
0.535792           0           0
0.538642           0           0
0.541492           0           0
0.544342           0           0
0.547192           0           0
0.550042           0           0
0.552892           0           0
0.555742           0           0
0.558592           0           0
0.561442           0           0
0.564292           0           0
0.567142           0           0
0.569992           0           0
0.572842           0           0
0.575692           0           0
0.578542           0           0
0.581392           0           0
0.584242           0           0
0.587092           0           0
0.589942           0           0
0.592792           0           0
0.595642           0           0
0.598492           0           0
0.601342           0           0
0.604192           0           0
0.607041           0           0
0.609891           0           0
0.612741           0           0
0.615591           0           0
0.618441           0           0
0.621291           0           0
0.624141           0           0
0.626991           0           0
0.629841           0           0
0.632691           0           0
0.635541           0           0
0.638391           0           0
0.641241           0           0
0.644091           0           0
0.646941           0           0
0.649791           0           0
0.652641           0           0
0.655491           0           0
0.658341           0           0
0.661191           0           0
0.664041           0           0
0.666891           0           0
0.669741           0           0
0.672591           0           0
0.67544           0           0
0.67829           0           0
0.68114           0           0
0.68399           0           0
0.68684           0           0
0.68969           0           0
0.69254           0           0
0.69539           0           0
0.69824           0           0
0.70109           0           0
0.70394           0           0
0.70679           0           0
0.70964           0           0
0.71249           0           0
0.71534           0           0
0.71819           0           0
0.72104           0           0
0.72389           0           0
0.72674           0           0
0.72959           0           0
0.73244           0           0
0.73529           0           0
0.73814           0           0
0.74099           0           0
0.74384           0           0
0.746689           0           0
0.749539           0           0
0.752389           0           0
0.755239           0           0
0.758089           0           0
0.760939           0           0
0.763789           0           0
0.766639           0           0
0.769489           0           0
0.772339           0           0
0.775189           0           0
0.778039           0           0
0.780889           0           0
0.783739           0           0
0.786589           0           0
0.789439           0           0
0.792289           0           0
0.795139           0           0
0.797989           0           0
0.800839           0           0
0.803689           0           0
0.806539           0           0
0.809389           0           0
0.812239           0           0
0.815089           0           0
0.817938           0           0
0.820788           0           0
0.823638           0           0
0.826488           0           0
0.829338           0           0
0.832188           0           0
0.835038           0           0
0.837888           0           0
0.840738           0           0
0.843588           0           0
0.846438           0           0
0.849288           0           0
0.852138           0           0
0.854988           0           0
0.857838           0           0
0.860688 4.34819e-05 4.30449e-05
0.863538 8.63918e-05 8.55235e-05
0.866388 3.43301e-05 3.39851e-05
0.869238 0.000110844  7.8896e-05
0.872088 0.000245656 0.000147252
0.874938 0.000353467 0.000169726
0.877788 0.000234119 9.39757e-05
0.880638 0.000440296 0.000153816
0.883488 0.000883182 0.000227551
0.886338 0.000959532 0.000218714
0.889187  0.00131194 0.000294324
0.892037  0.00147362 0.000270671
0.894887  0.00277567 0.000484097
0.897737  0.00506851 0.000674144
0.900587  0.00740386  0.00073135
0.903437  0.00897559 0.000985707
0.906287   0.0131162   0.0009916
0.909137   0.0189822  0.00131036
0.911987   0.0256271  0.00126835
0.914837   0.0332592  0.00140858
0.917687   0.0418368  0.00181734
0.920537   0.0507566  0.00219399
0.923387   0.0645913  0.00227905
0.926237    0.081177   0.0023623
0.929087   0.0985664   0.0026983
0.931937     0.12098  0.00292078
0.934787     0.14823  0.00318842
0.937637    0.181158  0.00392161
0.940487    0.207456  0.00355425
0.943337    0.245621  0.00377749
0.946187    0.284613  0.00410249
0.949037    0.328499  0.00465852
0.951887    0.374089  0.00479721
0.954737    0.429884  0.00550709
0.957587    0.487364  0.00652745
0.960436    0.550144  0.00727125
0.963286    0.608361  0.00727256
0.966136    0.678278  0.00766177
0.968986    0.747823   0.0074286
0.971836    0.821108  0.00810292
0.974686    0.893506  0.00844628
0.977536     0.96873  0.00762238
0.980386     1.03039  0.00904686
0.983236     1.11342  0.00995482
0.986086     1.19662   0.0112066
0.988936     1.27261   0.0122256
0.991786     1.34836   0.0113448
0.994636     1.43152   0.0115246
0.997486     1.51375   0.0125233
1.00034     1.57681   0.0109479
1.00319     1.63941   0.0115773
1.00604      1.7289   0.0136586
1.00889     1.79341   0.0139251
1.01174     1.84374    0.012476
1.01459     1.92681   0.0122337
1.01744     1.97647   0.0129259
1.02029     2.04579   0.0133812
1.02314     2.11922   0.0134019
1.02599     2.17436   0.0133378
1.02884     2.22051   0.0119185
1.03169     2.26791   0.0124982
1.03454     2.29729    0.012719
1.03739     2.32467   0.0138178
1.04024      2.3888   0.0123308
1.04309     2.42786   0.0128852
1.04594      2.4621   0.0141035
1.04879     2.49205   0.0156192
1.05164     2.51696   0.0145531
1.05449     2.51299    0.015742
1.05734     2.51547    0.014193
1.06019     2.52249   0.0139368
1.06304     2.55738   0.0123147
1.06589     2.57413   0.0135014
1.06873     2.58247   0.0127998
1.07158     2.57392   0.0137592
1.07443     2.57591   0.0143141
1.07728     2.58462   0.0155765
1.08013     2.59029   0.0125751
1.08298     2.59426    0.012224
1.08583     2.56453   0.0137506
1.08868     2.56208   0.0144778
1.09153     2.54437   0.0143874
1.09438     2.54233   0.0118083
1.09723     2.51428    0.011693
1.10008     2.50428   0.0116716
1.10293     2.49422   0.0120572
1.10578     2.48687   0.0140605
1.10863      2.4638   0.0122907
1.11148     2.42935   0.0122207
1.11433     2.40476   0.0119764
1.11718     2.38996   0.0120871
1.12003     2.35881   0.0129851
1.12288     2.35243   0.0127335
1.12573     2.31959   0.0124969
1.12858     2.29039   0.0114784
1.13143     2.27045   0.0128739
1.13428     2.23759   0.0135957
1.13713     2.22867   0.0120664
1.13998     2.20532   0.0116084
1.14283     2.19329   0.0121643
1.14568     2.17388   0.0112419
1.14853     2.13565   0.0124288
1.15138      2.1057   0.0109665
1.15423     2.06673    0.012216
1.15708     2.04145   0.0130974
1.15993     2.02394    0.011373
1.16278     2.00369   0.0108973
1.16563     1.97641   0.0114208
1.16848     1.95134   0.0128977
1.17133     1.92988   0.0114085
1.17418     1.91225  0.00961636
1.17703       1.892   0.0111277
1.17988     1.86603    0.010544
1.18273     1.84143    0.009748
1.18558     1.80405    0.010668
1.18843     1.78234      0.0105
1.19128     1.76392   0.0117031
1.19413     1.74928   0.0115311
1.19698     1.71243   0.0117332
1.19983     1.70135   0.0121867
1.20268     1.67513   0.0118715
1.20553     1.64018   0.0106352
1.20838     1.61791   0.0112361
1.21123     1.59738   0.0104875
1.21408     1.58257  0.00956411
1.21693     1.56656  0.00885685
1.21978     1.54991  0.00943667
1.22263     1.52939   0.0082944
1.22548     1.49952  0.00799812
1.22833     1.48293  0.00744062
1.23118     1.46059  0.00848029
1.23403     1.44293  0.00881512
1.23688     1.42531  0.00895987
1.23973     1.39987  0.00931523
1.24258     1.38562  0.00916763
1.24543     1.36732   0.0081686
1.24828     1.34466  0.00850211
1.25113      1.3193  0.00812283
1.25398     1.31262  0.00922533
1.25683     1.30834  0.00977743
1.25968     1.28883  0.00818619
1.26253     1.27134  0.00898766
1.26538     1.25706  0.00763151
1.26823     1.24643  0.00793836
1.27108     1.22649  0.00940324
1.27393     1.22358  0.00957233
1.27678      1.2029  0.00768703
1.27963     1.19112  0.00834606
1.28248     1.18209  0.00928408
1.28533     1.17085   0.0100559
1.28818     1.15575  0.00902479
1.29103     1.13167  0.00858724
1.29388     1.11589  0.00843435
1.29673     1.11189  0.00816599
1.29958     1.10151  0.00832553
1.30243     1.09607  0.00773534
1.30528      1.0805  0.00793787
1.30813     1.05856  0.00874451
1.31098     1.04896  0.00795916
1.31383     1.03238  0.00824229
1.31668     1.01811  0.00789043
1.31953     1.01059  0.00818732
1.32238    0.988495  0.00777826
1.32523    0.978916  0.00739508
1.32808    0.966427  0.00805817
1.33093    0.972248  0.00826616
1.33378    0.965687  0.00852303
1.33663    0.953455  0.00862033
1.33948    0.940362  0.00887367
1.34233    0.933074  0.00772497
1.34518    0.931855  0.00706697
1.34803    0.929733  0.00759819
1.35088    0.915216  0.00683906
1.35373    0.906151  0.00619493
1.35658    0.897644  0.00716388
1.35943    0.890339  0.00704289
1.36228    0.880751   0.0066012
1.36513    0.880951  0.00693855
1.36798    0.861395  0.00671226
1.37083    0.855727  0.00703202
1.37368    0.854153  0.00648819
1.37653    0.850235  0.00608463
1.37938    0.847505  0.00649705
1.38223    0.842809  0.00686251
1.38508    0.837986   0.0067656
1.38793    0.832104  0.00628916
1.39078    0.828687  0.00684803
1.39363    0.818859  0.00673929
1.39648    0.823905  0.00753253
1.39933    0.816329  0.00656679
1.40218     0.80725  0.00641611
1.40503    0.805485  0.00759548
1.40788     0.79676  0.00669531
1.41073    0.794503  0.00630911
1.41358    0.786896  0.00615873
1.41643    0.783225  0.00650629
1.41928    0.783583  0.00659988
1.42213    0.774506  0.00626431
1.42498    0.771262  0.00677039
1.42783     0.76506  0.00687098
1.43068    0.760281  0.00622777
1.43353    0.751831   0.0055521
1.43638    0.750313  0.00617007
1.43923    0.751272  0.00611971
1.44208    0.749723  0.00617162
1.44493    0.746196  0.00664323
1.44778    0.739405  0.00647122
1.45063    0.734657  0.00636439
1.45348    0.731702  0.00534472
1.45633     0.72506  0.00485095
1.45918    0.725557   0.0059348
1.46203    0.721077  0.00600553
1.46488    0.711768  0.00569921
1.46773     0.70738  0.00582011
1.47058    0.706762  0.00597224
1.47343     0.70742  0.00576667
1.47628    0.701649   0.0051133
1.47913    0.697611  0.00491964
1.48198    0.701096  0.00563326
1.48483    0.700724  0.00629201
1.48768    0.692885   0.0060926
1.49053    0.694979  0.00598315
1.49338    0.691102  0.00553191
1.49623    0.692518   0.0049341
1.49908    0.693682  0.00461374
1.50193    0.692802  0.00586141
1.50478    0.685971  0.00563363
1.50763    0.684984   0.0063157
1.51048    0.683161  0.00555596
1.51333      0.6827  0.00552356
1.51618    0.678488  0.00559221
1.51903    0.673713  0.00472868
1.52188    0.671036  0.00403966
1.52473    0.671887  0.00477934
1.52758    0.679075   0.0055929
1.53043    0.680867  0.00559125
1.53328     0.67325  0.00625943
1.53613    0.671538  0.00603134
1.53898    0.667917  0.00503956
1.54183    0.670834  0.00519317
1.54468    0.665827   0.0053284
1.54753    0.671916  0.00552809
1.55038    0.674011  0.00520127
1.55323    0.677658  0.00516105
1.55608    0.673941  0.00469804
1.55893     0.67901   0.0052991
1.56178    0.680936  0.00579531
1.56463    0.674841  0.00574097
1.56748    0.669191  0.00513878
1.57033    0.672305  0.00598684
1.57318     0.67241  0.00567229
1.57603    0.671751  0.00537136
1.57888    0.671435  0.00555222
1.58173    0.673997  0.00565304
1.58458    0.680059  0.00565114
1.58743    0.680929  0.00631595
1.59028    0.683373  0.00613372
1.59313    0.683254  0.00529292
1.59598    0.685461  0.00520576
1.59883    0.687507  0.00474138
1.60168    0.686521  0.00530393
1.60453    0.681688  0.00503057
1.60738    0.686649  0.00554761
1.61023    0.692721  0.00469505
1.61308    0.688708  0.00467514
1.61593    0.692354  0.00503517
1.61878    0.691501  0.00477948
1.62163     0.68933  0.00478974
1.62448    0.688231  0.00457673
1.62733    0.684577  0.00435557
1.63018    0.689976  0.00444183
1.63303    0.688247  0.00445808
1.63588    0.687924  0.00461944
1.63873    0.692768  0.00465154
1.64158    0.697791  0.00473408
1.64443    0.700097  0.00523584
1.64728    0.703147  0.00550797
1.65013    0.701607  0.00620042
1.65298    0.701024  0.00571413
1.65583    0.703957  0.00505996
1.65868    0.704962  0.00522766
1.66153     0.70538  0.00530018
1.66438    0.716413  0.00492428
1.66723    0.718186  0.00535791
1.67008    0.713446  0.00538686
1.67293    0.719714  0.00579672
1.67578    0.720305  0.00547818
1.67863    0.726561  0.00615704
1.68148    0.727322  0.00636675
1.68433    0.727765  0.00671798
1.68718    0.729255  0.00535961
1.69003    0.729879  0.00556744
1.69288    0.731336  0.00570991
1.69573    0.740708  0.00558054
1.69858    0.740248   0.0053531
1.70143    0.744399   0.0058886
1.70428    0.751278  0.00652436
1.70713    0.747461  0.00624712
1.70998    0.747555  0.00564862
1.71283    0.759258  0.00599644
1.71568    0.768543  0.00580176
1.71853     0.77866  0.00591701
1.72138    0.778936  0.00579095
1.72423    0.772884  0.00556443
1.72708    0.776388  0.00551484
1.72993    0.773547  0.00481171
1.73278    0.781585  0.00615894
1.73563    0.787469  0.00575026
1.73848     0.79793  0.00620515
1.74133    0.802956  0.00573031
1.74418    0.804865  0.00607841
1.74703     0.80466  0.00564394
1.74988    0.808501  0.00482271
1.75273    0.813669  0.00577192
1.75558    0.821102  0.00572167
1.75843    0.821861  0.00501063
1.76128    0.828086  0.00514553
1.76413    0.826678  0.00522216
1.76698    0.831565  0.00619961
1.76983    0.836593  0.00517382
1.77268    0.846812  0.00475125
1.77553      0.8483  0.00548198
1.77837    0.851592  0.00572659
1.78122    0.862727  0.00531554
1.78407    0.863493  0.00536586
1.78692     0.86912  0.00452142
1.78977    0.869126  0.00490172
1.79262    0.874749  0.00555262
1.79547    0.875165  0.00531157
1.79832     0.87592  0.00512156
1.80117     0.88319  0.00532143
1.80402    0.883586  0.00562059
1.80687    0.888006  0.00584617
1.80972    0.889564   0.0047322
1.81257     0.89673  0.00535756
1.81542    0.901113  0.00502558
1.81827    0.911023  0.00551201
1.82112      0.9186  0.00568077
1.82397    0.919443  0.00521879
1.82682    0.922818  0.00551429
1.82967     0.92791  0.00622639
1.83252    0.930205  0.00596856
1.83537    0.937716  0.00644811
1.83822    0.944826  0.00575667
1.84107    0.950039  0.00529337
1.84392    0.956261  0.00593504
1.84677    0.961136  0.00490712
1.84962    0.962893  0.00427671
1.85247     0.96087  0.00517036
1.85532    0.964021   0.0053686
1.85817    0.973376  0.00584462
1.86102    0.976228  0.00611088
1.86387    0.985718  0.00591866
1.86672    0.990786  0.00663003
1.86957    0.996023  0.00539437
1.87242      1.0111  0.00630863
1.87527      1.0103  0.00549596
1.87812     1.00946  0.00511599
1.88097     1.01554  0.00508463
1.88382     1.02134   0.0055485
1.88667     1.02085  0.00595491
1.88952     1.02862  0.00618209
1.89237     1.03607  0.00550246
1.89522     1.03803  0.00583098
1.89807     1.03813  0.00630835
1.90092     1.04593  0.00629834
1.90377     1.05205  0.00607285
1.90662     1.05676  0.00583254
1.90947     1.06221  0.00617227
1.91232     1.06946  0.00567419
1.91517     1.06877  0.00569378
1.91802     1.07925  0.00522513
1.92087     1.08299   0.0048651
1.92372     1.08183   0.0056164
1.92657     1.08184   0.0056317
1.92942     1.08535  0.00561136
1.93227     1.09261  0.00502614
1.93512     1.10481  0.00597379
1.93797     1.10822  0.00570005
1.94082     1.11129  0.00597853
1.94367     1.11143  0.00573936
1.94652     1.11364  0.00531024
1.94937     1.12158  0.00510718
1.95222     1.11901  0.00563363
1.95507     1.11913  0.00489781
1.95792     1.12442  0.00543921
1.96077     1.12855  0.00642889
1.96362     1.12692  0.00622092
1.96647     1.13245  0.00609717
1.96932     1.14534  0.00581202
1.97217     1.14738  0.00539149
1.97502     1.15247  0.00545078
1.97787     1.15681  0.00546537
1.98072     1.15161  0.00617796
1.98357     1.16109  0.00589393
1.98642     1.15822  0.00624512
1.98927     1.16399  0.00619236
1.99212     1.17024  0.00606369
1.99497     1.17189  0.00579199
1.99782     1.17258   0.0058563
2.00067     1.17557  0.00578178
2.00352     1.17632  0.00645716
2.00637     1.18094  0.00648563
2.00922     1.18395   0.0063894
2.01207     1.19239  0.00534024
2.01492      1.1946    0.005345
2.01777      1.2018  0.00585442
2.02062     1.20081  0.00511233
2.02347     1.20112  0.00552548
2.02632     1.20342  0.00509314
2.02917     1.20623   0.0051282
2.03202      1.2059  0.00548627
2.03487     1.20459  0.00479064
2.03772     1.21134  0.00534706
2.04057     1.21448  0.00610934
2.04342     1.21198  0.00614933
2.04627     1.21894   0.0060326
2.04912     1.21171  0.00505809
2.05197     1.21083  0.00536766
2.05482     1.21183   0.0052786
2.05767     1.21327   0.0049636
2.06052     1.21144  0.00480461
2.06337     1.20941  0.00456694
2.06622     1.21623  0.00625537
2.06907     1.21077  0.00539587
2.07192     1.20948  0.00532734
2.07477     1.20772  0.00469852
2.07762     1.20966  0.00535537
2.08047     1.21213  0.00507995
2.08332     1.21232  0.00423037
2.08617     1.21147  0.00390581
2.08902     1.21213  0.00417592
2.09187      1.2125   0.0055397
2.09472     1.21092  0.00563986
2.09757     1.21366  0.00505769
2.10042     1.21644  0.00493903
2.10327     1.21247  0.00533877
2.10612     1.20331  0.00541995
2.10897      1.2016  0.00527414
2.11182     1.20322  0.00503096
2.11467     1.19668  0.00551732
2.11752       1.197   0.0054071
2.12037     1.20136  0.00499869
2.12322     1.19861  0.00544847
2.12607     1.19393  0.00547583
2.12892     1.19104  0.00445579
2.13177     1.19696   0.0045944
2.13462     1.19107   0.0049124
2.13747      1.1912  0.00494411
2.14032     1.18647  0.00405822
2.14317     1.18914  0.00465984
2.14602     1.18725  0.00584567
2.14887      1.1812  0.00627802
2.15172     1.17685  0.00551714
2.15457     1.17934  0.00556164
2.15742     1.18396    0.005442
2.16027     1.18322  0.00477693
2.16312     1.17969  0.00496544
2.16597     1.17483  0.00495174
2.16882     1.17151  0.00430103
2.17167     1.16797   0.0047304
2.17452     1.16044  0.00462261
2.17737     1.15519  0.00445896
2.18022     1.15307  0.00424481
2.18307     1.15814  0.00489426
2.18592     1.14986  0.00374165
2.18877     1.13926  0.00403188
2.19162      1.1388  0.00493906
2.19447     1.13531  0.00443503
2.19732     1.13266  0.00450724
2.20017     1.13232  0.00568105
2.20302     1.13328  0.00530536
2.20587     1.12852  0.00598408
2.20872     1.12713  0.00571685
2.21157     1.12981  0.00553553
2.21442     1.12713  0.00553312
2.21727     1.12728   0.0052559
2.22012     1.12189  0.00521503
2.22297     1.12308  0.00462136
2.22582     1.11977  0.00524888
2.22867      1.1137  0.00488052
2.23152     1.10213  0.00571379
2.23437     1.09585  0.00566592
2.23722     1.09747  0.00560191
2.24007     1.09571  0.00498874
2.24292     1.09465  0.00508177
2.24577     1.09344  0.00464748
2.24862     1.09274   0.0049396
2.25147       1.087  0.00508309
2.25432     1.08467  0.00467235
2.25717      1.0864  0.00498398
2.26002     1.07977   0.0043466
2.26287     1.07175    0.004937
2.26572     1.06999  0.00512271
2.26857     1.06839   0.0044367
2.27142     1.06395  0.00453039
2.27427     1.06446  0.00480033
2.27712     1.06398  0.00426817
2.27997     1.05984  0.00446532
2.28282     1.05213  0.00461511
2.28567     1.05519  0.00487614
2.28852     1.04823  0.00462326
2.29137     1.04461  0.00475975
2.29422     1.04189  0.00498611
2.29707     1.04207  0.00449456
2.29992     1.03894  0.00441832
2.30277     1.03398  0.00404213
2.30562     1.02796  0.00488786
2.30847     1.02476  0.00512631
2.31132     1.01778  0.00572838
2.31417     1.01885  0.00501121
2.31702     1.01513   0.0048416
2.31987     1.01596  0.00416858
2.32272     1.01968  0.00414947
2.32557     1.01475  0.00472712
2.32842     1.00755  0.00483065
2.33127      1.0043  0.00441152
2.33412     1.00007  0.00519711
2.33697     1.00327  0.00519588
2.33982     0.99794  0.00546338
2.34267    0.991328  0.00519288
2.34552    0.988054  0.00512279
2.34837    0.984356  0.00560714
2.35122    0.980641  0.00503067
2.35407     0.97975   0.0042396
2.35692    0.979038  0.00452966
2.35977    0.976479  0.00482693
2.36262    0.970384  0.00424902
2.36547    0.968651  0.00430995
2.36832    0.965027  0.00377007
2.37117    0.960416  0.00438263
2.37402    0.958826  0.00413956
2.37687    0.959836  0.00446183
2.37972    0.959736  0.00445804
2.38257    0.952977  0.00532396
2.38542    0.949763  0.00395952
2.38827    0.945144  0.00410595
2.39112    0.940605  0.00383953
2.39397    0.941723  0.00346463
2.39682    0.946974  0.00377028
2.39967    0.943278   0.0038934
2.40252    0.941059  0.00452344
2.40537    0.938375  0.00498246
2.40822    0.937003  0.00488211
2.41107     0.93413  0.00453529
2.41392    0.933919  0.00432847
2.41677    0.929458  0.00471353
2.41962    0.927829  0.00456106
2.42247    0.931047  0.00454991
2.42532    0.928068  0.00368441
2.42817    0.928489  0.00463375
2.43102    0.926341  0.00518882
2.43387    0.925378  0.00478391
2.43672    0.924781  0.00435878
2.43957    0.925326   0.0046037
2.44242    0.918368  0.00369797
2.44527    0.919288  0.00403565
2.44812    0.916074  0.00469004
2.45097    0.912927  0.00455724
2.45382    0.913199  0.00371637
2.45667    0.913473    0.004349
2.45952    0.905976  0.00387193
2.46237    0.907027  0.00357129
2.46522    0.905049  0.00415045
2.46807    0.902375  0.00390468
2.47092    0.904799  0.00373105
2.47377    0.904131  0.00431981
2.47662    0.902699  0.00490609
2.47947    0.900353   0.0043572
2.48232    0.899134  0.00407184
2.48517    0.894522  0.00398009
2.48802    0.898184  0.00396432
2.49086    0.899452   0.0039293
2.49371    0.896563  0.00387421
2.49656    0.898614  0.00378528
2.49941     0.89703  0.00388336
2.50226    0.892722  0.00409571
2.50511    0.892867   0.0044135
2.50796    0.895445  0.00429648
2.51081    0.894862  0.00436105
2.51366    0.898283  0.00432983
2.51651    0.899561  0.00398992
2.51936    0.898295  0.00359188
2.52221    0.898585  0.00370202
2.52506    0.893836  0.00456958
2.52791    0.889467  0.00401458
2.53076    0.891218  0.00349965
2.53361    0.889207   0.0040519
2.53646    0.890641  0.00359307
2.53931    0.891462  0.00330087
2.54216    0.892414  0.00309322
2.54501     0.89044  0.00340642
2.54786    0.893964  0.00382356
2.55071    0.892957  0.00363354
2.55356    0.893441  0.00383523
2.55641    0.893246  0.00373465
2.55926     0.89184  0.00357016
2.56211    0.894943  0.00390767
