           1     1.96807     1.96807           0
           2     1.77154      1.8698    0.069482
           3     1.87984     1.87315   0.0464018
           4     1.77711     1.84914   0.0405398
           5     2.09436     1.89818   0.0545529
           6     2.01733     1.91804   0.0489419
           7     1.76258     1.89583   0.0467181
           8      1.8993     1.89627   0.0408803
           9     2.06098     1.91457   0.0402268
          10      1.7913     1.90224   0.0380458
          11     1.93204     1.90495   0.0346834
          12     2.11637     1.92257   0.0359909
          13     1.93779     1.92374   0.0332414
          14      1.9825     1.92794   0.0311308
          15     2.03283     1.93493   0.0298305
          16     2.03446     1.94115   0.0286073
          17     2.01414     1.94544   0.0272449
          18     1.86941     1.94122   0.0260566
          19     1.84491     1.93615   0.0251735
          20     2.04131     1.94141   0.0244578
          21     1.89796     1.93934   0.0233805
          22     1.90026     1.93756   0.0223851
          23     1.80209     1.93167   0.0221732
          24     1.87249     1.92921    0.021386
          25      1.8571     1.92632   0.0207242
          26     2.09172     1.93268   0.0208806
          27     2.14552     1.94057   0.0215439
          28     1.90564     1.93932   0.0208106
          29     2.10084     1.94489   0.0208249
          30     1.90715     1.94363   0.0201687
          31     1.77869     1.93831   0.0202078
          32      1.9438     1.93848    0.019577
          33     2.18368     1.94591    0.020345
          34     1.80627     1.94181    0.020157
          35     1.88566      1.9402   0.0196448
          36     1.83378     1.93724   0.0193202
          37     1.96775     1.93807   0.0188156
          38     1.85061     1.93577   0.0184607
          39     1.92968     1.93561    0.017988
          40     2.12523     1.94035   0.0181522
          41       1.719     1.93495   0.0184949
          42       1.976     1.93593   0.0180804
          43     2.01841     1.93785   0.0177614
          44     1.95344      1.9382   0.0173612
          45      1.8897     1.93713   0.0170088
          46     1.85945     1.93544   0.0167227
          47     1.80575     1.93268    0.016593
          48     1.80876      1.9301   0.0164469
          49     2.00558     1.93164   0.0161832
          50     2.15289     1.93606   0.0164534
