           1     1.07641     1.07641           0
           2      1.0899     1.08316  0.00476993
           3     1.08375     1.08335  0.00318401
           4     1.09638     1.08661  0.00369629
           5     1.07398     1.08408  0.00372162
           6     1.08077     1.08353  0.00314205
           7     1.09275     1.08485  0.00295619
           8     1.07251     1.08331  0.00296158
           9      1.0631     1.08106   0.0033777
          10     1.09379     1.08233  0.00327082
          11     1.08612     1.08268  0.00299149
          12     1.05579     1.08044  0.00348158
          13     1.08699     1.08094  0.00325001
          14     1.06512     1.07981  0.00320825
          15     1.07109     1.07923   0.0030466
          16     1.06485     1.07833  0.00298587
          17      1.0541     1.07691  0.00313199
          18     1.07953     1.07705  0.00296139
          19     1.09038     1.07775  0.00288741
          20     1.06534     1.07713   0.0028089
          21     1.08571     1.07754   0.0027047
          22     1.08212     1.07775  0.00258975
          23     1.08444     1.07804  0.00249344
          24       1.075     1.07791  0.00239276
          25     1.07399     1.07776   0.0023022
          26     1.06208     1.07715  0.00229122
          27     1.05478     1.07632  0.00235138
          28     1.08304     1.07656   0.0022796
          29     1.06008       1.076   0.0022708
          30     1.07479     1.07596  0.00219547
          31      1.0919     1.07647  0.00218407
          32     1.07489     1.07642  0.00211638
          33     1.05326     1.07572   0.0021655
          34     1.09234     1.07621  0.00215629
          35     1.07905     1.07629  0.00209621
          36     1.08314     1.07648   0.0020466
          37     1.06395     1.07614  0.00201913
          38     1.08588      1.0764   0.0019822
          39     1.08585     1.07664  0.00194612
          40     1.04467     1.07584  0.00205506
          41     1.10082     1.07645  0.00209331
          42     1.07389     1.07639  0.00204435
          43     1.07445     1.07634  0.00199731
          44     1.08704     1.07659  0.00196665
          45      1.0776     1.07661  0.00192308
          46       1.088     1.07686  0.00189716
          47     1.07765     1.07687  0.00185687
          48     1.10826     1.07753   0.0019299
          49     1.07563     1.07749   0.0018909
          50     1.06176     1.07717  0.00187907
