0.499007   -0.499217   -0.484215
-0.330598   -0.355134   0.48891
-0.483763   -0.333173   -0.332458
-0.332848   -0.490731   -0.317276
-0.174148   -0.497429   -0.492584
-0.00141505   -0.346935   0.496501
-0.151098   -0.32814   -0.328708
0.00938644   0.498015   -0.328799
0.173209   0.499939   -0.491939
0.328838   -0.32982   -0.4983
0.150185   -0.331652   -0.326015
0.321781   -0.490559   -0.325592
0.494686   -0.172741   -0.481972
-0.329657   -0.003786   0.48404
-0.481473   0.0246633   -0.329394
-0.31153   -0.1882   -0.340395
-0.164284   -0.177427   0.477939
0.0149485   0.0401872   0.495828
-0.185764   -0.0249161   -0.356566
0.00903163   -0.155462   -0.347205
0.166579   -0.171306   -0.497954
0.341312   -0.00696243   -0.4964
0.171566   0.00156021   -0.338742
0.331978   -0.162883   -0.32079
-0.49412   0.144752   0.492393
-0.354457   0.328805   -0.496629
0.48246   0.341273   -0.32064
-0.333317   0.175046   -0.337626
-0.176403   0.165696   0.483873
-0.00528057   0.335073   0.473185
-0.190771   0.326038   -0.358277
0.0129193   0.19037   -0.336257
0.169046   0.192362   -0.490564
0.339826   0.343726   -0.492901
0.188175   0.333431   -0.32683
0.345062   0.177242   -0.337155
0.497244   -0.496528   -0.166188
-0.330304   -0.346379   -0.141085
-0.499771   -0.328264   0.00460946
-0.345513   0.49888   0.0103871
-0.157389   -0.488348   -0.176094
0.00507854   -0.339383   -0.157151
-0.159827   -0.347224   0.0180658
0.00345087   0.495194   0.00694329
0.165064   0.494896   -0.146276
0.323841   -0.310248   -0.156403
0.163129   -0.328862   0.00760691
0.34246   -0.494525   -0.00683052
0.499907   -0.168417   -0.173816
-0.344329   0.00205636   -0.169342
0.486467   -0.00353578   -0.0069466
-0.308524   -0.175262   -0.0055907
-0.163496   -0.157561   -0.164195
-0.0191399   0.000508665   -0.168915
-0.18968   -0.00427756   -0.00538575
0.021855   -0.16871   0.00894334
0.156495   -0.162098   -0.154787
0.332461   0.0108869   -0.178168
0.148293   0.00157903   -0.0169753
0.329814   -0.167735   0.0131277
-0.49813   0.184121   -0.181265
-0.337569   0.345534   -0.170628
-0.495489   0.323476   -0.000843335
-0.320218   0.179779   -0.0121151
-0.182678   0.145235   -0.181955
0.0129506   0.339719   -0.161841
-0.161661   0.346714   -0.0201751
0.00509125   0.165268   -0.00563722
0.165189   0.178704   -0.164365
0.334866   0.33267   -0.160669
0.176036   0.333323   0.00743006
0.334943   0.166777   -0.000241104
-0.498428   0.491695   0.169862
-0.331273   -0.344017   0.186503
0.494291   -0.336611   0.34459
-0.332801   0.494718   0.32527
-0.170337   0.475425   0.161676
0.00407204   -0.338681   0.171636
-0.166246   -0.349015   0.335097
-0.00413224   -0.496533   0.318522
0.164896   0.491715   0.176413
0.322781   -0.327865   0.170221
0.164547   -0.338693   0.332722
0.335053   0.494207   0.338648
-0.491609   -0.170688   0.162543
-0.344377   -0.00491503   0.158496
-0.495993   -0.00914723   0.335981
-0.345568   -0.175577   0.337136
-0.153794   -0.172941   0.168433
0.0173711   -0.00459131   0.157436
-0.168302   -0.0112856   0.307898
0.00461881   -0.145419   0.334281
0.169303   -0.166471   0.171289
0.341952   0.00320373   0.183901
0.176495   0.0119834   0.338016
0.325453   -0.161059   0.340812
0.498816   0.154241   0.18187
-0.341758   0.329314   0.157592
0.481517   0.329648   0.333581
-0.341372   0.174199   0.325598
-0.190831   0.158609   0.159207
-0.0032869   0.330008   0.167521
-0.174046   0.316447   0.32411
0.00666546   0.174793   0.3278
0.174314   0.180311   0.163173
0.344149   0.334033   0.16042
0.164148   0.343522   0.349502
0.323559   0.155718   0.338486
