1.46422   -0.494404   -1.01527
0.578248   -1.05455   0.201011
-2.17171   -0.899148   0.00131998
1.39044   -1.65313   1.40352
-1.59982   0.702583   -0.672913
0.823451   0.654048   2.61809
1.17621   -0.424274   0.550055
-1.60599   -0.0945058   0.0259294
-0.638773   -0.0241209   1.23186
-1.02232   -0.805833   0.109333
0.31948   -0.490665   -1.60424
0.198611   -0.0939555   1.24933
-0.831783   0.8166   -2.0027
0.748361   -0.625768   1.21734
0.458276   1.67188   -0.602093
1.32032   0.221335   -3.37645
0.82372   -0.535401   0.932163
0.322884   -0.719008   -0.0150468
0.695972   0.305324   0.621905
-0.821476   0.205362   -0.308067
-0.170125   0.115432   0.0704302
0.0180014   0.936206   -0.658148
0.686287   0.205085   -0.182762
1.53861   0.291455   -1.16739
-0.564184   1.24686   0.0271339
1.32784   0.180095   1.79799
0.53727   0.414656   2.0511
-1.01805   0.63557   0.124572
-1.87725   0.0346473   1.03456
-0.375386   -0.921127   -0.822545
-1.20419   -0.316392   -0.0423044
0.728337   0.0318484   0.490013
-2.01337   1.1308   0.117913
-0.474168   0.580516   -0.464015
1.09761   2.14518   0.724824
-0.312119   0.820276   0.852591
-0.423614   0.153197   -0.541179
1.29375   1.02656   -0.682271
-0.0909477   0.40626   -1.07077
0.796236   0.209967   -0.242398
-1.5516   -0.843347   -0.0685284
-0.0538909   -0.110594   -1.29806
0.124816   -1.83409   0.286428
-0.573629   -0.878605   0.517276
-0.296926   1.58147   -0.360522
1.59179   0.7527   -0.359851
0.251292   0.985595   0.0694061
0.347116   2.00636   -0.424928
0.330119   0.0983783   1.27514
-0.333414   -1.27802   0.0635284
-0.474549   0.467682   0.615266
-0.563162   -1.5311   -0.0216297
0.608596   -0.0047478   0.400848
0.135406   -1.4071   -1.96359
-0.226053   0.945749   1.29575
-0.171939   -1.40109   0.360322
-0.382512   -0.431858   -1.26153
-0.16093   -1.46226   0.596452
-1.37573   0.156399   -0.55128
1.61899   0.00359829   0.809077
-0.864835   1.20458   -0.0514421
0.623563   0.957522   -1.72492
-0.835568   -0.180576   -1.94398
0.819675   -0.601411   -0.221098
0.0208116   1.30074   0.0752345
1.55315   0.0544349   -1.28503
-0.778359   0.37684   -0.2647
-0.921112   -0.836932   1.13587
0.784598   0.367991   -0.771071
-0.549816   0.195674   -1.40489
0.15697   -1.77744   1.59096
-0.50021   -0.679649   -0.216714
-0.521921   -0.56603   -0.616648
1.0037   -0.498725   1.64307
-1.07525   0.613892   -0.677596
-0.739846   -1.22429   -0.677866
-0.968309   1.31707   0.466186
-0.491245   0.532411   -0.660774
-0.392312   -0.838201   0.324441
0.295757   1.74096   -1.19248
-0.757537   -0.219383   -0.284879
0.504084   -0.587113   0.226553
-0.435783   1.40999   -0.800535
-0.338118   0.245923   1.19495
0.148423   -2.16083   -0.610909
-0.703213   1.14543   0.549351
0.592972   0.212235   1.3938
-0.591077   -1.3715   -0.402213
0.949958   -0.423217   -0.78176
0.0691065   -0.0026613   -0.334149
0.59919   0.715283   0.953297
-0.214181   -0.460327   -0.789682
0.934103   -1.35155   0.487335
1.07891   -1.18042   -0.0378259
0.875165   0.568428   -1.2935
-0.271584   -0.346497   -1.02562
1.22959   0.349061   -0.386913
1.41953   -1.31089   0.373448
-3.07245   2.13166   0.325242
0.357781   1.3757   0.224928
0.325149   -0.906207   1.73243
-0.0407418   0.339431   0.389243
-1.45658   0.249626   0.395972
0.84318   -1.27884   2.80164
0.0772685   -0.404156   0.234439
-1.21658   -0.344198   0.401906
1.83669   0.68087   -0.215041
0.66463   -0.339288   -0.210071
