30.484 38.537
27.5075 36.3546
25.2583 34.2082
24.507 33.6732
24.2892 32.9747
22.3867 32.6041
21.8882 32.5011
21.5363 31.9066
21.2028 31.1803
20.8076 30.641
20.2579 30.6063
18.6001 30.1221
17.901 30.3685
16.5117 28.8083
16.1844 28.0581
15.8294 27.6507
15.5673 27.2188
15.1117 27.0025
13.7658 26.7184
13.7519 26.309
13.7519 26.1092
13.7519 25.6245
13.7519 25.5546
13.7627 25.1107
13.741 24.9781
13.741 25.264
14.1114 25.6209
13.3969 25.7366
13.3969 25.2762
12.7086 25.6542
12.7086 25.1873
12.3458 25.4612
12.3458 24.2728
12.3044 24.2535
12.3458 24.6154
12.7117 24.8627
12.7117 24.8111
12.7117 25.0004
12.7117 24.5343
12.4031 25.0498
12.3458 24.9904
12.3458 25.1985
12.0372 25.3229
12.0372 24.9687
13.0387 24.2317
13.0387 24.5782
12.7659 25.1931
12.4031 24.8792
12.0372 24.6045
12.4031 25.0254
12.0372 25.1641
12.0294 24.7161
12.0372 24.3218
12.0372 24.464
11.6713 24.2257
11.6635 24.5229
11.6557 24.2562
10.9379 24.4088
11.3038 24.6122
11.3038 24.7288
11.6588 24.272
10.9379 23.9996
10.9379 23.9168
10.9379 23.4789
10.9301 23.3615
10.9301 23.798
10.9301 23.9518
10.9239 23.6934
10.9239 23.9752
10.9239 24.2092
10.9239 23.7948
10.9239 23.3421
10.9239 23.9213
11.6526 24.309
11.685 24.3638
11.2898 24.5469
10.9239 23.9893
11.634 23.5356
11.2898 24.0122
11.2898 24.0904
11.2898 24.1184
10.558 23.8621
11.2898 23.8673
11.2898 23.9301
10.9239 23.7841
10.558 24.1518
10.558 23.8878
10.558 22.9641
10.558 23.3913
10.558 23.3961
10.558 23.4898
10.558 23.8056
10.558 23.9083
10.558 24.2773
10.5658 24.9049
10.5658 24.1704
10.5658 23.7776
10.5658 23.9304
10.5658 23.4767
10.5658 23.6541
10.5658 24.3152
10.5658 24.3427
10.5658 23.6042
10.5658 23.2853
10.5658 23.7436
10.5658 23.5717
10.5658 23.4411
10.9317 23.7338
10.5658 23.5726
10.5658 23.3909
10.5658 24.0407
10.5658 24.1595
10.5658 23.9533
11.2945 23.9298
10.5658 23.813
10.5658 24.0211
10.5658 23.9799
10.5658 23.5074
10.5658 23.8192
10.5381 22.8495
10.5381 23.077
10.5381 23.4537
10.904 23.7371
10.5381 23.4764
10.5381 24.0319
10.5381 23.5188
10.5381 23.839
10.5381 23.7156
10.5381 23.6968
10.5381 23.4931
10.5381 23.7848
10.5381 23.4777
10.5381 23.8959
10.5381 24.2755
10.5381 23.9024
10.5381 23.9245
10.5381 23.1911
10.5381 23.5866
10.5381 23.4811
10.5381 22.7447
10.5381 23.5821
10.5381 24.0988
10.5381 23.4583
10.904 23.7387
11.2483 24.0341
10.8855 23.9598
10.5196 23.7254
10.5196 23.529
10.8855 23.3754
10.8824 23.3736
10.5196 23.6414
10.5196 23.3024
10.8855 23.2908
10.8855 23.6718
10.5552 23.8177
10.5552 23.3306
11.1832 23.3755
10.4838 23.406
10.121 23.268
10.121 23.3737
9.82959 23.0949
9.82959 23.2684
9.82645 23.0793
9.82645 22.4198
9.82645 22.7422
9.82645 22.5392
9.82645 22.476
9.82645 23.3724
9.82645 23.0136
9.82645 23.0573
9.82645 23.3624
9.83426 23.0759
9.47147 23.6144
9.47147 22.4406
9.47147 22.8717
9.47147 22.4735
9.10554 22.5502
9.10554 22.8357
9.10554 22.6836
9.10554 22.3219
9.10554 22.8412
9.10554 22.8928
9.10554 22.9133
9.10554 22.5096
9.07498 22.324
9.07498 22.489
9.07498 22.3157
9.07498 22.8962
9.07498 22.6829
9.07498 22.8147
9.07498 22.5978
9.07498 23.093
9.43777 23.1898
9.44091 22.5269
9.07498 22.7176
9.07498 22.0422
9.07498 22.5035
9.07498 23.1615
9.44091 22.9723
9.45935 22.7733
9.09656 22.172
8.73063 22.6205
8.73063 22.5012
9.09342 22.6797
9.11833 22.7137
9.11833 22.8787
9.11833 23.3633
9.11833 22.7918
9.11833 23.2029
9.11833 23.0395
8.75241 22.2399
8.75241 22.736
8.75241 22.7525
8.75241 22.2253
8.75241 22.3584
9.48112 22.8673
9.11833 22.9929
8.75241 22.3792
8.75241 22.4896
8.75241 22.8285
8.38648 22.6908
8.75241 22.4381
8.38648 22.5151
8.38648 22.8873
8.38648 21.9294
8.38648 22.2319
8.38648 22.3692
8.75241 21.7976
8.42018 22.6464
8.05425 22.8878
8.38648 22.5264
8.38648 22.5822
8.38648 22.6412
8.38648 22.5114
8.38648 22.3922
9.1152 22.2457
8.38648 22.4346
8.38648 22.4932
8.38648 22.23
8.38648 21.6807
8.38648 22.0185
8.38648 22.7289
8.38648 22.4944
8.38648 22.9355
8.38648 21.855
8.75241 21.8608
8.75241 22.3284
8.75241 22.764
8.75241 22.1038
8.75241 22.3664
8.38648 22.1299
9.47018 21.8639
8.38648 22.1927
8.38648 22.0741
8.38648 22.4891
8.38648 22.1306
8.38648 22.5989
8.38648 22.4082
8.38648 21.7903
8.38648 21.3116
8.38648 22.0537
8.38648 21.9618
8.75241 22.0772
8.38648 22.0608
8.75241 22.0978
8.75241 22.1791
8.75241 22.3401
8.75241 22.3425
8.75241 22.1387
8.75241 22.6109
8.05425 22.3713
8.42018 22.5508
8.0898 22.5477
8.0898 22.0259
8.45259 22.6223
8.0898 22.2485
7.72387 21.9087
7.72387 21.7993
7.72387 21.5572
7.72387 21.2145
8.0898 21.5228
7.72387 21.952
7.72387 21.8351
7.72387 21.9466
8.0898 21.7502
8.0898 22.3371
8.0898 21.7608
8.0898 22.0583
8.0898 21.8387
7.72387 21.4269
7.72701 21.0632
7.72387 22.8026
7.72387 21.8101
7.72387 21.0535
7.72387 21.8326
7.72387 22.4018
7.72387 21.6196
7.72387 20.8924
7.72387 21.7676
7.72387 21.6031
7.72387 21.9934
8.0898 22.0001
8.0898 22.3945
7.72387 22.1228
7.72387 21.8969
7.72387 22.0757
7.72387 22.2404
7.72387 21.6042
7.72387 21.242
8.45259 22.325
7.72387 21.9613
7.72387 22.3522
8.0898 21.8795
8.0898 22.6261
8.0898 22.2196
8.0898 22.0262
8.0898 22.2261
7.72387 22.1779
8.0898 22.1025
8.0898 22.1486
7.72387 21.8699
7.72387 21.7439
7.72387 21.3982
7.72387 21.4476
7.72387 21.6207
7.72387 21.7055
8.0898 21.8115
7.72387 22.531
7.72387 21.7132
7.72387 22.1329
7.72387 21.2939
8.07896 21.7619
7.72387 21.9836
9.14089 21.9313
7.35795 22.2444
8.07896 21.5848
7.35795 21.8837
7.35795 21.6791
7.35795 21.712
7.35795 21.402
7.35795 21.6187
7.35795 21.1443
7.35795 21.5555
7.72387 21.3185
7.72387 21.8309
7.72387 22.0749
8.07886 21.8483
8.07886 22.0478
7.71293 21.9405
7.35795 21.9429
7.35795 21.7894
7.35795 21.7432
7.35795 21.9893
7.35795 22.0103
7.35795 21.2295
7.35795 20.5792
7.35795 21.3274
7.35795 21.1476
7.72387 21.8619
7.72387 22.0234
8.44164 22.0402
8.44164 21.6791
7.72387 21.8124
7.72387 21.5703
7.35795 21.9675
7.72387 21.8076
7.71607 22.2677
7.71607 21.8481
7.71607 21.5123
7.35014 21.0866
7.71607 21.035
7.71607 21.7281
7.71607 21.8823
7.35014 21.2749
7.71607 22.1413
7.71607 21.6788
8.07886 22.1928
7.35014 22.0617
7.35014 21.715
7.71607 21.2295
8.07886 21.7782
7.71607 21.6169
7.71607 21.6658
7.71607 22.2378
7.71607 22.0079
7.35795 21.5696
7.35795 21.4454
7.72387 21.8586
8.44164 22.2992
7.71607 21.9098
7.71607 21.718
8.08199 22.0061
8.08199 21.88
7.71607 21.8807
7.71607 22.375
7.71607 21.5959
8.08199 21.4229
7.71607 21.9269
7.7021 21.8143
7.7021 22.0412
7.7021 21.3651
7.7021 21.3939
7.7021 21.7948
8.06802 22.5059
8.06802 21.981
8.06802 22.1886
7.7021 21.6704
8.06802 21.6429
7.7021 21.8755
7.7021 21.9233
7.7021 21.5396
7.7021 22.3739
7.7021 21.3544
7.7021 21.696
7.7021 21.8673
7.7021 21.7864
7.7021 21.7215
7.7021 21.6406
8.06802 21.7781
8.06802 22.0461
8.43081 21.7443
8.43081 22.4939
7.7021 22.2265
7.7099 22.1247
7.7021 21.8772
7.7021 21.8242
7.7021 21.6667
8.06802 22.0894
7.7021 22.5314
7.7021 21.2199
7.7021 21.5313
8.42768 21.4816
7.7021 22.5575
7.7021 22.0708
7.7021 21.9707
7.7021 21.5557
7.7021 21.0737
7.36108 21.1935
7.36108 21.2728
7.36108 21.8079
7.72387 22.0727
7.0061 21.1888
7.36889 22.0169
6.64017 21.26
6.64017 21.0358
6.64017 20.1194
6.64017 20.8995
6.64017 20.9297
6.64017 20.743
6.64017 20.942
6.64017 21.2309
6.64017 20.66
7.0061 20.9906
7.0061 21.7271
7.0061 21.0231
6.64017 21.6377
6.64017 20.4499
6.64017 21.1252
6.64017 20.686
6.64017 20.7949
6.64017 20.8648
6.64017 20.6849
6.64017 20.6476
6.64017 20.7407
6.64017 20.9094
6.64017 21.4278
6.64017 21.2654
6.64017 20.625
6.64017 20.362
6.64017 20.5364
6.64017 20.8815
7.0061 21.4101
6.64017 21.4464
6.64017 21.1092
6.64017 21.8888
6.64017 21.1273
6.64017 20.4699
6.64017 20.9002
6.64017 21.0261
6.64017 20.4429
6.64017 20.7833
6.64017 20.5485
6.64017 20.7879
6.64017 21.2751
6.64017 21.3503
6.64017 20.5545
6.64017 20.9968
6.64017 21.6485
6.64017 21.3864
6.64017 21.1651
6.64017 20.4879
6.64017 21.4006
6.64017 20.9986
6.64017 21.7774
6.64017 20.7545
6.64017 21.0937
6.64017 20.8796
7.0061 21.4085
7.0061 21.5023
7.36889 20.7835
7.0061 20.8864
7.0061 21.2286
7.0061 21.1694
6.64017 21.6588
6.64017 20.7784
6.64017 20.8663
6.64017 20.8129
6.64017 21.4563
6.64017 21.1557
6.64017 21.0969
7.0061 20.6056
7.0061 21.204
6.64017 20.9811
6.64017 21.1619
6.64017 20.7015
6.64017 20.8415
6.64017 21.0897
6.64017 20.806
7.00296 20.6077
6.27425 20.9284
6.27425 20.8999
6.27425 20.4553
6.64017 20.9362
6.27425 21.4352
6.27425 20.9829
6.27425 21.1042
6.64017 21.5057
6.64017 21.6599
6.27425 21.3223
6.64017 21.2959
6.27425 21.3464
6.64017 20.9966
6.64017 20.8605
6.64017 20.4575
6.27425 20.887
6.64017 21.2093
6.64017 21.0823
6.64017 21.0409
6.27425 21.0628
6.27425 21.2704
6.27425 20.9007
6.27425 20.7449
6.27425 21.0398
6.27425 20.7476
6.27425 20.4499
6.27425 20.8376
6.27425 21.0159
6.27425 20.3853
6.27425 20.9329
6.27425 20.6455
6.27425 20.627
6.27425 20.58
6.27425 21.0934
6.27425 20.7726
6.27425 21.018
6.27425 21.0796
6.27425 21.1069
6.27425 20.8965
6.64017 21.3259
6.27425 21.3235
6.27425 21.2595
6.27425 21.5784
6.27425 20.9034
6.27425 21.3246
6.27425 20.9364
6.27425 21.1448
6.27425 20.9835
6.27425 21.152
6.27425 20.4994
6.27425 20.1919
6.27425 21.043
6.27425 21.0492
6.27425 21.5958
6.27425 20.6871
6.27425 21.2841
6.27425 20.6089
6.27425 20.7954
6.27425 20.435
6.27425 20.4593
6.27425 20.5717
6.27425 20.6923
7.00296 20.4871
6.64017 21.2462
6.64017 20.9072
6.64017 20.9811
6.64017 21.0005
6.64017 21.2318
6.64017 21.0248
6.27425 20.8049
6.27425 20.8419
6.27425 20.3946
6.27425 20.6714
6.27425 20.3289
6.64017 20.7482
6.27425 21.3318
6.99983 21.5856
6.99983 21.0197
6.99983 20.9116
6.27425 21.0438
6.27425 20.3824
6.27425 20.2727
6.27425 20.5506
6.27425 21.2474
6.27425 20.6507
6.27425 20.4393
6.64017 20.7206
6.27425 20.7233
6.27425 21.3817
6.27425 21.272
6.27425 20.7316
6.27425 21.3357
6.64017 21.1414
6.27425 20.7154
6.64017 21.0658
7.00296 21.6145
6.64017 21.4055
6.64017 21.485
6.27425 20.6232
6.27425 20.4397
6.27425 20.625
6.64017 21.1305
6.99983 21.3554
7.00296 21.5357
6.27425 21.408
6.27425 21.5772
6.27425 21.1735
6.64017 20.9054
6.64017 21.1776
6.27425 20.8195
6.27425 21.5957
6.27425 20.9382
6.27425 20.9168
6.27425 20.8634
6.27425 20.2456
6.27425 20.2463
6.27425 19.8514
6.27425 20.3784
6.27425 20.7423
6.27425 20.756
6.27425 20.7426
6.27425 20.8017
6.27425 20.754
6.27425 20.7745
6.64017 20.4091
6.64017 20.491
6.27425 21.2385
6.27425 20.5861
6.27425 20.6547
6.27425 20.6369
6.27425 20.8049
6.27425 20.9016
6.27425 20.6386
6.27425 20.7724
6.27425 20.6182
6.27425 20.3116
6.27425 20.591
6.27425 21.2173
6.27425 20.9208
6.27425 21.4891
6.27425 20.8031
6.27425 20.8005
6.27425 20.8243
6.27425 20.4086
6.27425 21.3303
6.64017 20.8443
6.27425 21.231
6.27425 20.8413
6.27425 20.8035
6.27425 21.3248
6.27425 20.7027
6.64017 20.7231
6.27425 21.5543
6.64017 21.482
6.27425 20.8186
6.27425 20.5194
6.27425 21.2544
6.27425 20.8209
6.27425 20.4615
6.27425 20.5155
6.27425 20.3638
6.27425 21.0647
6.27425 20.9772
6.27425 21.0815
6.27425 21.2526
6.27425 21.1896
6.27425 20.7629
6.27425 20.8299
6.64017 21.2449
6.27425 21.7482
6.27425 20.3445
6.64017 21.1264
6.27425 20.8183
6.64017 21.1789
6.64017 20.954
6.64017 21.1417
6.27425 20.7073
6.64017 21.2892
6.27425 21.0006
7.35795 21.0507
6.27425 21.2444
6.27425 20.8056
6.27425 20.5691
6.27425 20.4556
6.27425 20.6248
6.27425 20.499
6.27425 20.5864
6.27425 20.4378
6.27425 20.7232
6.27425 21.2461
6.27425 20.9202
6.27425 20.9778
7.0061 21.3814
6.27425 21.3147
6.64017 21.4032
6.27425 21.6124
6.27425 21.0142
6.27425 21.2054
6.27425 20.8892
6.27425 20.9794
7.00296 21.4884
6.64017 21.0526
6.64017 20.856
7.00296 20.6084
6.27425 21.1616
6.27425 20.8148
6.27425 20.4228
6.27425 20.528
6.27425 21.0508
6.27425 21.2812
6.27425 20.8943
6.27425 20.2324
6.27425 20.5907
6.27425 21.0313
6.27425 20.6524
6.27425 19.8582
6.27425 19.8577
6.27425 20.7573
6.64017 20.9023
6.64017 21.1895
6.64017 21.2618
6.64017 21.2881
6.64017 20.952
6.64017 20.6114
6.27425 21.0774
6.27425 20.8512
6.27425 20.6006
6.64017 20.9254
6.64017 21.292
6.27425 21.0133
6.27425 21.3461
6.27425 21.2989
6.27425 20.5235
6.27425 20.4541
6.27425 20.6922
6.27425 20.8898
6.27425 20.5406
6.64017 21.2409
6.64017 21.3772
6.64017 20.9187
7.00296 20.8748
6.27425 20.5271
6.64017 20.848
6.64017 20.9779
6.27425 21.0367
6.27425 21.176
6.27425 20.765
6.27425 21.2702
6.27425 20.9499
6.27425 21.4215
6.27425 21.1675
6.27425 20.3107
6.27425 20.8383
6.27425 20.537
6.27425 20.4048
6.64017 20.3866
6.64017 20.9638
6.27425 20.7285
6.64017 20.6069
6.27425 20.8428
7.00296 21.5204
6.64017 21.1198
6.27425 21.2228
6.27425 21.2529
6.27425 21.4634
6.27425 21.1485
6.27425 20.2277
6.27425 20.9616
6.27425 20.7937
6.27425 20.5864
7.00296 20.4631
6.27425 21.4322
6.27425 21.3378
6.64017 20.2559
7.00296 21.4262
7.00296 20.881
7.35795 21.0624
6.64017 20.8866
6.64017 20.9092
6.27425 21.1249
6.64017 21.2187
6.27425 21.0488
6.27425 20.9289
6.27425 21.3686
6.27425 21.6445
6.27425 21.2601
6.27425 20.7229
6.27425 21.0568
6.27425 21.0388
6.27425 20.6666
6.64017 21.0706
6.64017 21.2608
6.64017 21.1745
6.27425 20.8463
6.64017 21.2086
6.64017 21.2739
6.27425 20.9033
6.64017 20.8171
6.64017 21.6946
6.27425 21.6337
6.27425 20.8623
6.27425 20.9222
6.27425 20.4469
6.27425 20.6693
6.27425 20.5557
7.00296 21.0218
7.00296 21.125
6.27425 21.0188
7.35795 20.5333
6.27425 21.3736
6.27425 21.219
6.64017 20.6499
6.27425 20.4485
6.27425 20.9666
6.27425 21.198
6.27425 20.9306
6.27425 20.548
6.27425 20.5275
6.64017 21.0602
6.27425 21.4681
6.64017 21.0082
6.27425 20.6948
6.99983 21.6188
6.27425 20.7006
6.27425 20.8169
6.27425 20.4692
6.27425 20.8077
6.27425 20.5586
6.27425 20.3597
6.27425 20.3011
6.27425 21.0924
7.00296 20.4265
6.27425 20.7058
6.27425 20.6699
6.27425 20.8992
6.27425 21.2233
6.27425 21.1527
6.99983 20.7893
6.27425 21.1421
6.27425 21.7159
7.35795 21.1842
6.64017 21.5627
6.64017 21.3424
6.27425 21.3157
6.27425 21.2853
6.64017 21.1046
6.64017 20.8874
6.64017 20.9493
6.64017 20.6283
6.64017 20.9552
6.64017 20.8051
6.64017 21.2926
7.36575 22.164
6.64017 21.2969
7.0061 21.0759
7.0061 21.4598
7.0061 21.5207
7.0061 21.6444
6.64017 21.6596
6.64017 21.4676
6.64017 20.8129
6.64017 21.4916
6.64017 20.8191
6.64017 20.9449
6.64017 21.2731
6.64017 20.9448
6.64017 21.0346
6.64017 21.3978
6.64017 20.9893
7.00296 20.7062
7.00296 21.2276
7.00296 21.623
7.00296 21.0346
7.36889 21.6696
7.00296 21.4294
7.00296 21.0581
7.00296 21.1491
7.00296 21.8021
7.36889 21.5073
7.00296 21.7109
7.00296 21.4571
7.00296 21.1974
7.00296 21.1498
7.00296 20.7664
7.36889 21.585
7.36889 21.5152
7.36889 21.4815
7.36889 21.6784
7.36889 21.1751
7.36889 21.9564
7.36889 21.44
8.0976 21.5001
7.36889 21.8294
7.36889 21.6649
8.07896 21.6015
7.36889 21.9018
7.73481 21.133
7.73481 21.5733
7.73481 21.5082
7.73481 21.7319
7.73481 21.4869
7.36889 21.733
7.36889 21.4
7.36889 21.3866
7.36889 21.5725
7.36889 21.4668
7.36889 21.8098
7.36889 20.903
7.36889 21.1965
7.36889 21.4038
7.36889 21.7368
7.36889 21.2059
7.36889 21.6467
7.73168 21.6567
7.36889 21.5213
7.36889 21.0439
7.73168 21.103
7.73168 21.665
7.36889 21.5061
7.36889 21.4399
7.36889 21.1357
7.36889 21.8565
7.73481 21.434
8.43862 22.1057
8.43862 22.0745
8.0976 22.2171
7.36889 22.1495
7.36889 21.9471
7.36889 21.8877
7.36889 21.6354
7.36889 20.8398
7.36889 20.6333
8.0976 21.4701
7.73481 22.1697
7.36889 21.5941
7.00296 21.8798
7.36889 21.3409
7.36889 21.3702
7.00296 21.0401
7.00296 21.4204
7.00296 21.156
7.36108 21.4305
7.36108 21.4716
8.0898 21.5307
8.07269 21.8661
7.73168 21.7705
7.00296 21.2389
7.00296 21.3168
7.00296 20.9074
7.00296 21.4568
7.00296 21.7792
7.00296 21.3351
7.36889 21.5958
7.00296 21.5954
7.71304 21.3764
7.00296 21.2178
7.00296 21.3914
7.00296 21.4616
7.00296 21.5609
7.00296 21.5707
7.00296 22.1002
7.00296 21.7801
7.00296 21.8859
7.00296 21.1959
7.00296 21.2076
7.00296 21.3742
7.00296 21.4445
6.64017 21.4827
6.64017 21.3399
6.64017 21.223
6.64017 21.2286
6.64017 21.1425
6.64017 21.7203
6.64017 20.7734
6.64017 21.5792
6.64017 20.5687
6.64017 20.7133
6.64017 20.6056
7.0061 21.3642
7.0061 21.1476
7.00296 21.6798
6.27425 21.7644
6.27425 20.9297
6.27425 20.9179
6.27425 20.9394
6.27425 20.6039
6.27425 21.0202
6.27425 21.0058
6.27425 21.0628
6.27425 20.1979
6.27425 20.5697
6.27425 21.2566
6.27425 20.5271
7.00296 20.9069
6.27425 21.1002
6.27425 21.5866
6.27425 21.1721
6.64017 20.8158
6.64017 21.1334
6.64017 20.4974
6.64017 20.8215
6.64017 21.1391
6.27425 21.0696
6.27425 21.2452
6.27425 20.8848
6.27425 20.9267
7.00296 21.1805
6.27425 21.2076
6.64017 20.9549
6.64017 21.1898
6.64017 21.1366
6.64017 20.8148
6.64017 20.8982
6.64017 20.4541
6.27425 21.1033
6.27425 20.9176
6.27425 20.9094
6.27425 20.2317
6.27425 20.8541
6.64017 21.5195
6.27425 21.1022
6.27425 20.5817
6.27425 20.8901
6.27425 20.6986
6.27425 20.7244
6.64017 21.1302
6.27425 21.0428
6.64017 21.5694
6.64017 21.0156
6.64017 21.1732
6.64017 21.2201
6.64017 21.2977
6.64017 21.4241
6.27425 20.8835
6.27425 20.7302
6.27425 19.9808
6.27425 20.4324
6.27425 20.6221
6.27425 20.2
6.27425 21.1115
6.27425 20.3929
6.27425 21.1706
6.27425 21.12
7.00296 21.0324
6.64017 20.599
6.64017 21.3272
6.64017 21.261
6.64017 21.2599
6.27425 21.0603
6.27425 20.1999
6.27425 20.6241
6.64017 20.8885
6.64017 20.6395
6.64017 21.3601
6.27425 20.9123
6.27425 21.1764
6.27425 20.748
6.27425 20.2268
6.27425 20.7116
6.27425 20.83
6.27425 21.0039
6.27425 21.1458
6.27425 21.2438
6.27425 20.7476
6.27425 20.7014
7.00296 21.0981
7.00296 20.8866
6.27425 21.4057
7.0061 20.9685
6.99983 21.3528
7.0061 21.6479
6.64017 22.0283
6.64017 21.3628
6.64017 20.9732
6.64017 20.9402
6.64017 21.2842
6.64017 21.3398
6.64017 21.3021
6.64017 20.923
6.64017 21.5451
6.64017 20.974
6.64017 20.5998
7.0061 20.8969
7.0061 21.3123
7.0061 21.6911
7.0061 21.2691
7.0061 20.5881
7.0061 21.0071
7.0061 20.6587
7.0061 21.2845
7.0061 21.6152
7.0061 21.7131
7.0061 21.5145
7.0061 20.9441
7.0061 21.316
7.0061 20.9202
7.0061 20.9525
7.0061 20.6468
7.0061 20.7383
7.0061 20.8046
7.37202 21.1232
7.37202 21.3599
7.37202 21.4433
7.0061 21.2826
7.0061 21.3509
7.0061 21.5396
7.0061 21.7355
7.0061 20.9285
7.0061 21.8184
7.0061 21.7705
7.0061 21.4668
7.0061 21.4862
7.0061 21.259
7.37202 21.5959
7.37202 21.8861
7.0061 21.6226
7.0061 21.6118
7.0061 21.9237
7.37202 21.3715
7.37202 21.3614
7.0061 20.6772
7.36889 21.4179
7.36889 21.2271
7.0061 21.5639
7.0061 20.8607
7.0061 20.6253
7.0061 21.4377
7.0061 22.2292
7.0061 21.7243
7.0061 21.1313
7.0061 21.0304
7.0061 21.2459
7.0061 21.4727
7.0061 21.2254
7.0061 21.8296
7.0061 21.4385
7.0061 21.0006
7.0061 20.7522
7.0061 20.5272
7.0061 21.3418
7.0061 20.8724
7.0061 21.5871
7.0061 21.1565
7.0061 21.3761
7.0061 21.2454
7.0061 21.068
7.0061 21.3164
7.0061 20.9421
7.0061 21.3018
7.0061 21.6387
7.0061 21.3512
7.0061 21.6069
7.0061 21.0253
7.0061 20.7178
7.0061 21.0306
7.0061 21.0216
7.0061 21.3902
7.0061 22.0496
7.0061 21.6406
7.36889 21.7786
7.36889 22.2386
7.73168 21.4553
7.73168 21.0946
7.73168 21.693
7.36889 21.459
7.73481 21.5675
7.73481 21.5655
7.73481 22.4279
7.36889 21.3812
7.36889 22.1191
7.36889 21.7065
7.36889 21.3144
7.36889 21.4927
7.36889 21.7372
7.36889 21.2206
7.36889 21.0352
7.36889 20.9681
7.36889 21.666
7.36889 21.7206
7.36889 21.5942
7.36889 20.9021
