           1    -5.03501    -5.03501           0
           2    -5.03509    -5.03505 2.86741e-05
           3     -5.0585    -5.04286  0.00638367
           4    -5.01126    -5.03496  0.00835185
           5    -5.02265     -5.0325  0.00703517
           6    -5.01793    -5.03007  0.00626759
           7    -5.06926    -5.03567  0.00746514
           8    -5.04423    -5.03674  0.00660829
           9    -5.02309    -5.03522  0.00604554
          10    -5.04315    -5.03602  0.00549262
          11    -5.04453    -5.03679  0.00504748
          12    -5.05406    -5.03823  0.00482775
          13    -5.05138    -5.03924  0.00456117
          14    -5.04425     -5.0396  0.00424938
          15    -5.03992    -5.03962  0.00396614
          16    -5.04801    -5.04015  0.00375279
          17    -5.03691    -5.03996  0.00353685
          18    -5.05053    -5.04054   0.0033888
          19    -5.03663    -5.04034  0.00321671
          20    -5.04445    -5.04054  0.00306243
          21    -5.02337    -5.03972  0.00302383
          22    -5.03804    -5.03965  0.00288735
          23    -5.02162    -5.03886  0.00286628
          24    -5.03547    -5.03872  0.00275034
          25    -5.04671    -5.03904  0.00265881
          26    -5.02363    -5.03845  0.00262176
          27    -5.03835    -5.03845  0.00252466
          28    -5.04601    -5.03872  0.00244892
          29    -5.04775    -5.03903  0.00238422
          30    -5.04091    -5.03909  0.00230557
          31    -5.01954    -5.03846  0.00231584
          32    -5.03012     -5.0382   0.0022581
          33    -5.04404    -5.03838   0.0021966
          34      -5.048    -5.03866  0.00215018
          35    -5.03524    -5.03856  0.00209097
          36    -5.02728    -5.03825  0.00205625
          37    -5.06005    -5.03884   0.0020834
          38     -5.0597    -5.03939  0.00209966
          39     -5.0399     -5.0394  0.00204586
          40    -5.04226    -5.03947  0.00199597
          41    -5.03376    -5.03933  0.00195213
          42    -5.02388    -5.03896  0.00194003
          43    -5.03545    -5.03888  0.00189663
          44    -5.02165    -5.03849  0.00189354
          45    -5.04142    -5.03856  0.00185258
          46    -5.03506    -5.03848  0.00181387
          47    -5.06546    -5.03905  0.00186388
          48      -5.055    -5.03939  0.00185442
          49    -5.03479    -5.03929  0.00181895
          50    -5.03795    -5.03926  0.00178277
