0           0           0
0.00284996           0           0
0.00569992           0           0
0.00854988           0           0
0.0113998           0           0
0.0142498           0           0
0.0170998           0           0
0.0199497           0           0
0.0227997           0           0
0.0256496           0           0
0.0284996           0           0
0.0313496           0           0
0.0341995           0           0
0.0370495           0           0
0.0398994           0           0
0.0427494           0           0
0.0455994           0           0
0.0484493           0           0
0.0512993           0           0
0.0541492           0           0
0.0569992           0           0
0.0598492           0           0
0.0626991           0           0
0.0655491           0           0
0.068399           0           0
0.071249           0           0
0.074099           0           0
0.0769489           0           0
0.0797989           0           0
0.0826488           0           0
0.0854988           0           0
0.0883488           0           0
0.0911987           0           0
0.0940487           0           0
0.0968986           0           0
0.0997486           0           0
0.102599           0           0
0.105449           0           0
0.108298           0           0
0.111148           0           0
0.113998           0           0
0.116848           0           0
0.119698           0           0
0.122548           0           0
0.125398           0           0
0.128248           0           0
0.131098           0           0
0.133948           0           0
0.136798           0           0
0.139648           0           0
0.142498           0           0
0.145348           0           0
0.148198           0           0
0.151048           0           0
0.153898           0           0
0.156748           0           0
0.159598           0           0
0.162448           0           0
0.165298           0           0
0.168148           0           0
0.170998           0           0
0.173848           0           0
0.176698           0           0
0.179547           0           0
0.182397           0           0
0.185247           0           0
0.188097           0           0
0.190947           0           0
0.193797           0           0
0.196647           0           0
0.199497           0           0
0.202347           0           0
0.205197           0           0
0.208047           0           0
0.210897           0           0
0.213747           0           0
0.216597           0           0
0.219447           0           0
0.222297           0           0
0.225147           0           0
0.227997           0           0
0.230847           0           0
0.233697           0           0
0.236547           0           0
0.239397           0           0
0.242247           0           0
0.245097           0           0
0.247947           0           0
0.250796           0           0
0.253646           0           0
0.256496           0           0
0.259346           0           0
0.262196           0           0
0.265046           0           0
0.267896           0           0
0.270746           0           0
0.273596           0           0
0.276446           0           0
0.279296           0           0
0.282146           0           0
0.284996           0           0
0.287846           0           0
0.290696           0           0
0.293546           0           0
0.296396           0           0
0.299246           0           0
0.302096           0           0
0.304946           0           0
0.307796           0           0
0.310646           0           0
0.313496           0           0
0.316346           0           0
0.319196           0           0
0.322045           0           0
0.324895           0           0
0.327745           0           0
0.330595           0           0
0.333445           0           0
0.336295           0           0
0.339145           0           0
0.341995           0           0
0.344845           0           0
0.347695           0           0
0.350545           0           0
0.353395           0           0
0.356245           0           0
0.359095           0           0
0.361945           0           0
0.364795           0           0
0.367645           0           0
0.370495           0           0
0.373345           0           0
0.376195           0           0
0.379045           0           0
0.381895           0           0
0.384745           0           0
0.387595           0           0
0.390445           0           0
0.393294           0           0
0.396144           0           0
0.398994           0           0
0.401844           0           0
0.404694           0           0
0.407544           0           0
0.410394           0           0
0.413244           0           0
0.416094           0           0
0.418944           0           0
0.421794           0           0
0.424644           0           0
0.427494           0           0
0.430344           0           0
0.433194           0           0
0.436044           0           0
0.438894           0           0
0.441744           0           0
0.444594           0           0
0.447444           0           0
0.450294           0           0
0.453144           0           0
0.455994           0           0
0.458844           0           0
0.461694           0           0
0.464543           0           0
0.467393           0           0
0.470243           0           0
0.473093           0           0
0.475943           0           0
0.478793           0           0
0.481643           0           0
0.484493           0           0
0.487343           0           0
0.490193           0           0
0.493043           0           0
0.495893           0           0
0.498743           0           0
0.501593           0           0
0.504443           0           0
0.507293           0           0
0.510143           0           0
0.512993           0           0
0.515843           0           0
0.518693           0           0
0.521543           0           0
0.524393           0           0
0.527243           0           0
0.530093           0           0
0.532943           0           0
0.535792           0           0
0.538642           0           0
0.541492           0           0
0.544342           0           0
0.547192           0           0
0.550042           0           0
0.552892           0           0
0.555742           0           0
0.558592           0           0
0.561442           0           0
0.564292           0           0
0.567142           0           0
0.569992           0           0
0.572842           0           0
0.575692           0           0
0.578542           0           0
0.581392           0           0
0.584242           0           0
0.587092           0           0
0.589942           0           0
0.592792           0           0
0.595642           0           0
0.598492           0           0
0.601342           0           0
0.604192           0           0
0.607041           0           0
0.609891           0           0
0.612741           0           0
0.615591           0           0
0.618441           0           0
0.621291           0           0
0.624141           0           0
0.626991           0           0
0.629841           0           0
0.632691           0           0
0.635541           0           0
0.638391           0           0
0.641241           0           0
0.644091           0           0
0.646941           0           0
0.649791           0           0
0.652641           0           0
0.655491           0           0
0.658341           0           0
0.661191           0           0
0.664041           0           0
0.666891           0           0
0.669741           0           0
0.672591           0           0
0.67544           0           0
0.67829           0           0
0.68114           0           0
0.68399           0           0
0.68684           0           0
0.68969           0           0
0.69254           0           0
0.69539           0           0
0.69824           0           0
0.70109           0           0
0.70394           0           0
0.70679           0           0
0.70964           0           0
0.71249           0           0
0.71534           0           0
0.71819           0           0
0.72104           0           0
0.72389           0           0
0.72674           0           0
0.72959           0           0
0.73244           0           0
0.73529           0           0
0.73814           0           0
0.74099           0           0
0.74384           0           0
0.746689           0           0
0.749539           0           0
0.752389           0           0
0.755239           0           0
0.758089           0           0
0.760939           0           0
0.763789           0           0
0.766639           0           0
0.769489           0           0
0.772339           0           0
0.775189           0           0
0.778039           0           0
0.780889           0           0
0.783739           0           0
0.786589           0           0
0.789439           0           0
0.792289           0           0
0.795139           0           0
0.797989           0           0
0.800839           0           0
0.803689           0           0
0.806539           0           0
0.809389           0           0
0.812239           0           0
0.815089           0           0
0.817938           0           0
0.820788           0           0
0.823638           0           0
0.826488           0           0
0.829338           0           0
0.832188           0           0
0.835038           0           0
0.837888           0           0
0.840738           0           0
0.843588           0           0
0.846438           0           0
0.849288           0           0
0.852138           0           0
0.854988           0           0
0.857838 1.75083e-05 1.73324e-05
0.860688 8.69639e-06 8.60899e-06
0.863538 2.59175e-05 1.89669e-05
0.866388 6.86602e-05 3.29283e-05
0.869238 5.11586e-05 1.95922e-05
0.872088 0.000118592 4.79784e-05
0.874938 0.000109406 3.32614e-05
0.877788 0.000334456 7.93233e-05
0.880638 0.000473525 8.71373e-05
0.883488 0.000701593 9.64346e-05
0.886338  0.00121377 0.000143442
0.889187  0.00182531  0.00022054
0.892037  0.00271244 0.000218839
0.894887  0.00374112 0.000247519
0.897737  0.00607582 0.000307346
0.900587  0.00739592 0.000355782
0.903437    0.011107  0.00040376
0.906287   0.0140811 0.000455021
0.909137   0.0194188 0.000651356
0.911987   0.0254954 0.000733939
0.914837   0.0336903 0.000740314
0.917687    0.044048 0.000793222
0.920537   0.0560718  0.00102025
0.923387   0.0691559  0.00109725
0.926237   0.0875312  0.00125518
0.929087    0.105412  0.00159316
0.931937     0.12771  0.00135292
0.934787    0.154705  0.00169993
0.937637    0.184214  0.00188311
0.940487    0.216431  0.00196628
0.943337    0.249626   0.0021977
0.946187    0.288895  0.00216299
0.949037     0.34097  0.00242901
0.951887    0.385298  0.00275298
0.954737    0.436833  0.00301955
0.957587    0.491433  0.00332493
0.960436    0.551702  0.00379367
0.963286    0.610896  0.00334369
0.966136     0.68193  0.00334549
0.968986    0.746684  0.00382059
0.971836    0.821654  0.00474108
0.974686    0.893092  0.00347143
0.977536    0.967158  0.00500396
0.980386     1.04283  0.00347692
0.983236     1.12619  0.00560389
0.986086     1.19153  0.00601589
0.988936      1.2754  0.00474647
0.991786      1.3561  0.00469416
0.994636     1.42928  0.00451548
0.997486     1.49946  0.00475577
1.00034      1.5798  0.00571246
1.00319      1.6571  0.00599858
1.00604     1.73746   0.0064437
1.00889     1.79739  0.00548991
1.01174     1.87856  0.00486242
1.01459     1.93754  0.00576837
1.01744     2.00079  0.00601936
1.02029     2.05389   0.0056399
1.02314     2.11546  0.00602271
1.02599     2.16217  0.00548966
1.02884     2.21641  0.00625592
1.03169      2.2653  0.00516865
1.03454       2.314  0.00532532
1.03739     2.34992  0.00619169
1.04024      2.3763  0.00743222
1.04309     2.42472  0.00618026
1.04594     2.44557  0.00604643
1.04879     2.47382  0.00614282
1.05164     2.49831  0.00566804
1.05449      2.5175  0.00671426
1.05734     2.54019  0.00615322
1.06019     2.55252  0.00458452
1.06304     2.57878  0.00606865
1.06589     2.57468  0.00511782
1.06873     2.57264  0.00588597
1.07158     2.58311  0.00556658
1.07443     2.57948  0.00562151
1.07728     2.57401  0.00610862
1.08013     2.57989  0.00516863
1.08298     2.58272  0.00608034
1.08583     2.56747  0.00702431
1.08868     2.55653  0.00566042
1.09153     2.54991  0.00488184
1.09438     2.53028  0.00520462
1.09723     2.52322  0.00560679
1.10008     2.50456  0.00626759
1.10293     2.49572  0.00498532
1.10578     2.46699  0.00481373
1.10863      2.4563  0.00465049
1.11148     2.43437  0.00587103
1.11433     2.41575  0.00479892
1.11718     2.38402  0.00576384
1.12003     2.36655  0.00565573
1.12288     2.34322  0.00527333
1.12573     2.32441  0.00581323
1.12858     2.29887  0.00589851
1.13143     2.27944  0.00512137
1.13428      2.2448  0.00490933
1.13713     2.22353  0.00523987
1.13998     2.20256  0.00420655
1.14283     2.17314   0.0046594
1.14568     2.15882  0.00644074
1.14853     2.13846   0.0053398
1.15138     2.09687  0.00494196
1.15423     2.07051  0.00489165
1.15708     2.04809  0.00438979
1.15993     2.01464  0.00432371
1.16278     2.00006   0.0046628
1.16563     1.97354  0.00486054
1.16848     1.94778  0.00529822
1.17133     1.92534  0.00479318
1.17418      1.9102  0.00403006
1.17703      1.8776  0.00487453
1.17988     1.84736  0.00454938
1.18273     1.82241  0.00446609
1.18558      1.8027  0.00422921
1.18843     1.77428  0.00400041
1.19128     1.75137  0.00377259
1.19413     1.72607  0.00465049
1.19698      1.7077  0.00393583
1.19983     1.69104  0.00368256
1.20268     1.66621  0.00376692
1.20553     1.64225  0.00373066
1.20838     1.60996  0.00389134
1.21123     1.60184  0.00406371
1.21408     1.57702  0.00382701
1.21693     1.55718  0.00469111
1.21978     1.53485  0.00334378
1.22263     1.51706  0.00361049
1.22548     1.49785  0.00415234
1.22833     1.48428  0.00428828
1.23118     1.45734  0.00294445
1.23403     1.44503  0.00332046
1.23688     1.41291   0.0039678
1.23973     1.40475  0.00344607
1.24258     1.39532  0.00367427
1.24543     1.36664  0.00335967
1.24828     1.35413   0.0030131
1.25113     1.33529  0.00344725
1.25398     1.32081  0.00346344
1.25683     1.30431  0.00367086
1.25968     1.28903  0.00403463
1.26253     1.26867   0.0038578
1.26538     1.26024  0.00297471
1.26823     1.24251  0.00308087
1.27108     1.22244  0.00377551
1.27393     1.21078  0.00363781
1.27678     1.19812  0.00350254
1.27963     1.18467  0.00353165
1.28248     1.17436  0.00300213
1.28533      1.1628  0.00308638
1.28818     1.14957  0.00352435
1.29103     1.13869  0.00296084
1.29388     1.12414  0.00293482
1.29673     1.10705  0.00258379
1.29958     1.09698  0.00318099
1.30243       1.088  0.00258792
1.30528     1.07762  0.00272602
1.30813     1.06198  0.00277338
1.31098     1.05493  0.00293247
1.31383     1.04657  0.00305591
1.31668     1.03274  0.00375956
1.31953     1.02273  0.00321113
1.32238     1.01023  0.00286148
1.32523     1.00306  0.00248805
1.32808    0.991208  0.00322286
1.33093    0.984442  0.00273121
1.33378    0.971231  0.00275616
1.33663    0.968679  0.00263865
1.33948     0.95445  0.00286154
1.34233    0.946604  0.00288424
1.34518    0.935886  0.00273509
1.34803    0.931206  0.00290816
1.35088    0.920457  0.00217423
1.35373    0.915206  0.00258387
1.35658    0.908562  0.00288101
1.35943     0.89874  0.00271114
1.36228    0.896002  0.00276682
1.36513     0.88877  0.00274302
1.36798    0.880521  0.00248551
1.37083    0.871135  0.00235943
1.37368    0.865289  0.00261481
1.37653    0.858841  0.00265639
1.37938     0.85315  0.00241938
1.38223    0.847269  0.00270379
1.38508    0.839291   0.0026025
1.38793    0.830189  0.00265068
1.39078    0.830892  0.00299663
1.39363    0.819224  0.00275057
1.39648    0.819902  0.00245888
1.39933    0.810802  0.00235728
1.40218    0.808851   0.0026801
1.40503    0.803697  0.00252841
1.40788    0.801661  0.00248861
1.41073    0.789797  0.00293054
1.41358    0.789689  0.00261403
1.41643    0.781945  0.00256212
1.41928    0.776467   0.0021571
1.42213    0.773406  0.00229989
1.42498    0.769639  0.00296233
1.42783    0.764389  0.00251986
1.43068    0.759506  0.00255371
1.43353    0.754781  0.00229899
1.43638    0.749879  0.00234166
1.43923    0.751838  0.00240307
1.44208    0.743683  0.00215363
1.44493    0.741586  0.00267695
1.44778    0.739014  0.00227377
1.45063    0.734684  0.00203706
1.45348    0.735046  0.00241243
1.45633    0.724205  0.00262962
1.45918     0.72167  0.00206951
1.46203     0.72188  0.00198613
1.46488    0.720513  0.00215031
1.46773    0.715505  0.00221196
1.47058    0.710312   0.0024105
1.47343    0.711236  0.00253133
1.47628    0.707172  0.00215659
1.47913    0.701439  0.00221279
1.48198    0.705593  0.00187445
1.48483    0.703428  0.00228013
1.48768     0.69947  0.00220266
1.49053    0.696449  0.00204338
1.49338    0.698947  0.00219752
1.49623    0.692376  0.00216653
1.49908    0.692246   0.0023966
1.50193    0.690248  0.00222788
1.50478     0.68996  0.00218666
1.50763    0.682213  0.00175929
1.51048    0.680673  0.00181393
1.51333    0.681117  0.00187849
1.51618     0.68386  0.00234941
1.51903    0.681724  0.00206741
1.52188    0.680671  0.00224686
1.52473    0.672689  0.00220916
1.52758    0.677004  0.00201096
1.53043    0.675912  0.00190154
1.53328    0.677473  0.00216501
1.53613    0.673201  0.00209312
1.53898     0.67546  0.00177875
1.54183     0.67491  0.00204966
1.54468    0.673585  0.00220073
1.54753    0.671825  0.00170875
1.55038    0.671673  0.00213764
1.55323    0.669395  0.00199772
1.55608    0.672439  0.00170694
1.55893    0.670308  0.00206653
1.56178    0.670366  0.00220563
1.56463    0.665222  0.00184736
1.56748    0.666622  0.00221479
1.57033    0.669278  0.00193649
1.57318    0.670392  0.00198262
1.57603    0.674673  0.00192036
1.57888    0.672351  0.00232416
1.58173    0.672813  0.00192325
1.58458    0.669588  0.00185392
1.58743    0.672145  0.00193912
1.59028    0.675414   0.0021447
1.59313    0.673843  0.00230356
1.59598    0.672228   0.0019236
1.59883    0.672297  0.00217369
1.60168    0.672703   0.0019401
1.60453    0.677279   0.0021422
1.60738    0.678708  0.00201432
1.61023    0.678569  0.00227066
1.61308    0.680497  0.00218049
1.61593    0.683537  0.00202853
1.61878    0.681647  0.00183413
1.62163    0.682901  0.00207444
1.62448    0.681727  0.00197722
1.62733    0.684297   0.0020119
1.63018    0.687978  0.00188394
1.63303    0.688453  0.00206028
1.63588    0.693262  0.00213643
1.63873    0.694683  0.00238686
1.64158    0.691023  0.00185309
1.64443    0.696899  0.00210064
1.64728    0.696126  0.00201657
1.65013    0.702915  0.00177762
1.65298    0.702117  0.00201821
1.65583    0.704056  0.00202248
1.65868    0.709488  0.00224212
1.66153    0.707615   0.0018043
1.66438    0.711915  0.00191625
1.66723    0.715512  0.00196168
1.67008    0.719061  0.00231244
1.67293    0.718981  0.00211461
1.67578    0.721286  0.00204184
1.67863    0.723767  0.00187047
1.68148    0.724997  0.00205011
1.68433    0.727456  0.00212179
1.68718    0.729014   0.0016343
1.69003     0.73146  0.00200205
1.69288    0.737719  0.00238758
1.69573    0.739855  0.00239249
1.69858    0.742776  0.00212299
1.70143    0.747139  0.00207303
1.70428    0.748434  0.00206209
1.70713    0.751807  0.00232074
1.70998    0.757126  0.00217781
1.71283    0.760217  0.00164547
1.71568    0.760351  0.00218092
1.71853    0.762884  0.00181014
1.72138    0.767993  0.00197136
1.72423    0.776415  0.00219899
1.72708    0.777952  0.00210364
1.72993    0.780902   0.0021192
1.73278    0.782329  0.00216442
1.73563    0.785066  0.00238408
1.73848    0.791156  0.00203193
1.74133    0.793022  0.00210574
1.74418    0.796695  0.00208796
1.74703    0.803079  0.00244223
1.74988    0.806437  0.00200942
1.75273    0.816769  0.00190154
1.75558    0.811132  0.00203371
1.75843    0.817251  0.00199291
1.76128    0.823458  0.00179579
1.76413    0.826533  0.00209413
1.76698    0.826549  0.00203477
1.76983    0.839668  0.00199207
1.77268    0.840312   0.0022055
1.77553     0.84229   0.0018247
1.77837    0.848697  0.00218971
1.78122    0.852218  0.00237432
1.78407     0.85618  0.00209318
1.78692    0.863517  0.00188589
1.78977    0.866803  0.00234944
1.79262     0.87159  0.00205493
1.79547    0.874565  0.00201454
1.79832    0.878893  0.00221215
1.80117     0.88231  0.00242365
1.80402    0.890526  0.00223135
1.80687    0.892216  0.00219629
1.80972    0.895393  0.00204351
1.81257    0.903286  0.00208719
1.81542    0.908035  0.00213868
1.81827    0.911333  0.00240974
1.82112    0.920594  0.00230932
1.82397    0.923198  0.00202294
1.82682    0.924638  0.00184483
1.82967    0.931335  0.00205788
1.83252    0.935384  0.00206418
1.83537    0.940829  0.00212346
1.83822    0.945974  0.00216815
1.84107    0.953171  0.00235088
1.84392    0.951797  0.00207364
1.84677    0.959288  0.00235884
1.84962    0.960754  0.00222081
1.85247    0.971232  0.00224104
1.85532    0.973495  0.00207953
1.85817    0.980064  0.00174458
1.86102    0.983356  0.00226443
1.86387    0.986456  0.00170413
1.86672     0.99141  0.00181167
1.86957    0.990733  0.00217268
1.87242     1.00058  0.00263859
1.87527     1.00527   0.0022321
1.87812     1.00892  0.00222495
1.88097     1.01323  0.00235522
1.88382     1.02059  0.00196216
1.88667     1.02297  0.00207406
1.88952     1.02942  0.00188096
1.89237     1.03406  0.00172921
1.89522     1.03301  0.00221413
1.89807     1.04222  0.00197115
1.90092     1.05085  0.00260445
1.90377     1.05037  0.00215929
1.90662      1.0534  0.00255472
1.90947     1.05982  0.00221855
1.91232     1.06334  0.00251549
1.91517     1.06643  0.00188645
1.91802     1.07128  0.00198438
1.92087     1.07689  0.00220762
1.92372     1.07987  0.00205611
1.92657     1.08973  0.00198523
1.92942     1.08868   0.0020245
1.93227     1.08662  0.00191733
1.93512      1.0989  0.00238364
1.93797     1.09713  0.00203209
1.94082     1.10174  0.00227922
1.94367     1.10933  0.00211127
1.94652     1.11361  0.00216379
1.94937     1.11918  0.00216651
1.95222     1.11956  0.00206387
1.95507     1.12179  0.00202816
1.95792     1.13105  0.00194614
1.96077      1.1335  0.00185948
1.96362     1.13708  0.00189761
1.96647     1.13665   0.0019719
1.96932     1.14084  0.00181628
1.97217     1.14358  0.00222095
1.97502     1.14637  0.00210118
1.97787     1.15361  0.00246042
1.98072     1.15556  0.00232264
1.98357     1.15539   0.0020277
1.98642     1.15812  0.00245867
1.98927     1.16468  0.00276316
1.99212     1.16647  0.00183578
1.99497     1.16802  0.00240567
1.99782     1.17434  0.00210604
2.00067     1.18055  0.00223595
2.00352     1.18002  0.00196893
2.00637     1.18274  0.00223938
2.00922     1.18675  0.00190833
2.01207     1.18665  0.00187693
2.01492     1.18887  0.00187033
2.01777     1.19273  0.00213624
2.02062     1.19449  0.00208208
2.02347     1.19719  0.00239399
2.02632     1.19371  0.00188845
2.02917     1.19793  0.00197653
2.03202     1.20378  0.00184739
2.03487     1.20391  0.00221911
2.03772     1.20229  0.00206096
2.04057      1.2049  0.00223225
2.04342     1.20685  0.00229848
2.04627     1.21132  0.00216902
2.04912     1.21023  0.00204639
2.05197     1.21093  0.00211765
2.05482     1.21435  0.00208161
2.05767     1.21174  0.00189495
2.06052     1.21415  0.00182218
2.06337     1.21535  0.00185846
2.06622     1.21618  0.00239519
2.06907     1.22042  0.00163802
2.07192     1.21635  0.00211635
2.07477     1.21746  0.00203482
2.07762     1.21376  0.00186866
2.08047     1.21901  0.00197962
2.08332     1.22096  0.00195368
2.08617      1.2175  0.00222137
2.08902     1.21567  0.00206471
2.09187     1.21506   0.0023704
2.09472     1.21216  0.00178264
2.09757     1.21559  0.00194667
2.10042     1.21482  0.00203309
2.10327     1.21483   0.0019489
2.10612     1.21182  0.00175188
2.10897      1.2161   0.0019728
2.11182     1.20764  0.00232638
2.11467     1.20892  0.00183874
2.11752     1.20611   0.0019897
2.12037     1.20726  0.00196144
2.12322     1.20364  0.00185649
2.12607     1.20468  0.00228711
2.12892     1.20733  0.00191836
2.13177     1.19888  0.00214356
2.13462     1.20172  0.00177746
2.13747     1.19975  0.00170815
2.14032     1.19634  0.00213032
2.14317     1.19211  0.00196995
2.14602     1.19101  0.00223789
2.14887     1.19015  0.00199157
2.15172      1.1867  0.00184423
2.15457     1.18501  0.00196161
2.15742     1.18244  0.00227428
2.16027     1.18114  0.00213259
2.16312     1.18041  0.00170344
2.16597     1.17529  0.00184638
2.16882     1.17099  0.00188687
2.17167     1.16989  0.00214114
2.17452     1.16974  0.00227879
2.17737     1.16666  0.00197707
2.18022     1.16124  0.00161724
2.18307     1.15957  0.00204384
2.18592     1.15526  0.00238394
2.18877     1.15352  0.00211976
2.19162     1.15226  0.00251006
2.19447     1.14892   0.0019396
2.19732     1.14539  0.00161307
2.20017     1.14253   0.0019335
2.20302     1.13901  0.00170656
2.20587     1.13544  0.00187114
2.20872     1.13217  0.00206429
2.21157     1.13151  0.00183452
2.21442     1.12558  0.00201266
2.21727     1.12605  0.00183051
2.22012     1.12159  0.00215738
2.22297     1.11737  0.00188267
2.22582     1.11675  0.00195927
2.22867     1.11212  0.00202623
2.23152     1.11022  0.00204421
2.23437     1.10521  0.00205082
2.23722      1.1015  0.00194348
2.24007     1.09971  0.00178568
2.24292      1.0955  0.00168731
2.24577     1.09261  0.00186565
2.24862     1.08592  0.00180499
2.25147     1.08358  0.00185545
2.25432     1.08015  0.00166754
2.25717     1.07874  0.00208465
2.26002     1.07524  0.00184897
2.26287     1.07117  0.00163179
2.26572     1.06859  0.00194356
2.26857      1.0657  0.00203333
2.27142      1.0629  0.00160519
2.27427     1.05803  0.00154902
2.27712     1.05464  0.00180971
2.27997     1.05336  0.00221186
2.28282      1.0477  0.00168756
2.28567     1.04848  0.00201797
2.28852     1.04692  0.00163038
2.29137     1.04239  0.00183877
2.29422     1.04059  0.00190751
2.29707     1.03621  0.00172498
2.29992     1.03209  0.00156367
2.30277     1.03035  0.00186907
2.30562     1.02404  0.00200777
2.30847     1.02343  0.00183052
2.31132     1.01855  0.00154569
2.31417     1.01964    0.001712
2.31702     1.01738  0.00172413
2.31987     1.01111  0.00174335
2.32272     1.00966  0.00177143
2.32557     1.00508  0.00177336
2.32842     1.00364  0.00180149
2.33127     1.00133  0.00183721
2.33412    0.995622  0.00162105
2.33697    0.997031  0.00178385
2.33982    0.993528  0.00181553
2.34267    0.988429  0.00168816
2.34552    0.986334  0.00160264
2.34837    0.986123  0.00168465
2.35122    0.982418  0.00163108
2.35407    0.979662  0.00189284
2.35692    0.977314  0.00147957
2.35977    0.972854  0.00145602
2.36262      0.9718  0.00164151
2.36547    0.971544  0.00159843
2.36832    0.970907  0.00188364
2.37117    0.965021  0.00185701
2.37402    0.964086  0.00172467
2.37687    0.960942  0.00138573
2.37972    0.957321  0.00168546
2.38257    0.953463   0.0017922
2.38542    0.952818  0.00145524
2.38827    0.952845  0.00153805
2.39112    0.955265   0.0015739
2.39397    0.949155  0.00174499
2.39682    0.945343  0.00188192
2.39967    0.945161   0.0016921
2.40252     0.94092  0.00160029
2.40537    0.940541  0.00136141
2.40822    0.940458  0.00154021
2.41107    0.936577  0.00168023
2.41392    0.935109   0.0017101
2.41677    0.933247   0.0015072
2.41962    0.929379  0.00164275
2.42247     0.92975  0.00139473
2.42532    0.926376  0.00170494
2.42817    0.927095   0.0012254
2.43102    0.926321  0.00167514
2.43387    0.923216  0.00145874
2.43672    0.923079  0.00179955
2.43957    0.921921  0.00161402
2.44242    0.921662  0.00156961
2.44527    0.919822  0.00165591
2.44812    0.915647  0.00157389
2.45097    0.916331  0.00146794
2.45382    0.914349  0.00151064
2.45667    0.913469  0.00150428
2.45952    0.914282  0.00157327
2.46237    0.909374  0.00193389
2.46522    0.912042  0.00148231
2.46807    0.909075  0.00139791
2.47092    0.908897  0.00139934
2.47377    0.907136  0.00154896
2.47662    0.907737  0.00176146
2.47947     0.90761  0.00152205
2.48232    0.903697  0.00138613
2.48517    0.904445  0.00145691
2.48802    0.903191  0.00155404
2.49086    0.902285  0.00157289
2.49371    0.901368  0.00158162
2.49656    0.899869  0.00162878
2.49941      0.8938  0.00174417
2.50226    0.888313  0.00153393
2.50511    0.888145  0.00123827
2.50796    0.887612  0.00146962
2.51081    0.887928  0.00156819
2.51366     0.88442  0.00183344
2.51651    0.886645  0.00149382
2.51936    0.885503  0.00141983
2.52221    0.883783  0.00151759
2.52506    0.885256  0.00157626
2.52791    0.884799  0.00146341
2.53076    0.886698  0.00146784
2.53361    0.882981  0.00160221
2.53646    0.886643  0.00152203
2.53931    0.882876  0.00162794
2.54216     0.88336  0.00150397
2.54501    0.883922  0.00160023
2.54786    0.884826  0.00156017
2.55071    0.886737  0.00162458
2.55356    0.885492  0.00146624
2.55641    0.886036  0.00154588
2.55926    0.885388   0.0014249
2.56211    0.882738  0.00166451
