           1     2.03403     2.03403           0
           2     2.01925     2.02664  0.00522455
           3     1.87898     1.97742   0.0403378
           4     2.11036     2.01065   0.0417569
           5     2.08614     2.02575   0.0360312
           6     2.07409     2.03381   0.0309137
           7     1.86815     2.01014   0.0343826
           8     1.97187     2.00536   0.0304157
           9     2.05953     2.01138   0.0276253
          10     1.97662      2.0079   0.0250804
          11     1.95505      2.0031   0.0232561
          12      1.8978     1.99432   0.0229137
          13     1.91617     1.98831   0.0219256
          14     1.95125     1.98566   0.0205186
          15     2.00392     1.98688   0.0191868
          16     1.90198     1.98157    0.018707
          17      1.9898     1.98206   0.0176128
          18     1.91904     1.97856   0.0169787
          19     1.97564      1.9784   0.0160858
          20     1.94802     1.97688   0.0153531
          21     2.06935     1.98129   0.0152404
          22     2.03902     1.98391   0.0147718
          23     2.05397     1.98696   0.0144402
          24     1.99443     1.98727   0.0138419
          25     1.93407     1.98514   0.0134508
          26     2.08911     1.98914   0.0135147
          27     1.99104     1.98921   0.0130144
          28     1.93475     1.98727   0.0126941
          29     1.92534     1.98513   0.0124346
          30     2.01051     1.98598   0.0120489
          31     2.10328     1.98976   0.0122399
          32     2.03423     1.99115   0.0119361
          33     1.99593     1.99129   0.0115753
          34     1.97154     1.99071   0.0112494
          35     2.01026     1.99127   0.0109418
          36     2.08785     1.99395   0.0109618
          37     1.87373     1.99071   0.0111367
          38     1.91424     1.98869   0.0110239
          39     1.98645     1.98864   0.0107414
          40     1.97864     1.98839   0.0104758
          41     1.98512     1.98831   0.0102206
          42     2.06587     1.99015   0.0101427
          43     1.98317     1.98999  0.00990814
          44     2.10125     1.99252   0.0100004
          45     1.94971     1.99157  0.00982332
          46     2.00965     1.99196  0.00961763
          47     1.84445     1.98882  0.00991187
          48     1.88957     1.98675  0.00991869
          49     1.98716     1.98676  0.00971627
          50     2.02075     1.98744   0.0095457
