           1     1.78711     1.78711           0
           2     1.76324     1.77517  0.00843784
           3      1.7824     1.77758  0.00595885
           4     1.79173     1.78112  0.00541849
           5     1.76977     1.77885  0.00478696
           6     1.78477     1.77984   0.0040895
           7     1.80815     1.78388  0.00512942
           8     1.76548     1.78158  0.00497713
           9     1.78556     1.78202  0.00444376
          10     1.75283      1.7791  0.00486459
          11     1.71604     1.77337  0.00703151
          12     1.80803     1.77626  0.00701362
          13     1.75108     1.77432   0.0067362
          14     1.75351     1.77284  0.00641702
          15     1.79293     1.77418  0.00612751
          16     1.82917     1.77761  0.00663894
          17     1.80469     1.77921   0.0064366
          18     1.86791     1.78413  0.00773908
          19     1.88903     1.78965  0.00909005
          20     1.80653      1.7905  0.00867462
          21     1.74272     1.78822  0.00855474
          22     1.74968     1.78647  0.00834333
          23     1.77559       1.786  0.00799397
          24     1.76773     1.78524  0.00769703
          25     1.72262     1.78273  0.00778596
          26     1.75234     1.78156  0.00757376
          27     1.74545     1.78023  0.00741043
          28     1.76213     1.77958  0.00717389
          29      1.7254     1.77771  0.00716563
          30     1.73934     1.77643     0.00704
          31     1.78558     1.77673  0.00681908
          32     1.76694     1.77642  0.00661284
          33      1.7736     1.77634  0.00641301
          34     1.83265     1.77799  0.00643471
          35     1.82494     1.77933  0.00638913
          36     1.76432     1.77892  0.00622525
          37     1.69042     1.77652  0.00650022
          38     1.72378     1.77514  0.00647563
          39     1.72918     1.77396  0.00641591
          40      1.7617     1.77365  0.00626282
          41     1.74822     1.77303  0.00614071
          42     1.73789     1.77219  0.00605124
          43     1.80502     1.77296  0.00595848
          44     1.82922     1.77424  0.00595868
          45     1.81618     1.77517   0.0058987
          46     1.78472     1.77538  0.00577412
          47     1.84271     1.77681  0.00582628
          48      1.7901     1.77709  0.00571148
          49     1.79897     1.77753  0.00561235
          50     1.85405     1.77906  0.00570495
