           1   -0.394847   -0.394847           0
           2   -0.370932    -0.38289  0.00845504
           3   -0.390131   -0.385304  0.00597135
           4    -0.39948   -0.388848  0.00542931
           5   -0.377462   -0.386571  0.00479726
           6   -0.392573   -0.387571   0.0041007
           7   -0.415815   -0.391606  0.00512925
           8   -0.373238    -0.38931  0.00497548
           9   -0.393344   -0.389758  0.00444279
          10   -0.360586   -0.386841  0.00486285
          11   -0.323993   -0.381127   0.0070156
          12   -0.416005   -0.384034   0.0070072
          13   -0.358908   -0.382101  0.00672946
          14   -0.361309   -0.380616  0.00641057
          15   -0.400664   -0.381953  0.00612095
          16   -0.436968   -0.385391  0.00663423
          17   -0.412564   -0.386989  0.00643366
          18   -0.475871   -0.391927  0.00774265
          19   -0.496999   -0.397457  0.00909815
          20   -0.414401   -0.398305   0.0086826
          21   -0.350549    -0.39603  0.00856176
          22   -0.357567   -0.394282   0.0083492
          23   -0.383473   -0.393812   0.0079994
          24   -0.375476   -0.393048  0.00770249
          25   -0.330416   -0.390543  0.00779118
          26   -0.360153   -0.389374  0.00757869
          27   -0.353298   -0.388038  0.00741484
          28   -0.369968   -0.387393  0.00717806
          29   -0.333314   -0.385528  0.00716867
          30   -0.347124   -0.384248  0.00704308
          31   -0.393313    -0.38454  0.00682195
          32   -0.374708   -0.384233  0.00661568
          33   -0.381478   -0.384149  0.00641573
          34   -0.440578   -0.385809  0.00643812
          35   -0.432825   -0.387152  0.00639278
          36   -0.372109   -0.386734  0.00622885
          37   -0.298188   -0.384341    0.006504
          38   -0.331602   -0.382953  0.00647923
          39   -0.337002   -0.381775  0.00641934
          40   -0.369623   -0.381471  0.00626604
          41   -0.356088   -0.380852  0.00614371
          42   -0.345823   -0.380018  0.00605378
          43   -0.413032   -0.380786  0.00596148
          44   -0.437264    -0.38207  0.00596258
          45   -0.424261   -0.383007  0.00590334
          46    -0.39265   -0.383217  0.00577872
          47   -0.450512   -0.384649  0.00583046
          48    -0.39784   -0.384923  0.00571546
          49   -0.406877   -0.385371  0.00561635
          50   -0.461955   -0.386903  0.00570906
