           1     1.39226     1.39226           0
           2     1.39231     1.39228 1.71933e-05
           3     1.39227     1.39228 1.25397e-05
           4     1.39225     1.39227 1.08733e-05
           5      1.3923     1.39228 1.04549e-05
           6     1.39219     1.39226 1.54717e-05
           7     1.39233     1.39227 1.61619e-05
           8     1.39224     1.39227 1.45738e-05
           9     1.39222     1.39227 1.39624e-05
          10     1.39225     1.39226 1.26944e-05
          11     1.39204     1.39224  2.2392e-05
          12     1.39202     1.39222 2.70384e-05
          13     1.39217     1.39222   2.524e-05
          14      1.3922     1.39222 2.34887e-05
          15     1.39227     1.39222 2.21578e-05
          16      1.3922     1.39222 2.08085e-05
          17     1.39212     1.39222 2.03852e-05
          18     1.39204     1.39221 2.13781e-05
          19     1.39203      1.3922 2.21973e-05
          20     1.39213     1.39219 2.13545e-05
          21     1.39217     1.39219 2.03753e-05
          22     1.39212     1.39219 1.97441e-05
          23     1.39212     1.39219 1.91047e-05
          24     1.39226     1.39219   1.853e-05
          25     1.39221     1.39219 1.78059e-05
          26     1.39218     1.39219 1.71225e-05
          27     1.39215     1.39219 1.65539e-05
          28     1.39216     1.39219 1.59839e-05
          29     1.39209     1.39218 1.57802e-05
          30     1.39222     1.39218 1.52911e-05
          31     1.39226     1.39219 1.50067e-05
          32     1.39223     1.39219  1.4593e-05
          33     1.39212     1.39219 1.42957e-05
          34     1.39207     1.39218  1.4279e-05
          35     1.39211     1.39218 1.40119e-05
          36     1.39221     1.39218 1.36432e-05
          37     1.39224     1.39218 1.33536e-05
          38     1.39218     1.39218 1.30021e-05
          39     1.39218     1.39218 1.26694e-05
          40     1.39208     1.39218 1.26344e-05
          41     1.39213     1.39218 1.23752e-05
          42     1.39206     1.39218  1.2381e-05
          43     1.39199     1.39217 1.28279e-05
          44     1.39196     1.39217 1.34441e-05
          45     1.39192     1.39216 1.42618e-05
          46     1.39207     1.39216 1.41015e-05
          47      1.3922     1.39216 1.38246e-05
          48     1.39226     1.39216 1.36855e-05
          49     1.39209     1.39216 1.34769e-05
          50      1.3921     1.39216  1.3266e-05
