0           0           0
0.00718145           0           0
0.0143629           0           0
0.0215443           0           0
0.0287258           0           0
0.0359072           0           0
0.0430887           0           0
0.0502701           0           0
0.0574516           0           0
0.064633           0           0
0.0718145           0           0
0.0789959           0           0
0.0861774           0           0
0.0933588           0           0
0.10054           0           0
0.107722           0           0
0.114903           0           0
0.122085           0           0
0.129266           0           0
0.136448           0           0
0.143629           0           0
0.15081           0           0
0.157992           0           0
0.165173           0           0
0.172355           0           0
0.179536           0           0
0.186718           0           0
0.193899           0           0
0.201081           0           0
0.208262           0           0
0.215443           0           0
0.222625           0           0
0.229806           0           0
0.236988           0           0
0.244169           0           0
0.251351           0           0
0.258532           0           0
0.265714           0           0
0.272895           0           0
0.280077           0           0
0.287258           0           0
0.294439           0           0
0.301621           0           0
0.308802           0           0
0.315984           0           0
0.323165           0           0
0.330347           0           0
0.337528           0           0
0.34471           0           0
0.351891           0           0
0.359072           0           0
0.366254           0           0
0.373435           0           0
0.380617           0           0
0.387798           0           0
0.39498           0           0
0.402161           0           0
0.409343           0           0
0.416524           0           0
0.423705           0           0
0.430887           0           0
0.438068           0           0
0.44525           0           0
0.452431           0           0
0.459613           0           0
0.466794           0           0
0.473976           0           0
0.481157           0           0
0.488339           0           0
0.49552           0           0
0.502701           0           0
0.509883           0           0
0.517064           0           0
0.524246           0           0
0.531427           0           0
0.538609           0           0
0.54579           0           0
0.552972           0           0
0.560153           0           0
0.567334           0           0
0.574516           0           0
0.581697           0           0
0.588879           0           0
0.59606           0           0
0.603242           0           0
0.610423           0           0
0.617605           0           0
0.624786           0           0
0.631968           0           0
0.639149           0           0
0.64633           0           0
0.653512           0           0
0.660693           0           0
0.667875           0           0
0.675056           0           0
0.682238           0           0
0.689419           0           0
0.696601           0           0
0.703782           0           0
0.710963           0           0
0.718145           0           0
0.725326           0           0
0.732508           0           0
0.739689           0           0
0.746871           0           0
0.754052           0           0
0.761234           0           0
0.768415           0           0
0.775596           0           0
0.782778           0           0
0.789959           0           0
0.797141           0           0
0.804322           0           0
0.811504           0           0
0.818685           0           0
0.825867           0           0
0.833048           0           0
0.84023           0           0
0.847411           0           0
0.854592           0           0
0.861774           0           0
0.868955           0           0
0.876137  0.00121967  0.00120741
0.883318  0.00406957  0.00184043
0.8905  0.00528794  0.00181571
0.897681  0.00671973  0.00250858
0.904863  0.00910035  0.00252454
0.912044   0.0190422  0.00449838
0.919225   0.0379277  0.00613386
0.926407   0.0660997  0.00794637
0.933588    0.103687  0.00963229
0.94077    0.151126  0.00965508
0.947951    0.212538   0.0160772
0.955133    0.292103   0.0173831
0.962314    0.391502   0.0233558
0.969496    0.499951   0.0253612
0.976677    0.602842   0.0274663
0.983859    0.717473   0.0317514
0.99104    0.853549   0.0372023
0.998221     1.04516   0.0398408
1.0054     1.20602   0.0434334
1.01258      1.3246    0.037538
1.01977     1.44077    0.039584
1.02695     1.62109   0.0453586
1.03413     1.69035   0.0464444
1.04131     1.73286   0.0529736
1.04849     1.82256    0.050145
1.05567     1.90016   0.0546338
1.06285     1.90183   0.0524762
1.07004      1.9972   0.0605901
1.07722      2.0699   0.0636385
1.0844     2.10926   0.0675509
1.09158     2.11139   0.0651369
1.09876     2.11778   0.0693169
1.10594     2.05455   0.0648715
1.11312     2.07935   0.0658553
1.12031     2.04396   0.0598931
1.12749     2.03503   0.0580778
1.13467     2.04373   0.0565668
1.14185     2.06858   0.0610448
1.14903     2.04749   0.0636078
1.15621     1.98264   0.0627705
1.16339     1.98676   0.0618562
1.17058     1.97206   0.0571046
1.17776     1.94036   0.0575443
1.18494     1.91303    0.057166
1.19212     1.87037   0.0525902
1.1993     1.85707   0.0464598
1.20648     1.86012   0.0509464
1.21366     1.81204   0.0487364
1.22085     1.76777   0.0460644
1.22803     1.77924   0.0451132
1.23521     1.76146   0.0482513
1.24239     1.76966   0.0550911
1.24957     1.74175   0.0491207
1.25675      1.7142   0.0408732
1.26394     1.67154   0.0425952
1.27112     1.65094    0.049521
1.2783     1.62398   0.0517459
1.28548     1.59264    0.044874
1.29266     1.57099   0.0425219
1.29984     1.58926   0.0399128
1.30702     1.61975   0.0429192
1.31421     1.59463   0.0435592
1.32139     1.56458   0.0346548
1.32857     1.58557   0.0375942
1.33575     1.53596   0.0399584
1.34293     1.52969   0.0441477
1.35011     1.51667   0.0423116
1.35729     1.45742   0.0431483
1.36448     1.42063   0.0387963
1.37166     1.42095   0.0352136
1.37884     1.38168   0.0286048
1.38602     1.37758   0.0358124
1.3932     1.34702   0.0323227
1.40038     1.33748   0.0273583
1.40756     1.36867   0.0313559
1.41475     1.35109   0.0321372
1.42193     1.35316   0.0341131
1.42911     1.31162   0.0334452
1.43629     1.30049   0.0316124
1.44347     1.28144   0.0317646
1.45065     1.28071   0.0389114
1.45783     1.26271   0.0380011
1.46502     1.22345   0.0324412
1.4722     1.23924   0.0339378
1.47938     1.23991   0.0342584
1.48656      1.2343   0.0285715
1.49374      1.2188   0.0314582
1.50092      1.1827   0.0319155
1.5081     1.17246   0.0289926
1.51529     1.19248   0.0289624
1.52247     1.20469   0.0364083
1.52965     1.17649   0.0354171
1.53683     1.17603   0.0317777
1.54401     1.15969   0.0319009
1.55119     1.16481   0.0311931
1.55837     1.11479   0.0264947
1.56556      1.1349   0.0296061
1.57274      1.1294     0.03027
1.57992     1.10514   0.0304152
1.5871     1.13747   0.0329503
1.59428     1.12354   0.0313183
1.60146     1.12784   0.0319813
1.60864     1.10918   0.0303589
1.61583      1.1035    0.024269
1.62301     1.06778   0.0243499
1.63019     1.09042   0.0257508
1.63737     1.07572   0.0259391
1.64455     1.11048    0.030691
1.65173     1.09467   0.0290189
1.65891     1.08627   0.0266153
1.6661     1.10871   0.0328582
1.67328     1.08314   0.0276486
1.68046     1.07833   0.0267552
1.68764     1.07737   0.0290889
1.69482     1.07355   0.0257267
1.702     1.05231   0.0243459
1.70918     1.05588   0.0260379
1.71637        1.06   0.0246552
1.72355     1.06133   0.0230939
1.73073     1.06869   0.0229935
1.73791     1.04304   0.0229436
1.74509     1.07465    0.024163
1.75227     1.07714   0.0267959
1.75945     1.08638    0.023892
1.76664     1.06575    0.024288
1.77382     1.05855   0.0248667
1.781     1.07031   0.0288788
1.78818     1.03937   0.0244054
1.79536     1.06388   0.0267827
1.80254     1.07027   0.0261735
1.80973      1.0522    0.026255
1.81691     1.05968   0.0257639
1.82409     1.07616   0.0268436
1.83127     1.05599   0.0247148
1.83845     1.05606   0.0244887
1.84563     1.01985    0.023225
1.85281     1.04203   0.0242552
1.86     1.03902   0.0226122
1.86718      1.0542   0.0226454
1.87436     1.03052   0.0224173
1.88154      1.0511   0.0253463
1.88872      1.0535   0.0281671
1.8959      1.0345   0.0242681
1.90308     1.02188   0.0242643
1.91027     1.01164   0.0202271
1.91745     1.00657   0.0213599
1.92463     1.00444   0.0204769
1.93181    0.979073   0.0184654
1.93899    0.980896   0.0196236
1.94617     0.98842   0.0196076
1.95335     1.01867   0.0205965
1.96054     1.01108    0.020791
1.96772     1.00009   0.0198324
1.9749     1.00777   0.0213386
1.98208     1.01268   0.0211668
1.98926     1.02338   0.0182915
1.99644     1.00145   0.0191178
2.00362     1.00439   0.0199321
2.01081     1.00455   0.0208808
2.01799     1.01325   0.0213588
2.02517     1.01197   0.0189897
2.03235     1.03389   0.0189322
2.03953     1.03811   0.0169542
2.04671     1.02179   0.0210753
2.05389     1.03053    0.017978
2.06108     1.01519   0.0189646
2.06826     1.01597   0.0188152
2.07544     1.01665   0.0187236
2.08262     1.03786   0.0198996
2.0898     1.04047   0.0200795
2.09698     1.01318   0.0176502
2.10416     1.01002   0.0188331
2.11135     1.02647   0.0208567
2.11853     1.03445   0.0187028
2.12571     1.03307    0.019693
2.13289     1.01634   0.0189952
2.14007     1.03584   0.0215223
2.14725     1.02881   0.0202735
2.15443     1.03841   0.0205991
2.16162     1.03928    0.019432
2.1688     1.02441   0.0177132
2.17598     1.03379   0.0171781
2.18316     1.02286     0.01732
2.19034     1.02454   0.0142355
2.19752     1.01057   0.0172347
2.2047     1.01836   0.0174753
2.21189     1.01664   0.0190693
2.21907     1.01953   0.0197715
2.22625     1.02453   0.0207851
2.23343     1.02241   0.0185996
2.24061     1.04967   0.0195573
2.24779     1.04423    0.016735
2.25497     1.04804   0.0193053
2.26216      1.0459   0.0214164
2.26934       1.054    0.020536
2.27652     1.03527    0.020035
2.2837     1.04035   0.0165881
2.29088     1.03743   0.0193736
2.29806     1.03372   0.0180667
2.30525     1.02745   0.0188015
2.31243     1.03115   0.0184105
2.31961     1.03336   0.0191315
2.32679     1.05199   0.0230542
2.33397     1.05062   0.0215032
2.34115     1.03875   0.0187655
2.34833     1.03077   0.0193225
2.35552     1.03421   0.0197701
2.3627     1.03337   0.0195921
2.36988     1.02437   0.0182986
2.37706      1.0218   0.0183643
2.38424     1.03019   0.0182475
2.39142     1.02093   0.0171118
2.3986     1.03469   0.0173544
2.40579     1.02348   0.0168694
2.41297     1.02574   0.0165902
2.42015     1.01683   0.0149087
2.42733     1.01107   0.0142369
2.43451     1.01617   0.0159078
2.44169     1.02053   0.0153181
2.44887     1.00936   0.0141918
2.45606     1.01611   0.0166525
2.46324      1.0226   0.0169488
2.47042     1.03182   0.0153575
2.4776     1.03859    0.019932
2.48478     1.04937   0.0197989
2.49196     1.02455   0.0164483
2.49914      1.0213    0.016409
2.50633     1.02715   0.0180318
2.51351      1.0109   0.0159568
2.52069     1.01289   0.0161656
2.52787      1.0148    0.018394
2.53505     1.02681    0.018277
2.54223     1.02575   0.0164726
2.54941     1.03486   0.0187319
2.5566     1.04368    0.017341
2.56378     1.03874   0.0178466
2.57096     1.02778   0.0164695
2.57814     1.02042   0.0147154
2.58532     1.02364   0.0150625
2.5925     1.00056   0.0148705
2.59968     1.03141   0.0192527
2.60687     1.00212   0.0156429
2.61405    0.992787   0.0147376
2.62123     1.00483   0.0154814
2.62841      1.0007   0.0174356
2.63559    0.999377   0.0148191
2.64277    0.995976   0.0132048
2.64995     1.00043   0.0146846
2.65714      1.0114   0.0178326
2.66432       1.016   0.0168556
2.6715     1.00709   0.0164489
2.67868    0.992899   0.0152786
2.68586     1.00056   0.0163599
2.69304    0.999739   0.0158002
2.70022    0.991095   0.0155575
2.70741     1.01246   0.0181205
2.71459     1.00283   0.0133014
2.72177    0.995893   0.0172134
2.72895    0.984641    0.016834
2.73613    0.998639    0.017062
2.74331     1.00108   0.0136294
2.75049    0.989208   0.0141977
2.75768    0.987493   0.0156506
2.76486    0.962451   0.0147427
2.77204    0.963582    0.012578
2.77922    0.970757   0.0139698
2.7864     0.95705   0.0134438
2.79358    0.976166   0.0164108
2.80077    0.974471   0.0141958
2.80795    0.976311   0.0137174
2.81513    0.965753   0.0153019
2.82231    0.967794   0.0150738
2.82949    0.965512    0.015917
2.83667    0.965565   0.0162801
2.84385    0.962544       0.015
2.85104    0.966817   0.0162446
2.85822    0.976518    0.017125
2.8654    0.974613   0.0143073
2.87258    0.981574   0.0151026
2.87976    0.983602   0.0132424
2.88694    0.968803   0.0160088
2.89412    0.968479   0.0162245
2.90131    0.958609   0.0143616
2.90849    0.971184   0.0156607
2.91567      0.9867   0.0168424
2.92285    0.984327   0.0153881
2.93003    0.975618   0.0149318
2.93721    0.988194   0.0167202
2.94439    0.986464   0.0150126
2.95158    0.990501   0.0133443
2.95876     0.97854   0.0153316
2.96594    0.989869   0.0146661
2.97312    0.980731   0.0145751
2.9803    0.979275   0.0163989
2.98748    0.998625   0.0154092
2.99466    0.979238   0.0145059
3.00185    0.981747   0.0168113
3.00903    0.978759   0.0132981
3.01621    0.991593   0.0135942
3.02339     1.02203    0.014578
3.03057    0.997509   0.0151429
3.03775    0.990413   0.0142308
3.04493    0.983849   0.0144969
3.05212     0.98479   0.0137012
3.0593     0.96952   0.0116468
3.06648    0.984575   0.0129669
3.07366    0.980367   0.0136299
3.08084     1.00852   0.0173496
3.08802    0.994745   0.0143034
3.0952    0.980613   0.0119568
3.10239    0.992364    0.013963
3.10957    0.996019   0.0129183
3.11675    0.992464   0.0131352
3.12393    0.975261   0.0122164
3.13111    0.972919   0.0125955
3.13829    0.969179   0.0134792
3.14547    0.976174   0.0138764
3.15266    0.972709   0.0124836
3.15984    0.972284   0.0137615
3.16702    0.977629   0.0133056
3.1742    0.966778   0.0130384
3.18138    0.962601   0.0131944
3.18856    0.964087   0.0139461
3.19574    0.964278   0.0131404
3.20293    0.970414   0.0129643
3.21011    0.979283   0.0127967
3.21729     0.96473   0.0128223
3.22447    0.973163   0.0115173
3.23165    0.970651   0.0112844
3.23883    0.965447   0.0102597
3.24601    0.969797   0.0109796
3.2532    0.991116   0.0135246
3.26038     0.99176   0.0145962
3.26756    0.984664   0.0130144
3.27474    0.987431   0.0106102
3.28192    0.966215  0.00945874
3.2891    0.952735   0.0085507
3.29629    0.968866  0.00982387
3.30347    0.964888  0.00962534
3.31065    0.953649    0.010681
3.31783    0.970571  0.00926979
3.32501    0.985412   0.0100383
3.33219    0.978857   0.0105587
3.33937    0.985596   0.0126652
3.34656    0.979573    0.012216
3.35374    0.990016   0.0124286
3.36092    0.977963    0.010877
3.3681    0.985896   0.0125643
3.37528    0.992547   0.0121709
3.38246    0.977109   0.0124396
3.38964    0.977451    0.012754
3.39683    0.978967   0.0125693
3.40401    0.978976   0.0131346
3.41119    0.979287   0.0120094
3.41837    0.986586   0.0126766
3.42555    0.985924   0.0138497
3.43273    0.968311   0.0116535
3.43991    0.979239   0.0114751
3.4471     0.98051   0.0134091
3.45428    0.986361   0.0117354
3.46146     0.98684   0.0112247
3.46864    0.982544   0.0115431
3.47582    0.972261   0.0111672
3.483    0.971437   0.0118565
3.49018    0.972703   0.0108082
3.49737    0.978316   0.0122144
3.50455    0.976336    0.012249
3.51173     0.96728   0.0126974
3.51891    0.980569   0.0130085
3.52609    0.980213   0.0137587
3.53327    0.987519   0.0149017
3.54045    0.985142   0.0130575
3.54764    0.975681   0.0123042
3.55482    0.978304   0.0131539
3.562    0.969131   0.0121867
3.56918    0.987964   0.0131647
3.57636    0.993643   0.0117688
3.58354    0.981863    0.011561
3.59072    0.984755   0.0109983
3.59791    0.975528   0.0106292
3.60509    0.980111   0.0112839
3.61227    0.983093   0.0108926
3.61945    0.988339   0.0118052
3.62663    0.973925   0.0110056
3.63381    0.973148  0.00884495
3.64099    0.960103  0.00813183
3.64818     0.96219   0.0102485
3.65536    0.966841   0.0110615
3.66254    0.970245   0.0119799
3.66972    0.964213   0.0124833
3.6769    0.970116   0.0114366
3.68408    0.965206   0.0104898
3.69126    0.964768  0.00984668
3.69845    0.969111   0.0107632
3.70563     0.97738   0.0113657
3.71281    0.961735   0.0107609
3.71999    0.957849   0.0107137
3.72717    0.962459   0.0123169
3.73435    0.970364   0.0123261
3.74153    0.957306   0.0123836
3.74872    0.973292   0.0115796
3.7559    0.963069   0.0112602
3.76308    0.962597   0.0116444
3.77026    0.969781   0.0112899
3.77744    0.974667   0.0121862
3.78462    0.973231   0.0124457
3.79181    0.960483     0.01145
3.79899     0.96144   0.0112342
3.80617    0.964641   0.0104745
3.81335    0.967683   0.0100483
3.82053    0.973237   0.0105703
3.82771    0.976825   0.0093417
3.83489    0.975761   0.0104041
3.84208     0.97527   0.0104339
3.84926    0.970449   0.0102854
3.85644    0.968786  0.00915148
3.86362    0.963122  0.00987494
3.8708    0.974846  0.00916898
3.87798    0.962586  0.00824684
3.88516    0.965946   0.0100939
3.89235    0.970954   0.0104416
3.89953    0.961506   0.0109901
3.90671    0.966306    0.011132
3.91389    0.966013   0.0116953
3.92107     0.96772    0.010145
3.92825    0.967589  0.00860818
3.93543    0.971576   0.0096692
3.94262    0.967455   0.0100476
3.9498    0.963124  0.00907738
3.95698    0.972933  0.00910686
3.96416     0.97742  0.00951622
3.97134    0.990739   0.0096645
3.97852    0.999069   0.0111355
3.9857     0.99676   0.0114952
3.99289    0.998649   0.0118165
4.00007    0.989027    0.010977
4.00725    0.996145   0.0101939
4.01443    0.995861   0.0103907
4.02161     0.98153   0.0102406
4.02879    0.981185  0.00980289
4.03597    0.977541  0.00902656
4.04316     0.96831   0.0102214
4.05034    0.972604   0.0093907
4.05752     0.98047  0.00964647
4.0647    0.982335   0.0111465
4.07188     0.97666  0.00928523
4.07906    0.965313  0.00879977
4.08624    0.963165  0.00943674
4.09343    0.957173  0.00919133
4.10061     0.97019  0.00870685
4.10779    0.971096  0.00969377
4.11497    0.971112  0.00851097
4.12215    0.976681  0.00834515
4.12933    0.977757  0.00770207
4.13651    0.974461  0.00759396
4.1437    0.975083  0.00774262
4.15088    0.974409  0.00862045
4.15806    0.974272  0.00891423
4.16524    0.966576  0.00920681
4.17242    0.978278   0.0103967
4.1796    0.978911   0.0102716
4.18678    0.977585   0.0102201
4.19397    0.981338   0.0101727
4.20115     0.97976    0.010987
4.20833    0.973946   0.0102099
4.21551    0.978014  0.00940951
4.22269    0.968737  0.00887591
4.22987    0.968487  0.00895089
4.23705    0.965299   0.0092621
4.24424    0.969964  0.00874453
4.25142    0.977113  0.00855329
4.2586    0.974153  0.00828019
4.26578    0.973205  0.00725591
4.27296    0.983179   0.0077426
4.28014     0.97498  0.00699726
4.28733    0.967264  0.00692876
4.29451    0.965463  0.00631461
4.30169    0.973114  0.00766792
4.30887    0.965978  0.00731959
4.31605    0.973606   0.0082225
4.32323     0.96635   0.0085044
4.33041    0.962931  0.00744353
4.3376    0.963653  0.00905172
4.34478    0.972799  0.00901091
4.35196    0.972745   0.0093985
4.35914    0.968025  0.00931044
4.36632    0.967758  0.00984953
4.3735     0.96896   0.0100963
4.38068    0.965822  0.00938577
4.38787    0.967218  0.00977717
4.39505    0.964315  0.00850005
4.40223    0.967195  0.00918642
4.40941    0.960507  0.00887159
4.41659    0.972443  0.00891927
4.42377    0.983943  0.00818188
4.43095    0.981729   0.0101924
4.43814    0.972641  0.00874793
4.44532    0.988317  0.00920089
4.4525    0.974384  0.00827252
4.45968    0.973781  0.00845059
4.46686     0.96788  0.00832374
4.47404    0.976432  0.00811407
4.48122     0.97365   0.0108252
4.48841    0.972337   0.0098383
4.49559    0.968374  0.00937504
4.50277    0.962174  0.00917629
4.50995    0.970875   0.0101097
4.51713      0.9719  0.00933612
4.52431    0.975445  0.00883401
4.53149    0.972973  0.00917031
4.53868    0.975238  0.00948219
4.54586    0.968247  0.00930669
4.55304    0.969969  0.00879437
4.56022    0.963896  0.00708953
4.5674    0.967725  0.00804918
4.57458    0.976129  0.00858138
4.58176    0.983214  0.00951875
4.58895    0.979824  0.00885542
4.59613    0.993439  0.00995659
4.60331     0.99275  0.00917509
4.61049    0.993165  0.00895615
4.61767    0.988952  0.00831652
4.62485    0.983018  0.00888751
4.63203    0.980633  0.00826198
4.63922    0.983573  0.00971028
4.6464    0.991546   0.0101956
4.65358    0.976717  0.00973925
4.66076    0.985653   0.0116045
4.66794    0.990749   0.0101095
4.67512    0.985615   0.0094057
4.6823       0.988  0.00785641
4.68949    0.986171  0.00939886
4.69667    0.993216   0.0095957
4.70385    0.992321   0.0093303
4.71103     0.99399  0.00865654
4.71821    0.992701  0.00976616
4.72539    0.996168   0.0102648
4.73257    0.993473  0.00902937
4.73976    0.988864   0.0076945
4.74694    0.991503  0.00866427
4.75412    0.985684  0.00940163
4.7613    0.981659  0.00864788
4.76848    0.986383  0.00865019
4.77566     1.00218  0.00784682
4.78285    0.996807  0.00845345
4.79003    0.987899  0.00852292
4.79721    0.999237  0.00898181
4.80439    0.992229  0.00851008
4.81157     0.99218  0.00693957
4.81875    0.988183  0.00676931
4.82593    0.987672  0.00865672
4.83312    0.979907  0.00693491
4.8403    0.990087  0.00713235
4.84748     1.00191  0.00799446
4.85466    0.998917  0.00908676
4.86184    0.988808  0.00888218
4.86902    0.994195  0.00797206
4.8762    0.988587  0.00801358
4.88339    0.993895  0.00873372
4.89057    0.996555  0.00847997
4.89775    0.987702  0.00771209
4.90493     0.99157  0.00784445
4.91211    0.995524  0.00817169
4.91929    0.986783  0.00754947
4.92647    0.992301  0.00857023
4.93366    0.993697  0.00848026
4.94084    0.999422  0.00894004
4.94802    0.988842  0.00800195
4.9552    0.987061  0.00861549
4.96238    0.994398  0.00855298
4.96956     1.00719  0.00843737
4.97674    0.991052  0.00765406
4.98393    0.995405  0.00923951
4.99111    0.990159  0.00769433
4.99829    0.998438  0.00812401
5.00547    0.988223  0.00681045
5.01265    0.995353  0.00648217
5.01983     0.99578  0.00873768
5.02701    0.996005  0.00825936
5.0342     1.00124   0.0085611
5.04138     1.00324  0.00925164
5.04856    0.990701  0.00723169
5.05574    0.986489  0.00761986
5.06292    0.989876  0.00817993
5.0701    0.998916  0.00957997
5.07728     1.00044   0.0102772
5.08447    0.985295  0.00865705
5.09165    0.991732   0.0080224
5.09883    0.998853  0.00825153
5.10601    0.990901  0.00681185
5.11319    0.985432  0.00722691
5.12037    0.982501  0.00752349
5.12755    0.977622  0.00780735
5.13474    0.969151  0.00721093
5.14192    0.983901   0.0078217
5.1491    0.982012  0.00876946
5.15628    0.990743  0.00709403
5.16346    0.993686  0.00804685
5.17064    0.987849  0.00642447
5.17782    0.987106  0.00566943
5.18501    0.991924  0.00583817
5.19219    0.996256  0.00705718
5.19937    0.989718  0.00745016
5.20655    0.993071   0.0073599
5.21373    0.989065  0.00698688
5.22091    0.995657  0.00775498
5.22809     1.00542  0.00744121
5.23528    0.997812  0.00758314
5.24246     0.99201   0.0077143
5.24964     1.00132  0.00828259
5.25682    0.996287  0.00843364
5.264    0.993942    0.007653
5.27118    0.984032  0.00847906
5.27836    0.991683  0.00865953
5.28555    0.997873  0.00999385
5.29273     1.00447  0.00944407
5.29991    0.993321  0.00837071
5.30709    0.991173   0.0084241
5.31427    0.996993  0.00862161
5.32145    0.997234  0.00851686
5.32864    0.986126  0.00727528
5.33582    0.988636  0.00734088
5.343    0.999312  0.00726795
5.35018     1.00283  0.00744511
5.35736    0.994521  0.00603863
5.36454    0.994125  0.00674085
5.37172     1.00115  0.00795818
5.37891     1.00298  0.00742099
5.38609     1.00691  0.00624659
5.39327     1.00673  0.00619003
5.40045      1.0082  0.00704691
5.40763    0.997918  0.00712002
5.41481    0.989795  0.00722334
5.42199    0.999819  0.00787119
5.42918    0.999358  0.00759051
5.43636    0.999772  0.00748629
5.44354     1.00317   0.0085519
5.45072    0.987551   0.0085088
5.4579    0.989381  0.00824181
5.46508    0.978948   0.0069164
5.47226    0.980864  0.00689068
5.47945    0.976615  0.00733733
5.48663    0.987353  0.00828981
5.49381    0.989836  0.00844348
5.50099    0.998376  0.00843488
5.50817    0.999623  0.00731587
5.51535     1.00233  0.00684896
5.52253    0.999449  0.00716829
5.52972     1.00115  0.00922678
5.5369    0.994079  0.00797288
5.54408    0.992495  0.00730836
5.55126    0.996027  0.00724552
5.55844     1.00775  0.00698477
5.56562     1.00097  0.00702891
5.5728    0.999865  0.00763513
5.57999     1.00121  0.00556613
5.58717     1.00109  0.00594681
5.59435     1.00943  0.00643748
5.60153     1.00839  0.00758731
5.60871     1.00021  0.00719124
5.61589     1.00191  0.00741046
5.62307     1.01039  0.00757798
5.63026     1.00585  0.00735858
5.63744     1.00252  0.00761392
5.64462     1.01118  0.00797884
5.6518    0.999459  0.00700144
5.65898     0.99812    0.007565
5.66616    0.995371  0.00606349
5.67334     1.01018  0.00764751
5.68053     1.00264  0.00746932
5.68771     1.00803  0.00704186
5.69489     1.00698  0.00687815
5.70207     1.00261  0.00752996
5.70925     1.00492  0.00783192
5.71643     1.00306  0.00653249
5.72361     1.00432  0.00654711
5.7308     0.99321  0.00686888
5.73798    0.993574  0.00583171
5.74516     0.99369  0.00601918
5.75234    0.993851  0.00685924
5.75952     1.00437  0.00655697
5.7667     1.00046  0.00653111
5.77388    0.993706  0.00593197
5.78107    0.995021  0.00629928
5.78825    0.992007  0.00642836
5.79543     1.00038  0.00676295
5.80261     1.00229  0.00739654
5.80979    0.997476  0.00592204
5.81697    0.991856  0.00611923
5.82416    0.990557  0.00831105
5.83134     0.98993  0.00677967
5.83852    0.999898  0.00652809
5.8457    0.999834  0.00652872
5.85288    0.995055  0.00723009
5.86006     1.00029  0.00832513
5.86724     1.00466  0.00915311
5.87443     1.00341  0.00796821
5.88161     0.99408  0.00594032
5.88879     0.98865  0.00622487
5.89597     1.00023  0.00646303
5.90315    0.999897  0.00683063
5.91033     0.99405  0.00698375
5.91751    0.989724  0.00676546
5.9247    0.996394  0.00662941
5.93188    0.998209   0.0058795
5.93906    0.991336  0.00639149
5.94624    0.991718  0.00636096
5.95342    0.997591  0.00651004
5.9606    0.995165  0.00810048
5.96778    0.992494  0.00680583
5.97497    0.991942  0.00690593
5.98215    0.996285  0.00722452
5.98933    0.996127  0.00688025
5.99651     1.00046  0.00656551
6.00369    0.998789  0.00592529
6.01087     0.99505  0.00736058
6.01805    0.994789   0.0068881
6.02524     0.99514  0.00701826
6.03242    0.996208  0.00727155
6.0396     0.99506  0.00688735
6.04678    0.996377   0.0076516
6.05396    0.994741   0.0068992
6.06114    0.992946  0.00705835
6.06832     0.98813   0.0060235
6.07551    0.991796  0.00658214
6.08269    0.996064  0.00681594
6.08987      1.0018  0.00681231
6.09705    0.992388  0.00669371
6.10423    0.998472   0.0067049
6.11141    0.998027  0.00695759
6.11859     0.99845  0.00763951
6.12578     1.00117  0.00773984
6.13296    0.992745  0.00548965
6.14014    0.996024  0.00611912
6.14732    0.999914  0.00690456
6.1545    0.994464  0.00626552
6.16168    0.998182  0.00730512
6.16886    0.996312  0.00571928
6.17605     0.99248  0.00591782
6.18323    0.994228  0.00581984
6.19041    0.997806  0.00527691
6.19759    0.995497  0.00429546
6.20477    0.997057  0.00555205
6.21195    0.997205   0.0052367
6.21913    0.999112  0.00596358
6.22632    0.993216   0.0067661
6.2335    0.994102  0.00624397
6.24068    0.992281  0.00548138
6.24786    0.987066  0.00627655
6.25504    0.989928  0.00625995
6.26222      0.9982  0.00580599
6.2694    0.994193  0.00686716
6.27659    0.992691  0.00587626
6.28377    0.993739  0.00624787
6.29095    0.993887   0.0065006
6.29813    0.995514  0.00685116
6.30531    0.992998  0.00600615
6.31249    0.995132   0.0064791
6.31968    0.996345  0.00735348
6.32686    0.991712  0.00709734
6.33404    0.991075  0.00729237
6.34122     0.99033  0.00700666
6.3484    0.986327  0.00749597
6.35558    0.993132  0.00752714
6.36276     1.00067  0.00754704
6.36995     1.00391  0.00768567
6.37713     1.00222  0.00669359
6.38431    0.994464  0.00680601
6.39149    0.991957  0.00634571
6.39867    0.992412  0.00685465
6.40585    0.997416  0.00604435
6.41303     0.99445  0.00606316
6.42022    0.991844  0.00615789
6.4274    0.990315  0.00630506
6.43458    0.988679  0.00538842
6.44176    0.988188  0.00599345
6.44894    0.990402  0.00610949
6.45612    0.991858  0.00501772
