           1   0.0502989   0.0502989           0
           2   0.0493788   0.0498388 0.000325312
           3   0.0496396   0.0497724 0.000223553
           4   0.0473179   0.0491588 0.000557244
           5   0.0508895   0.0495049 0.000542758
           6   0.0495961   0.0495201 0.000452511
           7   0.0486192   0.0493914 0.000405757
           8   0.0516707   0.0496763 0.000443932
           9   0.0468413   0.0493613  0.00049388
          10   0.0491322   0.0493384 0.000445024
          11   0.0475044   0.0491717 0.000434678
          12   0.0525212   0.0494508 0.000479778
          13   0.0473662   0.0492905 0.000468903
          14   0.0476447   0.0491729 0.000449905
          15   0.0483086   0.0491153 0.000423585
          16   0.0519541   0.0492927 0.000432678
          17   0.0469754   0.0491564  0.00042816
          18   0.0497455   0.0491891 0.000405622
          19   0.0527489   0.0493765 0.000425348
          20   0.0494124   0.0493783 0.000404085
          21   0.0485169   0.0493373 0.000386919
          22   0.0490637   0.0493248 0.000369531
          23   0.0515013   0.0494195  0.00036538
          24   0.0486585   0.0493877 0.000351529
          25   0.0468829   0.0492876 0.000351456
          26   0.0507498   0.0493438 0.000342409
          27    0.050908   0.0494017 0.000334592
          28   0.0516962   0.0494837 0.000332526
          29   0.0507908   0.0495287   0.0003241
          30   0.0505556    0.049563 0.000315098
          31   0.0511249   0.0496134 0.000308936
          32   0.0522826   0.0496968 0.000310339
          33   0.0502586   0.0497138 0.000301401
          34    0.049771   0.0497155 0.000292541
          35   0.0470162   0.0496384 0.000294173
          36   0.0478345   0.0495882 0.000290237
          37   0.0490875   0.0495747 0.000282709
          38   0.0489781    0.049559 0.000275705
          39   0.0471205   0.0494965 0.000275634
          40   0.0461245   0.0494122 0.000281339
          41   0.0501228   0.0494295  0.00027501
          42   0.0445534   0.0493134 0.000291942
          43   0.0493845   0.0493151 0.000285157
          44    0.049891   0.0493282 0.000278977
          45   0.0520253   0.0493881 0.000279142
          46   0.0495785   0.0493922 0.000273104
          47   0.0523609   0.0494554   0.0002745
          48   0.0485586   0.0494367 0.000269417
          49   0.0477153   0.0494016 0.000266199
          50   0.0518499   0.0494506  0.00026534
