           1      1.1914      1.1914           0
           2     1.17549     1.18345  0.00562523
           3     1.18826     1.18505  0.00397257
           4     1.19449     1.18741  0.00361233
           5     1.17984      1.1859  0.00319131
           6     1.18985     1.18656  0.00272633
           7     1.20543     1.18925  0.00341961
           8     1.17699     1.18772  0.00331809
           9     1.19038     1.18802  0.00296251
          10     1.16855     1.18607  0.00324306
          11     1.14402     1.18225  0.00468767
          12     1.20535     1.18417  0.00467575
          13     1.16739     1.18288   0.0044908
          14       1.169     1.18189  0.00427801
          15     1.19529     1.18278    0.004085
          16     1.21945     1.18507  0.00442596
          17     1.20312     1.18614  0.00429107
          18     1.24528     1.18942  0.00515938
          19     1.25935      1.1931  0.00606003
          20     1.20435     1.19367  0.00578308
          21     1.16181     1.19215  0.00570316
          22     1.16645     1.19098  0.00556222
          23     1.18373     1.19067  0.00532931
          24     1.17849     1.19016  0.00513136
          25     1.14842     1.18849  0.00519064
          26     1.16822     1.18771  0.00504917
          27     1.16363     1.18682  0.00494029
          28     1.17475     1.18639   0.0047826
          29     1.15027     1.18514  0.00477708
          30     1.15956     1.18429  0.00469333
          31     1.19038     1.18448  0.00454605
          32     1.17796     1.18428  0.00440856
          33      1.1824     1.18422  0.00427534
          34     1.22176     1.18533   0.0042898
          35     1.21663     1.18622  0.00425942
          36     1.17621     1.18594  0.00415017
          37     1.12695     1.18435  0.00433348
          38     1.14919     1.18342  0.00431708
          39     1.15279     1.18264  0.00427727
          40     1.17447     1.18243  0.00417522
          41     1.16548     1.18202   0.0040938
          42     1.15859     1.18146  0.00403416
          43     1.20335     1.18197  0.00397232
          44     1.21948     1.18282  0.00397245
          45     1.21078     1.18345  0.00393247
          46     1.18981     1.18358  0.00384941
          47     1.22847     1.18454  0.00388419
          48      1.1934     1.18472  0.00380765
          49     1.19931     1.18502  0.00374157
          50     1.23604     1.18604   0.0038033
