0 5.33478 5.33478 0 
1 5.2217 5.27824 0.0399795 
2 4.8897 5.14873 0.109056 
3 5.23076 5.16923 0.0836982 
4 5.11245 5.15788 0.0677247 
5 5.52498 5.21906 0.0794026 
6 4.86134 5.16796 0.0828887 
7 4.79257 5.12103 0.0847753 
8 4.57181 5.06001 0.0948089 
9 5.0026 5.05427 0.0855017 
10 5.02597 5.0517 0.0777675 
11 4.86211 5.0359 0.0728741 
12 4.78946 5.01694 0.0696903 
13 5.22764 5.03199 0.0663176 
14 5.1946 5.04283 0.0627762 
15 5.00679 5.04058 0.0588931 
16 4.88002 5.03113 0.0561809 
17 5.05809 5.03263 0.0530797 
18 5.0802 5.03513 0.0503451 
19 5.26241 5.0465 0.0490936 
20 4.9631 5.04253 0.0469161 
21 5.14722 5.04729 0.0450243 
22 4.95432 5.04324 0.0432478 
23 5.37703 5.05715 0.0436248 
24 5.13872 5.06041 0.0420016 
25 5.03825 5.05956 0.0403948 
26 5.08597 5.06054 0.0389106 
27 5.17604 5.06466 0.0377389 
28 5.22882 5.07033 0.0368596 
29 4.93088 5.06568 0.0359229 
30 4.98977 5.06323 0.0348474 
31 4.80156 5.05505 0.0347046 
32 5.02848 5.05425 0.0336623 
33 5.15365 5.05717 0.0327989 
34 5.20911 5.06151 0.0321478 
35 5.23895 5.06644 0.0316304 
36 4.89554 5.06182 0.0311109 
37 5.17639 5.06484 0.030438 
38 4.97911 5.06264 0.0297368 
39 5.01741 5.06151 0.0290148 
40 5.10909 5.06267 0.0283304 
41 5.07835 5.06304 0.0276583 
42 4.9536 5.0605 0.0271319 
43 4.95583 5.05812 0.0266194 
44 4.54169 5.04664 0.028394 
45 5.08049 5.04738 0.0277863 
46 4.70894 5.04018 0.0281127 
47 4.90594 5.03738 0.0276657 
48 5.35101 5.04378 0.0278317 
49 4.90886 5.04108 0.0274055 
