0 5.21626 5.21626 0 
1 4.85055 5.0334 0.129298 
2 4.81424 4.96035 0.104824 
3 4.83279 4.92846 0.0833277 
4 5.08859 4.96048 0.0725561 
5 4.77021 4.92877 0.0670362 
6 5.0831 4.95082 0.0609774 
7 5.18484 4.98007 0.0599628 
8 5.05477 4.98837 0.0538716 
9 5.09375 4.99891 0.0495044 
10 5.19628 5.01685 0.0481461 
11 5.21542 5.0334 0.0468914 
12 5.02723 5.03293 0.0432868 
13 5.47232 5.06431 0.050302 
14 4.60299 5.03356 0.0555603 
15 5.19731 5.04379 0.0530221 
16 4.85981 5.03297 0.0509957 
17 4.87748 5.02433 0.0488888 
18 4.82391 5.01378 0.04744 
19 4.88567 5.00738 0.0454984 
20 5.09485 5.01154 0.0435221 
21 4.95269 5.00887 0.0416259 
22 4.77305 4.99861 0.0410594 
23 5.02635 4.99977 0.0393649 
24 5.12569 5.00481 0.0381112 
25 4.78657 4.99641 0.0375583 
26 4.73308 4.98666 0.0374122 
27 5.47157 5.00398 0.0398835 
28 4.50848 4.98689 0.042009 
29 4.90699 4.98423 0.040693 
30 4.87623 4.98074 0.0395292 
31 4.7759 4.97434 0.0388088 
32 5.09191 4.97791 0.037796 
33 5.15248 4.98304 0.0370314 
34 5.43009 4.99581 0.0381126 
35 4.73991 4.9887 0.037711 
36 4.81015 4.98388 0.0369992 
37 4.8247 4.97969 0.0362619 
38 4.7222 4.97309 0.0359282 
39 5.33249 4.98207 0.036136 
40 4.98037 4.98203 0.0352547 
41 4.90144 4.98011 0.0344675 
42 4.65431 4.97254 0.0344886 
43 5.33165 4.9807 0.0346571 
44 4.91114 4.97915 0.0339214 
45 5.374 4.98774 0.0342528 
46 4.97357 4.98743 0.0335253 
47 4.66451 4.98071 0.0334951 
48 4.90787 4.97922 0.0328445 
49 4.65161 4.97267 0.0328347 
