0 1.50222 1.50222 0 
1 1.45255 1.47739 0.0175622 
2 1.54303 1.49927 0.0213603 
3 1.51796 1.50394 0.0165235 
4 1.49842 1.50284 0.0132556 
5 1.64727 1.52691 0.0245956 
6 1.49366 1.52216 0.0215356 
7 1.45075 1.51323 0.0206105 
8 1.46427 1.50779 0.019025 
9 1.60339 1.51735 0.0193758 
10 1.40859 1.50747 0.0199786 
11 1.51305 1.50793 0.0183191 
12 1.39031 1.49888 0.0190135 
13 1.60574 1.50652 0.0191261 
14 1.48423 1.50503 0.0179086 
15 1.54709 1.50766 0.0169811 
16 1.40627 1.50169 0.0169974 
17 1.2993 1.49045 0.0194194 
18 1.55002 1.49358 0.0186487 
19 1.56561 1.49719 0.0180607 
20 1.54455 1.49944 0.0173409 
21 1.54109 1.50134 0.0166557 
22 1.6429 1.50749 0.0170309 
23 1.54984 1.50925 0.0164124 
24 1.45376 1.50703 0.0159053 
25 1.36256 1.50148 0.0162352 
26 1.492 1.50113 0.0156377 
27 1.52576 1.50201 0.0151039 
28 1.49326 1.5017 0.0145861 
29 1.55039 1.50333 0.0141899 
30 1.45033 1.50162 0.0138348 
31 1.44683 1.49991 0.013508 
32 1.46785 1.49893 0.0131335 
33 1.47046 1.4981 0.0127739 
34 1.51264 1.49851 0.0124157 
35 1.47315 1.49781 0.0120908 
36 1.43545 1.49612 0.0118809 
37 1.61415 1.49923 0.0119673 
38 1.60374 1.50191 0.0119568 
39 1.40623 1.49952 0.0118947 
40 1.64977 1.50318 0.012156 
41 1.46942 1.50238 0.0118931 
42 1.48697 1.50202 0.0116219 
43 1.57743 1.50373 0.0114835 
44 1.54109 1.50456 0.0112582 
45 1.44915 1.50336 0.0110778 
46 1.34586 1.50001 0.0113376 
47 1.42013 1.49834 0.0112229 
48 1.60793 1.50058 0.0112144 
49 1.34076 1.49738 0.0114366 
