0 1.46395 1.46395 0 
1 1.53449 1.49922 0.0249385 
2 1.34119 1.44654 0.0461128 
3 1.4589 1.44963 0.0346879 
4 1.46399 1.4525 0.0278689 
5 1.53121 1.46562 0.0261296 
6 1.51272 1.47235 0.0232472 
7 1.5503 1.48209 0.0222901 
8 1.61879 1.49728 0.0244462 
9 1.5526 1.50281 0.0226189 
10 1.5239 1.50473 0.0206437 
11 1.54098 1.50775 0.0191432 
12 1.37736 1.49772 0.0201276 
13 1.7081 1.51275 0.023643 
14 1.33416 1.50084 0.0248847 
15 1.43617 1.4968 0.0236554 
16 1.47373 1.49544 0.0223028 
17 1.33625 1.4866 0.0227497 
18 1.50661 1.48765 0.0215767 
19 1.4348 1.48501 0.0206591 
20 1.68668 1.49461 0.0217934 
21 1.57175 1.49812 0.0210829 
22 1.52755 1.4994 0.0202051 
23 1.56549 1.50215 0.01955 
24 1.40362 1.49821 0.0191611 
25 1.58502 1.50155 0.0187128 
26 1.36759 1.49659 0.0186659 
27 1.67575 1.50299 0.0190645 
28 1.35161 1.49777 0.0191083 
29 1.48033 1.49719 0.0184802 
30 1.38831 1.49367 0.0182147 
31 1.36923 1.48979 0.0180558 
32 1.56894 1.49218 0.0176673 
33 1.50084 1.49244 0.0171495 
34 1.55753 1.4943 0.0167601 
35 1.49648 1.49436 0.0162946 
36 1.4486 1.49312 0.0159011 
37 1.48076 1.4928 0.015486 
38 1.46278 1.49203 0.015108 
39 1.52981 1.49297 0.0147598 
40 1.40121 1.49073 0.0145685 
41 1.46087 1.49002 0.014239 
42 1.45868 1.48929 0.0139265 
43 1.60105 1.49183 0.0138397 
44 1.4264 1.49038 0.0136083 
45 1.46929 1.48992 0.0133202 
46 1.60165 1.4923 0.0132472 
47 1.47106 1.49186 0.0129786 
48 1.56551 1.49336 0.0128005 
49 1.47052 1.4929 0.0125526 
